ARM GAS  /tmp/cc0rnXlk.s 			page 1


   1              		.syntax unified
   2              		.cpu cortex-m3
   3              		.fpu softvfp
   4              		.eabi_attribute 20, 1
   5              		.eabi_attribute 21, 1
   6              		.eabi_attribute 23, 3
   7              		.eabi_attribute 24, 1
   8              		.eabi_attribute 25, 1
   9              		.eabi_attribute 26, 1
  10              		.eabi_attribute 30, 2
  11              		.eabi_attribute 34, 1
  12              		.eabi_attribute 18, 4
  13              		.thumb
  14              		.file	"chcore_v7m.c"
  15              		.text
  16              	.Ltext0:
  17              		.cfi_sections	.debug_frame
  18              		.section	.text._port_switch_from_isr,"ax",%progbits
  19              		.align	2
  20              		.global	_port_switch_from_isr
  21              		.thumb
  22              		.thumb_func
  23              		.type	_port_switch_from_isr, %function
  24              	_port_switch_from_isr:
  25              	.LFB11:
  26              		.file 1 "/opt/ChibiOS_2.6.6/os/ports/GCC/ARMCMx/chcore_v7m.c"
  27              		.loc 1 200 0
  28              		.cfi_startproc
  29              		@ Naked Function: prologue and epilogue provided by programmer.
  30              		@ args = 0, pretend = 0, frame = 0
  31              		@ frame_needed = 0, uses_anonymous_args = 0
  32              		.loc 1 203 0
  33 0000 FFF7FEFF 		bl	chSchDoReschedule
  34              	.LVL0:
  35              		.loc 1 205 0
  36              	@ 205 "/opt/ChibiOS_2.6.6/os/ports/GCC/ARMCMx/chcore_v7m.c" 1
  37              		_port_exit_from_isr:
  38              	@ 0 "" 2
  39              		.loc 1 207 0
  40              	@ 207 "/opt/ChibiOS_2.6.6/os/ports/GCC/ARMCMx/chcore_v7m.c" 1
  41 0004 00DF     		svc     #0
  42              	@ 0 "" 2
  43              		.loc 1 214 0
  44              		.thumb
  45              		.cfi_endproc
  46              	.LFE11:
  47              		.size	_port_switch_from_isr, .-_port_switch_from_isr
  48 0006 00BF     		.section	.text.SVCallVector,"ax",%progbits
  49              		.align	2
  50              		.global	SVCallVector
  51              		.thumb
  52              		.thumb_func
  53              		.type	SVCallVector, %function
  54              	SVCallVector:
  55              	.LFB8:
  56              		.loc 1 65 0
  57              		.cfi_startproc
ARM GAS  /tmp/cc0rnXlk.s 			page 2


  58              		@ args = 0, pretend = 0, frame = 0
  59              		@ frame_needed = 0, uses_anonymous_args = 0
  60              		@ link register save eliminated.
  61              		.loc 1 74 0
  62              	@ 74 "/opt/ChibiOS_2.6.6/os/ports/GCC/ARMCMx/chcore_v7m.c" 1
  63 0000 EFF30983 		mrs     r3, PSP
  64              	@ 0 "" 2
  65              	.LVL1:
  66              		.loc 1 78 0
  67              		.thumb
  68 0004 2033     		adds	r3, r3, #32
  69              	.LVL2:
  70              		.loc 1 81 0
  71              	@ 81 "/opt/ChibiOS_2.6.6/os/ports/GCC/ARMCMx/chcore_v7m.c" 1
  72 0006 83F30988 		msr     PSP, r3
  73              	@ 0 "" 2
  74              		.thumb
  75              	.LBB2:
  76              		.loc 1 82 0
  77 000a 0023     		movs	r3, #0
  78              	.LVL3:
  79              	@ 82 "/opt/ChibiOS_2.6.6/os/ports/GCC/ARMCMx/chcore_v7m.c" 1
  80 000c 83F31188 		msr     BASEPRI, r3
  81              	@ 0 "" 2
  82              		.thumb
  83 0010 7047     		bx	lr
  84              	.LBE2:
  85              		.cfi_endproc
  86              	.LFE8:
  87              		.size	SVCallVector, .-SVCallVector
  88 0012 00BF     		.section	.text._port_init,"ax",%progbits
  89              		.align	2
  90              		.global	_port_init
  91              		.thumb
  92              		.thumb_func
  93              		.type	_port_init, %function
  94              	_port_init:
  95              	.LFB9:
  96              		.loc 1 120 0
  97              		.cfi_startproc
  98              		@ args = 0, pretend = 0, frame = 0
  99              		@ frame_needed = 0, uses_anonymous_args = 0
 100 0000 08B5     		push	{r3, lr}
 101              		.cfi_def_cfa_offset 8
 102              		.cfi_offset 3, -8
 103              		.cfi_offset 14, -4
 104              		.loc 1 124 0
 105 0002 4FF44072 		mov	r2, #768
 106              		.loc 1 123 0
 107 0006 4FF46D43 		mov	r3, #60672
 108 000a CEF20003 		movt	r3, 57344
 109              		.loc 1 124 0
 110 000e C0F2FA52 		movt	r2, 1530
 111              		.loc 1 123 0
 112 0012 0021     		movs	r1, #0
 113 0014 9960     		str	r1, [r3, #8]
 114              		.loc 1 127 0
ARM GAS  /tmp/cc0rnXlk.s 			page 3


 115 0016 0720     		movs	r0, #7
 116              		.loc 1 124 0
 117 0018 DA60     		str	r2, [r3, #12]
 118              		.loc 1 127 0
 119 001a 1021     		movs	r1, #16
 120 001c FFF7FEFF 		bl	nvicSetSystemHandlerPriority
 121              	.LVL4:
 122              		.loc 1 129 0
 123 0020 0A20     		movs	r0, #10
 124 0022 2021     		movs	r1, #32
 125 0024 FFF7FEFF 		bl	nvicSetSystemHandlerPriority
 126              	.LVL5:
 127              		.loc 1 133 0
 128 0028 BDE80840 		pop	{r3, lr}
 129              		.loc 1 131 0
 130 002c 0B20     		movs	r0, #11
 131 002e 8021     		movs	r1, #128
 132 0030 FFF7FEBF 		b	nvicSetSystemHandlerPriority
 133              	.LVL6:
 134              		.cfi_endproc
 135              	.LFE9:
 136              		.size	_port_init, .-_port_init
 137              		.section	.text._port_irq_epilogue,"ax",%progbits
 138              		.align	2
 139              		.global	_port_irq_epilogue
 140              		.thumb
 141              		.thumb_func
 142              		.type	_port_irq_epilogue, %function
 143              	_port_irq_epilogue:
 144              	.LFB10:
 145              		.loc 1 150 0
 146              		.cfi_startproc
 147              		@ args = 0, pretend = 0, frame = 0
 148              		@ frame_needed = 0, uses_anonymous_args = 0
 149              		@ link register save eliminated.
 150              	.LBB3:
 151              		.loc 1 152 0
 152 0000 2023     		movs	r3, #32
 153              	@ 152 "/opt/ChibiOS_2.6.6/os/ports/GCC/ARMCMx/chcore_v7m.c" 1
 154 0002 83F31188 		msr     BASEPRI, r3
 155              	@ 0 "" 2
 156              		.thumb
 157              	.LBE3:
 158              		.loc 1 153 0
 159 0006 4FF46D43 		mov	r3, #60672
 160 000a CEF20003 		movt	r3, 57344
 161 000e 5B68     		ldr	r3, [r3, #4]
 162 0010 13F40063 		ands	r3, r3, #2048
 163 0014 1FD0     		beq	.L5
 164              	.LBB4:
 165              		.loc 1 163 0
 166              	@ 163 "/opt/ChibiOS_2.6.6/os/ports/GCC/ARMCMx/chcore_v7m.c" 1
 167 0016 EFF30982 		mrs     r2, PSP
 168              	@ 0 "" 2
 169              	.LVL7:
 170              		.loc 1 168 0
 171              		.thumb
ARM GAS  /tmp/cc0rnXlk.s 			page 4


 172 001a 4FF08073 		mov	r3, #16777216
 173 001e 42F8043C 		str	r3, [r2, #-4]
 174              		.loc 1 167 0
 175 0022 A2F12003 		sub	r3, r2, #32
 176              	.LVL8:
 177              		.loc 1 172 0
 178              	@ 172 "/opt/ChibiOS_2.6.6/os/ports/GCC/ARMCMx/chcore_v7m.c" 1
 179 0026 83F30988 		msr     PSP, r3
 180              	@ 0 "" 2
 181              		.loc 1 176 0
 182              		.thumb
 183 002a 40F20003 		movw	r3, #:lower16:rlist
 184              	.LVL9:
 185 002e C0F20003 		movt	r3, #:upper16:rlist
 186 0032 9969     		ldr	r1, [r3, #24]
 187 0034 C87F     		ldrb	r0, [r1, #31]	@ zero_extendqisi2
 188 0036 88B1     		cbz	r0, .L6
 189              		.loc 1 176 0 is_stmt 0 discriminator 1
 190 0038 1868     		ldr	r0, [r3]
 191 003a 8B68     		ldr	r3, [r1, #8]
 192 003c 8168     		ldr	r1, [r0, #8]
 193 003e 9942     		cmp	r1, r3
 194 0040 94BF     		ite	ls
 195 0042 0023     		movls	r3, #0
 196 0044 0123     		movhi	r3, #1
 197 0046 93B1     		cbz	r3, .L8
 198              	.L11:
 199              		.loc 1 178 0 is_stmt 1
 200 0048 40F20003 		movw	r3, #:lower16:_port_switch_from_isr
 201 004c C0F20003 		movt	r3, #:upper16:_port_switch_from_isr
 202 0050 42F8083C 		str	r3, [r2, #-8]
 203 0054 7047     		bx	lr
 204              	.LVL10:
 205              	.L5:
 206              	.LBE4:
 207              	.LBB5:
 208              		.loc 1 190 0
 209              	@ 190 "/opt/ChibiOS_2.6.6/os/ports/GCC/ARMCMx/chcore_v7m.c" 1
 210 0056 83F31188 		msr     BASEPRI, r3
 211              	@ 0 "" 2
 212              		.thumb
 213 005a 7047     		bx	lr
 214              	.LVL11:
 215              	.L6:
 216              	.LBE5:
 217              	.LBB6:
 218              		.loc 1 176 0 discriminator 2
 219 005c 1868     		ldr	r0, [r3]
 220 005e 8B68     		ldr	r3, [r1, #8]
 221 0060 8168     		ldr	r1, [r0, #8]
 222 0062 9942     		cmp	r1, r3
 223 0064 34BF     		ite	cc
 224 0066 0023     		movcc	r3, #0
 225 0068 0123     		movcs	r3, #1
 226 006a 002B     		cmp	r3, #0
 227 006c ECD1     		bne	.L11
 228              	.L8:
ARM GAS  /tmp/cc0rnXlk.s 			page 5


 229              		.loc 1 183 0
 230 006e 40F20003 		movw	r3, #:lower16:_port_exit_from_isr
 231 0072 C0F20003 		movt	r3, #:upper16:_port_exit_from_isr
 232 0076 42F8083C 		str	r3, [r2, #-8]
 233 007a 7047     		bx	lr
 234              	.LBE6:
 235              		.cfi_endproc
 236              	.LFE10:
 237              		.size	_port_irq_epilogue, .-_port_irq_epilogue
 238              		.section	.text.SysTickVector,"ax",%progbits
 239              		.align	2
 240              		.global	SysTickVector
 241              		.thumb
 242              		.thumb_func
 243              		.type	SysTickVector, %function
 244              	SysTickVector:
 245              	.LFB7:
 246              		.loc 1 47 0
 247              		.cfi_startproc
 248              		@ args = 0, pretend = 0, frame = 0
 249              		@ frame_needed = 0, uses_anonymous_args = 0
 250 0000 08B5     		push	{r3, lr}
 251              		.cfi_def_cfa_offset 8
 252              		.cfi_offset 3, -8
 253              		.cfi_offset 14, -4
 254              	.LBB7:
 255              		.loc 1 51 0
 256 0002 2023     		movs	r3, #32
 257              	@ 51 "/opt/ChibiOS_2.6.6/os/ports/GCC/ARMCMx/chcore_v7m.c" 1
 258 0004 83F31188 		msr     BASEPRI, r3
 259              	@ 0 "" 2
 260              		.thumb
 261              	.LBE7:
 262              		.loc 1 52 0
 263 0008 FFF7FEFF 		bl	chSysTimerHandlerI
 264              	.LVL12:
 265              	.LBB8:
 266              		.loc 1 53 0
 267 000c 0023     		movs	r3, #0
 268              	@ 53 "/opt/ChibiOS_2.6.6/os/ports/GCC/ARMCMx/chcore_v7m.c" 1
 269 000e 83F31188 		msr     BASEPRI, r3
 270              	@ 0 "" 2
 271              		.thumb
 272              	.LBE8:
 273              		.loc 1 56 0
 274 0012 BDE80840 		pop	{r3, lr}
 275              		.loc 1 55 0
 276 0016 FFF7FEBF 		b	_port_irq_epilogue
 277              	.LVL13:
 278              		.cfi_endproc
 279              	.LFE7:
 280              		.size	SysTickVector, .-SysTickVector
 281 001a 00BF     		.section	.text._port_switch,"ax",%progbits
 282              		.align	2
 283              		.global	_port_switch
 284              		.thumb
 285              		.thumb_func
ARM GAS  /tmp/cc0rnXlk.s 			page 6


 286              		.type	_port_switch, %function
 287              	_port_switch:
 288              	.LFB12:
 289              		.loc 1 229 0
 290              		.cfi_startproc
 291              		@ Naked Function: prologue and epilogue provided by programmer.
 292              		@ args = 0, pretend = 0, frame = 0
 293              		@ frame_needed = 0, uses_anonymous_args = 0
 294              	.LVL14:
 295              		.loc 1 231 0
 296              	@ 231 "/opt/ChibiOS_2.6.6/os/ports/GCC/ARMCMx/chcore_v7m.c" 1
 297 0000 2DE9F04F 		push    {r4, r5, r6, r7, r8, r9, r10, r11, lr}
 298              	@ 0 "" 2
 299              		.loc 1 237 0
 300              	@ 237 "/opt/ChibiOS_2.6.6/os/ports/GCC/ARMCMx/chcore_v7m.c" 1
 301 0004 C1F80CD0 		str     sp, [r1, #12]                          
 302 0008 D0F80CD0 		ldr     sp, [r0, #12]
 303              	@ 0 "" 2
 304              		.loc 1 243 0
 305              	@ 243 "/opt/ChibiOS_2.6.6/os/ports/GCC/ARMCMx/chcore_v7m.c" 1
 306 000c BDE8F08F 		pop     {r4, r5, r6, r7, r8, r9, r10, r11, pc}
 307              	@ 0 "" 2
 308              		.loc 1 245 0
 309              		.thumb
 310              		.cfi_endproc
 311              	.LFE12:
 312              		.size	_port_switch, .-_port_switch
 313              		.section	.text._port_thread_start,"ax",%progbits
 314              		.align	2
 315              		.global	_port_thread_start
 316              		.thumb
 317              		.thumb_func
 318              		.type	_port_thread_start, %function
 319              	_port_thread_start:
 320              	.LFB13:
 321              		.loc 1 252 0
 322              		.cfi_startproc
 323              		@ args = 0, pretend = 0, frame = 0
 324              		@ frame_needed = 0, uses_anonymous_args = 0
 325              		@ link register save eliminated.
 326              	.LBB9:
 327              		.loc 1 254 0
 328 0000 0023     		movs	r3, #0
 329              	@ 254 "/opt/ChibiOS_2.6.6/os/ports/GCC/ARMCMx/chcore_v7m.c" 1
 330 0002 83F31188 		msr     BASEPRI, r3
 331              	@ 0 "" 2
 332              		.thumb
 333              	.LBE9:
 334              		.loc 1 255 0
 335              	@ 255 "/opt/ChibiOS_2.6.6/os/ports/GCC/ARMCMx/chcore_v7m.c" 1
 336 0006 2846     		mov     r0, r5                                 
 337 0008 A047     		blx     r4                                     
 338 000a FFF7FEFF 		bl      chThdExit
 339              	@ 0 "" 2
 340              		.thumb
 341 000e 7047     		bx	lr
 342              		.cfi_endproc
ARM GAS  /tmp/cc0rnXlk.s 			page 7


 343              	.LFE13:
 344              		.size	_port_thread_start, .-_port_thread_start
 345              		.text
 346              	.Letext0:
 347              		.file 2 "/usr/include/newlib/machine/_default_types.h"
 348              		.file 3 "/usr/include/newlib/stdint.h"
 349              		.file 4 "/opt/ChibiOS_2.6.6/os/ports/GCC/ARMCMx/chtypes.h"
 350              		.file 5 "/opt/ChibiOS_2.6.6/os/kernel/include/chlists.h"
 351              		.file 6 "/opt/ChibiOS_2.6.6/os/kernel/include/chthreads.h"
 352              		.file 7 "/opt/ChibiOS_2.6.6/os/ports/GCC/ARMCMx/chcore_v7m.h"
 353              		.file 8 "/opt/ChibiOS_2.6.6/os/ports/common/ARMCMx/nvic.h"
 354              		.file 9 "/opt/ChibiOS_2.6.6/os/kernel/include/chschd.h"
 355              		.file 10 "/opt/ChibiOS_2.6.6/os/kernel/include/chmtx.h"
 356              		.file 11 "/opt/ChibiOS_2.6.6/os/kernel/include/chsys.h"
 357              		.section	.debug_info,"",%progbits
 358              	.Ldebug_info0:
 359 0000 EA070000 		.4byte	0x7ea
 360 0004 0400     		.2byte	0x4
 361 0006 00000000 		.4byte	.Ldebug_abbrev0
 362 000a 04       		.byte	0x4
 363 000b 01       		.uleb128 0x1
 364 000c AF010000 		.4byte	.LASF96
 365 0010 01       		.byte	0x1
 366 0011 D6030000 		.4byte	.LASF97
 367 0015 18000000 		.4byte	.Ldebug_ranges0+0x18
 368 0019 00000000 		.4byte	0
 369 001d 00000000 		.4byte	.Ldebug_line0
 370 0021 02       		.uleb128 0x2
 371 0022 04       		.byte	0x4
 372 0023 05       		.byte	0x5
 373 0024 696E7400 		.ascii	"int\000"
 374 0028 03       		.uleb128 0x3
 375 0029 04       		.byte	0x4
 376 002a 07       		.byte	0x7
 377 002b 29010000 		.4byte	.LASF0
 378 002f 03       		.uleb128 0x3
 379 0030 01       		.byte	0x1
 380 0031 06       		.byte	0x6
 381 0032 81000000 		.4byte	.LASF1
 382 0036 04       		.uleb128 0x4
 383 0037 13000000 		.4byte	.LASF5
 384 003b 02       		.byte	0x2
 385 003c 1C       		.byte	0x1c
 386 003d 41000000 		.4byte	0x41
 387 0041 03       		.uleb128 0x3
 388 0042 01       		.byte	0x1
 389 0043 08       		.byte	0x8
 390 0044 E3020000 		.4byte	.LASF2
 391 0048 03       		.uleb128 0x3
 392 0049 02       		.byte	0x2
 393 004a 05       		.byte	0x5
 394 004b 01030000 		.4byte	.LASF3
 395 004f 03       		.uleb128 0x3
 396 0050 02       		.byte	0x2
 397 0051 07       		.byte	0x7
 398 0052 86010000 		.4byte	.LASF4
 399 0056 04       		.uleb128 0x4
ARM GAS  /tmp/cc0rnXlk.s 			page 8


 400 0057 98030000 		.4byte	.LASF6
 401 005b 02       		.byte	0x2
 402 005c 37       		.byte	0x37
 403 005d 61000000 		.4byte	0x61
 404 0061 03       		.uleb128 0x3
 405 0062 04       		.byte	0x4
 406 0063 05       		.byte	0x5
 407 0064 A7000000 		.4byte	.LASF7
 408 0068 04       		.uleb128 0x4
 409 0069 E6000000 		.4byte	.LASF8
 410 006d 02       		.byte	0x2
 411 006e 38       		.byte	0x38
 412 006f 73000000 		.4byte	0x73
 413 0073 03       		.uleb128 0x3
 414 0074 04       		.byte	0x4
 415 0075 07       		.byte	0x7
 416 0076 51010000 		.4byte	.LASF9
 417 007a 03       		.uleb128 0x3
 418 007b 08       		.byte	0x8
 419 007c 05       		.byte	0x5
 420 007d 73000000 		.4byte	.LASF10
 421 0081 03       		.uleb128 0x3
 422 0082 08       		.byte	0x8
 423 0083 07       		.byte	0x7
 424 0084 46000000 		.4byte	.LASF11
 425 0088 04       		.uleb128 0x4
 426 0089 0A040000 		.4byte	.LASF12
 427 008d 03       		.byte	0x3
 428 008e 2A       		.byte	0x2a
 429 008f 36000000 		.4byte	0x36
 430 0093 04       		.uleb128 0x4
 431 0094 DB020000 		.4byte	.LASF13
 432 0098 03       		.byte	0x3
 433 0099 41       		.byte	0x41
 434 009a 56000000 		.4byte	0x56
 435 009e 04       		.uleb128 0x4
 436 009f 51030000 		.4byte	.LASF14
 437 00a3 03       		.byte	0x3
 438 00a4 42       		.byte	0x42
 439 00a5 68000000 		.4byte	0x68
 440 00a9 03       		.uleb128 0x3
 441 00aa 01       		.byte	0x1
 442 00ab 02       		.byte	0x2
 443 00ac D5020000 		.4byte	.LASF15
 444 00b0 04       		.uleb128 0x4
 445 00b1 50020000 		.4byte	.LASF16
 446 00b5 04       		.byte	0x4
 447 00b6 2C       		.byte	0x2c
 448 00b7 88000000 		.4byte	0x88
 449 00bb 04       		.uleb128 0x4
 450 00bc BD000000 		.4byte	.LASF17
 451 00c0 04       		.byte	0x4
 452 00c1 2D       		.byte	0x2d
 453 00c2 88000000 		.4byte	0x88
 454 00c6 04       		.uleb128 0x4
 455 00c7 B9020000 		.4byte	.LASF18
 456 00cb 04       		.byte	0x4
ARM GAS  /tmp/cc0rnXlk.s 			page 9


 457 00cc 2E       		.byte	0x2e
 458 00cd 88000000 		.4byte	0x88
 459 00d1 04       		.uleb128 0x4
 460 00d2 9D000000 		.4byte	.LASF19
 461 00d6 04       		.byte	0x4
 462 00d7 2F       		.byte	0x2f
 463 00d8 88000000 		.4byte	0x88
 464 00dc 04       		.uleb128 0x4
 465 00dd CD020000 		.4byte	.LASF20
 466 00e1 04       		.byte	0x4
 467 00e2 30       		.byte	0x30
 468 00e3 9E000000 		.4byte	0x9e
 469 00e7 04       		.uleb128 0x4
 470 00e8 9E010000 		.4byte	.LASF21
 471 00ec 04       		.byte	0x4
 472 00ed 31       		.byte	0x31
 473 00ee 93000000 		.4byte	0x93
 474 00f2 04       		.uleb128 0x4
 475 00f3 64020000 		.4byte	.LASF22
 476 00f7 04       		.byte	0x4
 477 00f8 33       		.byte	0x33
 478 00f9 9E000000 		.4byte	0x9e
 479 00fd 04       		.uleb128 0x4
 480 00fe 83030000 		.4byte	.LASF23
 481 0102 04       		.byte	0x4
 482 0103 35       		.byte	0x35
 483 0104 9E000000 		.4byte	0x9e
 484 0108 04       		.uleb128 0x4
 485 0109 3F030000 		.4byte	.LASF24
 486 010d 05       		.byte	0x5
 487 010e 2A       		.byte	0x2a
 488 010f 13010000 		.4byte	0x113
 489 0113 05       		.uleb128 0x5
 490 0114 3F030000 		.4byte	.LASF24
 491 0118 48       		.byte	0x48
 492 0119 06       		.byte	0x6
 493 011a 5E       		.byte	0x5e
 494 011b 10020000 		.4byte	0x210
 495 011f 06       		.uleb128 0x6
 496 0120 30030000 		.4byte	.LASF25
 497 0124 06       		.byte	0x6
 498 0125 5F       		.byte	0x5f
 499 0126 31020000 		.4byte	0x231
 500 012a 00       		.byte	0
 501 012b 06       		.uleb128 0x6
 502 012c C6020000 		.4byte	.LASF26
 503 0130 06       		.byte	0x6
 504 0131 61       		.byte	0x61
 505 0132 31020000 		.4byte	0x231
 506 0136 04       		.byte	0x4
 507 0137 06       		.uleb128 0x6
 508 0138 6C000000 		.4byte	.LASF27
 509 013c 06       		.byte	0x6
 510 013d 63       		.byte	0x63
 511 013e DC000000 		.4byte	0xdc
 512 0142 08       		.byte	0x8
 513 0143 06       		.uleb128 0x6
ARM GAS  /tmp/cc0rnXlk.s 			page 10


 514 0144 3E040000 		.4byte	.LASF28
 515 0148 06       		.byte	0x6
 516 0149 64       		.byte	0x64
 517 014a 53030000 		.4byte	0x353
 518 014e 0C       		.byte	0xc
 519 014f 06       		.uleb128 0x6
 520 0150 D9000000 		.4byte	.LASF29
 521 0154 06       		.byte	0x6
 522 0155 66       		.byte	0x66
 523 0156 31020000 		.4byte	0x231
 524 015a 10       		.byte	0x10
 525 015b 06       		.uleb128 0x6
 526 015c 84020000 		.4byte	.LASF30
 527 0160 06       		.byte	0x6
 528 0161 67       		.byte	0x67
 529 0162 31020000 		.4byte	0x231
 530 0166 14       		.byte	0x14
 531 0167 06       		.uleb128 0x6
 532 0168 24040000 		.4byte	.LASF31
 533 016c 06       		.byte	0x6
 534 016d 6E       		.byte	0x6e
 535 016e CC050000 		.4byte	0x5cc
 536 0172 18       		.byte	0x18
 537 0173 06       		.uleb128 0x6
 538 0174 0B030000 		.4byte	.LASF32
 539 0178 06       		.byte	0x6
 540 0179 79       		.byte	0x79
 541 017a BB000000 		.4byte	0xbb
 542 017e 1C       		.byte	0x1c
 543 017f 06       		.uleb128 0x6
 544 0180 37030000 		.4byte	.LASF33
 545 0184 06       		.byte	0x6
 546 0185 7D       		.byte	0x7d
 547 0186 B0000000 		.4byte	0xb0
 548 018a 1D       		.byte	0x1d
 549 018b 06       		.uleb128 0x6
 550 018c C0030000 		.4byte	.LASF34
 551 0190 06       		.byte	0x6
 552 0191 82       		.byte	0x82
 553 0192 C6000000 		.4byte	0xc6
 554 0196 1E       		.byte	0x1e
 555 0197 06       		.uleb128 0x6
 556 0198 13030000 		.4byte	.LASF35
 557 019c 06       		.byte	0x6
 558 019d 88       		.byte	0x88
 559 019e D1000000 		.4byte	0xd1
 560 01a2 1F       		.byte	0x1f
 561 01a3 06       		.uleb128 0x6
 562 01a4 A2030000 		.4byte	.LASF36
 563 01a8 06       		.byte	0x6
 564 01a9 8F       		.byte	0x8f
 565 01aa F4040000 		.4byte	0x4f4
 566 01ae 20       		.byte	0x20
 567 01af 07       		.uleb128 0x7
 568 01b0 705F7500 		.ascii	"p_u\000"
 569 01b4 06       		.byte	0x6
 570 01b5 B4       		.byte	0xb4
ARM GAS  /tmp/cc0rnXlk.s 			page 11


 571 01b6 97050000 		.4byte	0x597
 572 01ba 24       		.byte	0x24
 573 01bb 06       		.uleb128 0x6
 574 01bc 44040000 		.4byte	.LASF37
 575 01c0 06       		.byte	0x6
 576 01c1 B9       		.byte	0xb9
 577 01c2 57020000 		.4byte	0x257
 578 01c6 28       		.byte	0x28
 579 01c7 06       		.uleb128 0x6
 580 01c8 B5030000 		.4byte	.LASF38
 581 01cc 06       		.byte	0x6
 582 01cd BF       		.byte	0xbf
 583 01ce 37020000 		.4byte	0x237
 584 01d2 2C       		.byte	0x2c
 585 01d3 06       		.uleb128 0x6
 586 01d4 00000000 		.4byte	.LASF39
 587 01d8 06       		.byte	0x6
 588 01d9 C3       		.byte	0xc3
 589 01da E7000000 		.4byte	0xe7
 590 01de 34       		.byte	0x34
 591 01df 06       		.uleb128 0x6
 592 01e0 46030000 		.4byte	.LASF40
 593 01e4 06       		.byte	0x6
 594 01e5 C9       		.byte	0xc9
 595 01e6 F2000000 		.4byte	0xf2
 596 01ea 38       		.byte	0x38
 597 01eb 06       		.uleb128 0x6
 598 01ec F7020000 		.4byte	.LASF41
 599 01f0 06       		.byte	0x6
 600 01f1 D0       		.byte	0xd0
 601 01f2 DE050000 		.4byte	0x5de
 602 01f6 3C       		.byte	0x3c
 603 01f7 06       		.uleb128 0x6
 604 01f8 8D030000 		.4byte	.LASF42
 605 01fc 06       		.byte	0x6
 606 01fd D4       		.byte	0xd4
 607 01fe DC000000 		.4byte	0xdc
 608 0202 40       		.byte	0x40
 609 0203 06       		.uleb128 0x6
 610 0204 8D000000 		.4byte	.LASF43
 611 0208 06       		.byte	0x6
 612 0209 DA       		.byte	0xda
 613 020a 6D020000 		.4byte	0x26d
 614 020e 44       		.byte	0x44
 615 020f 00       		.byte	0
 616 0210 08       		.uleb128 0x8
 617 0211 08       		.byte	0x8
 618 0212 05       		.byte	0x5
 619 0213 61       		.byte	0x61
 620 0214 31020000 		.4byte	0x231
 621 0218 06       		.uleb128 0x6
 622 0219 30030000 		.4byte	.LASF25
 623 021d 05       		.byte	0x5
 624 021e 62       		.byte	0x62
 625 021f 31020000 		.4byte	0x231
 626 0223 00       		.byte	0
 627 0224 06       		.uleb128 0x6
ARM GAS  /tmp/cc0rnXlk.s 			page 12


 628 0225 C6020000 		.4byte	.LASF26
 629 0229 05       		.byte	0x5
 630 022a 64       		.byte	0x64
 631 022b 31020000 		.4byte	0x231
 632 022f 04       		.byte	0x4
 633 0230 00       		.byte	0
 634 0231 09       		.uleb128 0x9
 635 0232 04       		.byte	0x4
 636 0233 08010000 		.4byte	0x108
 637 0237 04       		.uleb128 0x4
 638 0238 9A020000 		.4byte	.LASF44
 639 023c 05       		.byte	0x5
 640 023d 66       		.byte	0x66
 641 023e 10020000 		.4byte	0x210
 642 0242 08       		.uleb128 0x8
 643 0243 04       		.byte	0x4
 644 0244 05       		.byte	0x5
 645 0245 6B       		.byte	0x6b
 646 0246 57020000 		.4byte	0x257
 647 024a 06       		.uleb128 0x6
 648 024b 30030000 		.4byte	.LASF25
 649 024f 05       		.byte	0x5
 650 0250 6D       		.byte	0x6d
 651 0251 31020000 		.4byte	0x231
 652 0255 00       		.byte	0
 653 0256 00       		.byte	0
 654 0257 04       		.uleb128 0x4
 655 0258 58020000 		.4byte	.LASF45
 656 025c 05       		.byte	0x5
 657 025d 70       		.byte	0x70
 658 025e 42020000 		.4byte	0x242
 659 0262 04       		.uleb128 0x4
 660 0263 0E010000 		.4byte	.LASF46
 661 0267 07       		.byte	0x7
 662 0268 E5       		.byte	0xe5
 663 0269 6D020000 		.4byte	0x26d
 664 026d 0A       		.uleb128 0xa
 665 026e 04       		.byte	0x4
 666 026f 05       		.uleb128 0x5
 667 0270 3D010000 		.4byte	.LASF47
 668 0274 20       		.byte	0x20
 669 0275 07       		.byte	0x7
 670 0276 ED       		.byte	0xed
 671 0277 D7020000 		.4byte	0x2d7
 672 027b 07       		.uleb128 0x7
 673 027c 723000   		.ascii	"r0\000"
 674 027f 07       		.byte	0x7
 675 0280 EE       		.byte	0xee
 676 0281 62020000 		.4byte	0x262
 677 0285 00       		.byte	0
 678 0286 07       		.uleb128 0x7
 679 0287 723100   		.ascii	"r1\000"
 680 028a 07       		.byte	0x7
 681 028b EF       		.byte	0xef
 682 028c 62020000 		.4byte	0x262
 683 0290 04       		.byte	0x4
 684 0291 07       		.uleb128 0x7
ARM GAS  /tmp/cc0rnXlk.s 			page 13


 685 0292 723200   		.ascii	"r2\000"
 686 0295 07       		.byte	0x7
 687 0296 F0       		.byte	0xf0
 688 0297 62020000 		.4byte	0x262
 689 029b 08       		.byte	0x8
 690 029c 07       		.uleb128 0x7
 691 029d 723300   		.ascii	"r3\000"
 692 02a0 07       		.byte	0x7
 693 02a1 F1       		.byte	0xf1
 694 02a2 62020000 		.4byte	0x262
 695 02a6 0C       		.byte	0xc
 696 02a7 07       		.uleb128 0x7
 697 02a8 72313200 		.ascii	"r12\000"
 698 02ac 07       		.byte	0x7
 699 02ad F2       		.byte	0xf2
 700 02ae 62020000 		.4byte	0x262
 701 02b2 10       		.byte	0x10
 702 02b3 06       		.uleb128 0x6
 703 02b4 36010000 		.4byte	.LASF48
 704 02b8 07       		.byte	0x7
 705 02b9 F3       		.byte	0xf3
 706 02ba 62020000 		.4byte	0x262
 707 02be 14       		.byte	0x14
 708 02bf 07       		.uleb128 0x7
 709 02c0 706300   		.ascii	"pc\000"
 710 02c3 07       		.byte	0x7
 711 02c4 F4       		.byte	0xf4
 712 02c5 62020000 		.4byte	0x262
 713 02c9 18       		.byte	0x18
 714 02ca 06       		.uleb128 0x6
 715 02cb 1D030000 		.4byte	.LASF49
 716 02cf 07       		.byte	0x7
 717 02d0 F5       		.byte	0xf5
 718 02d1 62020000 		.4byte	0x262
 719 02d5 1C       		.byte	0x1c
 720 02d6 00       		.byte	0
 721 02d7 0B       		.uleb128 0xb
 722 02d8 AE030000 		.4byte	.LASF50
 723 02dc 24       		.byte	0x24
 724 02dd 07       		.byte	0x7
 725 02de 0C01     		.2byte	0x10c
 726 02e0 53030000 		.4byte	0x353
 727 02e4 0C       		.uleb128 0xc
 728 02e5 723400   		.ascii	"r4\000"
 729 02e8 07       		.byte	0x7
 730 02e9 1F01     		.2byte	0x11f
 731 02eb 62020000 		.4byte	0x262
 732 02ef 00       		.byte	0
 733 02f0 0C       		.uleb128 0xc
 734 02f1 723500   		.ascii	"r5\000"
 735 02f4 07       		.byte	0x7
 736 02f5 2001     		.2byte	0x120
 737 02f7 62020000 		.4byte	0x262
 738 02fb 04       		.byte	0x4
 739 02fc 0C       		.uleb128 0xc
 740 02fd 723600   		.ascii	"r6\000"
 741 0300 07       		.byte	0x7
ARM GAS  /tmp/cc0rnXlk.s 			page 14


 742 0301 2101     		.2byte	0x121
 743 0303 62020000 		.4byte	0x262
 744 0307 08       		.byte	0x8
 745 0308 0C       		.uleb128 0xc
 746 0309 723700   		.ascii	"r7\000"
 747 030c 07       		.byte	0x7
 748 030d 2201     		.2byte	0x122
 749 030f 62020000 		.4byte	0x262
 750 0313 0C       		.byte	0xc
 751 0314 0C       		.uleb128 0xc
 752 0315 723800   		.ascii	"r8\000"
 753 0318 07       		.byte	0x7
 754 0319 2301     		.2byte	0x123
 755 031b 62020000 		.4byte	0x262
 756 031f 10       		.byte	0x10
 757 0320 0C       		.uleb128 0xc
 758 0321 723900   		.ascii	"r9\000"
 759 0324 07       		.byte	0x7
 760 0325 2401     		.2byte	0x124
 761 0327 62020000 		.4byte	0x262
 762 032b 14       		.byte	0x14
 763 032c 0C       		.uleb128 0xc
 764 032d 72313000 		.ascii	"r10\000"
 765 0331 07       		.byte	0x7
 766 0332 2501     		.2byte	0x125
 767 0334 62020000 		.4byte	0x262
 768 0338 18       		.byte	0x18
 769 0339 0C       		.uleb128 0xc
 770 033a 72313100 		.ascii	"r11\000"
 771 033e 07       		.byte	0x7
 772 033f 2601     		.2byte	0x126
 773 0341 62020000 		.4byte	0x262
 774 0345 1C       		.byte	0x1c
 775 0346 0C       		.uleb128 0xc
 776 0347 6C7200   		.ascii	"lr\000"
 777 034a 07       		.byte	0x7
 778 034b 2701     		.2byte	0x127
 779 034d 62020000 		.4byte	0x262
 780 0351 20       		.byte	0x20
 781 0352 00       		.byte	0
 782 0353 0B       		.uleb128 0xb
 783 0354 7E010000 		.4byte	.LASF51
 784 0358 04       		.byte	0x4
 785 0359 07       		.byte	0x7
 786 035a 3101     		.2byte	0x131
 787 035c 6E030000 		.4byte	0x36e
 788 0360 0C       		.uleb128 0xc
 789 0361 72313300 		.ascii	"r13\000"
 790 0365 07       		.byte	0x7
 791 0366 3201     		.2byte	0x132
 792 0368 6E030000 		.4byte	0x36e
 793 036c 00       		.byte	0
 794 036d 00       		.byte	0
 795 036e 09       		.uleb128 0x9
 796 036f 04       		.byte	0x4
 797 0370 D7020000 		.4byte	0x2d7
 798 0374 04       		.uleb128 0x4
ARM GAS  /tmp/cc0rnXlk.s 			page 15


 799 0375 74030000 		.4byte	.LASF52
 800 0379 08       		.byte	0x8
 801 037a 3A       		.byte	0x3a
 802 037b 7F030000 		.4byte	0x37f
 803 037f 0D       		.uleb128 0xd
 804 0380 9E000000 		.4byte	0x9e
 805 0384 03       		.uleb128 0x3
 806 0385 04       		.byte	0x4
 807 0386 07       		.byte	0x7
 808 0387 76020000 		.4byte	.LASF53
 809 038b 08       		.uleb128 0x8
 810 038c 8C       		.byte	0x8c
 811 038d 08       		.byte	0x8
 812 038e 89       		.byte	0x89
 813 038f 90040000 		.4byte	0x490
 814 0393 06       		.uleb128 0x6
 815 0394 66000000 		.4byte	.LASF54
 816 0398 08       		.byte	0x8
 817 0399 8A       		.byte	0x8a
 818 039a 74030000 		.4byte	0x374
 819 039e 00       		.byte	0
 820 039f 06       		.uleb128 0x6
 821 03a0 99010000 		.4byte	.LASF55
 822 03a4 08       		.byte	0x8
 823 03a5 8B       		.byte	0x8b
 824 03a6 74030000 		.4byte	0x374
 825 03aa 04       		.byte	0x4
 826 03ab 06       		.uleb128 0x6
 827 03ac 63010000 		.4byte	.LASF56
 828 03b0 08       		.byte	0x8
 829 03b1 8C       		.byte	0x8c
 830 03b2 74030000 		.4byte	0x374
 831 03b6 08       		.byte	0x8
 832 03b7 06       		.uleb128 0x6
 833 03b8 A4010000 		.4byte	.LASF57
 834 03bc 08       		.byte	0x8
 835 03bd 8D       		.byte	0x8d
 836 03be 74030000 		.4byte	0x374
 837 03c2 0C       		.byte	0xc
 838 03c3 07       		.uleb128 0x7
 839 03c4 53435200 		.ascii	"SCR\000"
 840 03c8 08       		.byte	0x8
 841 03c9 8E       		.byte	0x8e
 842 03ca 74030000 		.4byte	0x374
 843 03ce 10       		.byte	0x10
 844 03cf 07       		.uleb128 0x7
 845 03d0 43435200 		.ascii	"CCR\000"
 846 03d4 08       		.byte	0x8
 847 03d5 8F       		.byte	0x8f
 848 03d6 74030000 		.4byte	0x374
 849 03da 14       		.byte	0x14
 850 03db 06       		.uleb128 0x6
 851 03dc A9030000 		.4byte	.LASF58
 852 03e0 08       		.byte	0x8
 853 03e1 90       		.byte	0x90
 854 03e2 A0040000 		.4byte	0x4a0
 855 03e6 18       		.byte	0x18
ARM GAS  /tmp/cc0rnXlk.s 			page 16


 856 03e7 06       		.uleb128 0x6
 857 03e8 F1020000 		.4byte	.LASF59
 858 03ec 08       		.byte	0x8
 859 03ed 91       		.byte	0x91
 860 03ee 74030000 		.4byte	0x374
 861 03f2 24       		.byte	0x24
 862 03f3 06       		.uleb128 0x6
 863 03f4 7F020000 		.4byte	.LASF60
 864 03f8 08       		.byte	0x8
 865 03f9 92       		.byte	0x92
 866 03fa 74030000 		.4byte	0x374
 867 03fe 28       		.byte	0x28
 868 03ff 06       		.uleb128 0x6
 869 0400 31040000 		.4byte	.LASF61
 870 0404 08       		.byte	0x8
 871 0405 93       		.byte	0x93
 872 0406 74030000 		.4byte	0x374
 873 040a 2C       		.byte	0x2c
 874 040b 06       		.uleb128 0x6
 875 040c AA010000 		.4byte	.LASF62
 876 0410 08       		.byte	0x8
 877 0411 94       		.byte	0x94
 878 0412 74030000 		.4byte	0x374
 879 0416 30       		.byte	0x30
 880 0417 06       		.uleb128 0x6
 881 0418 37020000 		.4byte	.LASF63
 882 041c 08       		.byte	0x8
 883 041d 95       		.byte	0x95
 884 041e 74030000 		.4byte	0x374
 885 0422 34       		.byte	0x34
 886 0423 06       		.uleb128 0x6
 887 0424 E1000000 		.4byte	.LASF64
 888 0428 08       		.byte	0x8
 889 0429 96       		.byte	0x96
 890 042a 74030000 		.4byte	0x374
 891 042e 38       		.byte	0x38
 892 042f 06       		.uleb128 0x6
 893 0430 62030000 		.4byte	.LASF65
 894 0434 08       		.byte	0x8
 895 0435 97       		.byte	0x97
 896 0436 74030000 		.4byte	0x374
 897 043a 3C       		.byte	0x3c
 898 043b 07       		.uleb128 0x7
 899 043c 50465200 		.ascii	"PFR\000"
 900 0440 08       		.byte	0x8
 901 0441 98       		.byte	0x98
 902 0442 B5040000 		.4byte	0x4b5
 903 0446 40       		.byte	0x40
 904 0447 07       		.uleb128 0x7
 905 0448 44465200 		.ascii	"DFR\000"
 906 044c 08       		.byte	0x8
 907 044d 99       		.byte	0x99
 908 044e 74030000 		.4byte	0x374
 909 0452 48       		.byte	0x48
 910 0453 07       		.uleb128 0x7
 911 0454 41445200 		.ascii	"ADR\000"
 912 0458 08       		.byte	0x8
ARM GAS  /tmp/cc0rnXlk.s 			page 17


 913 0459 9A       		.byte	0x9a
 914 045a 74030000 		.4byte	0x374
 915 045e 4C       		.byte	0x4c
 916 045f 06       		.uleb128 0x6
 917 0460 D1030000 		.4byte	.LASF66
 918 0464 08       		.byte	0x8
 919 0465 9B       		.byte	0x9b
 920 0466 CA040000 		.4byte	0x4ca
 921 046a 50       		.byte	0x50
 922 046b 07       		.uleb128 0x7
 923 046c 53415200 		.ascii	"SAR\000"
 924 0470 08       		.byte	0x8
 925 0471 9C       		.byte	0x9c
 926 0472 DF040000 		.4byte	0x4df
 927 0476 60       		.byte	0x60
 928 0477 06       		.uleb128 0x6
 929 0478 67030000 		.4byte	.LASF67
 930 047c 08       		.byte	0x8
 931 047d 9D       		.byte	0x9d
 932 047e E4040000 		.4byte	0x4e4
 933 0482 74       		.byte	0x74
 934 0483 06       		.uleb128 0x6
 935 0484 2B040000 		.4byte	.LASF68
 936 0488 08       		.byte	0x8
 937 0489 9E       		.byte	0x9e
 938 048a 74030000 		.4byte	0x374
 939 048e 88       		.byte	0x88
 940 048f 00       		.byte	0
 941 0490 0E       		.uleb128 0xe
 942 0491 74030000 		.4byte	0x374
 943 0495 A0040000 		.4byte	0x4a0
 944 0499 0F       		.uleb128 0xf
 945 049a 84030000 		.4byte	0x384
 946 049e 02       		.byte	0x2
 947 049f 00       		.byte	0
 948 04a0 0D       		.uleb128 0xd
 949 04a1 90040000 		.4byte	0x490
 950 04a5 0E       		.uleb128 0xe
 951 04a6 74030000 		.4byte	0x374
 952 04aa B5040000 		.4byte	0x4b5
 953 04ae 0F       		.uleb128 0xf
 954 04af 84030000 		.4byte	0x384
 955 04b3 01       		.byte	0x1
 956 04b4 00       		.byte	0
 957 04b5 0D       		.uleb128 0xd
 958 04b6 A5040000 		.4byte	0x4a5
 959 04ba 0E       		.uleb128 0xe
 960 04bb 74030000 		.4byte	0x374
 961 04bf CA040000 		.4byte	0x4ca
 962 04c3 0F       		.uleb128 0xf
 963 04c4 84030000 		.4byte	0x384
 964 04c8 03       		.byte	0x3
 965 04c9 00       		.byte	0
 966 04ca 0D       		.uleb128 0xd
 967 04cb BA040000 		.4byte	0x4ba
 968 04cf 0E       		.uleb128 0xe
 969 04d0 74030000 		.4byte	0x374
ARM GAS  /tmp/cc0rnXlk.s 			page 18


 970 04d4 DF040000 		.4byte	0x4df
 971 04d8 0F       		.uleb128 0xf
 972 04d9 84030000 		.4byte	0x384
 973 04dd 04       		.byte	0x4
 974 04de 00       		.byte	0
 975 04df 0D       		.uleb128 0xd
 976 04e0 CF040000 		.4byte	0x4cf
 977 04e4 0D       		.uleb128 0xd
 978 04e5 CF040000 		.4byte	0x4cf
 979 04e9 04       		.uleb128 0x4
 980 04ea 1D000000 		.4byte	.LASF69
 981 04ee 08       		.byte	0x8
 982 04ef 9F       		.byte	0x9f
 983 04f0 8B030000 		.4byte	0x38b
 984 04f4 0D       		.uleb128 0xd
 985 04f5 FD000000 		.4byte	0xfd
 986 04f9 08       		.uleb128 0x8
 987 04fa 1C       		.byte	0x1c
 988 04fb 09       		.byte	0x9
 989 04fc 5E       		.byte	0x5e
 990 04fd 4A050000 		.4byte	0x54a
 991 0501 06       		.uleb128 0x6
 992 0502 5A030000 		.4byte	.LASF70
 993 0506 09       		.byte	0x9
 994 0507 5F       		.byte	0x5f
 995 0508 37020000 		.4byte	0x237
 996 050c 00       		.byte	0
 997 050d 06       		.uleb128 0x6
 998 050e 22030000 		.4byte	.LASF71
 999 0512 09       		.byte	0x9
 1000 0513 60       		.byte	0x60
 1001 0514 DC000000 		.4byte	0xdc
 1002 0518 08       		.byte	0x8
 1003 0519 06       		.uleb128 0x6
 1004 051a 8C020000 		.4byte	.LASF72
 1005 051e 09       		.byte	0x9
 1006 051f 62       		.byte	0x62
 1007 0520 53030000 		.4byte	0x353
 1008 0524 0C       		.byte	0xc
 1009 0525 06       		.uleb128 0x6
 1010 0526 92020000 		.4byte	.LASF73
 1011 052a 09       		.byte	0x9
 1012 052b 65       		.byte	0x65
 1013 052c 31020000 		.4byte	0x231
 1014 0530 10       		.byte	0x10
 1015 0531 06       		.uleb128 0x6
 1016 0532 B1020000 		.4byte	.LASF74
 1017 0536 09       		.byte	0x9
 1018 0537 66       		.byte	0x66
 1019 0538 31020000 		.4byte	0x231
 1020 053c 14       		.byte	0x14
 1021 053d 06       		.uleb128 0x6
 1022 053e A7020000 		.4byte	.LASF75
 1023 0542 09       		.byte	0x9
 1024 0543 69       		.byte	0x69
 1025 0544 31020000 		.4byte	0x231
 1026 0548 18       		.byte	0x18
ARM GAS  /tmp/cc0rnXlk.s 			page 19


 1027 0549 00       		.byte	0
 1028 054a 04       		.uleb128 0x4
 1029 054b C7030000 		.4byte	.LASF76
 1030 054f 09       		.byte	0x9
 1031 0550 6B       		.byte	0x6b
 1032 0551 F9040000 		.4byte	0x4f9
 1033 0555 05       		.uleb128 0x5
 1034 0556 70020000 		.4byte	.LASF77
 1035 055a 10       		.byte	0x10
 1036 055b 0A       		.byte	0xa
 1037 055c 2C       		.byte	0x2c
 1038 055d 86050000 		.4byte	0x586
 1039 0561 06       		.uleb128 0x6
 1040 0562 95000000 		.4byte	.LASF78
 1041 0566 0A       		.byte	0xa
 1042 0567 2D       		.byte	0x2d
 1043 0568 37020000 		.4byte	0x237
 1044 056c 00       		.byte	0
 1045 056d 06       		.uleb128 0x6
 1046 056e 36040000 		.4byte	.LASF79
 1047 0572 0A       		.byte	0xa
 1048 0573 2F       		.byte	0x2f
 1049 0574 31020000 		.4byte	0x231
 1050 0578 08       		.byte	0x8
 1051 0579 06       		.uleb128 0x6
 1052 057a 7C030000 		.4byte	.LASF80
 1053 057e 0A       		.byte	0xa
 1054 057f 31       		.byte	0x31
 1055 0580 86050000 		.4byte	0x586
 1056 0584 0C       		.byte	0xc
 1057 0585 00       		.byte	0
 1058 0586 09       		.uleb128 0x9
 1059 0587 04       		.byte	0x4
 1060 0588 55050000 		.4byte	0x555
 1061 058c 04       		.uleb128 0x4
 1062 058d 70020000 		.4byte	.LASF77
 1063 0591 0A       		.byte	0xa
 1064 0592 33       		.byte	0x33
 1065 0593 55050000 		.4byte	0x555
 1066 0597 10       		.uleb128 0x10
 1067 0598 04       		.byte	0x4
 1068 0599 06       		.byte	0x6
 1069 059a 96       		.byte	0x96
 1070 059b CC050000 		.4byte	0x5cc
 1071 059f 11       		.uleb128 0x11
 1072 05a0 0C000000 		.4byte	.LASF81
 1073 05a4 06       		.byte	0x6
 1074 05a5 9D       		.byte	0x9d
 1075 05a6 E7000000 		.4byte	0xe7
 1076 05aa 11       		.uleb128 0x11
 1077 05ab 5D000000 		.4byte	.LASF82
 1078 05af 06       		.byte	0x6
 1079 05b0 A4       		.byte	0xa4
 1080 05b1 E7000000 		.4byte	0xe7
 1081 05b5 11       		.uleb128 0x11
 1082 05b6 1D040000 		.4byte	.LASF83
 1083 05ba 06       		.byte	0x6
ARM GAS  /tmp/cc0rnXlk.s 			page 20


 1084 05bb AB       		.byte	0xab
 1085 05bc 6D020000 		.4byte	0x26d
 1086 05c0 11       		.uleb128 0x11
 1087 05c1 29030000 		.4byte	.LASF84
 1088 05c5 06       		.byte	0x6
 1089 05c6 B2       		.byte	0xb2
 1090 05c7 F2000000 		.4byte	0xf2
 1091 05cb 00       		.byte	0
 1092 05cc 09       		.uleb128 0x9
 1093 05cd 04       		.byte	0x4
 1094 05ce D2050000 		.4byte	0x5d2
 1095 05d2 12       		.uleb128 0x12
 1096 05d3 D7050000 		.4byte	0x5d7
 1097 05d7 03       		.uleb128 0x3
 1098 05d8 01       		.byte	0x1
 1099 05d9 08       		.byte	0x8
 1100 05da 6F030000 		.4byte	.LASF85
 1101 05de 09       		.uleb128 0x9
 1102 05df 04       		.byte	0x4
 1103 05e0 8C050000 		.4byte	0x58c
 1104 05e4 13       		.uleb128 0x13
 1105 05e5 68010000 		.4byte	.LASF86
 1106 05e9 01       		.byte	0x1
 1107 05ea C8       		.byte	0xc8
 1108 05eb 00000000 		.4byte	.LFB11
 1109 05ef 06000000 		.4byte	.LFE11-.LFB11
 1110 05f3 01       		.uleb128 0x1
 1111 05f4 9C       		.byte	0x9c
 1112 05f5 03060000 		.4byte	0x603
 1113 05f9 14       		.uleb128 0x14
 1114 05fa 04000000 		.4byte	.LVL0
 1115 05fe C8070000 		.4byte	0x7c8
 1116 0602 00       		.byte	0
 1117 0603 13       		.uleb128 0x13
 1118 0604 B0000000 		.4byte	.LASF87
 1119 0608 01       		.byte	0x1
 1120 0609 41       		.byte	0x41
 1121 060a 00000000 		.4byte	.LFB8
 1122 060e 12000000 		.4byte	.LFE8-.LFB8
 1123 0612 01       		.uleb128 0x1
 1124 0613 9C       		.byte	0x9c
 1125 0614 3F060000 		.4byte	0x63f
 1126 0618 15       		.uleb128 0x15
 1127 0619 C1020000 		.4byte	.LASF88
 1128 061d 01       		.byte	0x1
 1129 061e 42       		.byte	0x42
 1130 061f 3F060000 		.4byte	0x63f
 1131 0623 00000000 		.4byte	.LLST0
 1132 0627 16       		.uleb128 0x16
 1133 0628 0A000000 		.4byte	.LBB2
 1134 062c 08000000 		.4byte	.LBE2-.LBB2
 1135 0630 17       		.uleb128 0x17
 1136 0631 746D7000 		.ascii	"tmp\000"
 1137 0635 01       		.byte	0x1
 1138 0636 52       		.byte	0x52
 1139 0637 9E000000 		.4byte	0x9e
 1140 063b 01       		.uleb128 0x1
ARM GAS  /tmp/cc0rnXlk.s 			page 21


 1141 063c 53       		.byte	0x53
 1142 063d 00       		.byte	0
 1143 063e 00       		.byte	0
 1144 063f 09       		.uleb128 0x9
 1145 0640 04       		.byte	0x4
 1146 0641 6F020000 		.4byte	0x26f
 1147 0645 13       		.uleb128 0x13
 1148 0646 12040000 		.4byte	.LASF89
 1149 064a 01       		.byte	0x1
 1150 064b 78       		.byte	0x78
 1151 064c 00000000 		.4byte	.LFB9
 1152 0650 34000000 		.4byte	.LFE9-.LFB9
 1153 0654 01       		.uleb128 0x1
 1154 0655 9C       		.byte	0x9c
 1155 0656 A1060000 		.4byte	0x6a1
 1156 065a 18       		.uleb128 0x18
 1157 065b 20000000 		.4byte	.LVL4
 1158 065f CF070000 		.4byte	0x7cf
 1159 0663 72060000 		.4byte	0x672
 1160 0667 19       		.uleb128 0x19
 1161 0668 01       		.uleb128 0x1
 1162 0669 51       		.byte	0x51
 1163 066a 01       		.uleb128 0x1
 1164 066b 40       		.byte	0x40
 1165 066c 19       		.uleb128 0x19
 1166 066d 01       		.uleb128 0x1
 1167 066e 50       		.byte	0x50
 1168 066f 01       		.uleb128 0x1
 1169 0670 37       		.byte	0x37
 1170 0671 00       		.byte	0
 1171 0672 18       		.uleb128 0x18
 1172 0673 28000000 		.4byte	.LVL5
 1173 0677 CF070000 		.4byte	0x7cf
 1174 067b 8B060000 		.4byte	0x68b
 1175 067f 19       		.uleb128 0x19
 1176 0680 01       		.uleb128 0x1
 1177 0681 51       		.byte	0x51
 1178 0682 02       		.uleb128 0x2
 1179 0683 08       		.byte	0x8
 1180 0684 20       		.byte	0x20
 1181 0685 19       		.uleb128 0x19
 1182 0686 01       		.uleb128 0x1
 1183 0687 50       		.byte	0x50
 1184 0688 01       		.uleb128 0x1
 1185 0689 3A       		.byte	0x3a
 1186 068a 00       		.byte	0
 1187 068b 1A       		.uleb128 0x1a
 1188 068c 34000000 		.4byte	.LVL6
 1189 0690 CF070000 		.4byte	0x7cf
 1190 0694 19       		.uleb128 0x19
 1191 0695 01       		.uleb128 0x1
 1192 0696 51       		.byte	0x51
 1193 0697 02       		.uleb128 0x2
 1194 0698 08       		.byte	0x8
 1195 0699 80       		.byte	0x80
 1196 069a 19       		.uleb128 0x19
 1197 069b 01       		.uleb128 0x1
ARM GAS  /tmp/cc0rnXlk.s 			page 22


 1198 069c 50       		.byte	0x50
 1199 069d 01       		.uleb128 0x1
 1200 069e 3B       		.byte	0x3b
 1201 069f 00       		.byte	0
 1202 06a0 00       		.byte	0
 1203 06a1 13       		.uleb128 0x13
 1204 06a2 3D020000 		.4byte	.LASF90
 1205 06a6 01       		.byte	0x1
 1206 06a7 96       		.byte	0x96
 1207 06a8 00000000 		.4byte	.LFB10
 1208 06ac 7C000000 		.4byte	.LFE10-.LFB10
 1209 06b0 01       		.uleb128 0x1
 1210 06b1 9C       		.byte	0x9c
 1211 06b2 02070000 		.4byte	0x702
 1212 06b6 1B       		.uleb128 0x1b
 1213 06b7 00000000 		.4byte	.LBB3
 1214 06bb 06000000 		.4byte	.LBE3-.LBB3
 1215 06bf D1060000 		.4byte	0x6d1
 1216 06c3 17       		.uleb128 0x17
 1217 06c4 746D7000 		.ascii	"tmp\000"
 1218 06c8 01       		.byte	0x1
 1219 06c9 98       		.byte	0x98
 1220 06ca 9E000000 		.4byte	0x9e
 1221 06ce 01       		.uleb128 0x1
 1222 06cf 53       		.byte	0x53
 1223 06d0 00       		.byte	0
 1224 06d1 1C       		.uleb128 0x1c
 1225 06d2 00000000 		.4byte	.Ldebug_ranges0+0
 1226 06d6 EA060000 		.4byte	0x6ea
 1227 06da 15       		.uleb128 0x15
 1228 06db C1020000 		.4byte	.LASF88
 1229 06df 01       		.byte	0x1
 1230 06e0 9A       		.byte	0x9a
 1231 06e1 3F060000 		.4byte	0x63f
 1232 06e5 20000000 		.4byte	.LLST1
 1233 06e9 00       		.byte	0
 1234 06ea 16       		.uleb128 0x16
 1235 06eb 56000000 		.4byte	.LBB5
 1236 06ef 06000000 		.4byte	.LBE5-.LBB5
 1237 06f3 17       		.uleb128 0x17
 1238 06f4 746D7000 		.ascii	"tmp\000"
 1239 06f8 01       		.byte	0x1
 1240 06f9 BE       		.byte	0xbe
 1241 06fa 9E000000 		.4byte	0x9e
 1242 06fe 01       		.uleb128 0x1
 1243 06ff 53       		.byte	0x53
 1244 0700 00       		.byte	0
 1245 0701 00       		.byte	0
 1246 0702 13       		.uleb128 0x13
 1247 0703 38000000 		.4byte	.LASF91
 1248 0707 01       		.byte	0x1
 1249 0708 2F       		.byte	0x2f
 1250 0709 00000000 		.4byte	.LFB7
 1251 070d 1A000000 		.4byte	.LFE7-.LFB7
 1252 0711 01       		.uleb128 0x1
 1253 0712 9C       		.byte	0x9c
 1254 0713 60070000 		.4byte	0x760
ARM GAS  /tmp/cc0rnXlk.s 			page 23


 1255 0717 1B       		.uleb128 0x1b
 1256 0718 02000000 		.4byte	.LBB7
 1257 071c 06000000 		.4byte	.LBE7-.LBB7
 1258 0720 32070000 		.4byte	0x732
 1259 0724 17       		.uleb128 0x17
 1260 0725 746D7000 		.ascii	"tmp\000"
 1261 0729 01       		.byte	0x1
 1262 072a 33       		.byte	0x33
 1263 072b 9E000000 		.4byte	0x9e
 1264 072f 01       		.uleb128 0x1
 1265 0730 53       		.byte	0x53
 1266 0731 00       		.byte	0
 1267 0732 1B       		.uleb128 0x1b
 1268 0733 0C000000 		.4byte	.LBB8
 1269 0737 06000000 		.4byte	.LBE8-.LBB8
 1270 073b 4D070000 		.4byte	0x74d
 1271 073f 17       		.uleb128 0x17
 1272 0740 746D7000 		.ascii	"tmp\000"
 1273 0744 01       		.byte	0x1
 1274 0745 35       		.byte	0x35
 1275 0746 9E000000 		.4byte	0x9e
 1276 074a 01       		.uleb128 0x1
 1277 074b 53       		.byte	0x53
 1278 074c 00       		.byte	0
 1279 074d 14       		.uleb128 0x14
 1280 074e 0C000000 		.4byte	.LVL12
 1281 0752 E6070000 		.4byte	0x7e6
 1282 0756 1D       		.uleb128 0x1d
 1283 0757 1A000000 		.4byte	.LVL13
 1284 075b A1060000 		.4byte	0x6a1
 1285 075f 00       		.byte	0
 1286 0760 13       		.uleb128 0x13
 1287 0761 44010000 		.4byte	.LASF92
 1288 0765 01       		.byte	0x1
 1289 0766 E5       		.byte	0xe5
 1290 0767 00000000 		.4byte	.LFB12
 1291 076b 10000000 		.4byte	.LFE12-.LFB12
 1292 076f 01       		.uleb128 0x1
 1293 0770 9C       		.byte	0x9c
 1294 0771 90070000 		.4byte	0x790
 1295 0775 1E       		.uleb128 0x1e
 1296 0776 6E747000 		.ascii	"ntp\000"
 1297 077a 01       		.byte	0x1
 1298 077b E5       		.byte	0xe5
 1299 077c 31020000 		.4byte	0x231
 1300 0780 01       		.uleb128 0x1
 1301 0781 50       		.byte	0x50
 1302 0782 1E       		.uleb128 0x1e
 1303 0783 6F747000 		.ascii	"otp\000"
 1304 0787 01       		.byte	0x1
 1305 0788 E5       		.byte	0xe5
 1306 0789 31020000 		.4byte	0x231
 1307 078d 01       		.uleb128 0x1
 1308 078e 51       		.byte	0x51
 1309 078f 00       		.byte	0
 1310 0790 13       		.uleb128 0x13
 1311 0791 C6000000 		.4byte	.LASF93
ARM GAS  /tmp/cc0rnXlk.s 			page 24


 1312 0795 01       		.byte	0x1
 1313 0796 FC       		.byte	0xfc
 1314 0797 00000000 		.4byte	.LFB13
 1315 079b 10000000 		.4byte	.LFE13-.LFB13
 1316 079f 01       		.uleb128 0x1
 1317 07a0 9C       		.byte	0x9c
 1318 07a1 BD070000 		.4byte	0x7bd
 1319 07a5 16       		.uleb128 0x16
 1320 07a6 00000000 		.4byte	.LBB9
 1321 07aa 06000000 		.4byte	.LBE9-.LBB9
 1322 07ae 17       		.uleb128 0x17
 1323 07af 746D7000 		.ascii	"tmp\000"
 1324 07b3 01       		.byte	0x1
 1325 07b4 FE       		.byte	0xfe
 1326 07b5 9E000000 		.4byte	0x9e
 1327 07b9 01       		.uleb128 0x1
 1328 07ba 53       		.byte	0x53
 1329 07bb 00       		.byte	0
 1330 07bc 00       		.byte	0
 1331 07bd 1F       		.uleb128 0x1f
 1332 07be 06000000 		.4byte	.LASF98
 1333 07c2 09       		.byte	0x9
 1334 07c3 6F       		.byte	0x6f
 1335 07c4 4A050000 		.4byte	0x54a
 1336 07c8 20       		.uleb128 0x20
 1337 07c9 17010000 		.4byte	.LASF94
 1338 07cd 09       		.byte	0x9
 1339 07ce A8       		.byte	0xa8
 1340 07cf 21       		.uleb128 0x21
 1341 07d0 F1000000 		.4byte	.LASF99
 1342 07d4 08       		.byte	0x8
 1343 07d5 2501     		.2byte	0x125
 1344 07d7 E6070000 		.4byte	0x7e6
 1345 07db 22       		.uleb128 0x22
 1346 07dc 9E000000 		.4byte	0x9e
 1347 07e0 22       		.uleb128 0x22
 1348 07e1 9E000000 		.4byte	0x9e
 1349 07e5 00       		.byte	0
 1350 07e6 20       		.uleb128 0x20
 1351 07e7 25000000 		.4byte	.LASF95
 1352 07eb 0B       		.byte	0xb
 1353 07ec F7       		.byte	0xf7
 1354 07ed 00       		.byte	0
 1355              		.section	.debug_abbrev,"",%progbits
 1356              	.Ldebug_abbrev0:
 1357 0000 01       		.uleb128 0x1
 1358 0001 11       		.uleb128 0x11
 1359 0002 01       		.byte	0x1
 1360 0003 25       		.uleb128 0x25
 1361 0004 0E       		.uleb128 0xe
 1362 0005 13       		.uleb128 0x13
 1363 0006 0B       		.uleb128 0xb
 1364 0007 03       		.uleb128 0x3
 1365 0008 0E       		.uleb128 0xe
 1366 0009 55       		.uleb128 0x55
 1367 000a 17       		.uleb128 0x17
 1368 000b 11       		.uleb128 0x11
ARM GAS  /tmp/cc0rnXlk.s 			page 25


 1369 000c 01       		.uleb128 0x1
 1370 000d 10       		.uleb128 0x10
 1371 000e 17       		.uleb128 0x17
 1372 000f 00       		.byte	0
 1373 0010 00       		.byte	0
 1374 0011 02       		.uleb128 0x2
 1375 0012 24       		.uleb128 0x24
 1376 0013 00       		.byte	0
 1377 0014 0B       		.uleb128 0xb
 1378 0015 0B       		.uleb128 0xb
 1379 0016 3E       		.uleb128 0x3e
 1380 0017 0B       		.uleb128 0xb
 1381 0018 03       		.uleb128 0x3
 1382 0019 08       		.uleb128 0x8
 1383 001a 00       		.byte	0
 1384 001b 00       		.byte	0
 1385 001c 03       		.uleb128 0x3
 1386 001d 24       		.uleb128 0x24
 1387 001e 00       		.byte	0
 1388 001f 0B       		.uleb128 0xb
 1389 0020 0B       		.uleb128 0xb
 1390 0021 3E       		.uleb128 0x3e
 1391 0022 0B       		.uleb128 0xb
 1392 0023 03       		.uleb128 0x3
 1393 0024 0E       		.uleb128 0xe
 1394 0025 00       		.byte	0
 1395 0026 00       		.byte	0
 1396 0027 04       		.uleb128 0x4
 1397 0028 16       		.uleb128 0x16
 1398 0029 00       		.byte	0
 1399 002a 03       		.uleb128 0x3
 1400 002b 0E       		.uleb128 0xe
 1401 002c 3A       		.uleb128 0x3a
 1402 002d 0B       		.uleb128 0xb
 1403 002e 3B       		.uleb128 0x3b
 1404 002f 0B       		.uleb128 0xb
 1405 0030 49       		.uleb128 0x49
 1406 0031 13       		.uleb128 0x13
 1407 0032 00       		.byte	0
 1408 0033 00       		.byte	0
 1409 0034 05       		.uleb128 0x5
 1410 0035 13       		.uleb128 0x13
 1411 0036 01       		.byte	0x1
 1412 0037 03       		.uleb128 0x3
 1413 0038 0E       		.uleb128 0xe
 1414 0039 0B       		.uleb128 0xb
 1415 003a 0B       		.uleb128 0xb
 1416 003b 3A       		.uleb128 0x3a
 1417 003c 0B       		.uleb128 0xb
 1418 003d 3B       		.uleb128 0x3b
 1419 003e 0B       		.uleb128 0xb
 1420 003f 01       		.uleb128 0x1
 1421 0040 13       		.uleb128 0x13
 1422 0041 00       		.byte	0
 1423 0042 00       		.byte	0
 1424 0043 06       		.uleb128 0x6
 1425 0044 0D       		.uleb128 0xd
ARM GAS  /tmp/cc0rnXlk.s 			page 26


 1426 0045 00       		.byte	0
 1427 0046 03       		.uleb128 0x3
 1428 0047 0E       		.uleb128 0xe
 1429 0048 3A       		.uleb128 0x3a
 1430 0049 0B       		.uleb128 0xb
 1431 004a 3B       		.uleb128 0x3b
 1432 004b 0B       		.uleb128 0xb
 1433 004c 49       		.uleb128 0x49
 1434 004d 13       		.uleb128 0x13
 1435 004e 38       		.uleb128 0x38
 1436 004f 0B       		.uleb128 0xb
 1437 0050 00       		.byte	0
 1438 0051 00       		.byte	0
 1439 0052 07       		.uleb128 0x7
 1440 0053 0D       		.uleb128 0xd
 1441 0054 00       		.byte	0
 1442 0055 03       		.uleb128 0x3
 1443 0056 08       		.uleb128 0x8
 1444 0057 3A       		.uleb128 0x3a
 1445 0058 0B       		.uleb128 0xb
 1446 0059 3B       		.uleb128 0x3b
 1447 005a 0B       		.uleb128 0xb
 1448 005b 49       		.uleb128 0x49
 1449 005c 13       		.uleb128 0x13
 1450 005d 38       		.uleb128 0x38
 1451 005e 0B       		.uleb128 0xb
 1452 005f 00       		.byte	0
 1453 0060 00       		.byte	0
 1454 0061 08       		.uleb128 0x8
 1455 0062 13       		.uleb128 0x13
 1456 0063 01       		.byte	0x1
 1457 0064 0B       		.uleb128 0xb
 1458 0065 0B       		.uleb128 0xb
 1459 0066 3A       		.uleb128 0x3a
 1460 0067 0B       		.uleb128 0xb
 1461 0068 3B       		.uleb128 0x3b
 1462 0069 0B       		.uleb128 0xb
 1463 006a 01       		.uleb128 0x1
 1464 006b 13       		.uleb128 0x13
 1465 006c 00       		.byte	0
 1466 006d 00       		.byte	0
 1467 006e 09       		.uleb128 0x9
 1468 006f 0F       		.uleb128 0xf
 1469 0070 00       		.byte	0
 1470 0071 0B       		.uleb128 0xb
 1471 0072 0B       		.uleb128 0xb
 1472 0073 49       		.uleb128 0x49
 1473 0074 13       		.uleb128 0x13
 1474 0075 00       		.byte	0
 1475 0076 00       		.byte	0
 1476 0077 0A       		.uleb128 0xa
 1477 0078 0F       		.uleb128 0xf
 1478 0079 00       		.byte	0
 1479 007a 0B       		.uleb128 0xb
 1480 007b 0B       		.uleb128 0xb
 1481 007c 00       		.byte	0
 1482 007d 00       		.byte	0
ARM GAS  /tmp/cc0rnXlk.s 			page 27


 1483 007e 0B       		.uleb128 0xb
 1484 007f 13       		.uleb128 0x13
 1485 0080 01       		.byte	0x1
 1486 0081 03       		.uleb128 0x3
 1487 0082 0E       		.uleb128 0xe
 1488 0083 0B       		.uleb128 0xb
 1489 0084 0B       		.uleb128 0xb
 1490 0085 3A       		.uleb128 0x3a
 1491 0086 0B       		.uleb128 0xb
 1492 0087 3B       		.uleb128 0x3b
 1493 0088 05       		.uleb128 0x5
 1494 0089 01       		.uleb128 0x1
 1495 008a 13       		.uleb128 0x13
 1496 008b 00       		.byte	0
 1497 008c 00       		.byte	0
 1498 008d 0C       		.uleb128 0xc
 1499 008e 0D       		.uleb128 0xd
 1500 008f 00       		.byte	0
 1501 0090 03       		.uleb128 0x3
 1502 0091 08       		.uleb128 0x8
 1503 0092 3A       		.uleb128 0x3a
 1504 0093 0B       		.uleb128 0xb
 1505 0094 3B       		.uleb128 0x3b
 1506 0095 05       		.uleb128 0x5
 1507 0096 49       		.uleb128 0x49
 1508 0097 13       		.uleb128 0x13
 1509 0098 38       		.uleb128 0x38
 1510 0099 0B       		.uleb128 0xb
 1511 009a 00       		.byte	0
 1512 009b 00       		.byte	0
 1513 009c 0D       		.uleb128 0xd
 1514 009d 35       		.uleb128 0x35
 1515 009e 00       		.byte	0
 1516 009f 49       		.uleb128 0x49
 1517 00a0 13       		.uleb128 0x13
 1518 00a1 00       		.byte	0
 1519 00a2 00       		.byte	0
 1520 00a3 0E       		.uleb128 0xe
 1521 00a4 01       		.uleb128 0x1
 1522 00a5 01       		.byte	0x1
 1523 00a6 49       		.uleb128 0x49
 1524 00a7 13       		.uleb128 0x13
 1525 00a8 01       		.uleb128 0x1
 1526 00a9 13       		.uleb128 0x13
 1527 00aa 00       		.byte	0
 1528 00ab 00       		.byte	0
 1529 00ac 0F       		.uleb128 0xf
 1530 00ad 21       		.uleb128 0x21
 1531 00ae 00       		.byte	0
 1532 00af 49       		.uleb128 0x49
 1533 00b0 13       		.uleb128 0x13
 1534 00b1 2F       		.uleb128 0x2f
 1535 00b2 0B       		.uleb128 0xb
 1536 00b3 00       		.byte	0
 1537 00b4 00       		.byte	0
 1538 00b5 10       		.uleb128 0x10
 1539 00b6 17       		.uleb128 0x17
ARM GAS  /tmp/cc0rnXlk.s 			page 28


 1540 00b7 01       		.byte	0x1
 1541 00b8 0B       		.uleb128 0xb
 1542 00b9 0B       		.uleb128 0xb
 1543 00ba 3A       		.uleb128 0x3a
 1544 00bb 0B       		.uleb128 0xb
 1545 00bc 3B       		.uleb128 0x3b
 1546 00bd 0B       		.uleb128 0xb
 1547 00be 01       		.uleb128 0x1
 1548 00bf 13       		.uleb128 0x13
 1549 00c0 00       		.byte	0
 1550 00c1 00       		.byte	0
 1551 00c2 11       		.uleb128 0x11
 1552 00c3 0D       		.uleb128 0xd
 1553 00c4 00       		.byte	0
 1554 00c5 03       		.uleb128 0x3
 1555 00c6 0E       		.uleb128 0xe
 1556 00c7 3A       		.uleb128 0x3a
 1557 00c8 0B       		.uleb128 0xb
 1558 00c9 3B       		.uleb128 0x3b
 1559 00ca 0B       		.uleb128 0xb
 1560 00cb 49       		.uleb128 0x49
 1561 00cc 13       		.uleb128 0x13
 1562 00cd 00       		.byte	0
 1563 00ce 00       		.byte	0
 1564 00cf 12       		.uleb128 0x12
 1565 00d0 26       		.uleb128 0x26
 1566 00d1 00       		.byte	0
 1567 00d2 49       		.uleb128 0x49
 1568 00d3 13       		.uleb128 0x13
 1569 00d4 00       		.byte	0
 1570 00d5 00       		.byte	0
 1571 00d6 13       		.uleb128 0x13
 1572 00d7 2E       		.uleb128 0x2e
 1573 00d8 01       		.byte	0x1
 1574 00d9 3F       		.uleb128 0x3f
 1575 00da 19       		.uleb128 0x19
 1576 00db 03       		.uleb128 0x3
 1577 00dc 0E       		.uleb128 0xe
 1578 00dd 3A       		.uleb128 0x3a
 1579 00de 0B       		.uleb128 0xb
 1580 00df 3B       		.uleb128 0x3b
 1581 00e0 0B       		.uleb128 0xb
 1582 00e1 27       		.uleb128 0x27
 1583 00e2 19       		.uleb128 0x19
 1584 00e3 11       		.uleb128 0x11
 1585 00e4 01       		.uleb128 0x1
 1586 00e5 12       		.uleb128 0x12
 1587 00e6 06       		.uleb128 0x6
 1588 00e7 40       		.uleb128 0x40
 1589 00e8 18       		.uleb128 0x18
 1590 00e9 9742     		.uleb128 0x2117
 1591 00eb 19       		.uleb128 0x19
 1592 00ec 01       		.uleb128 0x1
 1593 00ed 13       		.uleb128 0x13
 1594 00ee 00       		.byte	0
 1595 00ef 00       		.byte	0
 1596 00f0 14       		.uleb128 0x14
ARM GAS  /tmp/cc0rnXlk.s 			page 29


 1597 00f1 898201   		.uleb128 0x4109
 1598 00f4 00       		.byte	0
 1599 00f5 11       		.uleb128 0x11
 1600 00f6 01       		.uleb128 0x1
 1601 00f7 31       		.uleb128 0x31
 1602 00f8 13       		.uleb128 0x13
 1603 00f9 00       		.byte	0
 1604 00fa 00       		.byte	0
 1605 00fb 15       		.uleb128 0x15
 1606 00fc 34       		.uleb128 0x34
 1607 00fd 00       		.byte	0
 1608 00fe 03       		.uleb128 0x3
 1609 00ff 0E       		.uleb128 0xe
 1610 0100 3A       		.uleb128 0x3a
 1611 0101 0B       		.uleb128 0xb
 1612 0102 3B       		.uleb128 0x3b
 1613 0103 0B       		.uleb128 0xb
 1614 0104 49       		.uleb128 0x49
 1615 0105 13       		.uleb128 0x13
 1616 0106 02       		.uleb128 0x2
 1617 0107 17       		.uleb128 0x17
 1618 0108 00       		.byte	0
 1619 0109 00       		.byte	0
 1620 010a 16       		.uleb128 0x16
 1621 010b 0B       		.uleb128 0xb
 1622 010c 01       		.byte	0x1
 1623 010d 11       		.uleb128 0x11
 1624 010e 01       		.uleb128 0x1
 1625 010f 12       		.uleb128 0x12
 1626 0110 06       		.uleb128 0x6
 1627 0111 00       		.byte	0
 1628 0112 00       		.byte	0
 1629 0113 17       		.uleb128 0x17
 1630 0114 34       		.uleb128 0x34
 1631 0115 00       		.byte	0
 1632 0116 03       		.uleb128 0x3
 1633 0117 08       		.uleb128 0x8
 1634 0118 3A       		.uleb128 0x3a
 1635 0119 0B       		.uleb128 0xb
 1636 011a 3B       		.uleb128 0x3b
 1637 011b 0B       		.uleb128 0xb
 1638 011c 49       		.uleb128 0x49
 1639 011d 13       		.uleb128 0x13
 1640 011e 02       		.uleb128 0x2
 1641 011f 18       		.uleb128 0x18
 1642 0120 00       		.byte	0
 1643 0121 00       		.byte	0
 1644 0122 18       		.uleb128 0x18
 1645 0123 898201   		.uleb128 0x4109
 1646 0126 01       		.byte	0x1
 1647 0127 11       		.uleb128 0x11
 1648 0128 01       		.uleb128 0x1
 1649 0129 31       		.uleb128 0x31
 1650 012a 13       		.uleb128 0x13
 1651 012b 01       		.uleb128 0x1
 1652 012c 13       		.uleb128 0x13
 1653 012d 00       		.byte	0
ARM GAS  /tmp/cc0rnXlk.s 			page 30


 1654 012e 00       		.byte	0
 1655 012f 19       		.uleb128 0x19
 1656 0130 8A8201   		.uleb128 0x410a
 1657 0133 00       		.byte	0
 1658 0134 02       		.uleb128 0x2
 1659 0135 18       		.uleb128 0x18
 1660 0136 9142     		.uleb128 0x2111
 1661 0138 18       		.uleb128 0x18
 1662 0139 00       		.byte	0
 1663 013a 00       		.byte	0
 1664 013b 1A       		.uleb128 0x1a
 1665 013c 898201   		.uleb128 0x4109
 1666 013f 01       		.byte	0x1
 1667 0140 11       		.uleb128 0x11
 1668 0141 01       		.uleb128 0x1
 1669 0142 9542     		.uleb128 0x2115
 1670 0144 19       		.uleb128 0x19
 1671 0145 31       		.uleb128 0x31
 1672 0146 13       		.uleb128 0x13
 1673 0147 00       		.byte	0
 1674 0148 00       		.byte	0
 1675 0149 1B       		.uleb128 0x1b
 1676 014a 0B       		.uleb128 0xb
 1677 014b 01       		.byte	0x1
 1678 014c 11       		.uleb128 0x11
 1679 014d 01       		.uleb128 0x1
 1680 014e 12       		.uleb128 0x12
 1681 014f 06       		.uleb128 0x6
 1682 0150 01       		.uleb128 0x1
 1683 0151 13       		.uleb128 0x13
 1684 0152 00       		.byte	0
 1685 0153 00       		.byte	0
 1686 0154 1C       		.uleb128 0x1c
 1687 0155 0B       		.uleb128 0xb
 1688 0156 01       		.byte	0x1
 1689 0157 55       		.uleb128 0x55
 1690 0158 17       		.uleb128 0x17
 1691 0159 01       		.uleb128 0x1
 1692 015a 13       		.uleb128 0x13
 1693 015b 00       		.byte	0
 1694 015c 00       		.byte	0
 1695 015d 1D       		.uleb128 0x1d
 1696 015e 898201   		.uleb128 0x4109
 1697 0161 00       		.byte	0
 1698 0162 11       		.uleb128 0x11
 1699 0163 01       		.uleb128 0x1
 1700 0164 9542     		.uleb128 0x2115
 1701 0166 19       		.uleb128 0x19
 1702 0167 31       		.uleb128 0x31
 1703 0168 13       		.uleb128 0x13
 1704 0169 00       		.byte	0
 1705 016a 00       		.byte	0
 1706 016b 1E       		.uleb128 0x1e
 1707 016c 05       		.uleb128 0x5
 1708 016d 00       		.byte	0
 1709 016e 03       		.uleb128 0x3
 1710 016f 08       		.uleb128 0x8
ARM GAS  /tmp/cc0rnXlk.s 			page 31


 1711 0170 3A       		.uleb128 0x3a
 1712 0171 0B       		.uleb128 0xb
 1713 0172 3B       		.uleb128 0x3b
 1714 0173 0B       		.uleb128 0xb
 1715 0174 49       		.uleb128 0x49
 1716 0175 13       		.uleb128 0x13
 1717 0176 02       		.uleb128 0x2
 1718 0177 18       		.uleb128 0x18
 1719 0178 00       		.byte	0
 1720 0179 00       		.byte	0
 1721 017a 1F       		.uleb128 0x1f
 1722 017b 34       		.uleb128 0x34
 1723 017c 00       		.byte	0
 1724 017d 03       		.uleb128 0x3
 1725 017e 0E       		.uleb128 0xe
 1726 017f 3A       		.uleb128 0x3a
 1727 0180 0B       		.uleb128 0xb
 1728 0181 3B       		.uleb128 0x3b
 1729 0182 0B       		.uleb128 0xb
 1730 0183 49       		.uleb128 0x49
 1731 0184 13       		.uleb128 0x13
 1732 0185 3F       		.uleb128 0x3f
 1733 0186 19       		.uleb128 0x19
 1734 0187 3C       		.uleb128 0x3c
 1735 0188 19       		.uleb128 0x19
 1736 0189 00       		.byte	0
 1737 018a 00       		.byte	0
 1738 018b 20       		.uleb128 0x20
 1739 018c 2E       		.uleb128 0x2e
 1740 018d 00       		.byte	0
 1741 018e 3F       		.uleb128 0x3f
 1742 018f 19       		.uleb128 0x19
 1743 0190 03       		.uleb128 0x3
 1744 0191 0E       		.uleb128 0xe
 1745 0192 3A       		.uleb128 0x3a
 1746 0193 0B       		.uleb128 0xb
 1747 0194 3B       		.uleb128 0x3b
 1748 0195 0B       		.uleb128 0xb
 1749 0196 27       		.uleb128 0x27
 1750 0197 19       		.uleb128 0x19
 1751 0198 3C       		.uleb128 0x3c
 1752 0199 19       		.uleb128 0x19
 1753 019a 00       		.byte	0
 1754 019b 00       		.byte	0
 1755 019c 21       		.uleb128 0x21
 1756 019d 2E       		.uleb128 0x2e
 1757 019e 01       		.byte	0x1
 1758 019f 3F       		.uleb128 0x3f
 1759 01a0 19       		.uleb128 0x19
 1760 01a1 03       		.uleb128 0x3
 1761 01a2 0E       		.uleb128 0xe
 1762 01a3 3A       		.uleb128 0x3a
 1763 01a4 0B       		.uleb128 0xb
 1764 01a5 3B       		.uleb128 0x3b
 1765 01a6 05       		.uleb128 0x5
 1766 01a7 27       		.uleb128 0x27
 1767 01a8 19       		.uleb128 0x19
ARM GAS  /tmp/cc0rnXlk.s 			page 32


 1768 01a9 3C       		.uleb128 0x3c
 1769 01aa 19       		.uleb128 0x19
 1770 01ab 01       		.uleb128 0x1
 1771 01ac 13       		.uleb128 0x13
 1772 01ad 00       		.byte	0
 1773 01ae 00       		.byte	0
 1774 01af 22       		.uleb128 0x22
 1775 01b0 05       		.uleb128 0x5
 1776 01b1 00       		.byte	0
 1777 01b2 49       		.uleb128 0x49
 1778 01b3 13       		.uleb128 0x13
 1779 01b4 00       		.byte	0
 1780 01b5 00       		.byte	0
 1781 01b6 00       		.byte	0
 1782              		.section	.debug_loc,"",%progbits
 1783              	.Ldebug_loc0:
 1784              	.LLST0:
 1785 0000 04000000 		.4byte	.LVL1
 1786 0004 06000000 		.4byte	.LVL2
 1787 0008 0300     		.2byte	0x3
 1788 000a 73       		.byte	0x73
 1789 000b 20       		.sleb128 32
 1790 000c 9F       		.byte	0x9f
 1791 000d 06000000 		.4byte	.LVL2
 1792 0011 0C000000 		.4byte	.LVL3
 1793 0015 0100     		.2byte	0x1
 1794 0017 53       		.byte	0x53
 1795 0018 00000000 		.4byte	0
 1796 001c 00000000 		.4byte	0
 1797              	.LLST1:
 1798 0020 1A000000 		.4byte	.LVL7
 1799 0024 26000000 		.4byte	.LVL8
 1800 0028 0300     		.2byte	0x3
 1801 002a 72       		.byte	0x72
 1802 002b 60       		.sleb128 -32
 1803 002c 9F       		.byte	0x9f
 1804 002d 26000000 		.4byte	.LVL8
 1805 0031 2E000000 		.4byte	.LVL9
 1806 0035 0100     		.2byte	0x1
 1807 0037 53       		.byte	0x53
 1808 0038 2E000000 		.4byte	.LVL9
 1809 003c 56000000 		.4byte	.LVL10
 1810 0040 0300     		.2byte	0x3
 1811 0042 72       		.byte	0x72
 1812 0043 60       		.sleb128 -32
 1813 0044 9F       		.byte	0x9f
 1814 0045 5C000000 		.4byte	.LVL11
 1815 0049 7C000000 		.4byte	.LFE10
 1816 004d 0300     		.2byte	0x3
 1817 004f 72       		.byte	0x72
 1818 0050 60       		.sleb128 -32
 1819 0051 9F       		.byte	0x9f
 1820 0052 00000000 		.4byte	0
 1821 0056 00000000 		.4byte	0
 1822              		.section	.debug_aranges,"",%progbits
 1823 0000 4C000000 		.4byte	0x4c
 1824 0004 0200     		.2byte	0x2
ARM GAS  /tmp/cc0rnXlk.s 			page 33


 1825 0006 00000000 		.4byte	.Ldebug_info0
 1826 000a 04       		.byte	0x4
 1827 000b 00       		.byte	0
 1828 000c 0000     		.2byte	0
 1829 000e 0000     		.2byte	0
 1830 0010 00000000 		.4byte	.LFB11
 1831 0014 06000000 		.4byte	.LFE11-.LFB11
 1832 0018 00000000 		.4byte	.LFB8
 1833 001c 12000000 		.4byte	.LFE8-.LFB8
 1834 0020 00000000 		.4byte	.LFB9
 1835 0024 34000000 		.4byte	.LFE9-.LFB9
 1836 0028 00000000 		.4byte	.LFB10
 1837 002c 7C000000 		.4byte	.LFE10-.LFB10
 1838 0030 00000000 		.4byte	.LFB7
 1839 0034 1A000000 		.4byte	.LFE7-.LFB7
 1840 0038 00000000 		.4byte	.LFB12
 1841 003c 10000000 		.4byte	.LFE12-.LFB12
 1842 0040 00000000 		.4byte	.LFB13
 1843 0044 10000000 		.4byte	.LFE13-.LFB13
 1844 0048 00000000 		.4byte	0
 1845 004c 00000000 		.4byte	0
 1846              		.section	.debug_ranges,"",%progbits
 1847              	.Ldebug_ranges0:
 1848 0000 16000000 		.4byte	.LBB4
 1849 0004 56000000 		.4byte	.LBE4
 1850 0008 5C000000 		.4byte	.LBB6
 1851 000c 7C000000 		.4byte	.LBE6
 1852 0010 00000000 		.4byte	0
 1853 0014 00000000 		.4byte	0
 1854 0018 00000000 		.4byte	.LFB11
 1855 001c 06000000 		.4byte	.LFE11
 1856 0020 00000000 		.4byte	.LFB8
 1857 0024 12000000 		.4byte	.LFE8
 1858 0028 00000000 		.4byte	.LFB9
 1859 002c 34000000 		.4byte	.LFE9
 1860 0030 00000000 		.4byte	.LFB10
 1861 0034 7C000000 		.4byte	.LFE10
 1862 0038 00000000 		.4byte	.LFB7
 1863 003c 1A000000 		.4byte	.LFE7
 1864 0040 00000000 		.4byte	.LFB12
 1865 0044 10000000 		.4byte	.LFE12
 1866 0048 00000000 		.4byte	.LFB13
 1867 004c 10000000 		.4byte	.LFE13
 1868 0050 00000000 		.4byte	0
 1869 0054 00000000 		.4byte	0
 1870              		.section	.debug_line,"",%progbits
 1871              	.Ldebug_line0:
 1872 0000 01020000 		.section	.debug_str,"MS",%progbits,1
 1872      02004E01 
 1872      00000201 
 1872      FB0E0D00 
 1872      01010101 
 1873              	.LASF39:
 1874 0000 705F6D73 		.ascii	"p_msg\000"
 1874      6700
 1875              	.LASF98:
 1876 0006 726C6973 		.ascii	"rlist\000"
ARM GAS  /tmp/cc0rnXlk.s 			page 34


 1876      7400
 1877              	.LASF81:
 1878 000c 7264796D 		.ascii	"rdymsg\000"
 1878      736700
 1879              	.LASF5:
 1880 0013 5F5F7569 		.ascii	"__uint8_t\000"
 1880      6E74385F 
 1880      7400
 1881              	.LASF69:
 1882 001d 434D785F 		.ascii	"CMx_SCB\000"
 1882      53434200 
 1883              	.LASF95:
 1884 0025 63685379 		.ascii	"chSysTimerHandlerI\000"
 1884      7354696D 
 1884      65724861 
 1884      6E646C65 
 1884      724900
 1885              	.LASF91:
 1886 0038 53797354 		.ascii	"SysTickVector\000"
 1886      69636B56 
 1886      6563746F 
 1886      7200
 1887              	.LASF11:
 1888 0046 6C6F6E67 		.ascii	"long long unsigned int\000"
 1888      206C6F6E 
 1888      6720756E 
 1888      7369676E 
 1888      65642069 
 1889              	.LASF82:
 1890 005d 65786974 		.ascii	"exitcode\000"
 1890      636F6465 
 1890      00
 1891              	.LASF54:
 1892 0066 43505549 		.ascii	"CPUID\000"
 1892      4400
 1893              	.LASF27:
 1894 006c 705F7072 		.ascii	"p_prio\000"
 1894      696F00
 1895              	.LASF10:
 1896 0073 6C6F6E67 		.ascii	"long long int\000"
 1896      206C6F6E 
 1896      6720696E 
 1896      7400
 1897              	.LASF1:
 1898 0081 7369676E 		.ascii	"signed char\000"
 1898      65642063 
 1898      68617200 
 1899              	.LASF43:
 1900 008d 705F6D70 		.ascii	"p_mpool\000"
 1900      6F6F6C00 
 1901              	.LASF78:
 1902 0095 6D5F7175 		.ascii	"m_queue\000"
 1902      65756500 
 1903              	.LASF19:
 1904 009d 74736C69 		.ascii	"tslices_t\000"
 1904      6365735F 
 1904      7400
ARM GAS  /tmp/cc0rnXlk.s 			page 35


 1905              	.LASF7:
 1906 00a7 6C6F6E67 		.ascii	"long int\000"
 1906      20696E74 
 1906      00
 1907              	.LASF87:
 1908 00b0 53564361 		.ascii	"SVCallVector\000"
 1908      6C6C5665 
 1908      63746F72 
 1908      00
 1909              	.LASF17:
 1910 00bd 74737461 		.ascii	"tstate_t\000"
 1910      74655F74 
 1910      00
 1911              	.LASF93:
 1912 00c6 5F706F72 		.ascii	"_port_thread_start\000"
 1912      745F7468 
 1912      72656164 
 1912      5F737461 
 1912      727400
 1913              	.LASF29:
 1914 00d9 705F6E65 		.ascii	"p_newer\000"
 1914      77657200 
 1915              	.LASF64:
 1916 00e1 42464152 		.ascii	"BFAR\000"
 1916      00
 1917              	.LASF8:
 1918 00e6 5F5F7569 		.ascii	"__uint32_t\000"
 1918      6E743332 
 1918      5F7400
 1919              	.LASF99:
 1920 00f1 6E766963 		.ascii	"nvicSetSystemHandlerPriority\000"
 1920      53657453 
 1920      79737465 
 1920      6D48616E 
 1920      646C6572 
 1921              	.LASF46:
 1922 010e 72656761 		.ascii	"regarm_t\000"
 1922      726D5F74 
 1922      00
 1923              	.LASF94:
 1924 0117 63685363 		.ascii	"chSchDoReschedule\000"
 1924      68446F52 
 1924      65736368 
 1924      6564756C 
 1924      6500
 1925              	.LASF0:
 1926 0129 756E7369 		.ascii	"unsigned int\000"
 1926      676E6564 
 1926      20696E74 
 1926      00
 1927              	.LASF48:
 1928 0136 6C725F74 		.ascii	"lr_thd\000"
 1928      686400
 1929              	.LASF47:
 1930 013d 65787463 		.ascii	"extctx\000"
 1930      747800
 1931              	.LASF92:
ARM GAS  /tmp/cc0rnXlk.s 			page 36


 1932 0144 5F706F72 		.ascii	"_port_switch\000"
 1932      745F7377 
 1932      69746368 
 1932      00
 1933              	.LASF9:
 1934 0151 6C6F6E67 		.ascii	"long unsigned int\000"
 1934      20756E73 
 1934      69676E65 
 1934      6420696E 
 1934      7400
 1935              	.LASF56:
 1936 0163 56544F52 		.ascii	"VTOR\000"
 1936      00
 1937              	.LASF86:
 1938 0168 5F706F72 		.ascii	"_port_switch_from_isr\000"
 1938      745F7377 
 1938      69746368 
 1938      5F66726F 
 1938      6D5F6973 
 1939              	.LASF51:
 1940 017e 636F6E74 		.ascii	"context\000"
 1940      65787400 
 1941              	.LASF4:
 1942 0186 73686F72 		.ascii	"short unsigned int\000"
 1942      7420756E 
 1942      7369676E 
 1942      65642069 
 1942      6E7400
 1943              	.LASF55:
 1944 0199 49435352 		.ascii	"ICSR\000"
 1944      00
 1945              	.LASF21:
 1946 019e 6D73675F 		.ascii	"msg_t\000"
 1946      7400
 1947              	.LASF57:
 1948 01a4 41495243 		.ascii	"AIRCR\000"
 1948      5200
 1949              	.LASF62:
 1950 01aa 44465352 		.ascii	"DFSR\000"
 1950      00
 1951              	.LASF96:
 1952 01af 474E5520 		.ascii	"GNU C 4.8.2 -mcpu=cortex-m3 -mno-thumb-interwork -m"
 1952      4320342E 
 1952      382E3220 
 1952      2D6D6370 
 1952      753D636F 
 1953 01e2 7468756D 		.ascii	"thumb -ggdb -O2 -fomit-frame-pointer -ffunction-sec"
 1953      62202D67 
 1953      67646220 
 1953      2D4F3220 
 1953      2D666F6D 
 1954 0215 74696F6E 		.ascii	"tions -fdata-sections -fno-common\000"
 1954      73202D66 
 1954      64617461 
 1954      2D736563 
 1954      74696F6E 
 1955              	.LASF63:
ARM GAS  /tmp/cc0rnXlk.s 			page 37


 1956 0237 4D4D4641 		.ascii	"MMFAR\000"
 1956      5200
 1957              	.LASF90:
 1958 023d 5F706F72 		.ascii	"_port_irq_epilogue\000"
 1958      745F6972 
 1958      715F6570 
 1958      696C6F67 
 1958      756500
 1959              	.LASF16:
 1960 0250 746D6F64 		.ascii	"tmode_t\000"
 1960      655F7400 
 1961              	.LASF45:
 1962 0258 54687265 		.ascii	"ThreadsList\000"
 1962      6164734C 
 1962      69737400 
 1963              	.LASF22:
 1964 0264 6576656E 		.ascii	"eventmask_t\000"
 1964      746D6173 
 1964      6B5F7400 
 1965              	.LASF77:
 1966 0270 4D757465 		.ascii	"Mutex\000"
 1966      7800
 1967              	.LASF53:
 1968 0276 73697A65 		.ascii	"sizetype\000"
 1968      74797065 
 1968      00
 1969              	.LASF60:
 1970 027f 43465352 		.ascii	"CFSR\000"
 1970      00
 1971              	.LASF30:
 1972 0284 705F6F6C 		.ascii	"p_older\000"
 1972      64657200 
 1973              	.LASF72:
 1974 028c 725F6374 		.ascii	"r_ctx\000"
 1974      7800
 1975              	.LASF73:
 1976 0292 725F6E65 		.ascii	"r_newer\000"
 1976      77657200 
 1977              	.LASF44:
 1978 029a 54687265 		.ascii	"ThreadsQueue\000"
 1978      61647351 
 1978      75657565 
 1978      00
 1979              	.LASF75:
 1980 02a7 725F6375 		.ascii	"r_current\000"
 1980      7272656E 
 1980      7400
 1981              	.LASF74:
 1982 02b1 725F6F6C 		.ascii	"r_older\000"
 1982      64657200 
 1983              	.LASF18:
 1984 02b9 74726566 		.ascii	"trefs_t\000"
 1984      735F7400 
 1985              	.LASF88:
 1986 02c1 63747870 		.ascii	"ctxp\000"
 1986      00
 1987              	.LASF26:
ARM GAS  /tmp/cc0rnXlk.s 			page 38


 1988 02c6 705F7072 		.ascii	"p_prev\000"
 1988      657600
 1989              	.LASF20:
 1990 02cd 74707269 		.ascii	"tprio_t\000"
 1990      6F5F7400 
 1991              	.LASF15:
 1992 02d5 5F426F6F 		.ascii	"_Bool\000"
 1992      6C00
 1993              	.LASF13:
 1994 02db 696E7433 		.ascii	"int32_t\000"
 1994      325F7400 
 1995              	.LASF2:
 1996 02e3 756E7369 		.ascii	"unsigned char\000"
 1996      676E6564 
 1996      20636861 
 1996      7200
 1997              	.LASF59:
 1998 02f1 53484353 		.ascii	"SHCSR\000"
 1998      5200
 1999              	.LASF41:
 2000 02f7 705F6D74 		.ascii	"p_mtxlist\000"
 2000      786C6973 
 2000      7400
 2001              	.LASF3:
 2002 0301 73686F72 		.ascii	"short int\000"
 2002      7420696E 
 2002      7400
 2003              	.LASF32:
 2004 030b 705F7374 		.ascii	"p_state\000"
 2004      61746500 
 2005              	.LASF35:
 2006 0313 705F7072 		.ascii	"p_preempt\000"
 2006      65656D70 
 2006      7400
 2007              	.LASF49:
 2008 031d 78707372 		.ascii	"xpsr\000"
 2008      00
 2009              	.LASF71:
 2010 0322 725F7072 		.ascii	"r_prio\000"
 2010      696F00
 2011              	.LASF84:
 2012 0329 65776D61 		.ascii	"ewmask\000"
 2012      736B00
 2013              	.LASF25:
 2014 0330 705F6E65 		.ascii	"p_next\000"
 2014      787400
 2015              	.LASF33:
 2016 0337 705F666C 		.ascii	"p_flags\000"
 2016      61677300 
 2017              	.LASF24:
 2018 033f 54687265 		.ascii	"Thread\000"
 2018      616400
 2019              	.LASF40:
 2020 0346 705F6570 		.ascii	"p_epending\000"
 2020      656E6469 
 2020      6E6700
 2021              	.LASF14:
ARM GAS  /tmp/cc0rnXlk.s 			page 39


 2022 0351 75696E74 		.ascii	"uint32_t\000"
 2022      33325F74 
 2022      00
 2023              	.LASF70:
 2024 035a 725F7175 		.ascii	"r_queue\000"
 2024      65756500 
 2025              	.LASF65:
 2026 0362 41465352 		.ascii	"AFSR\000"
 2026      00
 2027              	.LASF67:
 2028 0367 756E7573 		.ascii	"unused1\000"
 2028      65643100 
 2029              	.LASF85:
 2030 036f 63686172 		.ascii	"char\000"
 2030      00
 2031              	.LASF52:
 2032 0374 494F5245 		.ascii	"IOREG32\000"
 2032      47333200 
 2033              	.LASF80:
 2034 037c 6D5F6E65 		.ascii	"m_next\000"
 2034      787400
 2035              	.LASF23:
 2036 0383 73797374 		.ascii	"systime_t\000"
 2036      696D655F 
 2036      7400
 2037              	.LASF42:
 2038 038d 705F7265 		.ascii	"p_realprio\000"
 2038      616C7072 
 2038      696F00
 2039              	.LASF6:
 2040 0398 5F5F696E 		.ascii	"__int32_t\000"
 2040      7433325F 
 2040      7400
 2041              	.LASF36:
 2042 03a2 705F7469 		.ascii	"p_time\000"
 2042      6D6500
 2043              	.LASF58:
 2044 03a9 53485052 		.ascii	"SHPR\000"
 2044      00
 2045              	.LASF50:
 2046 03ae 696E7463 		.ascii	"intctx\000"
 2046      747800
 2047              	.LASF38:
 2048 03b5 705F6D73 		.ascii	"p_msgqueue\000"
 2048      67717565 
 2048      756500
 2049              	.LASF34:
 2050 03c0 705F7265 		.ascii	"p_refs\000"
 2050      667300
 2051              	.LASF76:
 2052 03c7 52656164 		.ascii	"ReadyList\000"
 2052      794C6973 
 2052      7400
 2053              	.LASF66:
 2054 03d1 4D4D4652 		.ascii	"MMFR\000"
 2054      00
 2055              	.LASF97:
ARM GAS  /tmp/cc0rnXlk.s 			page 40


 2056 03d6 2F6F7074 		.ascii	"/opt/ChibiOS_2.6.6/os/ports/GCC/ARMCMx/chcore_v7m.c"
 2056      2F436869 
 2056      62694F53 
 2056      5F322E36 
 2056      2E362F6F 
 2057 0409 00       		.ascii	"\000"
 2058              	.LASF12:
 2059 040a 75696E74 		.ascii	"uint8_t\000"
 2059      385F7400 
 2060              	.LASF89:
 2061 0412 5F706F72 		.ascii	"_port_init\000"
 2061      745F696E 
 2061      697400
 2062              	.LASF83:
 2063 041d 77746F62 		.ascii	"wtobjp\000"
 2063      6A7000
 2064              	.LASF31:
 2065 0424 705F6E61 		.ascii	"p_name\000"
 2065      6D6500
 2066              	.LASF68:
 2067 042b 43504143 		.ascii	"CPACR\000"
 2067      5200
 2068              	.LASF61:
 2069 0431 48465352 		.ascii	"HFSR\000"
 2069      00
 2070              	.LASF79:
 2071 0436 6D5F6F77 		.ascii	"m_owner\000"
 2071      6E657200 
 2072              	.LASF28:
 2073 043e 705F6374 		.ascii	"p_ctx\000"
 2073      7800
 2074              	.LASF37:
 2075 0444 705F7761 		.ascii	"p_waiting\000"
 2075      6974696E 
 2075      6700
 2076              		.ident	"GCC: (4.8.2-14ubuntu1+6) 4.8.2"
ARM GAS  /tmp/cc0rnXlk.s 			page 41


DEFINED SYMBOLS
                            *ABS*:0000000000000000 chcore_v7m.c
     /tmp/cc0rnXlk.s:19     .text._port_switch_from_isr:0000000000000000 $t
     /tmp/cc0rnXlk.s:24     .text._port_switch_from_isr:0000000000000000 _port_switch_from_isr
     /tmp/cc0rnXlk.s:37     .text._port_switch_from_isr:0000000000000004 _port_exit_from_isr
     /tmp/cc0rnXlk.s:49     .text.SVCallVector:0000000000000000 $t
     /tmp/cc0rnXlk.s:54     .text.SVCallVector:0000000000000000 SVCallVector
     /tmp/cc0rnXlk.s:89     .text._port_init:0000000000000000 $t
     /tmp/cc0rnXlk.s:94     .text._port_init:0000000000000000 _port_init
     /tmp/cc0rnXlk.s:138    .text._port_irq_epilogue:0000000000000000 $t
     /tmp/cc0rnXlk.s:143    .text._port_irq_epilogue:0000000000000000 _port_irq_epilogue
     /tmp/cc0rnXlk.s:239    .text.SysTickVector:0000000000000000 $t
     /tmp/cc0rnXlk.s:244    .text.SysTickVector:0000000000000000 SysTickVector
     /tmp/cc0rnXlk.s:282    .text._port_switch:0000000000000000 $t
     /tmp/cc0rnXlk.s:287    .text._port_switch:0000000000000000 _port_switch
     /tmp/cc0rnXlk.s:314    .text._port_thread_start:0000000000000000 $t
     /tmp/cc0rnXlk.s:319    .text._port_thread_start:0000000000000000 _port_thread_start
                     .debug_frame:0000000000000010 $d

UNDEFINED SYMBOLS
chSchDoReschedule
nvicSetSystemHandlerPriority
rlist
chSysTimerHandlerI
chThdExit
