ARM GAS  /tmp/ccR7tOvo.s 			page 1


   1              		.syntax unified
   2              		.cpu cortex-m3
   3              		.fpu softvfp
   4              		.eabi_attribute 20, 1
   5              		.eabi_attribute 21, 1
   6              		.eabi_attribute 23, 3
   7              		.eabi_attribute 24, 1
   8              		.eabi_attribute 25, 1
   9              		.eabi_attribute 26, 1
  10              		.eabi_attribute 30, 2
  11              		.eabi_attribute 34, 1
  12              		.eabi_attribute 18, 4
  13              		.thumb
  14              		.file	"chheap.c"
  15              		.text
  16              	.Ltext0:
  17              		.cfi_sections	.debug_frame
  18              		.section	.text._heap_init,"ax",%progbits
  19              		.align	2
  20              		.global	_heap_init
  21              		.thumb
  22              		.thumb_func
  23              		.type	_heap_init, %function
  24              	_heap_init:
  25              	.LFB7:
  26              		.file 1 "/opt/ChibiOS_2.6.6/os/kernel/src/chheap.c"
  27              		.loc 1 75 0
  28              		.cfi_startproc
  29              		@ args = 0, pretend = 0, frame = 0
  30              		@ frame_needed = 0, uses_anonymous_args = 0
  31              		@ link register save eliminated.
  32              		.loc 1 76 0
  33 0000 40F20003 		movw	r3, #:lower16:.LANCHOR0
  34 0004 C0F20003 		movt	r3, #:upper16:.LANCHOR0
  35 0008 40F20002 		movw	r2, #:lower16:chCoreAlloc
  36              		.loc 1 77 0
  37 000c 0021     		movs	r1, #0
  38              		.loc 1 76 0
  39 000e C0F20002 		movt	r2, #:upper16:chCoreAlloc
  40              		.loc 1 80 0
  41 0012 03F11000 		add	r0, r3, #16
  42              		.loc 1 76 0
  43 0016 1A60     		str	r2, [r3]
  44              		.loc 1 77 0
  45 0018 9960     		str	r1, [r3, #8]
  46              		.loc 1 78 0
  47 001a D960     		str	r1, [r3, #12]
  48              		.loc 1 80 0
  49 001c FFF7FEBF 		b	chMtxInit
  50              	.LVL0:
  51              		.cfi_endproc
  52              	.LFE7:
  53              		.size	_heap_init, .-_heap_init
  54              		.section	.text.chHeapInit,"ax",%progbits
  55              		.align	2
  56              		.global	chHeapInit
  57              		.thumb
ARM GAS  /tmp/ccR7tOvo.s 			page 2


  58              		.thumb_func
  59              		.type	chHeapInit, %function
  60              	chHeapInit:
  61              	.LFB8:
  62              		.loc 1 99 0
  63              		.cfi_startproc
  64              		@ args = 0, pretend = 0, frame = 0
  65              		@ frame_needed = 0, uses_anonymous_args = 0
  66              		@ link register save eliminated.
  67              	.LVL1:
  68              		.loc 1 104 0
  69 0000 0023     		movs	r3, #0
  70              		.loc 1 108 0
  71 0002 083A     		subs	r2, r2, #8
  72              	.LVL2:
  73              		.loc 1 105 0
  74 0004 8160     		str	r1, [r0, #8]
  75              		.loc 1 104 0
  76 0006 0360     		str	r3, [r0]
  77              	.LVL3:
  78              		.loc 1 106 0
  79 0008 C360     		str	r3, [r0, #12]
  80              		.loc 1 110 0
  81 000a 1030     		adds	r0, r0, #16
  82              	.LVL4:
  83              		.loc 1 108 0
  84 000c 4A60     		str	r2, [r1, #4]
  85              		.loc 1 107 0
  86 000e 0B60     		str	r3, [r1]
  87              		.loc 1 110 0
  88 0010 FFF7FEBF 		b	chMtxInit
  89              	.LVL5:
  90              		.cfi_endproc
  91              	.LFE8:
  92              		.size	chHeapInit, .-chHeapInit
  93              		.section	.text.chHeapAlloc,"ax",%progbits
  94              		.align	2
  95              		.global	chHeapAlloc
  96              		.thumb
  97              		.thumb_func
  98              		.type	chHeapAlloc, %function
  99              	chHeapAlloc:
 100              	.LFB9:
 101              		.loc 1 132 0
 102              		.cfi_startproc
 103              		@ args = 0, pretend = 0, frame = 0
 104              		@ frame_needed = 0, uses_anonymous_args = 0
 105              	.LVL6:
 106 0000 F8B5     		push	{r3, r4, r5, r6, r7, lr}
 107              		.cfi_def_cfa_offset 24
 108              		.cfi_offset 3, -24
 109              		.cfi_offset 4, -20
 110              		.cfi_offset 5, -16
 111              		.cfi_offset 6, -12
 112              		.cfi_offset 7, -8
 113              		.cfi_offset 14, -4
 114              		.loc 1 136 0
ARM GAS  /tmp/ccR7tOvo.s 			page 3


 115 0002 40F20006 		movw	r6, #:lower16:.LANCHOR0
 116 0006 C0F20006 		movt	r6, #:upper16:.LANCHOR0
 117 000a 0028     		cmp	r0, #0
 118 000c 18BF     		it	ne
 119 000e 0646     		movne	r6, r0
 120              	.LVL7:
 121              		.loc 1 138 0
 122 0010 0731     		adds	r1, r1, #7
 123              	.LVL8:
 124              		.loc 1 140 0
 125 0012 06F11000 		add	r0, r6, #16
 126              		.loc 1 138 0
 127 0016 21F00705 		bic	r5, r1, #7
 128              	.LVL9:
 129              		.loc 1 139 0
 130 001a 06F10804 		add	r4, r6, #8
 131              	.LVL10:
 132              		.loc 1 140 0
 133 001e FFF7FEFF 		bl	chMtxLock
 134              	.LVL11:
 135              		.loc 1 142 0
 136 0022 03E0     		b	.L5
 137              	.LVL12:
 138              	.L10:
 139              		.loc 1 144 0
 140 0024 5A68     		ldr	r2, [r3, #4]
 141 0026 9542     		cmp	r5, r2
 142 0028 11D9     		bls	.L18
 143 002a 1C46     		mov	r4, r3
 144              	.LVL13:
 145              	.L5:
 146              		.loc 1 142 0 discriminator 1
 147 002c 2368     		ldr	r3, [r4]
 148              	.LVL14:
 149 002e 002B     		cmp	r3, #0
 150 0030 F8D1     		bne	.L10
 151              		.loc 1 167 0
 152 0032 FFF7FEFF 		bl	chMtxUnlock
 153              	.LVL15:
 154              		.loc 1 171 0
 155 0036 3368     		ldr	r3, [r6]
 156 0038 1BB3     		cbz	r3, .L12
 157              		.loc 1 172 0
 158 003a 05F10800 		add	r0, r5, #8
 159 003e 9847     		blx	r3
 160              	.LVL16:
 161              		.loc 1 173 0
 162 0040 F8B1     		cbz	r0, .L12
 163              		.loc 1 174 0
 164 0042 0660     		str	r6, [r0]
 165              		.loc 1 175 0
 166 0044 4560     		str	r5, [r0, #4]
 167              	.LVL17:
 168              		.loc 1 177 0
 169 0046 00F10804 		add	r4, r0, #8
 170              	.LVL18:
 171              	.L9:
ARM GAS  /tmp/ccR7tOvo.s 			page 4


 172              		.loc 1 181 0
 173 004a 2046     		mov	r0, r4
 174 004c F8BD     		pop	{r3, r4, r5, r6, r7, pc}
 175              	.LVL19:
 176              	.L18:
 177              		.loc 1 145 0
 178 004e 05F10801 		add	r1, r5, #8
 179 0052 9142     		cmp	r1, r2
 180 0054 08D9     		bls	.L7
 181              		.loc 1 149 0
 182 0056 1A68     		ldr	r2, [r3]
 183 0058 2260     		str	r2, [r4]
 184              	.L8:
 185              		.loc 1 159 0
 186 005a 1C46     		mov	r4, r3
 187              	.LVL20:
 188 005c 44F8086B 		str	r6, [r4], #8
 189              		.loc 1 161 0
 190 0060 FFF7FEFF 		bl	chMtxUnlock
 191              	.LVL21:
 192              		.loc 1 181 0
 193 0064 2046     		mov	r0, r4
 194 0066 F8BD     		pop	{r3, r4, r5, r6, r7, pc}
 195              	.LVL22:
 196              	.L7:
 197              		.loc 1 155 0
 198 0068 4FF6F870 		movw	r0, #65528
 199 006c CFF6FF70 		movt	r0, 65535
 200              		.loc 1 154 0
 201 0070 1F68     		ldr	r7, [r3]
 202              		.loc 1 155 0
 203 0072 401B     		subs	r0, r0, r5
 204 0074 1044     		add	r0, r0, r2
 205              		.loc 1 153 0
 206 0076 5A18     		adds	r2, r3, r1
 207              	.LVL23:
 208              		.loc 1 154 0
 209 0078 5F50     		str	r7, [r3, r1]
 210              		.loc 1 155 0
 211 007a 5060     		str	r0, [r2, #4]
 212              		.loc 1 156 0
 213 007c 2260     		str	r2, [r4]
 214              		.loc 1 157 0
 215 007e 5D60     		str	r5, [r3, #4]
 216 0080 EBE7     		b	.L8
 217              	.LVL24:
 218              	.L12:
 219              		.loc 1 180 0
 220 0082 0024     		movs	r4, #0
 221              	.LVL25:
 222 0084 E1E7     		b	.L9
 223              		.cfi_endproc
 224              	.LFE9:
 225              		.size	chHeapAlloc, .-chHeapAlloc
 226 0086 00BF     		.section	.text.chHeapFree,"ax",%progbits
 227              		.align	2
 228              		.global	chHeapFree
ARM GAS  /tmp/ccR7tOvo.s 			page 5


 229              		.thumb
 230              		.thumb_func
 231              		.type	chHeapFree, %function
 232              	chHeapFree:
 233              	.LFB10:
 234              		.loc 1 194 0
 235              		.cfi_startproc
 236              		@ args = 0, pretend = 0, frame = 0
 237              		@ frame_needed = 0, uses_anonymous_args = 0
 238              	.LVL26:
 239 0000 70B5     		push	{r4, r5, r6, lr}
 240              		.cfi_def_cfa_offset 16
 241              		.cfi_offset 4, -16
 242              		.cfi_offset 5, -12
 243              		.cfi_offset 6, -8
 244              		.cfi_offset 14, -4
 245              		.loc 1 194 0
 246 0002 0646     		mov	r6, r0
 247              		.loc 1 201 0
 248 0004 50F8080C 		ldr	r0, [r0, #-8]
 249              	.LVL27:
 250              		.loc 1 200 0
 251 0008 A6F10804 		sub	r4, r6, #8
 252              	.LVL28:
 253              		.loc 1 202 0
 254 000c 00F10805 		add	r5, r0, #8
 255              	.LVL29:
 256              		.loc 1 203 0
 257 0010 1030     		adds	r0, r0, #16
 258              	.LVL30:
 259 0012 FFF7FEFF 		bl	chMtxLock
 260              	.LVL31:
 261              		.loc 1 202 0
 262 0016 2B46     		mov	r3, r5
 263              	.LVL32:
 264              	.L26:
 265              		.loc 1 210 0
 266 0018 AB42     		cmp	r3, r5
 267 001a 04D0     		beq	.L20
 268              	.L31:
 269              		.loc 1 210 0 is_stmt 0 discriminator 2
 270 001c A342     		cmp	r3, r4
 271 001e 02D3     		bcc	.L20
 272 0020 1B68     		ldr	r3, [r3]
 273              	.LVL33:
 274              		.loc 1 210 0
 275 0022 AB42     		cmp	r3, r5
 276 0024 FAD1     		bne	.L31
 277              	.L20:
 278              		.loc 1 211 0 is_stmt 1 discriminator 1
 279 0026 1A68     		ldr	r2, [r3]
 280              		.loc 1 210 0 discriminator 1
 281 0028 1AB1     		cbz	r2, .L22
 282              		.loc 1 211 0
 283 002a 9442     		cmp	r4, r2
 284 002c 01D3     		bcc	.L22
 285 002e 1346     		mov	r3, r2
ARM GAS  /tmp/ccR7tOvo.s 			page 6


 286              	.LVL34:
 287              		.loc 1 229 0
 288 0030 F2E7     		b	.L26
 289              	.LVL35:
 290              	.L22:
 291              		.loc 1 216 0
 292 0032 56F8041C 		ldr	r1, [r6, #-4]
 293              		.loc 1 213 0
 294 0036 46F8082C 		str	r2, [r6, #-8]
 295              		.loc 1 214 0
 296 003a 1C60     		str	r4, [r3]
 297              		.loc 1 216 0
 298 003c 01F10802 		add	r2, r1, #8
 299 0040 56F8085C 		ldr	r5, [r6, #-8]
 300              	.LVL36:
 301 0044 A018     		adds	r0, r4, r2
 302 0046 A842     		cmp	r0, r5
 303 0048 09D0     		beq	.L32
 304              		.loc 1 221 0
 305 004a 5A68     		ldr	r2, [r3, #4]
 306 004c 02F10801 		add	r1, r2, #8
 307 0050 1944     		add	r1, r1, r3
 308 0052 8C42     		cmp	r4, r1
 309 0054 11D0     		beq	.L33
 310              	.L25:
 311              		.loc 1 233 0
 312 0056 BDE87040 		pop	{r4, r5, r6, lr}
 313              	.LVL37:
 314              		.loc 1 231 0
 315 005a FFF7FEBF 		b	chMtxUnlock
 316              	.LVL38:
 317              	.L32:
 318              		.loc 1 218 0
 319 005e 4068     		ldr	r0, [r0, #4]
 320              		.loc 1 219 0
 321 0060 A258     		ldr	r2, [r4, r2]
 322              		.loc 1 218 0
 323 0062 0144     		add	r1, r1, r0
 324 0064 0831     		adds	r1, r1, #8
 325 0066 46F8041C 		str	r1, [r6, #-4]
 326              		.loc 1 219 0
 327 006a 46F8082C 		str	r2, [r6, #-8]
 328              		.loc 1 221 0
 329 006e 5A68     		ldr	r2, [r3, #4]
 330 0070 02F10801 		add	r1, r2, #8
 331 0074 1944     		add	r1, r1, r3
 332 0076 8C42     		cmp	r4, r1
 333 0078 EDD1     		bne	.L25
 334              	.L33:
 335              		.loc 1 223 0
 336 007a 56F8040C 		ldr	r0, [r6, #-4]
 337              		.loc 1 224 0
 338 007e 56F8081C 		ldr	r1, [r6, #-8]
 339              		.loc 1 223 0
 340 0082 0244     		add	r2, r2, r0
 341 0084 0832     		adds	r2, r2, #8
 342              		.loc 1 224 0
ARM GAS  /tmp/ccR7tOvo.s 			page 7


 343 0086 83E80600 		stmia	r3, {r1, r2}
 344              		.loc 1 233 0
 345 008a BDE87040 		pop	{r4, r5, r6, lr}
 346              	.LVL39:
 347              		.loc 1 231 0
 348 008e FFF7FEBF 		b	chMtxUnlock
 349              	.LVL40:
 350              		.cfi_endproc
 351              	.LFE10:
 352              		.size	chHeapFree, .-chHeapFree
 353 0092 00BF     		.section	.text.chHeapStatus,"ax",%progbits
 354              		.align	2
 355              		.global	chHeapStatus
 356              		.thumb
 357              		.thumb_func
 358              		.type	chHeapStatus, %function
 359              	chHeapStatus:
 360              	.LFB11:
 361              		.loc 1 250 0
 362              		.cfi_startproc
 363              		@ args = 0, pretend = 0, frame = 0
 364              		@ frame_needed = 0, uses_anonymous_args = 0
 365              	.LVL41:
 366 0000 38B5     		push	{r3, r4, r5, lr}
 367              		.cfi_def_cfa_offset 16
 368              		.cfi_offset 3, -16
 369              		.cfi_offset 4, -12
 370              		.cfi_offset 5, -8
 371              		.cfi_offset 14, -4
 372              		.loc 1 255 0
 373 0002 40F20003 		movw	r3, #:lower16:.LANCHOR0
 374 0006 C0F20003 		movt	r3, #:upper16:.LANCHOR0
 375 000a 0028     		cmp	r0, #0
 376 000c 14BF     		ite	ne
 377 000e 0446     		movne	r4, r0
 378 0010 1C46     		moveq	r4, r3
 379              	.LVL42:
 380              		.loc 1 257 0
 381 0012 04F11000 		add	r0, r4, #16
 382              		.loc 1 250 0
 383 0016 0D46     		mov	r5, r1
 384              		.loc 1 257 0
 385 0018 FFF7FEFF 		bl	chMtxLock
 386              	.LVL43:
 387              		.loc 1 260 0
 388 001c A368     		ldr	r3, [r4, #8]
 389 001e 6BB1     		cbz	r3, .L40
 390              		.loc 1 259 0
 391 0020 0022     		movs	r2, #0
 392              		.loc 1 260 0
 393 0022 1446     		mov	r4, r2
 394              	.LVL44:
 395              	.L37:
 396              		.loc 1 261 0 discriminator 2
 397 0024 5868     		ldr	r0, [r3, #4]
 398              		.loc 1 260 0 discriminator 2
 399 0026 1B68     		ldr	r3, [r3]
ARM GAS  /tmp/ccR7tOvo.s 			page 8


 400 0028 0134     		adds	r4, r4, #1
 401              	.LVL45:
 402              		.loc 1 261 0 discriminator 2
 403 002a 0244     		add	r2, r2, r0
 404              	.LVL46:
 405              		.loc 1 260 0 discriminator 2
 406 002c 002B     		cmp	r3, #0
 407 002e F9D1     		bne	.L37
 408              	.LVL47:
 409              	.L36:
 410              		.loc 1 262 0
 411 0030 05B1     		cbz	r5, .L38
 412              		.loc 1 263 0
 413 0032 2A60     		str	r2, [r5]
 414              	.L38:
 415              		.loc 1 265 0
 416 0034 FFF7FEFF 		bl	chMtxUnlock
 417              	.LVL48:
 418              		.loc 1 267 0
 419 0038 2046     		mov	r0, r4
 420 003a 38BD     		pop	{r3, r4, r5, pc}
 421              	.LVL49:
 422              	.L40:
 423              		.loc 1 259 0
 424 003c 1A46     		mov	r2, r3
 425              		.loc 1 260 0
 426 003e 1C46     		mov	r4, r3
 427              	.LVL50:
 428 0040 F6E7     		b	.L36
 429              		.cfi_endproc
 430              	.LFE11:
 431              		.size	chHeapStatus, .-chHeapStatus
 432 0042 00BF     		.section	.bss.default_heap,"aw",%nobits
 433              		.align	3
 434              		.set	.LANCHOR0,. + 0
 435              		.type	default_heap, %object
 436              		.size	default_heap, 32
 437              	default_heap:
 438 0000 00000000 		.space	32
 438      00000000 
 438      00000000 
 438      00000000 
 438      00000000 
 439              		.text
 440              	.Letext0:
 441              		.file 2 "/usr/lib/gcc/arm-none-eabi/4.8.2/include/stddef.h"
 442              		.file 3 "/usr/include/newlib/machine/_default_types.h"
 443              		.file 4 "/usr/include/newlib/stdint.h"
 444              		.file 5 "/opt/ChibiOS_2.6.6/os/ports/GCC/ARMCMx/chtypes.h"
 445              		.file 6 "/opt/ChibiOS_2.6.6/os/kernel/include/chlists.h"
 446              		.file 7 "/opt/ChibiOS_2.6.6/os/kernel/include/chthreads.h"
 447              		.file 8 "/opt/ChibiOS_2.6.6/os/ports/GCC/ARMCMx/chcore_v7m.h"
 448              		.file 9 "/opt/ChibiOS_2.6.6/os/kernel/include/chmtx.h"
 449              		.file 10 "/opt/ChibiOS_2.6.6/os/kernel/include/chmemcore.h"
 450              		.file 11 "/opt/ChibiOS_2.6.6/os/kernel/include/chheap.h"
 451              		.section	.debug_info,"",%progbits
 452              	.Ldebug_info0:
ARM GAS  /tmp/ccR7tOvo.s 			page 9


 453 0000 F2060000 		.4byte	0x6f2
 454 0004 0400     		.2byte	0x4
 455 0006 00000000 		.4byte	.Ldebug_abbrev0
 456 000a 04       		.byte	0x4
 457 000b 01       		.uleb128 0x1
 458 000c 65010000 		.4byte	.LASF83
 459 0010 01       		.byte	0x1
 460 0011 0D000000 		.4byte	.LASF84
 461 0015 00000000 		.4byte	.Ldebug_ranges0+0
 462 0019 00000000 		.4byte	0
 463 001d 00000000 		.4byte	.Ldebug_line0
 464 0021 02       		.uleb128 0x2
 465 0022 04       		.byte	0x4
 466 0023 05       		.byte	0x5
 467 0024 696E7400 		.ascii	"int\000"
 468 0028 03       		.uleb128 0x3
 469 0029 06000000 		.4byte	.LASF2
 470 002d 02       		.byte	0x2
 471 002e D4       		.byte	0xd4
 472 002f 33000000 		.4byte	0x33
 473 0033 04       		.uleb128 0x4
 474 0034 04       		.byte	0x4
 475 0035 07       		.byte	0x7
 476 0036 20010000 		.4byte	.LASF0
 477 003a 04       		.uleb128 0x4
 478 003b 01       		.byte	0x1
 479 003c 06       		.byte	0x6
 480 003d B5000000 		.4byte	.LASF1
 481 0041 03       		.uleb128 0x3
 482 0042 40000000 		.4byte	.LASF3
 483 0046 03       		.byte	0x3
 484 0047 1C       		.byte	0x1c
 485 0048 4C000000 		.4byte	0x4c
 486 004c 04       		.uleb128 0x4
 487 004d 01       		.byte	0x1
 488 004e 08       		.byte	0x8
 489 004f 81020000 		.4byte	.LASF4
 490 0053 04       		.uleb128 0x4
 491 0054 02       		.byte	0x2
 492 0055 05       		.byte	0x5
 493 0056 A4020000 		.4byte	.LASF5
 494 005a 04       		.uleb128 0x4
 495 005b 02       		.byte	0x2
 496 005c 07       		.byte	0x7
 497 005d 4C010000 		.4byte	.LASF6
 498 0061 03       		.uleb128 0x3
 499 0062 49030000 		.4byte	.LASF7
 500 0066 03       		.byte	0x3
 501 0067 37       		.byte	0x37
 502 0068 6C000000 		.4byte	0x6c
 503 006c 04       		.uleb128 0x4
 504 006d 04       		.byte	0x4
 505 006e 05       		.byte	0x5
 506 006f EC000000 		.4byte	.LASF8
 507 0073 03       		.uleb128 0x3
 508 0074 06010000 		.4byte	.LASF9
 509 0078 03       		.byte	0x3
ARM GAS  /tmp/ccR7tOvo.s 			page 10


 510 0079 38       		.byte	0x38
 511 007a 7E000000 		.4byte	0x7e
 512 007e 04       		.uleb128 0x4
 513 007f 04       		.byte	0x4
 514 0080 07       		.byte	0x7
 515 0081 2D010000 		.4byte	.LASF10
 516 0085 04       		.uleb128 0x4
 517 0086 08       		.byte	0x8
 518 0087 05       		.byte	0x5
 519 0088 A7000000 		.4byte	.LASF11
 520 008c 03       		.uleb128 0x3
 521 008d 51020000 		.4byte	.LASF12
 522 0091 03       		.byte	0x3
 523 0092 4E       		.byte	0x4e
 524 0093 97000000 		.4byte	0x97
 525 0097 04       		.uleb128 0x4
 526 0098 08       		.byte	0x8
 527 0099 07       		.byte	0x7
 528 009a 57000000 		.4byte	.LASF13
 529 009e 03       		.uleb128 0x3
 530 009f 84030000 		.4byte	.LASF14
 531 00a3 04       		.byte	0x4
 532 00a4 2A       		.byte	0x2a
 533 00a5 41000000 		.4byte	0x41
 534 00a9 03       		.uleb128 0x3
 535 00aa 79020000 		.4byte	.LASF15
 536 00ae 04       		.byte	0x4
 537 00af 41       		.byte	0x41
 538 00b0 61000000 		.4byte	0x61
 539 00b4 03       		.uleb128 0x3
 540 00b5 00030000 		.4byte	.LASF16
 541 00b9 04       		.byte	0x4
 542 00ba 42       		.byte	0x42
 543 00bb 73000000 		.4byte	0x73
 544 00bf 03       		.uleb128 0x3
 545 00c0 37000000 		.4byte	.LASF17
 546 00c4 04       		.byte	0x4
 547 00c5 4E       		.byte	0x4e
 548 00c6 8C000000 		.4byte	0x8c
 549 00ca 04       		.uleb128 0x4
 550 00cb 01       		.byte	0x1
 551 00cc 02       		.byte	0x2
 552 00cd 73020000 		.4byte	.LASF18
 553 00d1 03       		.uleb128 0x3
 554 00d2 ED010000 		.4byte	.LASF19
 555 00d6 05       		.byte	0x5
 556 00d7 2C       		.byte	0x2c
 557 00d8 9E000000 		.4byte	0x9e
 558 00dc 03       		.uleb128 0x3
 559 00dd F5000000 		.4byte	.LASF20
 560 00e1 05       		.byte	0x5
 561 00e2 2D       		.byte	0x2d
 562 00e3 9E000000 		.4byte	0x9e
 563 00e7 03       		.uleb128 0x3
 564 00e8 5C020000 		.4byte	.LASF21
 565 00ec 05       		.byte	0x5
 566 00ed 2E       		.byte	0x2e
ARM GAS  /tmp/ccR7tOvo.s 			page 11


 567 00ee 9E000000 		.4byte	0x9e
 568 00f2 03       		.uleb128 0x3
 569 00f3 E2000000 		.4byte	.LASF22
 570 00f7 05       		.byte	0x5
 571 00f8 2F       		.byte	0x2f
 572 00f9 9E000000 		.4byte	0x9e
 573 00fd 03       		.uleb128 0x3
 574 00fe 6B020000 		.4byte	.LASF23
 575 0102 05       		.byte	0x5
 576 0103 30       		.byte	0x30
 577 0104 B4000000 		.4byte	0xb4
 578 0108 03       		.uleb128 0x3
 579 0109 5F010000 		.4byte	.LASF24
 580 010d 05       		.byte	0x5
 581 010e 31       		.byte	0x31
 582 010f A9000000 		.4byte	0xa9
 583 0113 03       		.uleb128 0x3
 584 0114 01020000 		.4byte	.LASF25
 585 0118 05       		.byte	0x5
 586 0119 33       		.byte	0x33
 587 011a B4000000 		.4byte	0xb4
 588 011e 03       		.uleb128 0x3
 589 011f 34030000 		.4byte	.LASF26
 590 0123 05       		.byte	0x5
 591 0124 35       		.byte	0x35
 592 0125 B4000000 		.4byte	0xb4
 593 0129 03       		.uleb128 0x3
 594 012a E2020000 		.4byte	.LASF27
 595 012e 06       		.byte	0x6
 596 012f 2A       		.byte	0x2a
 597 0130 34010000 		.4byte	0x134
 598 0134 05       		.uleb128 0x5
 599 0135 E2020000 		.4byte	.LASF27
 600 0139 48       		.byte	0x48
 601 013a 07       		.byte	0x7
 602 013b 5E       		.byte	0x5e
 603 013c 31020000 		.4byte	0x231
 604 0140 06       		.uleb128 0x6
 605 0141 D3020000 		.4byte	.LASF28
 606 0145 07       		.byte	0x7
 607 0146 5F       		.byte	0x5f
 608 0147 52020000 		.4byte	0x252
 609 014b 00       		.byte	0
 610 014c 06       		.uleb128 0x6
 611 014d 64020000 		.4byte	.LASF29
 612 0151 07       		.byte	0x7
 613 0152 61       		.byte	0x61
 614 0153 52020000 		.4byte	0x252
 615 0157 04       		.byte	0x4
 616 0158 06       		.uleb128 0x6
 617 0159 A0000000 		.4byte	.LASF30
 618 015d 07       		.byte	0x7
 619 015e 63       		.byte	0x63
 620 015f FD000000 		.4byte	0xfd
 621 0163 08       		.byte	0x8
 622 0164 06       		.uleb128 0x6
 623 0165 B3030000 		.4byte	.LASF31
ARM GAS  /tmp/ccR7tOvo.s 			page 12


 624 0169 07       		.byte	0x7
 625 016a 64       		.byte	0x64
 626 016b 17030000 		.4byte	0x317
 627 016f 0C       		.byte	0xc
 628 0170 06       		.uleb128 0x6
 629 0171 FE000000 		.4byte	.LASF32
 630 0175 07       		.byte	0x7
 631 0176 66       		.byte	0x66
 632 0177 52020000 		.4byte	0x252
 633 017b 10       		.byte	0x10
 634 017c 06       		.uleb128 0x6
 635 017d 31020000 		.4byte	.LASF33
 636 0181 07       		.byte	0x7
 637 0182 67       		.byte	0x67
 638 0183 52020000 		.4byte	0x252
 639 0187 14       		.byte	0x14
 640 0188 06       		.uleb128 0x6
 641 0189 99030000 		.4byte	.LASF34
 642 018d 07       		.byte	0x7
 643 018e 6E       		.byte	0x6e
 644 018f 82040000 		.4byte	0x482
 645 0193 18       		.byte	0x18
 646 0194 06       		.uleb128 0x6
 647 0195 AE020000 		.4byte	.LASF35
 648 0199 07       		.byte	0x7
 649 019a 79       		.byte	0x79
 650 019b DC000000 		.4byte	0xdc
 651 019f 1C       		.byte	0x1c
 652 01a0 06       		.uleb128 0x6
 653 01a1 DA020000 		.4byte	.LASF36
 654 01a5 07       		.byte	0x7
 655 01a6 7D       		.byte	0x7d
 656 01a7 D1000000 		.4byte	0xd1
 657 01ab 1D       		.byte	0x1d
 658 01ac 06       		.uleb128 0x6
 659 01ad 7D030000 		.4byte	.LASF37
 660 01b1 07       		.byte	0x7
 661 01b2 82       		.byte	0x82
 662 01b3 E7000000 		.4byte	0xe7
 663 01b7 1E       		.byte	0x1e
 664 01b8 06       		.uleb128 0x6
 665 01b9 B6020000 		.4byte	.LASF38
 666 01bd 07       		.byte	0x7
 667 01be 88       		.byte	0x88
 668 01bf F2000000 		.4byte	0xf2
 669 01c3 1F       		.byte	0x1f
 670 01c4 06       		.uleb128 0x6
 671 01c5 53030000 		.4byte	.LASF39
 672 01c9 07       		.byte	0x7
 673 01ca 8F       		.byte	0x8f
 674 01cb 3F030000 		.4byte	0x33f
 675 01cf 20       		.byte	0x20
 676 01d0 07       		.uleb128 0x7
 677 01d1 705F7500 		.ascii	"p_u\000"
 678 01d5 07       		.byte	0x7
 679 01d6 B4       		.byte	0xb4
 680 01d7 4D040000 		.4byte	0x44d
ARM GAS  /tmp/ccR7tOvo.s 			page 13


 681 01db 24       		.byte	0x24
 682 01dc 06       		.uleb128 0x6
 683 01dd B9030000 		.4byte	.LASF40
 684 01e1 07       		.byte	0x7
 685 01e2 B9       		.byte	0xb9
 686 01e3 78020000 		.4byte	0x278
 687 01e7 28       		.byte	0x28
 688 01e8 06       		.uleb128 0x6
 689 01e9 61030000 		.4byte	.LASF41
 690 01ed 07       		.byte	0x7
 691 01ee BF       		.byte	0xbf
 692 01ef 58020000 		.4byte	0x258
 693 01f3 2C       		.byte	0x2c
 694 01f4 06       		.uleb128 0x6
 695 01f5 00000000 		.4byte	.LASF42
 696 01f9 07       		.byte	0x7
 697 01fa C3       		.byte	0xc3
 698 01fb 08010000 		.4byte	0x108
 699 01ff 34       		.byte	0x34
 700 0200 06       		.uleb128 0x6
 701 0201 F5020000 		.4byte	.LASF43
 702 0205 07       		.byte	0x7
 703 0206 C9       		.byte	0xc9
 704 0207 13010000 		.4byte	0x113
 705 020b 38       		.byte	0x38
 706 020c 06       		.uleb128 0x6
 707 020d 9A020000 		.4byte	.LASF44
 708 0211 07       		.byte	0x7
 709 0212 D0       		.byte	0xd0
 710 0213 94040000 		.4byte	0x494
 711 0217 3C       		.byte	0x3c
 712 0218 06       		.uleb128 0x6
 713 0219 3E030000 		.4byte	.LASF45
 714 021d 07       		.byte	0x7
 715 021e D4       		.byte	0xd4
 716 021f FD000000 		.4byte	0xfd
 717 0223 40       		.byte	0x40
 718 0224 06       		.uleb128 0x6
 719 0225 C7000000 		.4byte	.LASF46
 720 0229 07       		.byte	0x7
 721 022a DA       		.byte	0xda
 722 022b 8E020000 		.4byte	0x28e
 723 022f 44       		.byte	0x44
 724 0230 00       		.byte	0
 725 0231 08       		.uleb128 0x8
 726 0232 08       		.byte	0x8
 727 0233 06       		.byte	0x6
 728 0234 61       		.byte	0x61
 729 0235 52020000 		.4byte	0x252
 730 0239 06       		.uleb128 0x6
 731 023a D3020000 		.4byte	.LASF28
 732 023e 06       		.byte	0x6
 733 023f 62       		.byte	0x62
 734 0240 52020000 		.4byte	0x252
 735 0244 00       		.byte	0
 736 0245 06       		.uleb128 0x6
 737 0246 64020000 		.4byte	.LASF29
ARM GAS  /tmp/ccR7tOvo.s 			page 14


 738 024a 06       		.byte	0x6
 739 024b 64       		.byte	0x64
 740 024c 52020000 		.4byte	0x252
 741 0250 04       		.byte	0x4
 742 0251 00       		.byte	0
 743 0252 09       		.uleb128 0x9
 744 0253 04       		.byte	0x4
 745 0254 29010000 		.4byte	0x129
 746 0258 03       		.uleb128 0x3
 747 0259 39020000 		.4byte	.LASF47
 748 025d 06       		.byte	0x6
 749 025e 66       		.byte	0x66
 750 025f 31020000 		.4byte	0x231
 751 0263 08       		.uleb128 0x8
 752 0264 04       		.byte	0x4
 753 0265 06       		.byte	0x6
 754 0266 6B       		.byte	0x6b
 755 0267 78020000 		.4byte	0x278
 756 026b 06       		.uleb128 0x6
 757 026c D3020000 		.4byte	.LASF28
 758 0270 06       		.byte	0x6
 759 0271 6D       		.byte	0x6d
 760 0272 52020000 		.4byte	0x252
 761 0276 00       		.byte	0
 762 0277 00       		.byte	0
 763 0278 03       		.uleb128 0x3
 764 0279 F5010000 		.4byte	.LASF48
 765 027d 06       		.byte	0x6
 766 027e 70       		.byte	0x70
 767 027f 63020000 		.4byte	0x263
 768 0283 03       		.uleb128 0x3
 769 0284 11010000 		.4byte	.LASF49
 770 0288 08       		.byte	0x8
 771 0289 E5       		.byte	0xe5
 772 028a 8E020000 		.4byte	0x28e
 773 028e 0A       		.uleb128 0xa
 774 028f 04       		.byte	0x4
 775 0290 03       		.uleb128 0x3
 776 0291 13020000 		.4byte	.LASF50
 777 0295 08       		.byte	0x8
 778 0296 EB       		.byte	0xeb
 779 0297 BF000000 		.4byte	0xbf
 780 029b 0B       		.uleb128 0xb
 781 029c 5A030000 		.4byte	.LASF51
 782 02a0 24       		.byte	0x24
 783 02a1 08       		.byte	0x8
 784 02a2 0C01     		.2byte	0x10c
 785 02a4 17030000 		.4byte	0x317
 786 02a8 0C       		.uleb128 0xc
 787 02a9 723400   		.ascii	"r4\000"
 788 02ac 08       		.byte	0x8
 789 02ad 1F01     		.2byte	0x11f
 790 02af 83020000 		.4byte	0x283
 791 02b3 00       		.byte	0
 792 02b4 0C       		.uleb128 0xc
 793 02b5 723500   		.ascii	"r5\000"
 794 02b8 08       		.byte	0x8
ARM GAS  /tmp/ccR7tOvo.s 			page 15


 795 02b9 2001     		.2byte	0x120
 796 02bb 83020000 		.4byte	0x283
 797 02bf 04       		.byte	0x4
 798 02c0 0C       		.uleb128 0xc
 799 02c1 723600   		.ascii	"r6\000"
 800 02c4 08       		.byte	0x8
 801 02c5 2101     		.2byte	0x121
 802 02c7 83020000 		.4byte	0x283
 803 02cb 08       		.byte	0x8
 804 02cc 0C       		.uleb128 0xc
 805 02cd 723700   		.ascii	"r7\000"
 806 02d0 08       		.byte	0x8
 807 02d1 2201     		.2byte	0x122
 808 02d3 83020000 		.4byte	0x283
 809 02d7 0C       		.byte	0xc
 810 02d8 0C       		.uleb128 0xc
 811 02d9 723800   		.ascii	"r8\000"
 812 02dc 08       		.byte	0x8
 813 02dd 2301     		.2byte	0x123
 814 02df 83020000 		.4byte	0x283
 815 02e3 10       		.byte	0x10
 816 02e4 0C       		.uleb128 0xc
 817 02e5 723900   		.ascii	"r9\000"
 818 02e8 08       		.byte	0x8
 819 02e9 2401     		.2byte	0x124
 820 02eb 83020000 		.4byte	0x283
 821 02ef 14       		.byte	0x14
 822 02f0 0C       		.uleb128 0xc
 823 02f1 72313000 		.ascii	"r10\000"
 824 02f5 08       		.byte	0x8
 825 02f6 2501     		.2byte	0x125
 826 02f8 83020000 		.4byte	0x283
 827 02fc 18       		.byte	0x18
 828 02fd 0C       		.uleb128 0xc
 829 02fe 72313100 		.ascii	"r11\000"
 830 0302 08       		.byte	0x8
 831 0303 2601     		.2byte	0x126
 832 0305 83020000 		.4byte	0x283
 833 0309 1C       		.byte	0x1c
 834 030a 0C       		.uleb128 0xc
 835 030b 6C7200   		.ascii	"lr\000"
 836 030e 08       		.byte	0x8
 837 030f 2701     		.2byte	0x127
 838 0311 83020000 		.4byte	0x283
 839 0315 20       		.byte	0x20
 840 0316 00       		.byte	0
 841 0317 0B       		.uleb128 0xb
 842 0318 3F010000 		.4byte	.LASF52
 843 031c 04       		.byte	0x4
 844 031d 08       		.byte	0x8
 845 031e 3101     		.2byte	0x131
 846 0320 32030000 		.4byte	0x332
 847 0324 0C       		.uleb128 0xc
 848 0325 72313300 		.ascii	"r13\000"
 849 0329 08       		.byte	0x8
 850 032a 3201     		.2byte	0x132
 851 032c 32030000 		.4byte	0x332
ARM GAS  /tmp/ccR7tOvo.s 			page 16


 852 0330 00       		.byte	0
 853 0331 00       		.byte	0
 854 0332 09       		.uleb128 0x9
 855 0333 04       		.byte	0x4
 856 0334 9B020000 		.4byte	0x29b
 857 0338 04       		.uleb128 0x4
 858 0339 04       		.byte	0x4
 859 033a 07       		.byte	0x7
 860 033b 1E020000 		.4byte	.LASF53
 861 033f 0D       		.uleb128 0xd
 862 0340 1E010000 		.4byte	0x11e
 863 0344 05       		.uleb128 0x5
 864 0345 0D020000 		.4byte	.LASF54
 865 0349 10       		.byte	0x10
 866 034a 09       		.byte	0x9
 867 034b 2C       		.byte	0x2c
 868 034c 75030000 		.4byte	0x375
 869 0350 06       		.uleb128 0x6
 870 0351 CF000000 		.4byte	.LASF55
 871 0355 09       		.byte	0x9
 872 0356 2D       		.byte	0x2d
 873 0357 58020000 		.4byte	0x258
 874 035b 00       		.byte	0
 875 035c 06       		.uleb128 0x6
 876 035d AB030000 		.4byte	.LASF56
 877 0361 09       		.byte	0x9
 878 0362 2F       		.byte	0x2f
 879 0363 52020000 		.4byte	0x252
 880 0367 08       		.byte	0x8
 881 0368 06       		.uleb128 0x6
 882 0369 2D030000 		.4byte	.LASF57
 883 036d 09       		.byte	0x9
 884 036e 31       		.byte	0x31
 885 036f 75030000 		.4byte	0x375
 886 0373 0C       		.byte	0xc
 887 0374 00       		.byte	0
 888 0375 09       		.uleb128 0x9
 889 0376 04       		.byte	0x4
 890 0377 44030000 		.4byte	0x344
 891 037b 03       		.uleb128 0x3
 892 037c 0D020000 		.4byte	.LASF54
 893 0380 09       		.byte	0x9
 894 0381 33       		.byte	0x33
 895 0382 44030000 		.4byte	0x344
 896 0386 03       		.uleb128 0x3
 897 0387 4A000000 		.4byte	.LASF58
 898 038b 0A       		.byte	0xa
 899 038c 2C       		.byte	0x2c
 900 038d 91030000 		.4byte	0x391
 901 0391 09       		.uleb128 0x9
 902 0392 04       		.byte	0x4
 903 0393 97030000 		.4byte	0x397
 904 0397 0E       		.uleb128 0xe
 905 0398 8E020000 		.4byte	0x28e
 906 039c A6030000 		.4byte	0x3a6
 907 03a0 0F       		.uleb128 0xf
 908 03a1 28000000 		.4byte	0x28
ARM GAS  /tmp/ccR7tOvo.s 			page 17


 909 03a5 00       		.byte	0
 910 03a6 03       		.uleb128 0x3
 911 03a7 46020000 		.4byte	.LASF59
 912 03ab 0B       		.byte	0xb
 913 03ac 34       		.byte	0x34
 914 03ad B1030000 		.4byte	0x3b1
 915 03b1 05       		.uleb128 0x5
 916 03b2 C3030000 		.4byte	.LASF60
 917 03b6 20       		.byte	0x20
 918 03b7 0B       		.byte	0xb
 919 03b8 47       		.byte	0x47
 920 03b9 E2030000 		.4byte	0x3e2
 921 03bd 06       		.uleb128 0x6
 922 03be 8F020000 		.4byte	.LASF61
 923 03c2 0B       		.byte	0xb
 924 03c3 48       		.byte	0x48
 925 03c4 86030000 		.4byte	0x386
 926 03c8 00       		.byte	0
 927 03c9 06       		.uleb128 0x6
 928 03ca 77000000 		.4byte	.LASF62
 929 03ce 0B       		.byte	0xb
 930 03cf 4A       		.byte	0x4a
 931 03d0 01040000 		.4byte	0x401
 932 03d4 08       		.byte	0x8
 933 03d5 06       		.uleb128 0x6
 934 03d6 C1000000 		.4byte	.LASF63
 935 03da 0B       		.byte	0xb
 936 03db 4C       		.byte	0x4c
 937 03dc 7B030000 		.4byte	0x37b
 938 03e0 10       		.byte	0x10
 939 03e1 00       		.byte	0
 940 03e2 10       		.uleb128 0x10
 941 03e3 04       		.byte	0x4
 942 03e4 0B       		.byte	0xb
 943 03e5 3C       		.byte	0x3c
 944 03e6 01040000 		.4byte	0x401
 945 03ea 11       		.uleb128 0x11
 946 03eb 9B000000 		.4byte	.LASF64
 947 03ef 0B       		.byte	0xb
 948 03f0 3D       		.byte	0x3d
 949 03f1 22040000 		.4byte	0x422
 950 03f5 11       		.uleb128 0x11
 951 03f6 09030000 		.4byte	.LASF65
 952 03fa 0B       		.byte	0xb
 953 03fb 3E       		.byte	0x3e
 954 03fc 28040000 		.4byte	0x428
 955 0400 00       		.byte	0
 956 0401 12       		.uleb128 0x12
 957 0402 C0020000 		.4byte	.LASF85
 958 0406 08       		.byte	0x8
 959 0407 0B       		.byte	0xb
 960 0408 39       		.byte	0x39
 961 0409 22040000 		.4byte	0x422
 962 040d 11       		.uleb128 0x11
 963 040e 1A010000 		.4byte	.LASF66
 964 0412 0B       		.byte	0xb
 965 0413 3A       		.byte	0x3a
ARM GAS  /tmp/ccR7tOvo.s 			page 18


 966 0414 90020000 		.4byte	0x290
 967 0418 13       		.uleb128 0x13
 968 0419 6800     		.ascii	"h\000"
 969 041b 0B       		.byte	0xb
 970 041c 41       		.byte	0x41
 971 041d 2E040000 		.4byte	0x42e
 972 0421 00       		.byte	0
 973 0422 09       		.uleb128 0x9
 974 0423 04       		.byte	0x4
 975 0424 01040000 		.4byte	0x401
 976 0428 09       		.uleb128 0x9
 977 0429 04       		.byte	0x4
 978 042a A6030000 		.4byte	0x3a6
 979 042e 08       		.uleb128 0x8
 980 042f 08       		.byte	0x8
 981 0430 0B       		.byte	0xb
 982 0431 3B       		.byte	0x3b
 983 0432 4D040000 		.4byte	0x44d
 984 0436 07       		.uleb128 0x7
 985 0437 7500     		.ascii	"u\000"
 986 0439 0B       		.byte	0xb
 987 043a 3F       		.byte	0x3f
 988 043b E2030000 		.4byte	0x3e2
 989 043f 00       		.byte	0
 990 0440 06       		.uleb128 0x6
 991 0441 47010000 		.4byte	.LASF67
 992 0445 0B       		.byte	0xb
 993 0446 40       		.byte	0x40
 994 0447 28000000 		.4byte	0x28
 995 044b 04       		.byte	0x4
 996 044c 00       		.byte	0
 997 044d 10       		.uleb128 0x10
 998 044e 04       		.byte	0x4
 999 044f 07       		.byte	0x7
 1000 0450 96       		.byte	0x96
 1001 0451 82040000 		.4byte	0x482
 1002 0455 11       		.uleb128 0x11
 1003 0456 76030000 		.4byte	.LASF68
 1004 045a 07       		.byte	0x7
 1005 045b 9D       		.byte	0x9d
 1006 045c 08010000 		.4byte	0x108
 1007 0460 11       		.uleb128 0x11
 1008 0461 6E000000 		.4byte	.LASF69
 1009 0465 07       		.byte	0x7
 1010 0466 A4       		.byte	0xa4
 1011 0467 08010000 		.4byte	0x108
 1012 046b 11       		.uleb128 0x11
 1013 046c 8C030000 		.4byte	.LASF70
 1014 0470 07       		.byte	0x7
 1015 0471 AB       		.byte	0xab
 1016 0472 8E020000 		.4byte	0x28e
 1017 0476 11       		.uleb128 0x11
 1018 0477 CC020000 		.4byte	.LASF71
 1019 047b 07       		.byte	0x7
 1020 047c B2       		.byte	0xb2
 1021 047d 13010000 		.4byte	0x113
 1022 0481 00       		.byte	0
ARM GAS  /tmp/ccR7tOvo.s 			page 19


 1023 0482 09       		.uleb128 0x9
 1024 0483 04       		.byte	0x4
 1025 0484 88040000 		.4byte	0x488
 1026 0488 14       		.uleb128 0x14
 1027 0489 8D040000 		.4byte	0x48d
 1028 048d 04       		.uleb128 0x4
 1029 048e 01       		.byte	0x1
 1030 048f 08       		.byte	0x8
 1031 0490 1B030000 		.4byte	.LASF72
 1032 0494 09       		.uleb128 0x9
 1033 0495 04       		.byte	0x4
 1034 0496 7B030000 		.4byte	0x37b
 1035 049a 15       		.uleb128 0x15
 1036 049b A0030000 		.4byte	.LASF73
 1037 049f 01       		.byte	0x1
 1038 04a0 4B       		.byte	0x4b
 1039 04a1 00000000 		.4byte	.LFB7
 1040 04a5 20000000 		.4byte	.LFE7-.LFB7
 1041 04a9 01       		.uleb128 0x1
 1042 04aa 9C       		.byte	0x9c
 1043 04ab C3040000 		.4byte	0x4c3
 1044 04af 16       		.uleb128 0x16
 1045 04b0 20000000 		.4byte	.LVL0
 1046 04b4 C8060000 		.4byte	0x6c8
 1047 04b8 17       		.uleb128 0x17
 1048 04b9 01       		.uleb128 0x1
 1049 04ba 50       		.byte	0x50
 1050 04bb 05       		.uleb128 0x5
 1051 04bc 03       		.byte	0x3
 1052 04bd 10000000 		.4byte	.LANCHOR0+16
 1053 04c1 00       		.byte	0
 1054 04c2 00       		.byte	0
 1055 04c3 15       		.uleb128 0x15
 1056 04c4 90000000 		.4byte	.LASF74
 1057 04c8 01       		.byte	0x1
 1058 04c9 63       		.byte	0x63
 1059 04ca 00000000 		.4byte	.LFB8
 1060 04ce 14000000 		.4byte	.LFE8-.LFB8
 1061 04d2 01       		.uleb128 0x1
 1062 04d3 9C       		.byte	0x9c
 1063 04d4 27050000 		.4byte	0x527
 1064 04d8 18       		.uleb128 0x18
 1065 04d9 7E000000 		.4byte	.LASF75
 1066 04dd 01       		.byte	0x1
 1067 04de 63       		.byte	0x63
 1068 04df 28040000 		.4byte	0x428
 1069 04e3 00000000 		.4byte	.LLST0
 1070 04e7 19       		.uleb128 0x19
 1071 04e8 62756600 		.ascii	"buf\000"
 1072 04ec 01       		.byte	0x1
 1073 04ed 63       		.byte	0x63
 1074 04ee 8E020000 		.4byte	0x28e
 1075 04f2 2E000000 		.4byte	.LLST1
 1076 04f6 18       		.uleb128 0x18
 1077 04f7 47010000 		.4byte	.LASF67
 1078 04fb 01       		.byte	0x1
 1079 04fc 63       		.byte	0x63
ARM GAS  /tmp/ccR7tOvo.s 			page 20


 1080 04fd 28000000 		.4byte	0x28
 1081 0501 4F000000 		.4byte	.LLST2
 1082 0505 1A       		.uleb128 0x1a
 1083 0506 687000   		.ascii	"hp\000"
 1084 0509 01       		.byte	0x1
 1085 050a 64       		.byte	0x64
 1086 050b 22040000 		.4byte	0x422
 1087 050f 7D000000 		.4byte	.LLST3
 1088 0513 16       		.uleb128 0x16
 1089 0514 14000000 		.4byte	.LVL5
 1090 0518 C8060000 		.4byte	0x6c8
 1091 051c 17       		.uleb128 0x17
 1092 051d 01       		.uleb128 0x1
 1093 051e 50       		.byte	0x50
 1094 051f 05       		.uleb128 0x5
 1095 0520 F3       		.byte	0xf3
 1096 0521 01       		.uleb128 0x1
 1097 0522 50       		.byte	0x50
 1098 0523 23       		.byte	0x23
 1099 0524 10       		.uleb128 0x10
 1100 0525 00       		.byte	0
 1101 0526 00       		.byte	0
 1102 0527 1B       		.uleb128 0x1b
 1103 0528 E9020000 		.4byte	.LASF77
 1104 052c 01       		.byte	0x1
 1105 052d 84       		.byte	0x84
 1106 052e 8E020000 		.4byte	0x28e
 1107 0532 00000000 		.4byte	.LFB9
 1108 0536 86000000 		.4byte	.LFE9-.LFB9
 1109 053a 01       		.uleb128 0x1
 1110 053b 9C       		.byte	0x9c
 1111 053c BF050000 		.4byte	0x5bf
 1112 0540 18       		.uleb128 0x18
 1113 0541 7E000000 		.4byte	.LASF75
 1114 0545 01       		.byte	0x1
 1115 0546 84       		.byte	0x84
 1116 0547 28040000 		.4byte	0x428
 1117 054b 9E000000 		.4byte	.LLST4
 1118 054f 18       		.uleb128 0x18
 1119 0550 47010000 		.4byte	.LASF67
 1120 0554 01       		.byte	0x1
 1121 0555 84       		.byte	0x84
 1122 0556 28000000 		.4byte	0x28
 1123 055a BC000000 		.4byte	.LLST5
 1124 055e 1A       		.uleb128 0x1a
 1125 055f 717000   		.ascii	"qp\000"
 1126 0562 01       		.byte	0x1
 1127 0563 85       		.byte	0x85
 1128 0564 22040000 		.4byte	0x422
 1129 0568 E7000000 		.4byte	.LLST6
 1130 056c 1A       		.uleb128 0x1a
 1131 056d 687000   		.ascii	"hp\000"
 1132 0570 01       		.byte	0x1
 1133 0571 85       		.byte	0x85
 1134 0572 22040000 		.4byte	0x422
 1135 0576 10010000 		.4byte	.LLST7
 1136 057a 1A       		.uleb128 0x1a
ARM GAS  /tmp/ccR7tOvo.s 			page 21


 1137 057b 667000   		.ascii	"fp\000"
 1138 057e 01       		.byte	0x1
 1139 057f 85       		.byte	0x85
 1140 0580 22040000 		.4byte	0x422
 1141 0584 69010000 		.4byte	.LLST8
 1142 0588 1C       		.uleb128 0x1c
 1143 0589 22000000 		.4byte	.LVL11
 1144 058d D9060000 		.4byte	0x6d9
 1145 0591 9C050000 		.4byte	0x59c
 1146 0595 17       		.uleb128 0x17
 1147 0596 01       		.uleb128 0x1
 1148 0597 50       		.byte	0x50
 1149 0598 02       		.uleb128 0x2
 1150 0599 76       		.byte	0x76
 1151 059a 10       		.sleb128 16
 1152 059b 00       		.byte	0
 1153 059c 1D       		.uleb128 0x1d
 1154 059d 36000000 		.4byte	.LVL15
 1155 05a1 EA060000 		.4byte	0x6ea
 1156 05a5 1E       		.uleb128 0x1e
 1157 05a6 40000000 		.4byte	.LVL16
 1158 05aa B5050000 		.4byte	0x5b5
 1159 05ae 17       		.uleb128 0x17
 1160 05af 01       		.uleb128 0x1
 1161 05b0 50       		.byte	0x50
 1162 05b1 02       		.uleb128 0x2
 1163 05b2 75       		.byte	0x75
 1164 05b3 08       		.sleb128 8
 1165 05b4 00       		.byte	0
 1166 05b5 1D       		.uleb128 0x1d
 1167 05b6 64000000 		.4byte	.LVL21
 1168 05ba EA060000 		.4byte	0x6ea
 1169 05be 00       		.byte	0
 1170 05bf 15       		.uleb128 0x15
 1171 05c0 D7000000 		.4byte	.LASF76
 1172 05c4 01       		.byte	0x1
 1173 05c5 C2       		.byte	0xc2
 1174 05c6 00000000 		.4byte	.LFB10
 1175 05ca 92000000 		.4byte	.LFE10-.LFB10
 1176 05ce 01       		.uleb128 0x1
 1177 05cf 9C       		.byte	0x9c
 1178 05d0 33060000 		.4byte	0x633
 1179 05d4 19       		.uleb128 0x19
 1180 05d5 7000     		.ascii	"p\000"
 1181 05d7 01       		.byte	0x1
 1182 05d8 C2       		.byte	0xc2
 1183 05d9 8E020000 		.4byte	0x28e
 1184 05dd 7C010000 		.4byte	.LLST9
 1185 05e1 1A       		.uleb128 0x1a
 1186 05e2 717000   		.ascii	"qp\000"
 1187 05e5 01       		.byte	0x1
 1188 05e6 C3       		.byte	0xc3
 1189 05e7 22040000 		.4byte	0x422
 1190 05eb C1010000 		.4byte	.LLST10
 1191 05ef 1A       		.uleb128 0x1a
 1192 05f0 687000   		.ascii	"hp\000"
 1193 05f3 01       		.byte	0x1
ARM GAS  /tmp/ccR7tOvo.s 			page 22


 1194 05f4 C3       		.byte	0xc3
 1195 05f5 22040000 		.4byte	0x422
 1196 05f9 F5010000 		.4byte	.LLST11
 1197 05fd 1F       		.uleb128 0x1f
 1198 05fe 7E000000 		.4byte	.LASF75
 1199 0602 01       		.byte	0x1
 1200 0603 C4       		.byte	0xc4
 1201 0604 28040000 		.4byte	0x428
 1202 0608 33020000 		.4byte	.LLST12
 1203 060c 1C       		.uleb128 0x1c
 1204 060d 16000000 		.4byte	.LVL31
 1205 0611 D9060000 		.4byte	0x6d9
 1206 0615 20060000 		.4byte	0x620
 1207 0619 17       		.uleb128 0x17
 1208 061a 01       		.uleb128 0x1
 1209 061b 50       		.byte	0x50
 1210 061c 02       		.uleb128 0x2
 1211 061d 75       		.byte	0x75
 1212 061e 08       		.sleb128 8
 1213 061f 00       		.byte	0
 1214 0620 20       		.uleb128 0x20
 1215 0621 5E000000 		.4byte	.LVL38
 1216 0625 EA060000 		.4byte	0x6ea
 1217 0629 20       		.uleb128 0x20
 1218 062a 92000000 		.4byte	.LVL40
 1219 062e EA060000 		.4byte	0x6ea
 1220 0632 00       		.byte	0
 1221 0633 1B       		.uleb128 0x1b
 1222 0634 20030000 		.4byte	.LASF78
 1223 0638 01       		.byte	0x1
 1224 0639 FA       		.byte	0xfa
 1225 063a 28000000 		.4byte	0x28
 1226 063e 00000000 		.4byte	.LFB11
 1227 0642 42000000 		.4byte	.LFE11-.LFB11
 1228 0646 01       		.uleb128 0x1
 1229 0647 9C       		.byte	0x9c
 1230 0648 B1060000 		.4byte	0x6b1
 1231 064c 18       		.uleb128 0x18
 1232 064d 7E000000 		.4byte	.LASF75
 1233 0651 01       		.byte	0x1
 1234 0652 FA       		.byte	0xfa
 1235 0653 28040000 		.4byte	0x428
 1236 0657 5F020000 		.4byte	.LLST13
 1237 065b 18       		.uleb128 0x18
 1238 065c 93030000 		.4byte	.LASF79
 1239 0660 01       		.byte	0x1
 1240 0661 FA       		.byte	0xfa
 1241 0662 B1060000 		.4byte	0x6b1
 1242 0666 C2020000 		.4byte	.LLST14
 1243 066a 1A       		.uleb128 0x1a
 1244 066b 717000   		.ascii	"qp\000"
 1245 066e 01       		.byte	0x1
 1246 066f FB       		.byte	0xfb
 1247 0670 22040000 		.4byte	0x422
 1248 0674 E0020000 		.4byte	.LLST15
 1249 0678 1A       		.uleb128 0x1a
 1250 0679 6E00     		.ascii	"n\000"
ARM GAS  /tmp/ccR7tOvo.s 			page 23


 1251 067b 01       		.byte	0x1
 1252 067c FC       		.byte	0xfc
 1253 067d 28000000 		.4byte	0x28
 1254 0681 40030000 		.4byte	.LLST16
 1255 0685 1A       		.uleb128 0x1a
 1256 0686 737A00   		.ascii	"sz\000"
 1257 0689 01       		.byte	0x1
 1258 068a FC       		.byte	0xfc
 1259 068b 28000000 		.4byte	0x28
 1260 068f 83030000 		.4byte	.LLST17
 1261 0693 1C       		.uleb128 0x1c
 1262 0694 1C000000 		.4byte	.LVL43
 1263 0698 D9060000 		.4byte	0x6d9
 1264 069c A7060000 		.4byte	0x6a7
 1265 06a0 17       		.uleb128 0x17
 1266 06a1 01       		.uleb128 0x1
 1267 06a2 50       		.byte	0x50
 1268 06a3 02       		.uleb128 0x2
 1269 06a4 74       		.byte	0x74
 1270 06a5 10       		.sleb128 16
 1271 06a6 00       		.byte	0
 1272 06a7 1D       		.uleb128 0x1d
 1273 06a8 38000000 		.4byte	.LVL48
 1274 06ac EA060000 		.4byte	0x6ea
 1275 06b0 00       		.byte	0
 1276 06b1 09       		.uleb128 0x9
 1277 06b2 04       		.byte	0x4
 1278 06b3 28000000 		.4byte	0x28
 1279 06b7 21       		.uleb128 0x21
 1280 06b8 0E030000 		.4byte	.LASF80
 1281 06bc 01       		.byte	0x1
 1282 06bd 44       		.byte	0x44
 1283 06be A6030000 		.4byte	0x3a6
 1284 06c2 05       		.uleb128 0x5
 1285 06c3 03       		.byte	0x3
 1286 06c4 00000000 		.4byte	default_heap
 1287 06c8 22       		.uleb128 0x22
 1288 06c9 6C030000 		.4byte	.LASF81
 1289 06cd 09       		.byte	0x9
 1290 06ce 38       		.byte	0x38
 1291 06cf D9060000 		.4byte	0x6d9
 1292 06d3 0F       		.uleb128 0xf
 1293 06d4 94040000 		.4byte	0x494
 1294 06d8 00       		.byte	0
 1295 06d9 22       		.uleb128 0x22
 1296 06da 27020000 		.4byte	.LASF82
 1297 06de 09       		.byte	0x9
 1298 06df 39       		.byte	0x39
 1299 06e0 EA060000 		.4byte	0x6ea
 1300 06e4 0F       		.uleb128 0xf
 1301 06e5 94040000 		.4byte	0x494
 1302 06e9 00       		.byte	0
 1303 06ea 23       		.uleb128 0x23
 1304 06eb 84000000 		.4byte	.LASF86
 1305 06ef 09       		.byte	0x9
 1306 06f0 3D       		.byte	0x3d
 1307 06f1 94040000 		.4byte	0x494
ARM GAS  /tmp/ccR7tOvo.s 			page 24


 1308 06f5 00       		.byte	0
 1309              		.section	.debug_abbrev,"",%progbits
 1310              	.Ldebug_abbrev0:
 1311 0000 01       		.uleb128 0x1
 1312 0001 11       		.uleb128 0x11
 1313 0002 01       		.byte	0x1
 1314 0003 25       		.uleb128 0x25
 1315 0004 0E       		.uleb128 0xe
 1316 0005 13       		.uleb128 0x13
 1317 0006 0B       		.uleb128 0xb
 1318 0007 03       		.uleb128 0x3
 1319 0008 0E       		.uleb128 0xe
 1320 0009 55       		.uleb128 0x55
 1321 000a 17       		.uleb128 0x17
 1322 000b 11       		.uleb128 0x11
 1323 000c 01       		.uleb128 0x1
 1324 000d 10       		.uleb128 0x10
 1325 000e 17       		.uleb128 0x17
 1326 000f 00       		.byte	0
 1327 0010 00       		.byte	0
 1328 0011 02       		.uleb128 0x2
 1329 0012 24       		.uleb128 0x24
 1330 0013 00       		.byte	0
 1331 0014 0B       		.uleb128 0xb
 1332 0015 0B       		.uleb128 0xb
 1333 0016 3E       		.uleb128 0x3e
 1334 0017 0B       		.uleb128 0xb
 1335 0018 03       		.uleb128 0x3
 1336 0019 08       		.uleb128 0x8
 1337 001a 00       		.byte	0
 1338 001b 00       		.byte	0
 1339 001c 03       		.uleb128 0x3
 1340 001d 16       		.uleb128 0x16
 1341 001e 00       		.byte	0
 1342 001f 03       		.uleb128 0x3
 1343 0020 0E       		.uleb128 0xe
 1344 0021 3A       		.uleb128 0x3a
 1345 0022 0B       		.uleb128 0xb
 1346 0023 3B       		.uleb128 0x3b
 1347 0024 0B       		.uleb128 0xb
 1348 0025 49       		.uleb128 0x49
 1349 0026 13       		.uleb128 0x13
 1350 0027 00       		.byte	0
 1351 0028 00       		.byte	0
 1352 0029 04       		.uleb128 0x4
 1353 002a 24       		.uleb128 0x24
 1354 002b 00       		.byte	0
 1355 002c 0B       		.uleb128 0xb
 1356 002d 0B       		.uleb128 0xb
 1357 002e 3E       		.uleb128 0x3e
 1358 002f 0B       		.uleb128 0xb
 1359 0030 03       		.uleb128 0x3
 1360 0031 0E       		.uleb128 0xe
 1361 0032 00       		.byte	0
 1362 0033 00       		.byte	0
 1363 0034 05       		.uleb128 0x5
 1364 0035 13       		.uleb128 0x13
ARM GAS  /tmp/ccR7tOvo.s 			page 25


 1365 0036 01       		.byte	0x1
 1366 0037 03       		.uleb128 0x3
 1367 0038 0E       		.uleb128 0xe
 1368 0039 0B       		.uleb128 0xb
 1369 003a 0B       		.uleb128 0xb
 1370 003b 3A       		.uleb128 0x3a
 1371 003c 0B       		.uleb128 0xb
 1372 003d 3B       		.uleb128 0x3b
 1373 003e 0B       		.uleb128 0xb
 1374 003f 01       		.uleb128 0x1
 1375 0040 13       		.uleb128 0x13
 1376 0041 00       		.byte	0
 1377 0042 00       		.byte	0
 1378 0043 06       		.uleb128 0x6
 1379 0044 0D       		.uleb128 0xd
 1380 0045 00       		.byte	0
 1381 0046 03       		.uleb128 0x3
 1382 0047 0E       		.uleb128 0xe
 1383 0048 3A       		.uleb128 0x3a
 1384 0049 0B       		.uleb128 0xb
 1385 004a 3B       		.uleb128 0x3b
 1386 004b 0B       		.uleb128 0xb
 1387 004c 49       		.uleb128 0x49
 1388 004d 13       		.uleb128 0x13
 1389 004e 38       		.uleb128 0x38
 1390 004f 0B       		.uleb128 0xb
 1391 0050 00       		.byte	0
 1392 0051 00       		.byte	0
 1393 0052 07       		.uleb128 0x7
 1394 0053 0D       		.uleb128 0xd
 1395 0054 00       		.byte	0
 1396 0055 03       		.uleb128 0x3
 1397 0056 08       		.uleb128 0x8
 1398 0057 3A       		.uleb128 0x3a
 1399 0058 0B       		.uleb128 0xb
 1400 0059 3B       		.uleb128 0x3b
 1401 005a 0B       		.uleb128 0xb
 1402 005b 49       		.uleb128 0x49
 1403 005c 13       		.uleb128 0x13
 1404 005d 38       		.uleb128 0x38
 1405 005e 0B       		.uleb128 0xb
 1406 005f 00       		.byte	0
 1407 0060 00       		.byte	0
 1408 0061 08       		.uleb128 0x8
 1409 0062 13       		.uleb128 0x13
 1410 0063 01       		.byte	0x1
 1411 0064 0B       		.uleb128 0xb
 1412 0065 0B       		.uleb128 0xb
 1413 0066 3A       		.uleb128 0x3a
 1414 0067 0B       		.uleb128 0xb
 1415 0068 3B       		.uleb128 0x3b
 1416 0069 0B       		.uleb128 0xb
 1417 006a 01       		.uleb128 0x1
 1418 006b 13       		.uleb128 0x13
 1419 006c 00       		.byte	0
 1420 006d 00       		.byte	0
 1421 006e 09       		.uleb128 0x9
ARM GAS  /tmp/ccR7tOvo.s 			page 26


 1422 006f 0F       		.uleb128 0xf
 1423 0070 00       		.byte	0
 1424 0071 0B       		.uleb128 0xb
 1425 0072 0B       		.uleb128 0xb
 1426 0073 49       		.uleb128 0x49
 1427 0074 13       		.uleb128 0x13
 1428 0075 00       		.byte	0
 1429 0076 00       		.byte	0
 1430 0077 0A       		.uleb128 0xa
 1431 0078 0F       		.uleb128 0xf
 1432 0079 00       		.byte	0
 1433 007a 0B       		.uleb128 0xb
 1434 007b 0B       		.uleb128 0xb
 1435 007c 00       		.byte	0
 1436 007d 00       		.byte	0
 1437 007e 0B       		.uleb128 0xb
 1438 007f 13       		.uleb128 0x13
 1439 0080 01       		.byte	0x1
 1440 0081 03       		.uleb128 0x3
 1441 0082 0E       		.uleb128 0xe
 1442 0083 0B       		.uleb128 0xb
 1443 0084 0B       		.uleb128 0xb
 1444 0085 3A       		.uleb128 0x3a
 1445 0086 0B       		.uleb128 0xb
 1446 0087 3B       		.uleb128 0x3b
 1447 0088 05       		.uleb128 0x5
 1448 0089 01       		.uleb128 0x1
 1449 008a 13       		.uleb128 0x13
 1450 008b 00       		.byte	0
 1451 008c 00       		.byte	0
 1452 008d 0C       		.uleb128 0xc
 1453 008e 0D       		.uleb128 0xd
 1454 008f 00       		.byte	0
 1455 0090 03       		.uleb128 0x3
 1456 0091 08       		.uleb128 0x8
 1457 0092 3A       		.uleb128 0x3a
 1458 0093 0B       		.uleb128 0xb
 1459 0094 3B       		.uleb128 0x3b
 1460 0095 05       		.uleb128 0x5
 1461 0096 49       		.uleb128 0x49
 1462 0097 13       		.uleb128 0x13
 1463 0098 38       		.uleb128 0x38
 1464 0099 0B       		.uleb128 0xb
 1465 009a 00       		.byte	0
 1466 009b 00       		.byte	0
 1467 009c 0D       		.uleb128 0xd
 1468 009d 35       		.uleb128 0x35
 1469 009e 00       		.byte	0
 1470 009f 49       		.uleb128 0x49
 1471 00a0 13       		.uleb128 0x13
 1472 00a1 00       		.byte	0
 1473 00a2 00       		.byte	0
 1474 00a3 0E       		.uleb128 0xe
 1475 00a4 15       		.uleb128 0x15
 1476 00a5 01       		.byte	0x1
 1477 00a6 27       		.uleb128 0x27
 1478 00a7 19       		.uleb128 0x19
ARM GAS  /tmp/ccR7tOvo.s 			page 27


 1479 00a8 49       		.uleb128 0x49
 1480 00a9 13       		.uleb128 0x13
 1481 00aa 01       		.uleb128 0x1
 1482 00ab 13       		.uleb128 0x13
 1483 00ac 00       		.byte	0
 1484 00ad 00       		.byte	0
 1485 00ae 0F       		.uleb128 0xf
 1486 00af 05       		.uleb128 0x5
 1487 00b0 00       		.byte	0
 1488 00b1 49       		.uleb128 0x49
 1489 00b2 13       		.uleb128 0x13
 1490 00b3 00       		.byte	0
 1491 00b4 00       		.byte	0
 1492 00b5 10       		.uleb128 0x10
 1493 00b6 17       		.uleb128 0x17
 1494 00b7 01       		.byte	0x1
 1495 00b8 0B       		.uleb128 0xb
 1496 00b9 0B       		.uleb128 0xb
 1497 00ba 3A       		.uleb128 0x3a
 1498 00bb 0B       		.uleb128 0xb
 1499 00bc 3B       		.uleb128 0x3b
 1500 00bd 0B       		.uleb128 0xb
 1501 00be 01       		.uleb128 0x1
 1502 00bf 13       		.uleb128 0x13
 1503 00c0 00       		.byte	0
 1504 00c1 00       		.byte	0
 1505 00c2 11       		.uleb128 0x11
 1506 00c3 0D       		.uleb128 0xd
 1507 00c4 00       		.byte	0
 1508 00c5 03       		.uleb128 0x3
 1509 00c6 0E       		.uleb128 0xe
 1510 00c7 3A       		.uleb128 0x3a
 1511 00c8 0B       		.uleb128 0xb
 1512 00c9 3B       		.uleb128 0x3b
 1513 00ca 0B       		.uleb128 0xb
 1514 00cb 49       		.uleb128 0x49
 1515 00cc 13       		.uleb128 0x13
 1516 00cd 00       		.byte	0
 1517 00ce 00       		.byte	0
 1518 00cf 12       		.uleb128 0x12
 1519 00d0 17       		.uleb128 0x17
 1520 00d1 01       		.byte	0x1
 1521 00d2 03       		.uleb128 0x3
 1522 00d3 0E       		.uleb128 0xe
 1523 00d4 0B       		.uleb128 0xb
 1524 00d5 0B       		.uleb128 0xb
 1525 00d6 3A       		.uleb128 0x3a
 1526 00d7 0B       		.uleb128 0xb
 1527 00d8 3B       		.uleb128 0x3b
 1528 00d9 0B       		.uleb128 0xb
 1529 00da 01       		.uleb128 0x1
 1530 00db 13       		.uleb128 0x13
 1531 00dc 00       		.byte	0
 1532 00dd 00       		.byte	0
 1533 00de 13       		.uleb128 0x13
 1534 00df 0D       		.uleb128 0xd
 1535 00e0 00       		.byte	0
ARM GAS  /tmp/ccR7tOvo.s 			page 28


 1536 00e1 03       		.uleb128 0x3
 1537 00e2 08       		.uleb128 0x8
 1538 00e3 3A       		.uleb128 0x3a
 1539 00e4 0B       		.uleb128 0xb
 1540 00e5 3B       		.uleb128 0x3b
 1541 00e6 0B       		.uleb128 0xb
 1542 00e7 49       		.uleb128 0x49
 1543 00e8 13       		.uleb128 0x13
 1544 00e9 00       		.byte	0
 1545 00ea 00       		.byte	0
 1546 00eb 14       		.uleb128 0x14
 1547 00ec 26       		.uleb128 0x26
 1548 00ed 00       		.byte	0
 1549 00ee 49       		.uleb128 0x49
 1550 00ef 13       		.uleb128 0x13
 1551 00f0 00       		.byte	0
 1552 00f1 00       		.byte	0
 1553 00f2 15       		.uleb128 0x15
 1554 00f3 2E       		.uleb128 0x2e
 1555 00f4 01       		.byte	0x1
 1556 00f5 3F       		.uleb128 0x3f
 1557 00f6 19       		.uleb128 0x19
 1558 00f7 03       		.uleb128 0x3
 1559 00f8 0E       		.uleb128 0xe
 1560 00f9 3A       		.uleb128 0x3a
 1561 00fa 0B       		.uleb128 0xb
 1562 00fb 3B       		.uleb128 0x3b
 1563 00fc 0B       		.uleb128 0xb
 1564 00fd 27       		.uleb128 0x27
 1565 00fe 19       		.uleb128 0x19
 1566 00ff 11       		.uleb128 0x11
 1567 0100 01       		.uleb128 0x1
 1568 0101 12       		.uleb128 0x12
 1569 0102 06       		.uleb128 0x6
 1570 0103 40       		.uleb128 0x40
 1571 0104 18       		.uleb128 0x18
 1572 0105 9742     		.uleb128 0x2117
 1573 0107 19       		.uleb128 0x19
 1574 0108 01       		.uleb128 0x1
 1575 0109 13       		.uleb128 0x13
 1576 010a 00       		.byte	0
 1577 010b 00       		.byte	0
 1578 010c 16       		.uleb128 0x16
 1579 010d 898201   		.uleb128 0x4109
 1580 0110 01       		.byte	0x1
 1581 0111 11       		.uleb128 0x11
 1582 0112 01       		.uleb128 0x1
 1583 0113 9542     		.uleb128 0x2115
 1584 0115 19       		.uleb128 0x19
 1585 0116 31       		.uleb128 0x31
 1586 0117 13       		.uleb128 0x13
 1587 0118 00       		.byte	0
 1588 0119 00       		.byte	0
 1589 011a 17       		.uleb128 0x17
 1590 011b 8A8201   		.uleb128 0x410a
 1591 011e 00       		.byte	0
 1592 011f 02       		.uleb128 0x2
ARM GAS  /tmp/ccR7tOvo.s 			page 29


 1593 0120 18       		.uleb128 0x18
 1594 0121 9142     		.uleb128 0x2111
 1595 0123 18       		.uleb128 0x18
 1596 0124 00       		.byte	0
 1597 0125 00       		.byte	0
 1598 0126 18       		.uleb128 0x18
 1599 0127 05       		.uleb128 0x5
 1600 0128 00       		.byte	0
 1601 0129 03       		.uleb128 0x3
 1602 012a 0E       		.uleb128 0xe
 1603 012b 3A       		.uleb128 0x3a
 1604 012c 0B       		.uleb128 0xb
 1605 012d 3B       		.uleb128 0x3b
 1606 012e 0B       		.uleb128 0xb
 1607 012f 49       		.uleb128 0x49
 1608 0130 13       		.uleb128 0x13
 1609 0131 02       		.uleb128 0x2
 1610 0132 17       		.uleb128 0x17
 1611 0133 00       		.byte	0
 1612 0134 00       		.byte	0
 1613 0135 19       		.uleb128 0x19
 1614 0136 05       		.uleb128 0x5
 1615 0137 00       		.byte	0
 1616 0138 03       		.uleb128 0x3
 1617 0139 08       		.uleb128 0x8
 1618 013a 3A       		.uleb128 0x3a
 1619 013b 0B       		.uleb128 0xb
 1620 013c 3B       		.uleb128 0x3b
 1621 013d 0B       		.uleb128 0xb
 1622 013e 49       		.uleb128 0x49
 1623 013f 13       		.uleb128 0x13
 1624 0140 02       		.uleb128 0x2
 1625 0141 17       		.uleb128 0x17
 1626 0142 00       		.byte	0
 1627 0143 00       		.byte	0
 1628 0144 1A       		.uleb128 0x1a
 1629 0145 34       		.uleb128 0x34
 1630 0146 00       		.byte	0
 1631 0147 03       		.uleb128 0x3
 1632 0148 08       		.uleb128 0x8
 1633 0149 3A       		.uleb128 0x3a
 1634 014a 0B       		.uleb128 0xb
 1635 014b 3B       		.uleb128 0x3b
 1636 014c 0B       		.uleb128 0xb
 1637 014d 49       		.uleb128 0x49
 1638 014e 13       		.uleb128 0x13
 1639 014f 02       		.uleb128 0x2
 1640 0150 17       		.uleb128 0x17
 1641 0151 00       		.byte	0
 1642 0152 00       		.byte	0
 1643 0153 1B       		.uleb128 0x1b
 1644 0154 2E       		.uleb128 0x2e
 1645 0155 01       		.byte	0x1
 1646 0156 3F       		.uleb128 0x3f
 1647 0157 19       		.uleb128 0x19
 1648 0158 03       		.uleb128 0x3
 1649 0159 0E       		.uleb128 0xe
ARM GAS  /tmp/ccR7tOvo.s 			page 30


 1650 015a 3A       		.uleb128 0x3a
 1651 015b 0B       		.uleb128 0xb
 1652 015c 3B       		.uleb128 0x3b
 1653 015d 0B       		.uleb128 0xb
 1654 015e 27       		.uleb128 0x27
 1655 015f 19       		.uleb128 0x19
 1656 0160 49       		.uleb128 0x49
 1657 0161 13       		.uleb128 0x13
 1658 0162 11       		.uleb128 0x11
 1659 0163 01       		.uleb128 0x1
 1660 0164 12       		.uleb128 0x12
 1661 0165 06       		.uleb128 0x6
 1662 0166 40       		.uleb128 0x40
 1663 0167 18       		.uleb128 0x18
 1664 0168 9742     		.uleb128 0x2117
 1665 016a 19       		.uleb128 0x19
 1666 016b 01       		.uleb128 0x1
 1667 016c 13       		.uleb128 0x13
 1668 016d 00       		.byte	0
 1669 016e 00       		.byte	0
 1670 016f 1C       		.uleb128 0x1c
 1671 0170 898201   		.uleb128 0x4109
 1672 0173 01       		.byte	0x1
 1673 0174 11       		.uleb128 0x11
 1674 0175 01       		.uleb128 0x1
 1675 0176 31       		.uleb128 0x31
 1676 0177 13       		.uleb128 0x13
 1677 0178 01       		.uleb128 0x1
 1678 0179 13       		.uleb128 0x13
 1679 017a 00       		.byte	0
 1680 017b 00       		.byte	0
 1681 017c 1D       		.uleb128 0x1d
 1682 017d 898201   		.uleb128 0x4109
 1683 0180 00       		.byte	0
 1684 0181 11       		.uleb128 0x11
 1685 0182 01       		.uleb128 0x1
 1686 0183 31       		.uleb128 0x31
 1687 0184 13       		.uleb128 0x13
 1688 0185 00       		.byte	0
 1689 0186 00       		.byte	0
 1690 0187 1E       		.uleb128 0x1e
 1691 0188 898201   		.uleb128 0x4109
 1692 018b 01       		.byte	0x1
 1693 018c 11       		.uleb128 0x11
 1694 018d 01       		.uleb128 0x1
 1695 018e 01       		.uleb128 0x1
 1696 018f 13       		.uleb128 0x13
 1697 0190 00       		.byte	0
 1698 0191 00       		.byte	0
 1699 0192 1F       		.uleb128 0x1f
 1700 0193 34       		.uleb128 0x34
 1701 0194 00       		.byte	0
 1702 0195 03       		.uleb128 0x3
 1703 0196 0E       		.uleb128 0xe
 1704 0197 3A       		.uleb128 0x3a
 1705 0198 0B       		.uleb128 0xb
 1706 0199 3B       		.uleb128 0x3b
ARM GAS  /tmp/ccR7tOvo.s 			page 31


 1707 019a 0B       		.uleb128 0xb
 1708 019b 49       		.uleb128 0x49
 1709 019c 13       		.uleb128 0x13
 1710 019d 02       		.uleb128 0x2
 1711 019e 17       		.uleb128 0x17
 1712 019f 00       		.byte	0
 1713 01a0 00       		.byte	0
 1714 01a1 20       		.uleb128 0x20
 1715 01a2 898201   		.uleb128 0x4109
 1716 01a5 00       		.byte	0
 1717 01a6 11       		.uleb128 0x11
 1718 01a7 01       		.uleb128 0x1
 1719 01a8 9542     		.uleb128 0x2115
 1720 01aa 19       		.uleb128 0x19
 1721 01ab 31       		.uleb128 0x31
 1722 01ac 13       		.uleb128 0x13
 1723 01ad 00       		.byte	0
 1724 01ae 00       		.byte	0
 1725 01af 21       		.uleb128 0x21
 1726 01b0 34       		.uleb128 0x34
 1727 01b1 00       		.byte	0
 1728 01b2 03       		.uleb128 0x3
 1729 01b3 0E       		.uleb128 0xe
 1730 01b4 3A       		.uleb128 0x3a
 1731 01b5 0B       		.uleb128 0xb
 1732 01b6 3B       		.uleb128 0x3b
 1733 01b7 0B       		.uleb128 0xb
 1734 01b8 49       		.uleb128 0x49
 1735 01b9 13       		.uleb128 0x13
 1736 01ba 02       		.uleb128 0x2
 1737 01bb 18       		.uleb128 0x18
 1738 01bc 00       		.byte	0
 1739 01bd 00       		.byte	0
 1740 01be 22       		.uleb128 0x22
 1741 01bf 2E       		.uleb128 0x2e
 1742 01c0 01       		.byte	0x1
 1743 01c1 3F       		.uleb128 0x3f
 1744 01c2 19       		.uleb128 0x19
 1745 01c3 03       		.uleb128 0x3
 1746 01c4 0E       		.uleb128 0xe
 1747 01c5 3A       		.uleb128 0x3a
 1748 01c6 0B       		.uleb128 0xb
 1749 01c7 3B       		.uleb128 0x3b
 1750 01c8 0B       		.uleb128 0xb
 1751 01c9 27       		.uleb128 0x27
 1752 01ca 19       		.uleb128 0x19
 1753 01cb 3C       		.uleb128 0x3c
 1754 01cc 19       		.uleb128 0x19
 1755 01cd 01       		.uleb128 0x1
 1756 01ce 13       		.uleb128 0x13
 1757 01cf 00       		.byte	0
 1758 01d0 00       		.byte	0
 1759 01d1 23       		.uleb128 0x23
 1760 01d2 2E       		.uleb128 0x2e
 1761 01d3 00       		.byte	0
 1762 01d4 3F       		.uleb128 0x3f
 1763 01d5 19       		.uleb128 0x19
ARM GAS  /tmp/ccR7tOvo.s 			page 32


 1764 01d6 03       		.uleb128 0x3
 1765 01d7 0E       		.uleb128 0xe
 1766 01d8 3A       		.uleb128 0x3a
 1767 01d9 0B       		.uleb128 0xb
 1768 01da 3B       		.uleb128 0x3b
 1769 01db 0B       		.uleb128 0xb
 1770 01dc 27       		.uleb128 0x27
 1771 01dd 19       		.uleb128 0x19
 1772 01de 49       		.uleb128 0x49
 1773 01df 13       		.uleb128 0x13
 1774 01e0 3C       		.uleb128 0x3c
 1775 01e1 19       		.uleb128 0x19
 1776 01e2 00       		.byte	0
 1777 01e3 00       		.byte	0
 1778 01e4 00       		.byte	0
 1779              		.section	.debug_loc,"",%progbits
 1780              	.Ldebug_loc0:
 1781              	.LLST0:
 1782 0000 00000000 		.4byte	.LVL1
 1783 0004 0C000000 		.4byte	.LVL4
 1784 0008 0100     		.2byte	0x1
 1785 000a 50       		.byte	0x50
 1786 000b 0C000000 		.4byte	.LVL4
 1787 000f 13000000 		.4byte	.LVL5-1
 1788 0013 0300     		.2byte	0x3
 1789 0015 70       		.byte	0x70
 1790 0016 70       		.sleb128 -16
 1791 0017 9F       		.byte	0x9f
 1792 0018 13000000 		.4byte	.LVL5-1
 1793 001c 14000000 		.4byte	.LFE8
 1794 0020 0400     		.2byte	0x4
 1795 0022 F3       		.byte	0xf3
 1796 0023 01       		.uleb128 0x1
 1797 0024 50       		.byte	0x50
 1798 0025 9F       		.byte	0x9f
 1799 0026 00000000 		.4byte	0
 1800 002a 00000000 		.4byte	0
 1801              	.LLST1:
 1802 002e 00000000 		.4byte	.LVL1
 1803 0032 13000000 		.4byte	.LVL5-1
 1804 0036 0100     		.2byte	0x1
 1805 0038 51       		.byte	0x51
 1806 0039 13000000 		.4byte	.LVL5-1
 1807 003d 14000000 		.4byte	.LFE8
 1808 0041 0400     		.2byte	0x4
 1809 0043 F3       		.byte	0xf3
 1810 0044 01       		.uleb128 0x1
 1811 0045 51       		.byte	0x51
 1812 0046 9F       		.byte	0x9f
 1813 0047 00000000 		.4byte	0
 1814 004b 00000000 		.4byte	0
 1815              	.LLST2:
 1816 004f 00000000 		.4byte	.LVL1
 1817 0053 04000000 		.4byte	.LVL2
 1818 0057 0100     		.2byte	0x1
 1819 0059 52       		.byte	0x52
 1820 005a 04000000 		.4byte	.LVL2
ARM GAS  /tmp/ccR7tOvo.s 			page 33


 1821 005e 13000000 		.4byte	.LVL5-1
 1822 0062 0300     		.2byte	0x3
 1823 0064 72       		.byte	0x72
 1824 0065 08       		.sleb128 8
 1825 0066 9F       		.byte	0x9f
 1826 0067 13000000 		.4byte	.LVL5-1
 1827 006b 14000000 		.4byte	.LFE8
 1828 006f 0400     		.2byte	0x4
 1829 0071 F3       		.byte	0xf3
 1830 0072 01       		.uleb128 0x1
 1831 0073 52       		.byte	0x52
 1832 0074 9F       		.byte	0x9f
 1833 0075 00000000 		.4byte	0
 1834 0079 00000000 		.4byte	0
 1835              	.LLST3:
 1836 007d 08000000 		.4byte	.LVL3
 1837 0081 13000000 		.4byte	.LVL5-1
 1838 0085 0100     		.2byte	0x1
 1839 0087 51       		.byte	0x51
 1840 0088 13000000 		.4byte	.LVL5-1
 1841 008c 14000000 		.4byte	.LFE8
 1842 0090 0400     		.2byte	0x4
 1843 0092 F3       		.byte	0xf3
 1844 0093 01       		.uleb128 0x1
 1845 0094 51       		.byte	0x51
 1846 0095 9F       		.byte	0x9f
 1847 0096 00000000 		.4byte	0
 1848 009a 00000000 		.4byte	0
 1849              	.LLST4:
 1850 009e 00000000 		.4byte	.LVL6
 1851 00a2 10000000 		.4byte	.LVL7
 1852 00a6 0100     		.2byte	0x1
 1853 00a8 50       		.byte	0x50
 1854 00a9 10000000 		.4byte	.LVL7
 1855 00ad 86000000 		.4byte	.LFE9
 1856 00b1 0100     		.2byte	0x1
 1857 00b3 56       		.byte	0x56
 1858 00b4 00000000 		.4byte	0
 1859 00b8 00000000 		.4byte	0
 1860              	.LLST5:
 1861 00bc 00000000 		.4byte	.LVL6
 1862 00c0 12000000 		.4byte	.LVL8
 1863 00c4 0100     		.2byte	0x1
 1864 00c6 51       		.byte	0x51
 1865 00c7 12000000 		.4byte	.LVL8
 1866 00cb 1A000000 		.4byte	.LVL9
 1867 00cf 0300     		.2byte	0x3
 1868 00d1 71       		.byte	0x71
 1869 00d2 79       		.sleb128 -7
 1870 00d3 9F       		.byte	0x9f
 1871 00d4 1A000000 		.4byte	.LVL9
 1872 00d8 86000000 		.4byte	.LFE9
 1873 00dc 0100     		.2byte	0x1
 1874 00de 55       		.byte	0x55
 1875 00df 00000000 		.4byte	0
 1876 00e3 00000000 		.4byte	0
 1877              	.LLST6:
ARM GAS  /tmp/ccR7tOvo.s 			page 34


 1878 00e7 1E000000 		.4byte	.LVL10
 1879 00eb 4A000000 		.4byte	.LVL18
 1880 00ef 0100     		.2byte	0x1
 1881 00f1 54       		.byte	0x54
 1882 00f2 4E000000 		.4byte	.LVL19
 1883 00f6 5C000000 		.4byte	.LVL20
 1884 00fa 0100     		.2byte	0x1
 1885 00fc 54       		.byte	0x54
 1886 00fd 68000000 		.4byte	.LVL22
 1887 0101 84000000 		.4byte	.LVL25
 1888 0105 0100     		.2byte	0x1
 1889 0107 54       		.byte	0x54
 1890 0108 00000000 		.4byte	0
 1891 010c 00000000 		.4byte	0
 1892              	.LLST7:
 1893 0110 24000000 		.4byte	.LVL12
 1894 0114 2C000000 		.4byte	.LVL13
 1895 0118 0100     		.2byte	0x1
 1896 011a 53       		.byte	0x53
 1897 011b 2E000000 		.4byte	.LVL14
 1898 011f 35000000 		.4byte	.LVL15-1
 1899 0123 0100     		.2byte	0x1
 1900 0125 53       		.byte	0x53
 1901 0126 40000000 		.4byte	.LVL16
 1902 012a 46000000 		.4byte	.LVL17
 1903 012e 0100     		.2byte	0x1
 1904 0130 50       		.byte	0x50
 1905 0131 46000000 		.4byte	.LVL17
 1906 0135 4A000000 		.4byte	.LVL18
 1907 0139 0300     		.2byte	0x3
 1908 013b 70       		.byte	0x70
 1909 013c 08       		.sleb128 8
 1910 013d 9F       		.byte	0x9f
 1911 013e 4E000000 		.4byte	.LVL19
 1912 0142 63000000 		.4byte	.LVL21-1
 1913 0146 0100     		.2byte	0x1
 1914 0148 53       		.byte	0x53
 1915 0149 63000000 		.4byte	.LVL21-1
 1916 014d 68000000 		.4byte	.LVL22
 1917 0151 0300     		.2byte	0x3
 1918 0153 74       		.byte	0x74
 1919 0154 78       		.sleb128 -8
 1920 0155 9F       		.byte	0x9f
 1921 0156 68000000 		.4byte	.LVL22
 1922 015a 82000000 		.4byte	.LVL24
 1923 015e 0100     		.2byte	0x1
 1924 0160 53       		.byte	0x53
 1925 0161 00000000 		.4byte	0
 1926 0165 00000000 		.4byte	0
 1927              	.LLST8:
 1928 0169 78000000 		.4byte	.LVL23
 1929 016d 82000000 		.4byte	.LVL24
 1930 0171 0100     		.2byte	0x1
 1931 0173 52       		.byte	0x52
 1932 0174 00000000 		.4byte	0
 1933 0178 00000000 		.4byte	0
 1934              	.LLST9:
ARM GAS  /tmp/ccR7tOvo.s 			page 35


 1935 017c 00000000 		.4byte	.LVL26
 1936 0180 08000000 		.4byte	.LVL27
 1937 0184 0100     		.2byte	0x1
 1938 0186 50       		.byte	0x50
 1939 0187 08000000 		.4byte	.LVL27
 1940 018b 5A000000 		.4byte	.LVL37
 1941 018f 0100     		.2byte	0x1
 1942 0191 56       		.byte	0x56
 1943 0192 5A000000 		.4byte	.LVL37
 1944 0196 5E000000 		.4byte	.LVL38
 1945 019a 0400     		.2byte	0x4
 1946 019c F3       		.byte	0xf3
 1947 019d 01       		.uleb128 0x1
 1948 019e 50       		.byte	0x50
 1949 019f 9F       		.byte	0x9f
 1950 01a0 5E000000 		.4byte	.LVL38
 1951 01a4 8E000000 		.4byte	.LVL39
 1952 01a8 0100     		.2byte	0x1
 1953 01aa 56       		.byte	0x56
 1954 01ab 8E000000 		.4byte	.LVL39
 1955 01af 92000000 		.4byte	.LFE10
 1956 01b3 0400     		.2byte	0x4
 1957 01b5 F3       		.byte	0xf3
 1958 01b6 01       		.uleb128 0x1
 1959 01b7 50       		.byte	0x50
 1960 01b8 9F       		.byte	0x9f
 1961 01b9 00000000 		.4byte	0
 1962 01bd 00000000 		.4byte	0
 1963              	.LLST10:
 1964 01c1 10000000 		.4byte	.LVL29
 1965 01c5 18000000 		.4byte	.LVL32
 1966 01c9 0100     		.2byte	0x1
 1967 01cb 55       		.byte	0x55
 1968 01cc 18000000 		.4byte	.LVL32
 1969 01d0 30000000 		.4byte	.LVL34
 1970 01d4 0100     		.2byte	0x1
 1971 01d6 53       		.byte	0x53
 1972 01d7 32000000 		.4byte	.LVL35
 1973 01db 5D000000 		.4byte	.LVL38-1
 1974 01df 0100     		.2byte	0x1
 1975 01e1 53       		.byte	0x53
 1976 01e2 5E000000 		.4byte	.LVL38
 1977 01e6 91000000 		.4byte	.LVL40-1
 1978 01ea 0100     		.2byte	0x1
 1979 01ec 53       		.byte	0x53
 1980 01ed 00000000 		.4byte	0
 1981 01f1 00000000 		.4byte	0
 1982              	.LLST11:
 1983 01f5 0C000000 		.4byte	.LVL28
 1984 01f9 5A000000 		.4byte	.LVL37
 1985 01fd 0100     		.2byte	0x1
 1986 01ff 54       		.byte	0x54
 1987 0200 5A000000 		.4byte	.LVL37
 1988 0204 5E000000 		.4byte	.LVL38
 1989 0208 0600     		.2byte	0x6
 1990 020a F3       		.byte	0xf3
 1991 020b 01       		.uleb128 0x1
ARM GAS  /tmp/ccR7tOvo.s 			page 36


 1992 020c 50       		.byte	0x50
 1993 020d 38       		.byte	0x38
 1994 020e 1C       		.byte	0x1c
 1995 020f 9F       		.byte	0x9f
 1996 0210 5E000000 		.4byte	.LVL38
 1997 0214 8E000000 		.4byte	.LVL39
 1998 0218 0100     		.2byte	0x1
 1999 021a 54       		.byte	0x54
 2000 021b 8E000000 		.4byte	.LVL39
 2001 021f 92000000 		.4byte	.LFE10
 2002 0223 0600     		.2byte	0x6
 2003 0225 F3       		.byte	0xf3
 2004 0226 01       		.uleb128 0x1
 2005 0227 50       		.byte	0x50
 2006 0228 38       		.byte	0x38
 2007 0229 1C       		.byte	0x1c
 2008 022a 9F       		.byte	0x9f
 2009 022b 00000000 		.4byte	0
 2010 022f 00000000 		.4byte	0
 2011              	.LLST12:
 2012 0233 0C000000 		.4byte	.LVL28
 2013 0237 12000000 		.4byte	.LVL30
 2014 023b 0100     		.2byte	0x1
 2015 023d 50       		.byte	0x50
 2016 023e 12000000 		.4byte	.LVL30
 2017 0242 15000000 		.4byte	.LVL31-1
 2018 0246 0200     		.2byte	0x2
 2019 0248 74       		.byte	0x74
 2020 0249 00       		.sleb128 0
 2021 024a 15000000 		.4byte	.LVL31-1
 2022 024e 44000000 		.4byte	.LVL36
 2023 0252 0300     		.2byte	0x3
 2024 0254 75       		.byte	0x75
 2025 0255 78       		.sleb128 -8
 2026 0256 9F       		.byte	0x9f
 2027 0257 00000000 		.4byte	0
 2028 025b 00000000 		.4byte	0
 2029              	.LLST13:
 2030 025f 00000000 		.4byte	.LVL41
 2031 0263 12000000 		.4byte	.LVL42
 2032 0267 0100     		.2byte	0x1
 2033 0269 50       		.byte	0x50
 2034 026a 12000000 		.4byte	.LVL42
 2035 026e 24000000 		.4byte	.LVL44
 2036 0272 0100     		.2byte	0x1
 2037 0274 54       		.byte	0x54
 2038 0275 24000000 		.4byte	.LVL44
 2039 0279 3C000000 		.4byte	.LVL49
 2040 027d 1300     		.2byte	0x13
 2041 027f F3       		.byte	0xf3
 2042 0280 01       		.uleb128 0x1
 2043 0281 50       		.byte	0x50
 2044 0282 03       		.byte	0x3
 2045 0283 00000000 		.4byte	.LANCHOR0
 2046 0287 F3       		.byte	0xf3
 2047 0288 01       		.uleb128 0x1
 2048 0289 50       		.byte	0x50
ARM GAS  /tmp/ccR7tOvo.s 			page 37


 2049 028a 30       		.byte	0x30
 2050 028b 2E       		.byte	0x2e
 2051 028c 28       		.byte	0x28
 2052 028d 0100     		.2byte	0x1
 2053 028f 16       		.byte	0x16
 2054 0290 13       		.byte	0x13
 2055 0291 9F       		.byte	0x9f
 2056 0292 3C000000 		.4byte	.LVL49
 2057 0296 40000000 		.4byte	.LVL50
 2058 029a 0100     		.2byte	0x1
 2059 029c 54       		.byte	0x54
 2060 029d 40000000 		.4byte	.LVL50
 2061 02a1 42000000 		.4byte	.LFE11
 2062 02a5 1300     		.2byte	0x13
 2063 02a7 F3       		.byte	0xf3
 2064 02a8 01       		.uleb128 0x1
 2065 02a9 50       		.byte	0x50
 2066 02aa 03       		.byte	0x3
 2067 02ab 00000000 		.4byte	.LANCHOR0
 2068 02af F3       		.byte	0xf3
 2069 02b0 01       		.uleb128 0x1
 2070 02b1 50       		.byte	0x50
 2071 02b2 30       		.byte	0x30
 2072 02b3 2E       		.byte	0x2e
 2073 02b4 28       		.byte	0x28
 2074 02b5 0100     		.2byte	0x1
 2075 02b7 16       		.byte	0x16
 2076 02b8 13       		.byte	0x13
 2077 02b9 9F       		.byte	0x9f
 2078 02ba 00000000 		.4byte	0
 2079 02be 00000000 		.4byte	0
 2080              	.LLST14:
 2081 02c2 00000000 		.4byte	.LVL41
 2082 02c6 1B000000 		.4byte	.LVL43-1
 2083 02ca 0100     		.2byte	0x1
 2084 02cc 51       		.byte	0x51
 2085 02cd 1B000000 		.4byte	.LVL43-1
 2086 02d1 42000000 		.4byte	.LFE11
 2087 02d5 0100     		.2byte	0x1
 2088 02d7 55       		.byte	0x55
 2089 02d8 00000000 		.4byte	0
 2090 02dc 00000000 		.4byte	0
 2091              	.LLST15:
 2092 02e0 1C000000 		.4byte	.LVL43
 2093 02e4 24000000 		.4byte	.LVL44
 2094 02e8 0300     		.2byte	0x3
 2095 02ea 74       		.byte	0x74
 2096 02eb 08       		.sleb128 8
 2097 02ec 9F       		.byte	0x9f
 2098 02ed 24000000 		.4byte	.LVL44
 2099 02f1 2C000000 		.4byte	.LVL46
 2100 02f5 1500     		.2byte	0x15
 2101 02f7 F3       		.byte	0xf3
 2102 02f8 01       		.uleb128 0x1
 2103 02f9 50       		.byte	0x50
 2104 02fa 03       		.byte	0x3
 2105 02fb 00000000 		.4byte	.LANCHOR0
ARM GAS  /tmp/ccR7tOvo.s 			page 38


 2106 02ff F3       		.byte	0xf3
 2107 0300 01       		.uleb128 0x1
 2108 0301 50       		.byte	0x50
 2109 0302 30       		.byte	0x30
 2110 0303 2E       		.byte	0x2e
 2111 0304 28       		.byte	0x28
 2112 0305 0100     		.2byte	0x1
 2113 0307 16       		.byte	0x16
 2114 0308 13       		.byte	0x13
 2115 0309 23       		.byte	0x23
 2116 030a 08       		.uleb128 0x8
 2117 030b 9F       		.byte	0x9f
 2118 030c 3C000000 		.4byte	.LVL49
 2119 0310 40000000 		.4byte	.LVL50
 2120 0314 0300     		.2byte	0x3
 2121 0316 74       		.byte	0x74
 2122 0317 08       		.sleb128 8
 2123 0318 9F       		.byte	0x9f
 2124 0319 40000000 		.4byte	.LVL50
 2125 031d 42000000 		.4byte	.LFE11
 2126 0321 1500     		.2byte	0x15
 2127 0323 F3       		.byte	0xf3
 2128 0324 01       		.uleb128 0x1
 2129 0325 50       		.byte	0x50
 2130 0326 03       		.byte	0x3
 2131 0327 00000000 		.4byte	.LANCHOR0
 2132 032b F3       		.byte	0xf3
 2133 032c 01       		.uleb128 0x1
 2134 032d 50       		.byte	0x50
 2135 032e 30       		.byte	0x30
 2136 032f 2E       		.byte	0x2e
 2137 0330 28       		.byte	0x28
 2138 0331 0100     		.2byte	0x1
 2139 0333 16       		.byte	0x16
 2140 0334 13       		.byte	0x13
 2141 0335 23       		.byte	0x23
 2142 0336 08       		.uleb128 0x8
 2143 0337 9F       		.byte	0x9f
 2144 0338 00000000 		.4byte	0
 2145 033c 00000000 		.4byte	0
 2146              	.LLST16:
 2147 0340 1C000000 		.4byte	.LVL43
 2148 0344 24000000 		.4byte	.LVL44
 2149 0348 0200     		.2byte	0x2
 2150 034a 30       		.byte	0x30
 2151 034b 9F       		.byte	0x9f
 2152 034c 24000000 		.4byte	.LVL44
 2153 0350 2A000000 		.4byte	.LVL45
 2154 0354 0100     		.2byte	0x1
 2155 0356 54       		.byte	0x54
 2156 0357 2A000000 		.4byte	.LVL45
 2157 035b 2C000000 		.4byte	.LVL46
 2158 035f 0300     		.2byte	0x3
 2159 0361 74       		.byte	0x74
 2160 0362 7F       		.sleb128 -1
 2161 0363 9F       		.byte	0x9f
 2162 0364 2C000000 		.4byte	.LVL46
ARM GAS  /tmp/ccR7tOvo.s 			page 39


 2163 0368 30000000 		.4byte	.LVL47
 2164 036c 0100     		.2byte	0x1
 2165 036e 54       		.byte	0x54
 2166 036f 3C000000 		.4byte	.LVL49
 2167 0373 42000000 		.4byte	.LFE11
 2168 0377 0200     		.2byte	0x2
 2169 0379 30       		.byte	0x30
 2170 037a 9F       		.byte	0x9f
 2171 037b 00000000 		.4byte	0
 2172 037f 00000000 		.4byte	0
 2173              	.LLST17:
 2174 0383 1C000000 		.4byte	.LVL43
 2175 0387 24000000 		.4byte	.LVL44
 2176 038b 0200     		.2byte	0x2
 2177 038d 30       		.byte	0x30
 2178 038e 9F       		.byte	0x9f
 2179 038f 24000000 		.4byte	.LVL44
 2180 0393 30000000 		.4byte	.LVL47
 2181 0397 0100     		.2byte	0x1
 2182 0399 52       		.byte	0x52
 2183 039a 3C000000 		.4byte	.LVL49
 2184 039e 42000000 		.4byte	.LFE11
 2185 03a2 0200     		.2byte	0x2
 2186 03a4 30       		.byte	0x30
 2187 03a5 9F       		.byte	0x9f
 2188 03a6 00000000 		.4byte	0
 2189 03aa 00000000 		.4byte	0
 2190              		.section	.debug_aranges,"",%progbits
 2191 0000 3C000000 		.4byte	0x3c
 2192 0004 0200     		.2byte	0x2
 2193 0006 00000000 		.4byte	.Ldebug_info0
 2194 000a 04       		.byte	0x4
 2195 000b 00       		.byte	0
 2196 000c 0000     		.2byte	0
 2197 000e 0000     		.2byte	0
 2198 0010 00000000 		.4byte	.LFB7
 2199 0014 20000000 		.4byte	.LFE7-.LFB7
 2200 0018 00000000 		.4byte	.LFB8
 2201 001c 14000000 		.4byte	.LFE8-.LFB8
 2202 0020 00000000 		.4byte	.LFB9
 2203 0024 86000000 		.4byte	.LFE9-.LFB9
 2204 0028 00000000 		.4byte	.LFB10
 2205 002c 92000000 		.4byte	.LFE10-.LFB10
 2206 0030 00000000 		.4byte	.LFB11
 2207 0034 42000000 		.4byte	.LFE11-.LFB11
 2208 0038 00000000 		.4byte	0
 2209 003c 00000000 		.4byte	0
 2210              		.section	.debug_ranges,"",%progbits
 2211              	.Ldebug_ranges0:
 2212 0000 00000000 		.4byte	.LFB7
 2213 0004 20000000 		.4byte	.LFE7
 2214 0008 00000000 		.4byte	.LFB8
 2215 000c 14000000 		.4byte	.LFE8
 2216 0010 00000000 		.4byte	.LFB9
 2217 0014 86000000 		.4byte	.LFE9
 2218 0018 00000000 		.4byte	.LFB10
 2219 001c 92000000 		.4byte	.LFE10
ARM GAS  /tmp/ccR7tOvo.s 			page 40


 2220 0020 00000000 		.4byte	.LFB11
 2221 0024 42000000 		.4byte	.LFE11
 2222 0028 00000000 		.4byte	0
 2223 002c 00000000 		.4byte	0
 2224              		.section	.debug_line,"",%progbits
 2225              	.Ldebug_line0:
 2226 0000 62020000 		.section	.debug_str,"MS",%progbits,1
 2226      02007001 
 2226      00000201 
 2226      FB0E0D00 
 2226      01010101 
 2227              	.LASF42:
 2228 0000 705F6D73 		.ascii	"p_msg\000"
 2228      6700
 2229              	.LASF2:
 2230 0006 73697A65 		.ascii	"size_t\000"
 2230      5F7400
 2231              	.LASF84:
 2232 000d 2F6F7074 		.ascii	"/opt/ChibiOS_2.6.6/os/kernel/src/chheap.c\000"
 2232      2F436869 
 2232      62694F53 
 2232      5F322E36 
 2232      2E362F6F 
 2233              	.LASF17:
 2234 0037 75696E74 		.ascii	"uint64_t\000"
 2234      36345F74 
 2234      00
 2235              	.LASF3:
 2236 0040 5F5F7569 		.ascii	"__uint8_t\000"
 2236      6E74385F 
 2236      7400
 2237              	.LASF58:
 2238 004a 6D656D67 		.ascii	"memgetfunc_t\000"
 2238      65746675 
 2238      6E635F74 
 2238      00
 2239              	.LASF13:
 2240 0057 6C6F6E67 		.ascii	"long long unsigned int\000"
 2240      206C6F6E 
 2240      6720756E 
 2240      7369676E 
 2240      65642069 
 2241              	.LASF69:
 2242 006e 65786974 		.ascii	"exitcode\000"
 2242      636F6465 
 2242      00
 2243              	.LASF62:
 2244 0077 685F6672 		.ascii	"h_free\000"
 2244      656500
 2245              	.LASF75:
 2246 007e 68656170 		.ascii	"heapp\000"
 2246      7000
 2247              	.LASF86:
 2248 0084 63684D74 		.ascii	"chMtxUnlock\000"
 2248      78556E6C 
 2248      6F636B00 
 2249              	.LASF74:
ARM GAS  /tmp/ccR7tOvo.s 			page 41


 2250 0090 63684865 		.ascii	"chHeapInit\000"
 2250      6170496E 
 2250      697400
 2251              	.LASF64:
 2252 009b 6E657874 		.ascii	"next\000"
 2252      00
 2253              	.LASF30:
 2254 00a0 705F7072 		.ascii	"p_prio\000"
 2254      696F00
 2255              	.LASF11:
 2256 00a7 6C6F6E67 		.ascii	"long long int\000"
 2256      206C6F6E 
 2256      6720696E 
 2256      7400
 2257              	.LASF1:
 2258 00b5 7369676E 		.ascii	"signed char\000"
 2258      65642063 
 2258      68617200 
 2259              	.LASF63:
 2260 00c1 685F6D74 		.ascii	"h_mtx\000"
 2260      7800
 2261              	.LASF46:
 2262 00c7 705F6D70 		.ascii	"p_mpool\000"
 2262      6F6F6C00 
 2263              	.LASF55:
 2264 00cf 6D5F7175 		.ascii	"m_queue\000"
 2264      65756500 
 2265              	.LASF76:
 2266 00d7 63684865 		.ascii	"chHeapFree\000"
 2266      61704672 
 2266      656500
 2267              	.LASF22:
 2268 00e2 74736C69 		.ascii	"tslices_t\000"
 2268      6365735F 
 2268      7400
 2269              	.LASF8:
 2270 00ec 6C6F6E67 		.ascii	"long int\000"
 2270      20696E74 
 2270      00
 2271              	.LASF20:
 2272 00f5 74737461 		.ascii	"tstate_t\000"
 2272      74655F74 
 2272      00
 2273              	.LASF32:
 2274 00fe 705F6E65 		.ascii	"p_newer\000"
 2274      77657200 
 2275              	.LASF9:
 2276 0106 5F5F7569 		.ascii	"__uint32_t\000"
 2276      6E743332 
 2276      5F7400
 2277              	.LASF49:
 2278 0111 72656761 		.ascii	"regarm_t\000"
 2278      726D5F74 
 2278      00
 2279              	.LASF66:
 2280 011a 616C6967 		.ascii	"align\000"
 2280      6E00
ARM GAS  /tmp/ccR7tOvo.s 			page 42


 2281              	.LASF0:
 2282 0120 756E7369 		.ascii	"unsigned int\000"
 2282      676E6564 
 2282      20696E74 
 2282      00
 2283              	.LASF10:
 2284 012d 6C6F6E67 		.ascii	"long unsigned int\000"
 2284      20756E73 
 2284      69676E65 
 2284      6420696E 
 2284      7400
 2285              	.LASF52:
 2286 013f 636F6E74 		.ascii	"context\000"
 2286      65787400 
 2287              	.LASF67:
 2288 0147 73697A65 		.ascii	"size\000"
 2288      00
 2289              	.LASF6:
 2290 014c 73686F72 		.ascii	"short unsigned int\000"
 2290      7420756E 
 2290      7369676E 
 2290      65642069 
 2290      6E7400
 2291              	.LASF24:
 2292 015f 6D73675F 		.ascii	"msg_t\000"
 2292      7400
 2293              	.LASF83:
 2294 0165 474E5520 		.ascii	"GNU C 4.8.2 -mcpu=cortex-m3 -mno-thumb-interwork -m"
 2294      4320342E 
 2294      382E3220 
 2294      2D6D6370 
 2294      753D636F 
 2295 0198 7468756D 		.ascii	"thumb -ggdb -O2 -fomit-frame-pointer -ffunction-sec"
 2295      62202D67 
 2295      67646220 
 2295      2D4F3220 
 2295      2D666F6D 
 2296 01cb 74696F6E 		.ascii	"tions -fdata-sections -fno-common\000"
 2296      73202D66 
 2296      64617461 
 2296      2D736563 
 2296      74696F6E 
 2297              	.LASF19:
 2298 01ed 746D6F64 		.ascii	"tmode_t\000"
 2298      655F7400 
 2299              	.LASF48:
 2300 01f5 54687265 		.ascii	"ThreadsList\000"
 2300      6164734C 
 2300      69737400 
 2301              	.LASF25:
 2302 0201 6576656E 		.ascii	"eventmask_t\000"
 2302      746D6173 
 2302      6B5F7400 
 2303              	.LASF54:
 2304 020d 4D757465 		.ascii	"Mutex\000"
 2304      7800
 2305              	.LASF50:
ARM GAS  /tmp/ccR7tOvo.s 			page 43


 2306 0213 73746B61 		.ascii	"stkalign_t\000"
 2306      6C69676E 
 2306      5F7400
 2307              	.LASF53:
 2308 021e 73697A65 		.ascii	"sizetype\000"
 2308      74797065 
 2308      00
 2309              	.LASF82:
 2310 0227 63684D74 		.ascii	"chMtxLock\000"
 2310      784C6F63 
 2310      6B00
 2311              	.LASF33:
 2312 0231 705F6F6C 		.ascii	"p_older\000"
 2312      64657200 
 2313              	.LASF47:
 2314 0239 54687265 		.ascii	"ThreadsQueue\000"
 2314      61647351 
 2314      75657565 
 2314      00
 2315              	.LASF59:
 2316 0246 4D656D6F 		.ascii	"MemoryHeap\000"
 2316      72794865 
 2316      617000
 2317              	.LASF12:
 2318 0251 5F5F7569 		.ascii	"__uint64_t\000"
 2318      6E743634 
 2318      5F7400
 2319              	.LASF21:
 2320 025c 74726566 		.ascii	"trefs_t\000"
 2320      735F7400 
 2321              	.LASF29:
 2322 0264 705F7072 		.ascii	"p_prev\000"
 2322      657600
 2323              	.LASF23:
 2324 026b 74707269 		.ascii	"tprio_t\000"
 2324      6F5F7400 
 2325              	.LASF18:
 2326 0273 5F426F6F 		.ascii	"_Bool\000"
 2326      6C00
 2327              	.LASF15:
 2328 0279 696E7433 		.ascii	"int32_t\000"
 2328      325F7400 
 2329              	.LASF4:
 2330 0281 756E7369 		.ascii	"unsigned char\000"
 2330      676E6564 
 2330      20636861 
 2330      7200
 2331              	.LASF61:
 2332 028f 685F7072 		.ascii	"h_provider\000"
 2332      6F766964 
 2332      657200
 2333              	.LASF44:
 2334 029a 705F6D74 		.ascii	"p_mtxlist\000"
 2334      786C6973 
 2334      7400
 2335              	.LASF5:
 2336 02a4 73686F72 		.ascii	"short int\000"
ARM GAS  /tmp/ccR7tOvo.s 			page 44


 2336      7420696E 
 2336      7400
 2337              	.LASF35:
 2338 02ae 705F7374 		.ascii	"p_state\000"
 2338      61746500 
 2339              	.LASF38:
 2340 02b6 705F7072 		.ascii	"p_preempt\000"
 2340      65656D70 
 2340      7400
 2341              	.LASF85:
 2342 02c0 68656170 		.ascii	"heap_header\000"
 2342      5F686561 
 2342      64657200 
 2343              	.LASF71:
 2344 02cc 65776D61 		.ascii	"ewmask\000"
 2344      736B00
 2345              	.LASF28:
 2346 02d3 705F6E65 		.ascii	"p_next\000"
 2346      787400
 2347              	.LASF36:
 2348 02da 705F666C 		.ascii	"p_flags\000"
 2348      61677300 
 2349              	.LASF27:
 2350 02e2 54687265 		.ascii	"Thread\000"
 2350      616400
 2351              	.LASF77:
 2352 02e9 63684865 		.ascii	"chHeapAlloc\000"
 2352      6170416C 
 2352      6C6F6300 
 2353              	.LASF43:
 2354 02f5 705F6570 		.ascii	"p_epending\000"
 2354      656E6469 
 2354      6E6700
 2355              	.LASF16:
 2356 0300 75696E74 		.ascii	"uint32_t\000"
 2356      33325F74 
 2356      00
 2357              	.LASF65:
 2358 0309 68656170 		.ascii	"heap\000"
 2358      00
 2359              	.LASF80:
 2360 030e 64656661 		.ascii	"default_heap\000"
 2360      756C745F 
 2360      68656170 
 2360      00
 2361              	.LASF72:
 2362 031b 63686172 		.ascii	"char\000"
 2362      00
 2363              	.LASF78:
 2364 0320 63684865 		.ascii	"chHeapStatus\000"
 2364      61705374 
 2364      61747573 
 2364      00
 2365              	.LASF57:
 2366 032d 6D5F6E65 		.ascii	"m_next\000"
 2366      787400
 2367              	.LASF26:
ARM GAS  /tmp/ccR7tOvo.s 			page 45


 2368 0334 73797374 		.ascii	"systime_t\000"
 2368      696D655F 
 2368      7400
 2369              	.LASF45:
 2370 033e 705F7265 		.ascii	"p_realprio\000"
 2370      616C7072 
 2370      696F00
 2371              	.LASF7:
 2372 0349 5F5F696E 		.ascii	"__int32_t\000"
 2372      7433325F 
 2372      7400
 2373              	.LASF39:
 2374 0353 705F7469 		.ascii	"p_time\000"
 2374      6D6500
 2375              	.LASF51:
 2376 035a 696E7463 		.ascii	"intctx\000"
 2376      747800
 2377              	.LASF41:
 2378 0361 705F6D73 		.ascii	"p_msgqueue\000"
 2378      67717565 
 2378      756500
 2379              	.LASF81:
 2380 036c 63684D74 		.ascii	"chMtxInit\000"
 2380      78496E69 
 2380      7400
 2381              	.LASF68:
 2382 0376 7264796D 		.ascii	"rdymsg\000"
 2382      736700
 2383              	.LASF37:
 2384 037d 705F7265 		.ascii	"p_refs\000"
 2384      667300
 2385              	.LASF14:
 2386 0384 75696E74 		.ascii	"uint8_t\000"
 2386      385F7400 
 2387              	.LASF70:
 2388 038c 77746F62 		.ascii	"wtobjp\000"
 2388      6A7000
 2389              	.LASF79:
 2390 0393 73697A65 		.ascii	"sizep\000"
 2390      7000
 2391              	.LASF34:
 2392 0399 705F6E61 		.ascii	"p_name\000"
 2392      6D6500
 2393              	.LASF73:
 2394 03a0 5F686561 		.ascii	"_heap_init\000"
 2394      705F696E 
 2394      697400
 2395              	.LASF56:
 2396 03ab 6D5F6F77 		.ascii	"m_owner\000"
 2396      6E657200 
 2397              	.LASF31:
 2398 03b3 705F6374 		.ascii	"p_ctx\000"
 2398      7800
 2399              	.LASF40:
 2400 03b9 705F7761 		.ascii	"p_waiting\000"
 2400      6974696E 
 2400      6700
ARM GAS  /tmp/ccR7tOvo.s 			page 46


 2401              	.LASF60:
 2402 03c3 6D656D6F 		.ascii	"memory_heap\000"
 2402      72795F68 
 2402      65617000 
 2403              		.ident	"GCC: (4.8.2-14ubuntu1+6) 4.8.2"
ARM GAS  /tmp/ccR7tOvo.s 			page 47


DEFINED SYMBOLS
                            *ABS*:0000000000000000 chheap.c
     /tmp/ccR7tOvo.s:19     .text._heap_init:0000000000000000 $t
     /tmp/ccR7tOvo.s:24     .text._heap_init:0000000000000000 _heap_init
     /tmp/ccR7tOvo.s:434    .bss.default_heap:0000000000000000 .LANCHOR0
     /tmp/ccR7tOvo.s:55     .text.chHeapInit:0000000000000000 $t
     /tmp/ccR7tOvo.s:60     .text.chHeapInit:0000000000000000 chHeapInit
     /tmp/ccR7tOvo.s:94     .text.chHeapAlloc:0000000000000000 $t
     /tmp/ccR7tOvo.s:99     .text.chHeapAlloc:0000000000000000 chHeapAlloc
     /tmp/ccR7tOvo.s:227    .text.chHeapFree:0000000000000000 $t
     /tmp/ccR7tOvo.s:232    .text.chHeapFree:0000000000000000 chHeapFree
     /tmp/ccR7tOvo.s:354    .text.chHeapStatus:0000000000000000 $t
     /tmp/ccR7tOvo.s:359    .text.chHeapStatus:0000000000000000 chHeapStatus
     /tmp/ccR7tOvo.s:433    .bss.default_heap:0000000000000000 $d
     /tmp/ccR7tOvo.s:437    .bss.default_heap:0000000000000000 default_heap
                     .debug_frame:0000000000000010 $d

UNDEFINED SYMBOLS
chCoreAlloc
chMtxInit
chMtxLock
chMtxUnlock
