ARM GAS  /tmp/ccpPrHwu.s 			page 1


   1              		.syntax unified
   2              		.cpu cortex-m3
   3              		.fpu softvfp
   4              		.eabi_attribute 20, 1
   5              		.eabi_attribute 21, 1
   6              		.eabi_attribute 23, 3
   7              		.eabi_attribute 24, 1
   8              		.eabi_attribute 25, 1
   9              		.eabi_attribute 26, 1
  10              		.eabi_attribute 30, 2
  11              		.eabi_attribute 34, 1
  12              		.eabi_attribute 18, 4
  13              		.thumb
  14              		.file	"chmempools.c"
  15              		.text
  16              	.Ltext0:
  17              		.cfi_sections	.debug_frame
  18              		.section	.text.chPoolInit,"ax",%progbits
  19              		.align	2
  20              		.global	chPoolInit
  21              		.thumb
  22              		.thumb_func
  23              		.type	chPoolInit, %function
  24              	chPoolInit:
  25              	.LFB7:
  26              		.file 1 "/opt/ChibiOS_2.6.6/os/kernel/src/chmempools.c"
  27              		.loc 1 62 0
  28              		.cfi_startproc
  29              		@ args = 0, pretend = 0, frame = 0
  30              		@ frame_needed = 0, uses_anonymous_args = 0
  31              		@ link register save eliminated.
  32              	.LVL0:
  33              		.loc 1 66 0
  34 0000 0023     		movs	r3, #0
  35              		.loc 1 67 0
  36 0002 4160     		str	r1, [r0, #4]
  37              		.loc 1 68 0
  38 0004 8260     		str	r2, [r0, #8]
  39              		.loc 1 66 0
  40 0006 0360     		str	r3, [r0]
  41 0008 7047     		bx	lr
  42              		.cfi_endproc
  43              	.LFE7:
  44              		.size	chPoolInit, .-chPoolInit
  45 000a 00BF     		.section	.text.chPoolLoadArray,"ax",%progbits
  46              		.align	2
  47              		.global	chPoolLoadArray
  48              		.thumb
  49              		.thumb_func
  50              		.type	chPoolLoadArray, %function
  51              	chPoolLoadArray:
  52              	.LFB8:
  53              		.loc 1 84 0
  54              		.cfi_startproc
  55              		@ args = 0, pretend = 0, frame = 0
  56              		@ frame_needed = 0, uses_anonymous_args = 0
  57              		@ link register save eliminated.
ARM GAS  /tmp/ccpPrHwu.s 			page 2


  58              	.LVL1:
  59 0000 10B4     		push	{r4}
  60              		.cfi_def_cfa_offset 4
  61              		.cfi_offset 4, -4
  62              		.loc 1 88 0
  63 0002 62B1     		cbz	r2, .L2
  64              	.LVL2:
  65              	.L5:
  66              	.LBB16:
  67              	.LBB17:
  68              		.loc 1 173 0
  69 0004 2023     		movs	r3, #32
  70              	@ 173 "/opt/ChibiOS_2.6.6/os/kernel/src/chmempools.c" 1
  71 0006 83F31188 		msr     BASEPRI, r3
  72              	@ 0 "" 2
  73              	.LVL3:
  74              		.thumb
  75              	.LBE17:
  76              	.LBB18:
  77              	.LBB19:
  78              		.loc 1 155 0
  79 000a 0468     		ldr	r4, [r0]
  80              	.LBE19:
  81              	.LBE18:
  82              	.LBB21:
  83              		.loc 1 175 0
  84 000c 0023     		movs	r3, #0
  85              	.LBE21:
  86              	.LBB22:
  87              	.LBB20:
  88              		.loc 1 155 0
  89 000e 0C60     		str	r4, [r1]
  90              		.loc 1 156 0
  91 0010 0160     		str	r1, [r0]
  92              	.LBE20:
  93              	.LBE22:
  94              	.LBB23:
  95              		.loc 1 175 0
  96              	@ 175 "/opt/ChibiOS_2.6.6/os/kernel/src/chmempools.c" 1
  97 0012 83F31188 		msr     BASEPRI, r3
  98              	@ 0 "" 2
  99              		.thumb
 100              	.LBE23:
 101              	.LBE16:
 102              		.loc 1 90 0
 103 0016 4368     		ldr	r3, [r0, #4]
 104              		.loc 1 88 0
 105 0018 013A     		subs	r2, r2, #1
 106              	.LVL4:
 107              		.loc 1 90 0
 108 001a 1944     		add	r1, r1, r3
 109              	.LVL5:
 110              		.loc 1 88 0
 111 001c F2D1     		bne	.L5
 112              	.LVL6:
 113              	.L2:
 114              		.loc 1 93 0
ARM GAS  /tmp/ccpPrHwu.s 			page 3


 115 001e 5DF8044B 		ldr	r4, [sp], #4
 116 0022 7047     		bx	lr
 117              		.cfi_endproc
 118              	.LFE8:
 119              		.size	chPoolLoadArray, .-chPoolLoadArray
 120              		.section	.text.chPoolAllocI,"ax",%progbits
 121              		.align	2
 122              		.global	chPoolAllocI
 123              		.thumb
 124              		.thumb_func
 125              		.type	chPoolAllocI, %function
 126              	chPoolAllocI:
 127              	.LFB9:
 128              		.loc 1 105 0
 129              		.cfi_startproc
 130              		@ args = 0, pretend = 0, frame = 0
 131              		@ frame_needed = 0, uses_anonymous_args = 0
 132              	.LVL7:
 133 0000 08B5     		push	{r3, lr}
 134              		.cfi_def_cfa_offset 8
 135              		.cfi_offset 3, -8
 136              		.cfi_offset 14, -4
 137              		.loc 1 105 0
 138 0002 0346     		mov	r3, r0
 139              		.loc 1 111 0
 140 0004 0068     		ldr	r0, [r0]
 141              	.LVL8:
 142 0006 10B1     		cbz	r0, .L12
 143              		.loc 1 112 0
 144 0008 0268     		ldr	r2, [r0]
 145 000a 1A60     		str	r2, [r3]
 146 000c 08BD     		pop	{r3, pc}
 147              	.LVL9:
 148              	.L12:
 149              		.loc 1 113 0
 150 000e 9A68     		ldr	r2, [r3, #8]
 151 0010 0AB1     		cbz	r2, .L13
 152              		.loc 1 114 0
 153 0012 5868     		ldr	r0, [r3, #4]
 154              	.LVL10:
 155 0014 9047     		blx	r2
 156              	.LVL11:
 157              	.L13:
 158              		.loc 1 116 0
 159 0016 08BD     		pop	{r3, pc}
 160              		.cfi_endproc
 161              	.LFE9:
 162              		.size	chPoolAllocI, .-chPoolAllocI
 163              		.section	.text.chPoolAlloc,"ax",%progbits
 164              		.align	2
 165              		.global	chPoolAlloc
 166              		.thumb
 167              		.thumb_func
 168              		.type	chPoolAlloc, %function
 169              	chPoolAlloc:
 170              	.LFB10:
 171              		.loc 1 128 0
ARM GAS  /tmp/ccpPrHwu.s 			page 4


 172              		.cfi_startproc
 173              		@ args = 0, pretend = 0, frame = 0
 174              		@ frame_needed = 0, uses_anonymous_args = 0
 175              	.LVL12:
 176 0000 08B5     		push	{r3, lr}
 177              		.cfi_def_cfa_offset 8
 178              		.cfi_offset 3, -8
 179              		.cfi_offset 14, -4
 180              		.loc 1 128 0
 181 0002 0246     		mov	r2, r0
 182              	.LBB24:
 183              		.loc 1 131 0
 184 0004 2023     		movs	r3, #32
 185              	@ 131 "/opt/ChibiOS_2.6.6/os/kernel/src/chmempools.c" 1
 186 0006 83F31188 		msr     BASEPRI, r3
 187              	@ 0 "" 2
 188              	.LVL13:
 189              		.thumb
 190              	.LBE24:
 191              	.LBB25:
 192              	.LBB26:
 193              		.loc 1 111 0
 194 000a 0068     		ldr	r0, [r0]
 195              	.LVL14:
 196 000c 28B1     		cbz	r0, .L18
 197              		.loc 1 112 0
 198 000e 0368     		ldr	r3, [r0]
 199 0010 1360     		str	r3, [r2]
 200              	.L19:
 201              	.LBE26:
 202              	.LBE25:
 203              	.LBB28:
 204              		.loc 1 133 0
 205 0012 0023     		movs	r3, #0
 206              	@ 133 "/opt/ChibiOS_2.6.6/os/kernel/src/chmempools.c" 1
 207 0014 83F31188 		msr     BASEPRI, r3
 208              	@ 0 "" 2
 209              		.thumb
 210              	.LBE28:
 211              		.loc 1 135 0
 212 0018 08BD     		pop	{r3, pc}
 213              	.L18:
 214              	.LBB29:
 215              	.LBB27:
 216              		.loc 1 113 0
 217 001a 9368     		ldr	r3, [r2, #8]
 218 001c 002B     		cmp	r3, #0
 219 001e F8D0     		beq	.L19
 220              		.loc 1 114 0
 221 0020 5068     		ldr	r0, [r2, #4]
 222              	.LVL15:
 223 0022 9847     		blx	r3
 224              	.LVL16:
 225              	.LBE27:
 226              	.LBE29:
 227              	.LBB30:
 228              		.loc 1 133 0
ARM GAS  /tmp/ccpPrHwu.s 			page 5


 229 0024 0023     		movs	r3, #0
 230              	@ 133 "/opt/ChibiOS_2.6.6/os/kernel/src/chmempools.c" 1
 231 0026 83F31188 		msr     BASEPRI, r3
 232              	@ 0 "" 2
 233              		.thumb
 234              	.LBE30:
 235              		.loc 1 135 0
 236 002a 08BD     		pop	{r3, pc}
 237              		.cfi_endproc
 238              	.LFE10:
 239              		.size	chPoolAlloc, .-chPoolAlloc
 240              		.section	.text.chPoolFreeI,"ax",%progbits
 241              		.align	2
 242              		.global	chPoolFreeI
 243              		.thumb
 244              		.thumb_func
 245              		.type	chPoolFreeI, %function
 246              	chPoolFreeI:
 247              	.LFB11:
 248              		.loc 1 149 0
 249              		.cfi_startproc
 250              		@ args = 0, pretend = 0, frame = 0
 251              		@ frame_needed = 0, uses_anonymous_args = 0
 252              		@ link register save eliminated.
 253              	.LVL17:
 254              		.loc 1 155 0
 255 0000 0368     		ldr	r3, [r0]
 256              	.LVL18:
 257 0002 0B60     		str	r3, [r1]
 258              		.loc 1 156 0
 259 0004 0160     		str	r1, [r0]
 260 0006 7047     		bx	lr
 261              		.cfi_endproc
 262              	.LFE11:
 263              		.size	chPoolFreeI, .-chPoolFreeI
 264              		.section	.text.chPoolFree,"ax",%progbits
 265              		.align	2
 266              		.global	chPoolFree
 267              		.thumb
 268              		.thumb_func
 269              		.type	chPoolFree, %function
 270              	chPoolFree:
 271              	.LFB12:
 272              		.loc 1 171 0
 273              		.cfi_startproc
 274              		@ args = 0, pretend = 0, frame = 0
 275              		@ frame_needed = 0, uses_anonymous_args = 0
 276              		@ link register save eliminated.
 277              	.LVL19:
 278              	.LBB31:
 279              		.loc 1 173 0
 280 0000 2023     		movs	r3, #32
 281              	@ 173 "/opt/ChibiOS_2.6.6/os/kernel/src/chmempools.c" 1
 282 0002 83F31188 		msr     BASEPRI, r3
 283              	@ 0 "" 2
 284              	.LVL20:
 285              		.thumb
ARM GAS  /tmp/ccpPrHwu.s 			page 6


 286              	.LBE31:
 287              	.LBB32:
 288              	.LBB33:
 289              		.loc 1 155 0
 290 0006 0268     		ldr	r2, [r0]
 291              	.LBE33:
 292              	.LBE32:
 293              	.LBB35:
 294              		.loc 1 175 0
 295 0008 0023     		movs	r3, #0
 296              	.LBE35:
 297              	.LBB36:
 298              	.LBB34:
 299              		.loc 1 155 0
 300 000a 0A60     		str	r2, [r1]
 301              		.loc 1 156 0
 302 000c 0160     		str	r1, [r0]
 303              	.LBE34:
 304              	.LBE36:
 305              	.LBB37:
 306              		.loc 1 175 0
 307              	@ 175 "/opt/ChibiOS_2.6.6/os/kernel/src/chmempools.c" 1
 308 000e 83F31188 		msr     BASEPRI, r3
 309              	@ 0 "" 2
 310              		.thumb
 311 0012 7047     		bx	lr
 312              	.LBE37:
 313              		.cfi_endproc
 314              	.LFE12:
 315              		.size	chPoolFree, .-chPoolFree
 316              		.text
 317              	.Letext0:
 318              		.file 2 "/usr/lib/gcc/arm-none-eabi/4.8.2/include/stddef.h"
 319              		.file 3 "/usr/include/newlib/machine/_default_types.h"
 320              		.file 4 "/usr/include/newlib/stdint.h"
 321              		.file 5 "/opt/ChibiOS_2.6.6/os/kernel/include/chmemcore.h"
 322              		.file 6 "/opt/ChibiOS_2.6.6/os/kernel/include/chmempools.h"
 323              		.section	.debug_info,"",%progbits
 324              	.Ldebug_info0:
 325 0000 00040000 		.4byte	0x400
 326 0004 0400     		.2byte	0x4
 327 0006 00000000 		.4byte	.Ldebug_abbrev0
 328 000a 04       		.byte	0x4
 329 000b 01       		.uleb128 0x1
 330 000c 20000000 		.4byte	.LASF30
 331 0010 01       		.byte	0x1
 332 0011 E9010000 		.4byte	.LASF31
 333 0015 90000000 		.4byte	.Ldebug_ranges0+0x90
 334 0019 00000000 		.4byte	0
 335 001d 00000000 		.4byte	.Ldebug_line0
 336 0021 02       		.uleb128 0x2
 337 0022 04       		.byte	0x4
 338 0023 05       		.byte	0x5
 339 0024 696E7400 		.ascii	"int\000"
 340 0028 03       		.uleb128 0x3
 341 0029 0A000000 		.4byte	.LASF2
 342 002d 02       		.byte	0x2
ARM GAS  /tmp/ccpPrHwu.s 			page 7


 343 002e D4       		.byte	0xd4
 344 002f 33000000 		.4byte	0x33
 345 0033 04       		.uleb128 0x4
 346 0034 04       		.byte	0x4
 347 0035 07       		.byte	0x7
 348 0036 44010000 		.4byte	.LASF0
 349 003a 04       		.uleb128 0x4
 350 003b 01       		.byte	0x1
 351 003c 06       		.byte	0x6
 352 003d D5010000 		.4byte	.LASF1
 353 0041 03       		.uleb128 0x3
 354 0042 00000000 		.4byte	.LASF3
 355 0046 03       		.byte	0x3
 356 0047 1C       		.byte	0x1c
 357 0048 4C000000 		.4byte	0x4c
 358 004c 04       		.uleb128 0x4
 359 004d 01       		.byte	0x1
 360 004e 08       		.byte	0x8
 361 004f 03010000 		.4byte	.LASF4
 362 0053 04       		.uleb128 0x4
 363 0054 02       		.byte	0x2
 364 0055 05       		.byte	0x5
 365 0056 AD010000 		.4byte	.LASF5
 366 005a 04       		.uleb128 0x4
 367 005b 02       		.byte	0x2
 368 005c 07       		.byte	0x7
 369 005d DB000000 		.4byte	.LASF6
 370 0061 04       		.uleb128 0x4
 371 0062 04       		.byte	0x4
 372 0063 05       		.byte	0x5
 373 0064 CC010000 		.4byte	.LASF7
 374 0068 03       		.uleb128 0x3
 375 0069 11010000 		.4byte	.LASF8
 376 006d 03       		.byte	0x3
 377 006e 38       		.byte	0x38
 378 006f 73000000 		.4byte	0x73
 379 0073 04       		.uleb128 0x4
 380 0074 04       		.byte	0x4
 381 0075 07       		.byte	0x7
 382 0076 C9000000 		.4byte	.LASF9
 383 007a 04       		.uleb128 0x4
 384 007b 08       		.byte	0x8
 385 007c 05       		.byte	0x5
 386 007d 81010000 		.4byte	.LASF10
 387 0081 04       		.uleb128 0x4
 388 0082 08       		.byte	0x8
 389 0083 07       		.byte	0x7
 390 0084 51010000 		.4byte	.LASF11
 391 0088 03       		.uleb128 0x3
 392 0089 68010000 		.4byte	.LASF12
 393 008d 04       		.byte	0x4
 394 008e 2A       		.byte	0x2a
 395 008f 41000000 		.4byte	0x41
 396 0093 03       		.uleb128 0x3
 397 0094 C3010000 		.4byte	.LASF13
 398 0098 04       		.byte	0x4
 399 0099 42       		.byte	0x42
ARM GAS  /tmp/ccpPrHwu.s 			page 8


 400 009a 68000000 		.4byte	0x68
 401 009e 04       		.uleb128 0x4
 402 009f 01       		.byte	0x1
 403 00a0 02       		.byte	0x2
 404 00a1 17020000 		.4byte	.LASF14
 405 00a5 05       		.uleb128 0x5
 406 00a6 04       		.byte	0x4
 407 00a7 04       		.uleb128 0x4
 408 00a8 04       		.byte	0x4
 409 00a9 07       		.byte	0x7
 410 00aa 78010000 		.4byte	.LASF15
 411 00ae 03       		.uleb128 0x3
 412 00af 94010000 		.4byte	.LASF16
 413 00b3 05       		.byte	0x5
 414 00b4 2C       		.byte	0x2c
 415 00b5 B9000000 		.4byte	0xb9
 416 00b9 06       		.uleb128 0x6
 417 00ba 04       		.byte	0x4
 418 00bb BF000000 		.4byte	0xbf
 419 00bf 07       		.uleb128 0x7
 420 00c0 A5000000 		.4byte	0xa5
 421 00c4 CE000000 		.4byte	0xce
 422 00c8 08       		.uleb128 0x8
 423 00c9 28000000 		.4byte	0x28
 424 00cd 00       		.byte	0
 425 00ce 09       		.uleb128 0x9
 426 00cf B8000000 		.4byte	.LASF32
 427 00d3 04       		.byte	0x4
 428 00d4 06       		.byte	0x6
 429 00d5 2C       		.byte	0x2c
 430 00d6 E7000000 		.4byte	0xe7
 431 00da 0A       		.uleb128 0xa
 432 00db 70010000 		.4byte	.LASF17
 433 00df 06       		.byte	0x6
 434 00e0 2D       		.byte	0x2d
 435 00e1 E7000000 		.4byte	0xe7
 436 00e5 00       		.byte	0
 437 00e6 00       		.byte	0
 438 00e7 06       		.uleb128 0x6
 439 00e8 04       		.byte	0x4
 440 00e9 CE000000 		.4byte	0xce
 441 00ed 0B       		.uleb128 0xb
 442 00ee 0C       		.byte	0xc
 443 00ef 06       		.byte	0x6
 444 00f0 34       		.byte	0x34
 445 00f1 1A010000 		.4byte	0x11a
 446 00f5 0A       		.uleb128 0xa
 447 00f6 E1010000 		.4byte	.LASF18
 448 00fa 06       		.byte	0x6
 449 00fb 35       		.byte	0x35
 450 00fc E7000000 		.4byte	0xe7
 451 0100 00       		.byte	0
 452 0101 0A       		.uleb128 0xa
 453 0102 11000000 		.4byte	.LASF19
 454 0106 06       		.byte	0x6
 455 0107 36       		.byte	0x36
 456 0108 28000000 		.4byte	0x28
ARM GAS  /tmp/ccpPrHwu.s 			page 9


 457 010c 04       		.byte	0x4
 458 010d 0A       		.uleb128 0xa
 459 010e A1010000 		.4byte	.LASF20
 460 0112 06       		.byte	0x6
 461 0113 38       		.byte	0x38
 462 0114 AE000000 		.4byte	0xae
 463 0118 08       		.byte	0x8
 464 0119 00       		.byte	0
 465 011a 03       		.uleb128 0x3
 466 011b 27010000 		.4byte	.LASF21
 467 011f 06       		.byte	0x6
 468 0120 3A       		.byte	0x3a
 469 0121 ED000000 		.4byte	0xed
 470 0125 04       		.uleb128 0x4
 471 0126 01       		.byte	0x1
 472 0127 08       		.byte	0x8
 473 0128 8F010000 		.4byte	.LASF22
 474 012c 0C       		.uleb128 0xc
 475 012d 37010000 		.4byte	.LASF33
 476 0131 01       		.byte	0x1
 477 0132 69       		.byte	0x69
 478 0133 A5000000 		.4byte	0xa5
 479 0137 01       		.byte	0x1
 480 0138 52010000 		.4byte	0x152
 481 013c 0D       		.uleb128 0xd
 482 013d 6D7000   		.ascii	"mp\000"
 483 0140 01       		.byte	0x1
 484 0141 69       		.byte	0x69
 485 0142 52010000 		.4byte	0x152
 486 0146 0E       		.uleb128 0xe
 487 0147 32010000 		.4byte	.LASF23
 488 014b 01       		.byte	0x1
 489 014c 6A       		.byte	0x6a
 490 014d A5000000 		.4byte	0xa5
 491 0151 00       		.byte	0
 492 0152 06       		.uleb128 0x6
 493 0153 04       		.byte	0x4
 494 0154 1A010000 		.4byte	0x11a
 495 0158 0F       		.uleb128 0xf
 496 0159 F7000000 		.4byte	.LASF24
 497 015d 01       		.byte	0x1
 498 015e 95       		.byte	0x95
 499 015f 01       		.byte	0x1
 500 0160 85010000 		.4byte	0x185
 501 0164 0D       		.uleb128 0xd
 502 0165 6D7000   		.ascii	"mp\000"
 503 0168 01       		.byte	0x1
 504 0169 95       		.byte	0x95
 505 016a 52010000 		.4byte	0x152
 506 016e 10       		.uleb128 0x10
 507 016f 32010000 		.4byte	.LASF23
 508 0173 01       		.byte	0x1
 509 0174 95       		.byte	0x95
 510 0175 A5000000 		.4byte	0xa5
 511 0179 11       		.uleb128 0x11
 512 017a 70687000 		.ascii	"php\000"
 513 017e 01       		.byte	0x1
ARM GAS  /tmp/ccpPrHwu.s 			page 10


 514 017f 96       		.byte	0x96
 515 0180 E7000000 		.4byte	0xe7
 516 0184 00       		.byte	0
 517 0185 0F       		.uleb128 0xf
 518 0186 1C010000 		.4byte	.LASF25
 519 018a 01       		.byte	0x1
 520 018b AB       		.byte	0xab
 521 018c 01       		.byte	0x1
 522 018d C5010000 		.4byte	0x1c5
 523 0191 0D       		.uleb128 0xd
 524 0192 6D7000   		.ascii	"mp\000"
 525 0195 01       		.byte	0x1
 526 0196 AB       		.byte	0xab
 527 0197 52010000 		.4byte	0x152
 528 019b 10       		.uleb128 0x10
 529 019c 32010000 		.4byte	.LASF23
 530 01a0 01       		.byte	0x1
 531 01a1 AB       		.byte	0xab
 532 01a2 A5000000 		.4byte	0xa5
 533 01a6 12       		.uleb128 0x12
 534 01a7 B7010000 		.4byte	0x1b7
 535 01ab 11       		.uleb128 0x11
 536 01ac 746D7000 		.ascii	"tmp\000"
 537 01b0 01       		.byte	0x1
 538 01b1 AD       		.byte	0xad
 539 01b2 93000000 		.4byte	0x93
 540 01b6 00       		.byte	0
 541 01b7 13       		.uleb128 0x13
 542 01b8 11       		.uleb128 0x11
 543 01b9 746D7000 		.ascii	"tmp\000"
 544 01bd 01       		.byte	0x1
 545 01be AF       		.byte	0xaf
 546 01bf 93000000 		.4byte	0x93
 547 01c3 00       		.byte	0
 548 01c4 00       		.byte	0
 549 01c5 14       		.uleb128 0x14
 550 01c6 1D020000 		.4byte	.LASF28
 551 01ca 01       		.byte	0x1
 552 01cb 3E       		.byte	0x3e
 553 01cc 00000000 		.4byte	.LFB7
 554 01d0 0A000000 		.4byte	.LFE7-.LFB7
 555 01d4 01       		.uleb128 0x1
 556 01d5 9C       		.byte	0x9c
 557 01d6 01020000 		.4byte	0x201
 558 01da 15       		.uleb128 0x15
 559 01db 6D7000   		.ascii	"mp\000"
 560 01de 01       		.byte	0x1
 561 01df 3E       		.byte	0x3e
 562 01e0 52010000 		.4byte	0x152
 563 01e4 01       		.uleb128 0x1
 564 01e5 50       		.byte	0x50
 565 01e6 16       		.uleb128 0x16
 566 01e7 C4000000 		.4byte	.LASF26
 567 01eb 01       		.byte	0x1
 568 01ec 3E       		.byte	0x3e
 569 01ed 28000000 		.4byte	0x28
 570 01f1 01       		.uleb128 0x1
ARM GAS  /tmp/ccpPrHwu.s 			page 11


 571 01f2 51       		.byte	0x51
 572 01f3 16       		.uleb128 0x16
 573 01f4 EE000000 		.4byte	.LASF27
 574 01f8 01       		.byte	0x1
 575 01f9 3E       		.byte	0x3e
 576 01fa AE000000 		.4byte	0xae
 577 01fe 01       		.uleb128 0x1
 578 01ff 52       		.byte	0x52
 579 0200 00       		.byte	0
 580 0201 14       		.uleb128 0x14
 581 0202 A8000000 		.4byte	.LASF29
 582 0206 01       		.byte	0x1
 583 0207 54       		.byte	0x54
 584 0208 00000000 		.4byte	.LFB8
 585 020c 24000000 		.4byte	.LFE8-.LFB8
 586 0210 01       		.uleb128 0x1
 587 0211 9C       		.byte	0x9c
 588 0212 B6020000 		.4byte	0x2b6
 589 0216 15       		.uleb128 0x15
 590 0217 6D7000   		.ascii	"mp\000"
 591 021a 01       		.byte	0x1
 592 021b 54       		.byte	0x54
 593 021c 52010000 		.4byte	0x152
 594 0220 01       		.uleb128 0x1
 595 0221 50       		.byte	0x50
 596 0222 17       		.uleb128 0x17
 597 0223 7000     		.ascii	"p\000"
 598 0225 01       		.byte	0x1
 599 0226 54       		.byte	0x54
 600 0227 A5000000 		.4byte	0xa5
 601 022b 00000000 		.4byte	.LLST0
 602 022f 17       		.uleb128 0x17
 603 0230 6E00     		.ascii	"n\000"
 604 0232 01       		.byte	0x1
 605 0233 54       		.byte	0x54
 606 0234 28000000 		.4byte	0x28
 607 0238 1E000000 		.4byte	.LLST1
 608 023c 18       		.uleb128 0x18
 609 023d 85010000 		.4byte	0x185
 610 0241 04000000 		.4byte	.LBB16
 611 0245 12000000 		.4byte	.LBE16-.LBB16
 612 0249 01       		.byte	0x1
 613 024a 59       		.byte	0x59
 614 024b 19       		.uleb128 0x19
 615 024c 9B010000 		.4byte	0x19b
 616 0250 49000000 		.4byte	.LLST2
 617 0254 19       		.uleb128 0x19
 618 0255 91010000 		.4byte	0x191
 619 0259 68000000 		.4byte	.LLST3
 620 025d 1A       		.uleb128 0x1a
 621 025e 04000000 		.4byte	.LBB17
 622 0262 06000000 		.4byte	.LBE17-.LBB17
 623 0266 72020000 		.4byte	0x272
 624 026a 1B       		.uleb128 0x1b
 625 026b AB010000 		.4byte	0x1ab
 626 026f 01       		.uleb128 0x1
 627 0270 53       		.byte	0x53
ARM GAS  /tmp/ccpPrHwu.s 			page 12


 628 0271 00       		.byte	0
 629 0272 1C       		.uleb128 0x1c
 630 0273 58010000 		.4byte	0x158
 631 0277 0A000000 		.4byte	.LBB18
 632 027b 00000000 		.4byte	.Ldebug_ranges0+0
 633 027f 01       		.byte	0x1
 634 0280 AE       		.byte	0xae
 635 0281 A7020000 		.4byte	0x2a7
 636 0285 19       		.uleb128 0x19
 637 0286 6E010000 		.4byte	0x16e
 638 028a 7B000000 		.4byte	.LLST4
 639 028e 19       		.uleb128 0x19
 640 028f 64010000 		.4byte	0x164
 641 0293 9A000000 		.4byte	.LLST5
 642 0297 1D       		.uleb128 0x1d
 643 0298 00000000 		.4byte	.Ldebug_ranges0+0
 644 029c 1E       		.uleb128 0x1e
 645 029d 79010000 		.4byte	0x179
 646 02a1 7B000000 		.4byte	.LLST4
 647 02a5 00       		.byte	0
 648 02a6 00       		.byte	0
 649 02a7 1D       		.uleb128 0x1d
 650 02a8 18000000 		.4byte	.Ldebug_ranges0+0x18
 651 02ac 1B       		.uleb128 0x1b
 652 02ad B8010000 		.4byte	0x1b8
 653 02b1 01       		.uleb128 0x1
 654 02b2 53       		.byte	0x53
 655 02b3 00       		.byte	0
 656 02b4 00       		.byte	0
 657 02b5 00       		.byte	0
 658 02b6 1F       		.uleb128 0x1f
 659 02b7 2C010000 		.4byte	0x12c
 660 02bb 00000000 		.4byte	.LFB9
 661 02bf 18000000 		.4byte	.LFE9-.LFB9
 662 02c3 01       		.uleb128 0x1
 663 02c4 9C       		.byte	0x9c
 664 02c5 DC020000 		.4byte	0x2dc
 665 02c9 19       		.uleb128 0x19
 666 02ca 3C010000 		.4byte	0x13c
 667 02ce AD000000 		.4byte	.LLST7
 668 02d2 1E       		.uleb128 0x1e
 669 02d3 46010000 		.4byte	0x146
 670 02d7 D9000000 		.4byte	.LLST8
 671 02db 00       		.byte	0
 672 02dc 20       		.uleb128 0x20
 673 02dd B7010000 		.4byte	.LASF34
 674 02e1 01       		.byte	0x1
 675 02e2 80       		.byte	0x80
 676 02e3 A5000000 		.4byte	0xa5
 677 02e7 00000000 		.4byte	.LFB10
 678 02eb 2C000000 		.4byte	.LFE10-.LFB10
 679 02ef 01       		.uleb128 0x1
 680 02f0 9C       		.byte	0x9c
 681 02f1 6B030000 		.4byte	0x36b
 682 02f5 17       		.uleb128 0x17
 683 02f6 6D7000   		.ascii	"mp\000"
 684 02f9 01       		.byte	0x1
ARM GAS  /tmp/ccpPrHwu.s 			page 13


 685 02fa 80       		.byte	0x80
 686 02fb 52010000 		.4byte	0x152
 687 02ff 03010000 		.4byte	.LLST9
 688 0303 21       		.uleb128 0x21
 689 0304 32010000 		.4byte	.LASF23
 690 0308 01       		.byte	0x1
 691 0309 81       		.byte	0x81
 692 030a A5000000 		.4byte	0xa5
 693 030e 01       		.uleb128 0x1
 694 030f 50       		.byte	0x50
 695 0310 1A       		.uleb128 0x1a
 696 0311 04000000 		.4byte	.LBB24
 697 0315 06000000 		.4byte	.LBE24-.LBB24
 698 0319 2B030000 		.4byte	0x32b
 699 031d 22       		.uleb128 0x22
 700 031e 746D7000 		.ascii	"tmp\000"
 701 0322 01       		.byte	0x1
 702 0323 83       		.byte	0x83
 703 0324 93000000 		.4byte	0x93
 704 0328 01       		.uleb128 0x1
 705 0329 53       		.byte	0x53
 706 032a 00       		.byte	0
 707 032b 1C       		.uleb128 0x1c
 708 032c 2C010000 		.4byte	0x12c
 709 0330 0A000000 		.4byte	.LBB25
 710 0334 30000000 		.4byte	.Ldebug_ranges0+0x30
 711 0338 01       		.byte	0x1
 712 0339 84       		.byte	0x84
 713 033a 57030000 		.4byte	0x357
 714 033e 19       		.uleb128 0x19
 715 033f 3C010000 		.4byte	0x13c
 716 0343 2F010000 		.4byte	.LLST10
 717 0347 1D       		.uleb128 0x1d
 718 0348 30000000 		.4byte	.Ldebug_ranges0+0x30
 719 034c 1E       		.uleb128 0x1e
 720 034d 46010000 		.4byte	0x146
 721 0351 5B010000 		.4byte	.LLST11
 722 0355 00       		.byte	0
 723 0356 00       		.byte	0
 724 0357 1D       		.uleb128 0x1d
 725 0358 48000000 		.4byte	.Ldebug_ranges0+0x48
 726 035c 22       		.uleb128 0x22
 727 035d 746D7000 		.ascii	"tmp\000"
 728 0361 01       		.byte	0x1
 729 0362 85       		.byte	0x85
 730 0363 93000000 		.4byte	0x93
 731 0367 01       		.uleb128 0x1
 732 0368 53       		.byte	0x53
 733 0369 00       		.byte	0
 734 036a 00       		.byte	0
 735 036b 23       		.uleb128 0x23
 736 036c 58010000 		.4byte	0x158
 737 0370 00000000 		.4byte	.LFB11
 738 0374 08000000 		.4byte	.LFE11-.LFB11
 739 0378 01       		.uleb128 0x1
 740 0379 9C       		.byte	0x9c
 741 037a 94030000 		.4byte	0x394
ARM GAS  /tmp/ccpPrHwu.s 			page 14


 742 037e 24       		.uleb128 0x24
 743 037f 64010000 		.4byte	0x164
 744 0383 01       		.uleb128 0x1
 745 0384 50       		.byte	0x50
 746 0385 24       		.uleb128 0x24
 747 0386 6E010000 		.4byte	0x16e
 748 038a 01       		.uleb128 0x1
 749 038b 51       		.byte	0x51
 750 038c 1B       		.uleb128 0x1b
 751 038d 79010000 		.4byte	0x179
 752 0391 01       		.uleb128 0x1
 753 0392 51       		.byte	0x51
 754 0393 00       		.byte	0
 755 0394 25       		.uleb128 0x25
 756 0395 85010000 		.4byte	0x185
 757 0399 00000000 		.4byte	.LFB12
 758 039d 14000000 		.4byte	.LFE12-.LFB12
 759 03a1 01       		.uleb128 0x1
 760 03a2 9C       		.byte	0x9c
 761 03a3 24       		.uleb128 0x24
 762 03a4 91010000 		.4byte	0x191
 763 03a8 01       		.uleb128 0x1
 764 03a9 50       		.byte	0x50
 765 03aa 24       		.uleb128 0x24
 766 03ab 9B010000 		.4byte	0x19b
 767 03af 01       		.uleb128 0x1
 768 03b0 51       		.byte	0x51
 769 03b1 1A       		.uleb128 0x1a
 770 03b2 00000000 		.4byte	.LBB31
 771 03b6 06000000 		.4byte	.LBE31-.LBB31
 772 03ba C6030000 		.4byte	0x3c6
 773 03be 1B       		.uleb128 0x1b
 774 03bf AB010000 		.4byte	0x1ab
 775 03c3 01       		.uleb128 0x1
 776 03c4 53       		.byte	0x53
 777 03c5 00       		.byte	0
 778 03c6 1C       		.uleb128 0x1c
 779 03c7 58010000 		.4byte	0x158
 780 03cb 06000000 		.4byte	.LBB32
 781 03cf 60000000 		.4byte	.Ldebug_ranges0+0x60
 782 03d3 01       		.byte	0x1
 783 03d4 AE       		.byte	0xae
 784 03d5 F5030000 		.4byte	0x3f5
 785 03d9 24       		.uleb128 0x24
 786 03da 6E010000 		.4byte	0x16e
 787 03de 01       		.uleb128 0x1
 788 03df 51       		.byte	0x51
 789 03e0 24       		.uleb128 0x24
 790 03e1 64010000 		.4byte	0x164
 791 03e5 01       		.uleb128 0x1
 792 03e6 50       		.byte	0x50
 793 03e7 1D       		.uleb128 0x1d
 794 03e8 60000000 		.4byte	.Ldebug_ranges0+0x60
 795 03ec 1B       		.uleb128 0x1b
 796 03ed 79010000 		.4byte	0x179
 797 03f1 01       		.uleb128 0x1
 798 03f2 51       		.byte	0x51
ARM GAS  /tmp/ccpPrHwu.s 			page 15


 799 03f3 00       		.byte	0
 800 03f4 00       		.byte	0
 801 03f5 1D       		.uleb128 0x1d
 802 03f6 78000000 		.4byte	.Ldebug_ranges0+0x78
 803 03fa 1B       		.uleb128 0x1b
 804 03fb B8010000 		.4byte	0x1b8
 805 03ff 01       		.uleb128 0x1
 806 0400 53       		.byte	0x53
 807 0401 00       		.byte	0
 808 0402 00       		.byte	0
 809 0403 00       		.byte	0
 810              		.section	.debug_abbrev,"",%progbits
 811              	.Ldebug_abbrev0:
 812 0000 01       		.uleb128 0x1
 813 0001 11       		.uleb128 0x11
 814 0002 01       		.byte	0x1
 815 0003 25       		.uleb128 0x25
 816 0004 0E       		.uleb128 0xe
 817 0005 13       		.uleb128 0x13
 818 0006 0B       		.uleb128 0xb
 819 0007 03       		.uleb128 0x3
 820 0008 0E       		.uleb128 0xe
 821 0009 55       		.uleb128 0x55
 822 000a 17       		.uleb128 0x17
 823 000b 11       		.uleb128 0x11
 824 000c 01       		.uleb128 0x1
 825 000d 10       		.uleb128 0x10
 826 000e 17       		.uleb128 0x17
 827 000f 00       		.byte	0
 828 0010 00       		.byte	0
 829 0011 02       		.uleb128 0x2
 830 0012 24       		.uleb128 0x24
 831 0013 00       		.byte	0
 832 0014 0B       		.uleb128 0xb
 833 0015 0B       		.uleb128 0xb
 834 0016 3E       		.uleb128 0x3e
 835 0017 0B       		.uleb128 0xb
 836 0018 03       		.uleb128 0x3
 837 0019 08       		.uleb128 0x8
 838 001a 00       		.byte	0
 839 001b 00       		.byte	0
 840 001c 03       		.uleb128 0x3
 841 001d 16       		.uleb128 0x16
 842 001e 00       		.byte	0
 843 001f 03       		.uleb128 0x3
 844 0020 0E       		.uleb128 0xe
 845 0021 3A       		.uleb128 0x3a
 846 0022 0B       		.uleb128 0xb
 847 0023 3B       		.uleb128 0x3b
 848 0024 0B       		.uleb128 0xb
 849 0025 49       		.uleb128 0x49
 850 0026 13       		.uleb128 0x13
 851 0027 00       		.byte	0
 852 0028 00       		.byte	0
 853 0029 04       		.uleb128 0x4
 854 002a 24       		.uleb128 0x24
 855 002b 00       		.byte	0
ARM GAS  /tmp/ccpPrHwu.s 			page 16


 856 002c 0B       		.uleb128 0xb
 857 002d 0B       		.uleb128 0xb
 858 002e 3E       		.uleb128 0x3e
 859 002f 0B       		.uleb128 0xb
 860 0030 03       		.uleb128 0x3
 861 0031 0E       		.uleb128 0xe
 862 0032 00       		.byte	0
 863 0033 00       		.byte	0
 864 0034 05       		.uleb128 0x5
 865 0035 0F       		.uleb128 0xf
 866 0036 00       		.byte	0
 867 0037 0B       		.uleb128 0xb
 868 0038 0B       		.uleb128 0xb
 869 0039 00       		.byte	0
 870 003a 00       		.byte	0
 871 003b 06       		.uleb128 0x6
 872 003c 0F       		.uleb128 0xf
 873 003d 00       		.byte	0
 874 003e 0B       		.uleb128 0xb
 875 003f 0B       		.uleb128 0xb
 876 0040 49       		.uleb128 0x49
 877 0041 13       		.uleb128 0x13
 878 0042 00       		.byte	0
 879 0043 00       		.byte	0
 880 0044 07       		.uleb128 0x7
 881 0045 15       		.uleb128 0x15
 882 0046 01       		.byte	0x1
 883 0047 27       		.uleb128 0x27
 884 0048 19       		.uleb128 0x19
 885 0049 49       		.uleb128 0x49
 886 004a 13       		.uleb128 0x13
 887 004b 01       		.uleb128 0x1
 888 004c 13       		.uleb128 0x13
 889 004d 00       		.byte	0
 890 004e 00       		.byte	0
 891 004f 08       		.uleb128 0x8
 892 0050 05       		.uleb128 0x5
 893 0051 00       		.byte	0
 894 0052 49       		.uleb128 0x49
 895 0053 13       		.uleb128 0x13
 896 0054 00       		.byte	0
 897 0055 00       		.byte	0
 898 0056 09       		.uleb128 0x9
 899 0057 13       		.uleb128 0x13
 900 0058 01       		.byte	0x1
 901 0059 03       		.uleb128 0x3
 902 005a 0E       		.uleb128 0xe
 903 005b 0B       		.uleb128 0xb
 904 005c 0B       		.uleb128 0xb
 905 005d 3A       		.uleb128 0x3a
 906 005e 0B       		.uleb128 0xb
 907 005f 3B       		.uleb128 0x3b
 908 0060 0B       		.uleb128 0xb
 909 0061 01       		.uleb128 0x1
 910 0062 13       		.uleb128 0x13
 911 0063 00       		.byte	0
 912 0064 00       		.byte	0
ARM GAS  /tmp/ccpPrHwu.s 			page 17


 913 0065 0A       		.uleb128 0xa
 914 0066 0D       		.uleb128 0xd
 915 0067 00       		.byte	0
 916 0068 03       		.uleb128 0x3
 917 0069 0E       		.uleb128 0xe
 918 006a 3A       		.uleb128 0x3a
 919 006b 0B       		.uleb128 0xb
 920 006c 3B       		.uleb128 0x3b
 921 006d 0B       		.uleb128 0xb
 922 006e 49       		.uleb128 0x49
 923 006f 13       		.uleb128 0x13
 924 0070 38       		.uleb128 0x38
 925 0071 0B       		.uleb128 0xb
 926 0072 00       		.byte	0
 927 0073 00       		.byte	0
 928 0074 0B       		.uleb128 0xb
 929 0075 13       		.uleb128 0x13
 930 0076 01       		.byte	0x1
 931 0077 0B       		.uleb128 0xb
 932 0078 0B       		.uleb128 0xb
 933 0079 3A       		.uleb128 0x3a
 934 007a 0B       		.uleb128 0xb
 935 007b 3B       		.uleb128 0x3b
 936 007c 0B       		.uleb128 0xb
 937 007d 01       		.uleb128 0x1
 938 007e 13       		.uleb128 0x13
 939 007f 00       		.byte	0
 940 0080 00       		.byte	0
 941 0081 0C       		.uleb128 0xc
 942 0082 2E       		.uleb128 0x2e
 943 0083 01       		.byte	0x1
 944 0084 3F       		.uleb128 0x3f
 945 0085 19       		.uleb128 0x19
 946 0086 03       		.uleb128 0x3
 947 0087 0E       		.uleb128 0xe
 948 0088 3A       		.uleb128 0x3a
 949 0089 0B       		.uleb128 0xb
 950 008a 3B       		.uleb128 0x3b
 951 008b 0B       		.uleb128 0xb
 952 008c 27       		.uleb128 0x27
 953 008d 19       		.uleb128 0x19
 954 008e 49       		.uleb128 0x49
 955 008f 13       		.uleb128 0x13
 956 0090 20       		.uleb128 0x20
 957 0091 0B       		.uleb128 0xb
 958 0092 01       		.uleb128 0x1
 959 0093 13       		.uleb128 0x13
 960 0094 00       		.byte	0
 961 0095 00       		.byte	0
 962 0096 0D       		.uleb128 0xd
 963 0097 05       		.uleb128 0x5
 964 0098 00       		.byte	0
 965 0099 03       		.uleb128 0x3
 966 009a 08       		.uleb128 0x8
 967 009b 3A       		.uleb128 0x3a
 968 009c 0B       		.uleb128 0xb
 969 009d 3B       		.uleb128 0x3b
ARM GAS  /tmp/ccpPrHwu.s 			page 18


 970 009e 0B       		.uleb128 0xb
 971 009f 49       		.uleb128 0x49
 972 00a0 13       		.uleb128 0x13
 973 00a1 00       		.byte	0
 974 00a2 00       		.byte	0
 975 00a3 0E       		.uleb128 0xe
 976 00a4 34       		.uleb128 0x34
 977 00a5 00       		.byte	0
 978 00a6 03       		.uleb128 0x3
 979 00a7 0E       		.uleb128 0xe
 980 00a8 3A       		.uleb128 0x3a
 981 00a9 0B       		.uleb128 0xb
 982 00aa 3B       		.uleb128 0x3b
 983 00ab 0B       		.uleb128 0xb
 984 00ac 49       		.uleb128 0x49
 985 00ad 13       		.uleb128 0x13
 986 00ae 00       		.byte	0
 987 00af 00       		.byte	0
 988 00b0 0F       		.uleb128 0xf
 989 00b1 2E       		.uleb128 0x2e
 990 00b2 01       		.byte	0x1
 991 00b3 3F       		.uleb128 0x3f
 992 00b4 19       		.uleb128 0x19
 993 00b5 03       		.uleb128 0x3
 994 00b6 0E       		.uleb128 0xe
 995 00b7 3A       		.uleb128 0x3a
 996 00b8 0B       		.uleb128 0xb
 997 00b9 3B       		.uleb128 0x3b
 998 00ba 0B       		.uleb128 0xb
 999 00bb 27       		.uleb128 0x27
 1000 00bc 19       		.uleb128 0x19
 1001 00bd 20       		.uleb128 0x20
 1002 00be 0B       		.uleb128 0xb
 1003 00bf 01       		.uleb128 0x1
 1004 00c0 13       		.uleb128 0x13
 1005 00c1 00       		.byte	0
 1006 00c2 00       		.byte	0
 1007 00c3 10       		.uleb128 0x10
 1008 00c4 05       		.uleb128 0x5
 1009 00c5 00       		.byte	0
 1010 00c6 03       		.uleb128 0x3
 1011 00c7 0E       		.uleb128 0xe
 1012 00c8 3A       		.uleb128 0x3a
 1013 00c9 0B       		.uleb128 0xb
 1014 00ca 3B       		.uleb128 0x3b
 1015 00cb 0B       		.uleb128 0xb
 1016 00cc 49       		.uleb128 0x49
 1017 00cd 13       		.uleb128 0x13
 1018 00ce 00       		.byte	0
 1019 00cf 00       		.byte	0
 1020 00d0 11       		.uleb128 0x11
 1021 00d1 34       		.uleb128 0x34
 1022 00d2 00       		.byte	0
 1023 00d3 03       		.uleb128 0x3
 1024 00d4 08       		.uleb128 0x8
 1025 00d5 3A       		.uleb128 0x3a
 1026 00d6 0B       		.uleb128 0xb
ARM GAS  /tmp/ccpPrHwu.s 			page 19


 1027 00d7 3B       		.uleb128 0x3b
 1028 00d8 0B       		.uleb128 0xb
 1029 00d9 49       		.uleb128 0x49
 1030 00da 13       		.uleb128 0x13
 1031 00db 00       		.byte	0
 1032 00dc 00       		.byte	0
 1033 00dd 12       		.uleb128 0x12
 1034 00de 0B       		.uleb128 0xb
 1035 00df 01       		.byte	0x1
 1036 00e0 01       		.uleb128 0x1
 1037 00e1 13       		.uleb128 0x13
 1038 00e2 00       		.byte	0
 1039 00e3 00       		.byte	0
 1040 00e4 13       		.uleb128 0x13
 1041 00e5 0B       		.uleb128 0xb
 1042 00e6 01       		.byte	0x1
 1043 00e7 00       		.byte	0
 1044 00e8 00       		.byte	0
 1045 00e9 14       		.uleb128 0x14
 1046 00ea 2E       		.uleb128 0x2e
 1047 00eb 01       		.byte	0x1
 1048 00ec 3F       		.uleb128 0x3f
 1049 00ed 19       		.uleb128 0x19
 1050 00ee 03       		.uleb128 0x3
 1051 00ef 0E       		.uleb128 0xe
 1052 00f0 3A       		.uleb128 0x3a
 1053 00f1 0B       		.uleb128 0xb
 1054 00f2 3B       		.uleb128 0x3b
 1055 00f3 0B       		.uleb128 0xb
 1056 00f4 27       		.uleb128 0x27
 1057 00f5 19       		.uleb128 0x19
 1058 00f6 11       		.uleb128 0x11
 1059 00f7 01       		.uleb128 0x1
 1060 00f8 12       		.uleb128 0x12
 1061 00f9 06       		.uleb128 0x6
 1062 00fa 40       		.uleb128 0x40
 1063 00fb 18       		.uleb128 0x18
 1064 00fc 9742     		.uleb128 0x2117
 1065 00fe 19       		.uleb128 0x19
 1066 00ff 01       		.uleb128 0x1
 1067 0100 13       		.uleb128 0x13
 1068 0101 00       		.byte	0
 1069 0102 00       		.byte	0
 1070 0103 15       		.uleb128 0x15
 1071 0104 05       		.uleb128 0x5
 1072 0105 00       		.byte	0
 1073 0106 03       		.uleb128 0x3
 1074 0107 08       		.uleb128 0x8
 1075 0108 3A       		.uleb128 0x3a
 1076 0109 0B       		.uleb128 0xb
 1077 010a 3B       		.uleb128 0x3b
 1078 010b 0B       		.uleb128 0xb
 1079 010c 49       		.uleb128 0x49
 1080 010d 13       		.uleb128 0x13
 1081 010e 02       		.uleb128 0x2
 1082 010f 18       		.uleb128 0x18
 1083 0110 00       		.byte	0
ARM GAS  /tmp/ccpPrHwu.s 			page 20


 1084 0111 00       		.byte	0
 1085 0112 16       		.uleb128 0x16
 1086 0113 05       		.uleb128 0x5
 1087 0114 00       		.byte	0
 1088 0115 03       		.uleb128 0x3
 1089 0116 0E       		.uleb128 0xe
 1090 0117 3A       		.uleb128 0x3a
 1091 0118 0B       		.uleb128 0xb
 1092 0119 3B       		.uleb128 0x3b
 1093 011a 0B       		.uleb128 0xb
 1094 011b 49       		.uleb128 0x49
 1095 011c 13       		.uleb128 0x13
 1096 011d 02       		.uleb128 0x2
 1097 011e 18       		.uleb128 0x18
 1098 011f 00       		.byte	0
 1099 0120 00       		.byte	0
 1100 0121 17       		.uleb128 0x17
 1101 0122 05       		.uleb128 0x5
 1102 0123 00       		.byte	0
 1103 0124 03       		.uleb128 0x3
 1104 0125 08       		.uleb128 0x8
 1105 0126 3A       		.uleb128 0x3a
 1106 0127 0B       		.uleb128 0xb
 1107 0128 3B       		.uleb128 0x3b
 1108 0129 0B       		.uleb128 0xb
 1109 012a 49       		.uleb128 0x49
 1110 012b 13       		.uleb128 0x13
 1111 012c 02       		.uleb128 0x2
 1112 012d 17       		.uleb128 0x17
 1113 012e 00       		.byte	0
 1114 012f 00       		.byte	0
 1115 0130 18       		.uleb128 0x18
 1116 0131 1D       		.uleb128 0x1d
 1117 0132 01       		.byte	0x1
 1118 0133 31       		.uleb128 0x31
 1119 0134 13       		.uleb128 0x13
 1120 0135 11       		.uleb128 0x11
 1121 0136 01       		.uleb128 0x1
 1122 0137 12       		.uleb128 0x12
 1123 0138 06       		.uleb128 0x6
 1124 0139 58       		.uleb128 0x58
 1125 013a 0B       		.uleb128 0xb
 1126 013b 59       		.uleb128 0x59
 1127 013c 0B       		.uleb128 0xb
 1128 013d 00       		.byte	0
 1129 013e 00       		.byte	0
 1130 013f 19       		.uleb128 0x19
 1131 0140 05       		.uleb128 0x5
 1132 0141 00       		.byte	0
 1133 0142 31       		.uleb128 0x31
 1134 0143 13       		.uleb128 0x13
 1135 0144 02       		.uleb128 0x2
 1136 0145 17       		.uleb128 0x17
 1137 0146 00       		.byte	0
 1138 0147 00       		.byte	0
 1139 0148 1A       		.uleb128 0x1a
 1140 0149 0B       		.uleb128 0xb
ARM GAS  /tmp/ccpPrHwu.s 			page 21


 1141 014a 01       		.byte	0x1
 1142 014b 11       		.uleb128 0x11
 1143 014c 01       		.uleb128 0x1
 1144 014d 12       		.uleb128 0x12
 1145 014e 06       		.uleb128 0x6
 1146 014f 01       		.uleb128 0x1
 1147 0150 13       		.uleb128 0x13
 1148 0151 00       		.byte	0
 1149 0152 00       		.byte	0
 1150 0153 1B       		.uleb128 0x1b
 1151 0154 34       		.uleb128 0x34
 1152 0155 00       		.byte	0
 1153 0156 31       		.uleb128 0x31
 1154 0157 13       		.uleb128 0x13
 1155 0158 02       		.uleb128 0x2
 1156 0159 18       		.uleb128 0x18
 1157 015a 00       		.byte	0
 1158 015b 00       		.byte	0
 1159 015c 1C       		.uleb128 0x1c
 1160 015d 1D       		.uleb128 0x1d
 1161 015e 01       		.byte	0x1
 1162 015f 31       		.uleb128 0x31
 1163 0160 13       		.uleb128 0x13
 1164 0161 52       		.uleb128 0x52
 1165 0162 01       		.uleb128 0x1
 1166 0163 55       		.uleb128 0x55
 1167 0164 17       		.uleb128 0x17
 1168 0165 58       		.uleb128 0x58
 1169 0166 0B       		.uleb128 0xb
 1170 0167 59       		.uleb128 0x59
 1171 0168 0B       		.uleb128 0xb
 1172 0169 01       		.uleb128 0x1
 1173 016a 13       		.uleb128 0x13
 1174 016b 00       		.byte	0
 1175 016c 00       		.byte	0
 1176 016d 1D       		.uleb128 0x1d
 1177 016e 0B       		.uleb128 0xb
 1178 016f 01       		.byte	0x1
 1179 0170 55       		.uleb128 0x55
 1180 0171 17       		.uleb128 0x17
 1181 0172 00       		.byte	0
 1182 0173 00       		.byte	0
 1183 0174 1E       		.uleb128 0x1e
 1184 0175 34       		.uleb128 0x34
 1185 0176 00       		.byte	0
 1186 0177 31       		.uleb128 0x31
 1187 0178 13       		.uleb128 0x13
 1188 0179 02       		.uleb128 0x2
 1189 017a 17       		.uleb128 0x17
 1190 017b 00       		.byte	0
 1191 017c 00       		.byte	0
 1192 017d 1F       		.uleb128 0x1f
 1193 017e 2E       		.uleb128 0x2e
 1194 017f 01       		.byte	0x1
 1195 0180 31       		.uleb128 0x31
 1196 0181 13       		.uleb128 0x13
 1197 0182 11       		.uleb128 0x11
ARM GAS  /tmp/ccpPrHwu.s 			page 22


 1198 0183 01       		.uleb128 0x1
 1199 0184 12       		.uleb128 0x12
 1200 0185 06       		.uleb128 0x6
 1201 0186 40       		.uleb128 0x40
 1202 0187 18       		.uleb128 0x18
 1203 0188 9642     		.uleb128 0x2116
 1204 018a 19       		.uleb128 0x19
 1205 018b 01       		.uleb128 0x1
 1206 018c 13       		.uleb128 0x13
 1207 018d 00       		.byte	0
 1208 018e 00       		.byte	0
 1209 018f 20       		.uleb128 0x20
 1210 0190 2E       		.uleb128 0x2e
 1211 0191 01       		.byte	0x1
 1212 0192 3F       		.uleb128 0x3f
 1213 0193 19       		.uleb128 0x19
 1214 0194 03       		.uleb128 0x3
 1215 0195 0E       		.uleb128 0xe
 1216 0196 3A       		.uleb128 0x3a
 1217 0197 0B       		.uleb128 0xb
 1218 0198 3B       		.uleb128 0x3b
 1219 0199 0B       		.uleb128 0xb
 1220 019a 27       		.uleb128 0x27
 1221 019b 19       		.uleb128 0x19
 1222 019c 49       		.uleb128 0x49
 1223 019d 13       		.uleb128 0x13
 1224 019e 11       		.uleb128 0x11
 1225 019f 01       		.uleb128 0x1
 1226 01a0 12       		.uleb128 0x12
 1227 01a1 06       		.uleb128 0x6
 1228 01a2 40       		.uleb128 0x40
 1229 01a3 18       		.uleb128 0x18
 1230 01a4 9642     		.uleb128 0x2116
 1231 01a6 19       		.uleb128 0x19
 1232 01a7 01       		.uleb128 0x1
 1233 01a8 13       		.uleb128 0x13
 1234 01a9 00       		.byte	0
 1235 01aa 00       		.byte	0
 1236 01ab 21       		.uleb128 0x21
 1237 01ac 34       		.uleb128 0x34
 1238 01ad 00       		.byte	0
 1239 01ae 03       		.uleb128 0x3
 1240 01af 0E       		.uleb128 0xe
 1241 01b0 3A       		.uleb128 0x3a
 1242 01b1 0B       		.uleb128 0xb
 1243 01b2 3B       		.uleb128 0x3b
 1244 01b3 0B       		.uleb128 0xb
 1245 01b4 49       		.uleb128 0x49
 1246 01b5 13       		.uleb128 0x13
 1247 01b6 02       		.uleb128 0x2
 1248 01b7 18       		.uleb128 0x18
 1249 01b8 00       		.byte	0
 1250 01b9 00       		.byte	0
 1251 01ba 22       		.uleb128 0x22
 1252 01bb 34       		.uleb128 0x34
 1253 01bc 00       		.byte	0
 1254 01bd 03       		.uleb128 0x3
ARM GAS  /tmp/ccpPrHwu.s 			page 23


 1255 01be 08       		.uleb128 0x8
 1256 01bf 3A       		.uleb128 0x3a
 1257 01c0 0B       		.uleb128 0xb
 1258 01c1 3B       		.uleb128 0x3b
 1259 01c2 0B       		.uleb128 0xb
 1260 01c3 49       		.uleb128 0x49
 1261 01c4 13       		.uleb128 0x13
 1262 01c5 02       		.uleb128 0x2
 1263 01c6 18       		.uleb128 0x18
 1264 01c7 00       		.byte	0
 1265 01c8 00       		.byte	0
 1266 01c9 23       		.uleb128 0x23
 1267 01ca 2E       		.uleb128 0x2e
 1268 01cb 01       		.byte	0x1
 1269 01cc 31       		.uleb128 0x31
 1270 01cd 13       		.uleb128 0x13
 1271 01ce 11       		.uleb128 0x11
 1272 01cf 01       		.uleb128 0x1
 1273 01d0 12       		.uleb128 0x12
 1274 01d1 06       		.uleb128 0x6
 1275 01d2 40       		.uleb128 0x40
 1276 01d3 18       		.uleb128 0x18
 1277 01d4 9742     		.uleb128 0x2117
 1278 01d6 19       		.uleb128 0x19
 1279 01d7 01       		.uleb128 0x1
 1280 01d8 13       		.uleb128 0x13
 1281 01d9 00       		.byte	0
 1282 01da 00       		.byte	0
 1283 01db 24       		.uleb128 0x24
 1284 01dc 05       		.uleb128 0x5
 1285 01dd 00       		.byte	0
 1286 01de 31       		.uleb128 0x31
 1287 01df 13       		.uleb128 0x13
 1288 01e0 02       		.uleb128 0x2
 1289 01e1 18       		.uleb128 0x18
 1290 01e2 00       		.byte	0
 1291 01e3 00       		.byte	0
 1292 01e4 25       		.uleb128 0x25
 1293 01e5 2E       		.uleb128 0x2e
 1294 01e6 01       		.byte	0x1
 1295 01e7 31       		.uleb128 0x31
 1296 01e8 13       		.uleb128 0x13
 1297 01e9 11       		.uleb128 0x11
 1298 01ea 01       		.uleb128 0x1
 1299 01eb 12       		.uleb128 0x12
 1300 01ec 06       		.uleb128 0x6
 1301 01ed 40       		.uleb128 0x40
 1302 01ee 18       		.uleb128 0x18
 1303 01ef 9742     		.uleb128 0x2117
 1304 01f1 19       		.uleb128 0x19
 1305 01f2 00       		.byte	0
 1306 01f3 00       		.byte	0
 1307 01f4 00       		.byte	0
 1308              		.section	.debug_loc,"",%progbits
 1309              	.Ldebug_loc0:
 1310              	.LLST0:
 1311 0000 00000000 		.4byte	.LVL1
ARM GAS  /tmp/ccpPrHwu.s 			page 24


 1312 0004 1C000000 		.4byte	.LVL5
 1313 0008 0100     		.2byte	0x1
 1314 000a 51       		.byte	0x51
 1315 000b 1C000000 		.4byte	.LVL5
 1316 000f 24000000 		.4byte	.LFE8
 1317 0013 0100     		.2byte	0x1
 1318 0015 51       		.byte	0x51
 1319 0016 00000000 		.4byte	0
 1320 001a 00000000 		.4byte	0
 1321              	.LLST1:
 1322 001e 00000000 		.4byte	.LVL1
 1323 0022 04000000 		.4byte	.LVL2
 1324 0026 0100     		.2byte	0x1
 1325 0028 52       		.byte	0x52
 1326 0029 04000000 		.4byte	.LVL2
 1327 002d 1A000000 		.4byte	.LVL4
 1328 0031 0100     		.2byte	0x1
 1329 0033 52       		.byte	0x52
 1330 0034 1A000000 		.4byte	.LVL4
 1331 0038 1C000000 		.4byte	.LVL5
 1332 003c 0300     		.2byte	0x3
 1333 003e 72       		.byte	0x72
 1334 003f 01       		.sleb128 1
 1335 0040 9F       		.byte	0x9f
 1336 0041 00000000 		.4byte	0
 1337 0045 00000000 		.4byte	0
 1338              	.LLST2:
 1339 0049 04000000 		.4byte	.LVL2
 1340 004d 1C000000 		.4byte	.LVL5
 1341 0051 0100     		.2byte	0x1
 1342 0053 51       		.byte	0x51
 1343 0054 1C000000 		.4byte	.LVL5
 1344 0058 1E000000 		.4byte	.LVL6
 1345 005c 0200     		.2byte	0x2
 1346 005e 70       		.byte	0x70
 1347 005f 00       		.sleb128 0
 1348 0060 00000000 		.4byte	0
 1349 0064 00000000 		.4byte	0
 1350              	.LLST3:
 1351 0068 04000000 		.4byte	.LVL2
 1352 006c 1E000000 		.4byte	.LVL6
 1353 0070 0100     		.2byte	0x1
 1354 0072 50       		.byte	0x50
 1355 0073 00000000 		.4byte	0
 1356 0077 00000000 		.4byte	0
 1357              	.LLST4:
 1358 007b 0A000000 		.4byte	.LVL3
 1359 007f 1C000000 		.4byte	.LVL5
 1360 0083 0100     		.2byte	0x1
 1361 0085 51       		.byte	0x51
 1362 0086 1C000000 		.4byte	.LVL5
 1363 008a 1E000000 		.4byte	.LVL6
 1364 008e 0200     		.2byte	0x2
 1365 0090 70       		.byte	0x70
 1366 0091 00       		.sleb128 0
 1367 0092 00000000 		.4byte	0
 1368 0096 00000000 		.4byte	0
ARM GAS  /tmp/ccpPrHwu.s 			page 25


 1369              	.LLST5:
 1370 009a 0A000000 		.4byte	.LVL3
 1371 009e 1E000000 		.4byte	.LVL6
 1372 00a2 0100     		.2byte	0x1
 1373 00a4 50       		.byte	0x50
 1374 00a5 00000000 		.4byte	0
 1375 00a9 00000000 		.4byte	0
 1376              	.LLST7:
 1377 00ad 00000000 		.4byte	.LVL7
 1378 00b1 06000000 		.4byte	.LVL8
 1379 00b5 0100     		.2byte	0x1
 1380 00b7 50       		.byte	0x50
 1381 00b8 06000000 		.4byte	.LVL8
 1382 00bc 15000000 		.4byte	.LVL11-1
 1383 00c0 0100     		.2byte	0x1
 1384 00c2 53       		.byte	0x53
 1385 00c3 15000000 		.4byte	.LVL11-1
 1386 00c7 18000000 		.4byte	.LFE9
 1387 00cb 0400     		.2byte	0x4
 1388 00cd F3       		.byte	0xf3
 1389 00ce 01       		.uleb128 0x1
 1390 00cf 50       		.byte	0x50
 1391 00d0 9F       		.byte	0x9f
 1392 00d1 00000000 		.4byte	0
 1393 00d5 00000000 		.4byte	0
 1394              	.LLST8:
 1395 00d9 06000000 		.4byte	.LVL8
 1396 00dd 14000000 		.4byte	.LVL10
 1397 00e1 0100     		.2byte	0x1
 1398 00e3 50       		.byte	0x50
 1399 00e4 14000000 		.4byte	.LVL10
 1400 00e8 15000000 		.4byte	.LVL11-1
 1401 00ec 0200     		.2byte	0x2
 1402 00ee 73       		.byte	0x73
 1403 00ef 00       		.sleb128 0
 1404 00f0 16000000 		.4byte	.LVL11
 1405 00f4 18000000 		.4byte	.LFE9
 1406 00f8 0100     		.2byte	0x1
 1407 00fa 50       		.byte	0x50
 1408 00fb 00000000 		.4byte	0
 1409 00ff 00000000 		.4byte	0
 1410              	.LLST9:
 1411 0103 00000000 		.4byte	.LVL12
 1412 0107 0C000000 		.4byte	.LVL14
 1413 010b 0100     		.2byte	0x1
 1414 010d 50       		.byte	0x50
 1415 010e 0C000000 		.4byte	.LVL14
 1416 0112 23000000 		.4byte	.LVL16-1
 1417 0116 0100     		.2byte	0x1
 1418 0118 52       		.byte	0x52
 1419 0119 23000000 		.4byte	.LVL16-1
 1420 011d 2C000000 		.4byte	.LFE10
 1421 0121 0400     		.2byte	0x4
 1422 0123 F3       		.byte	0xf3
 1423 0124 01       		.uleb128 0x1
 1424 0125 50       		.byte	0x50
 1425 0126 9F       		.byte	0x9f
ARM GAS  /tmp/ccpPrHwu.s 			page 26


 1426 0127 00000000 		.4byte	0
 1427 012b 00000000 		.4byte	0
 1428              	.LLST10:
 1429 012f 0A000000 		.4byte	.LVL13
 1430 0133 0C000000 		.4byte	.LVL14
 1431 0137 0100     		.2byte	0x1
 1432 0139 50       		.byte	0x50
 1433 013a 0C000000 		.4byte	.LVL14
 1434 013e 23000000 		.4byte	.LVL16-1
 1435 0142 0100     		.2byte	0x1
 1436 0144 52       		.byte	0x52
 1437 0145 23000000 		.4byte	.LVL16-1
 1438 0149 2C000000 		.4byte	.LFE10
 1439 014d 0400     		.2byte	0x4
 1440 014f F3       		.byte	0xf3
 1441 0150 01       		.uleb128 0x1
 1442 0151 50       		.byte	0x50
 1443 0152 9F       		.byte	0x9f
 1444 0153 00000000 		.4byte	0
 1445 0157 00000000 		.4byte	0
 1446              	.LLST11:
 1447 015b 0C000000 		.4byte	.LVL14
 1448 015f 22000000 		.4byte	.LVL15
 1449 0163 0100     		.2byte	0x1
 1450 0165 50       		.byte	0x50
 1451 0166 22000000 		.4byte	.LVL15
 1452 016a 23000000 		.4byte	.LVL16-1
 1453 016e 0200     		.2byte	0x2
 1454 0170 72       		.byte	0x72
 1455 0171 00       		.sleb128 0
 1456 0172 24000000 		.4byte	.LVL16
 1457 0176 2C000000 		.4byte	.LFE10
 1458 017a 0100     		.2byte	0x1
 1459 017c 50       		.byte	0x50
 1460 017d 00000000 		.4byte	0
 1461 0181 00000000 		.4byte	0
 1462              		.section	.debug_aranges,"",%progbits
 1463 0000 44000000 		.4byte	0x44
 1464 0004 0200     		.2byte	0x2
 1465 0006 00000000 		.4byte	.Ldebug_info0
 1466 000a 04       		.byte	0x4
 1467 000b 00       		.byte	0
 1468 000c 0000     		.2byte	0
 1469 000e 0000     		.2byte	0
 1470 0010 00000000 		.4byte	.LFB7
 1471 0014 0A000000 		.4byte	.LFE7-.LFB7
 1472 0018 00000000 		.4byte	.LFB8
 1473 001c 24000000 		.4byte	.LFE8-.LFB8
 1474 0020 00000000 		.4byte	.LFB9
 1475 0024 18000000 		.4byte	.LFE9-.LFB9
 1476 0028 00000000 		.4byte	.LFB10
 1477 002c 2C000000 		.4byte	.LFE10-.LFB10
 1478 0030 00000000 		.4byte	.LFB11
 1479 0034 08000000 		.4byte	.LFE11-.LFB11
 1480 0038 00000000 		.4byte	.LFB12
 1481 003c 14000000 		.4byte	.LFE12-.LFB12
 1482 0040 00000000 		.4byte	0
ARM GAS  /tmp/ccpPrHwu.s 			page 27


 1483 0044 00000000 		.4byte	0
 1484              		.section	.debug_ranges,"",%progbits
 1485              	.Ldebug_ranges0:
 1486 0000 0A000000 		.4byte	.LBB18
 1487 0004 0C000000 		.4byte	.LBE18
 1488 0008 0E000000 		.4byte	.LBB22
 1489 000c 12000000 		.4byte	.LBE22
 1490 0010 00000000 		.4byte	0
 1491 0014 00000000 		.4byte	0
 1492 0018 0C000000 		.4byte	.LBB21
 1493 001c 0E000000 		.4byte	.LBE21
 1494 0020 12000000 		.4byte	.LBB23
 1495 0024 16000000 		.4byte	.LBE23
 1496 0028 00000000 		.4byte	0
 1497 002c 00000000 		.4byte	0
 1498 0030 0A000000 		.4byte	.LBB25
 1499 0034 12000000 		.4byte	.LBE25
 1500 0038 1A000000 		.4byte	.LBB29
 1501 003c 24000000 		.4byte	.LBE29
 1502 0040 00000000 		.4byte	0
 1503 0044 00000000 		.4byte	0
 1504 0048 12000000 		.4byte	.LBB28
 1505 004c 18000000 		.4byte	.LBE28
 1506 0050 24000000 		.4byte	.LBB30
 1507 0054 2A000000 		.4byte	.LBE30
 1508 0058 00000000 		.4byte	0
 1509 005c 00000000 		.4byte	0
 1510 0060 06000000 		.4byte	.LBB32
 1511 0064 08000000 		.4byte	.LBE32
 1512 0068 0A000000 		.4byte	.LBB36
 1513 006c 0E000000 		.4byte	.LBE36
 1514 0070 00000000 		.4byte	0
 1515 0074 00000000 		.4byte	0
 1516 0078 08000000 		.4byte	.LBB35
 1517 007c 0A000000 		.4byte	.LBE35
 1518 0080 0E000000 		.4byte	.LBB37
 1519 0084 14000000 		.4byte	.LBE37
 1520 0088 00000000 		.4byte	0
 1521 008c 00000000 		.4byte	0
 1522 0090 00000000 		.4byte	.LFB7
 1523 0094 0A000000 		.4byte	.LFE7
 1524 0098 00000000 		.4byte	.LFB8
 1525 009c 24000000 		.4byte	.LFE8
 1526 00a0 00000000 		.4byte	.LFB9
 1527 00a4 18000000 		.4byte	.LFE9
 1528 00a8 00000000 		.4byte	.LFB10
 1529 00ac 2C000000 		.4byte	.LFE10
 1530 00b0 00000000 		.4byte	.LFB11
 1531 00b4 08000000 		.4byte	.LFE11
 1532 00b8 00000000 		.4byte	.LFB12
 1533 00bc 14000000 		.4byte	.LFE12
 1534 00c0 00000000 		.4byte	0
 1535 00c4 00000000 		.4byte	0
 1536              		.section	.debug_line,"",%progbits
 1537              	.Ldebug_line0:
 1538 0000 B8010000 		.section	.debug_str,"MS",%progbits,1
 1538      02000D01 
ARM GAS  /tmp/ccpPrHwu.s 			page 28


 1538      00000201 
 1538      FB0E0D00 
 1538      01010101 
 1539              	.LASF3:
 1540 0000 5F5F7569 		.ascii	"__uint8_t\000"
 1540      6E74385F 
 1540      7400
 1541              	.LASF2:
 1542 000a 73697A65 		.ascii	"size_t\000"
 1542      5F7400
 1543              	.LASF19:
 1544 0011 6D705F6F 		.ascii	"mp_object_size\000"
 1544      626A6563 
 1544      745F7369 
 1544      7A6500
 1545              	.LASF30:
 1546 0020 474E5520 		.ascii	"GNU C 4.8.2 -mcpu=cortex-m3 -mno-thumb-interwork -m"
 1546      4320342E 
 1546      382E3220 
 1546      2D6D6370 
 1546      753D636F 
 1547 0053 7468756D 		.ascii	"thumb -ggdb -O2 -fomit-frame-pointer -ffunction-sec"
 1547      62202D67 
 1547      67646220 
 1547      2D4F3220 
 1547      2D666F6D 
 1548 0086 74696F6E 		.ascii	"tions -fdata-sections -fno-common\000"
 1548      73202D66 
 1548      64617461 
 1548      2D736563 
 1548      74696F6E 
 1549              	.LASF29:
 1550 00a8 6368506F 		.ascii	"chPoolLoadArray\000"
 1550      6F6C4C6F 
 1550      61644172 
 1550      72617900 
 1551              	.LASF32:
 1552 00b8 706F6F6C 		.ascii	"pool_header\000"
 1552      5F686561 
 1552      64657200 
 1553              	.LASF26:
 1554 00c4 73697A65 		.ascii	"size\000"
 1554      00
 1555              	.LASF9:
 1556 00c9 6C6F6E67 		.ascii	"long unsigned int\000"
 1556      20756E73 
 1556      69676E65 
 1556      6420696E 
 1556      7400
 1557              	.LASF6:
 1558 00db 73686F72 		.ascii	"short unsigned int\000"
 1558      7420756E 
 1558      7369676E 
 1558      65642069 
 1558      6E7400
 1559              	.LASF27:
 1560 00ee 70726F76 		.ascii	"provider\000"
ARM GAS  /tmp/ccpPrHwu.s 			page 29


 1560      69646572 
 1560      00
 1561              	.LASF24:
 1562 00f7 6368506F 		.ascii	"chPoolFreeI\000"
 1562      6F6C4672 
 1562      65654900 
 1563              	.LASF4:
 1564 0103 756E7369 		.ascii	"unsigned char\000"
 1564      676E6564 
 1564      20636861 
 1564      7200
 1565              	.LASF8:
 1566 0111 5F5F7569 		.ascii	"__uint32_t\000"
 1566      6E743332 
 1566      5F7400
 1567              	.LASF25:
 1568 011c 6368506F 		.ascii	"chPoolFree\000"
 1568      6F6C4672 
 1568      656500
 1569              	.LASF21:
 1570 0127 4D656D6F 		.ascii	"MemoryPool\000"
 1570      7279506F 
 1570      6F6C00
 1571              	.LASF23:
 1572 0132 6F626A70 		.ascii	"objp\000"
 1572      00
 1573              	.LASF33:
 1574 0137 6368506F 		.ascii	"chPoolAllocI\000"
 1574      6F6C416C 
 1574      6C6F6349 
 1574      00
 1575              	.LASF0:
 1576 0144 756E7369 		.ascii	"unsigned int\000"
 1576      676E6564 
 1576      20696E74 
 1576      00
 1577              	.LASF11:
 1578 0151 6C6F6E67 		.ascii	"long long unsigned int\000"
 1578      206C6F6E 
 1578      6720756E 
 1578      7369676E 
 1578      65642069 
 1579              	.LASF12:
 1580 0168 75696E74 		.ascii	"uint8_t\000"
 1580      385F7400 
 1581              	.LASF17:
 1582 0170 70685F6E 		.ascii	"ph_next\000"
 1582      65787400 
 1583              	.LASF15:
 1584 0178 73697A65 		.ascii	"sizetype\000"
 1584      74797065 
 1584      00
 1585              	.LASF10:
 1586 0181 6C6F6E67 		.ascii	"long long int\000"
 1586      206C6F6E 
 1586      6720696E 
 1586      7400
ARM GAS  /tmp/ccpPrHwu.s 			page 30


 1587              	.LASF22:
 1588 018f 63686172 		.ascii	"char\000"
 1588      00
 1589              	.LASF16:
 1590 0194 6D656D67 		.ascii	"memgetfunc_t\000"
 1590      65746675 
 1590      6E635F74 
 1590      00
 1591              	.LASF20:
 1592 01a1 6D705F70 		.ascii	"mp_provider\000"
 1592      726F7669 
 1592      64657200 
 1593              	.LASF5:
 1594 01ad 73686F72 		.ascii	"short int\000"
 1594      7420696E 
 1594      7400
 1595              	.LASF34:
 1596 01b7 6368506F 		.ascii	"chPoolAlloc\000"
 1596      6F6C416C 
 1596      6C6F6300 
 1597              	.LASF13:
 1598 01c3 75696E74 		.ascii	"uint32_t\000"
 1598      33325F74 
 1598      00
 1599              	.LASF7:
 1600 01cc 6C6F6E67 		.ascii	"long int\000"
 1600      20696E74 
 1600      00
 1601              	.LASF1:
 1602 01d5 7369676E 		.ascii	"signed char\000"
 1602      65642063 
 1602      68617200 
 1603              	.LASF18:
 1604 01e1 6D705F6E 		.ascii	"mp_next\000"
 1604      65787400 
 1605              	.LASF31:
 1606 01e9 2F6F7074 		.ascii	"/opt/ChibiOS_2.6.6/os/kernel/src/chmempools.c\000"
 1606      2F436869 
 1606      62694F53 
 1606      5F322E36 
 1606      2E362F6F 
 1607              	.LASF14:
 1608 0217 5F426F6F 		.ascii	"_Bool\000"
 1608      6C00
 1609              	.LASF28:
 1610 021d 6368506F 		.ascii	"chPoolInit\000"
 1610      6F6C496E 
 1610      697400
 1611              		.ident	"GCC: (4.8.2-14ubuntu1+6) 4.8.2"
ARM GAS  /tmp/ccpPrHwu.s 			page 31


DEFINED SYMBOLS
                            *ABS*:0000000000000000 chmempools.c
     /tmp/ccpPrHwu.s:19     .text.chPoolInit:0000000000000000 $t
     /tmp/ccpPrHwu.s:24     .text.chPoolInit:0000000000000000 chPoolInit
     /tmp/ccpPrHwu.s:46     .text.chPoolLoadArray:0000000000000000 $t
     /tmp/ccpPrHwu.s:51     .text.chPoolLoadArray:0000000000000000 chPoolLoadArray
     /tmp/ccpPrHwu.s:121    .text.chPoolAllocI:0000000000000000 $t
     /tmp/ccpPrHwu.s:126    .text.chPoolAllocI:0000000000000000 chPoolAllocI
     /tmp/ccpPrHwu.s:164    .text.chPoolAlloc:0000000000000000 $t
     /tmp/ccpPrHwu.s:169    .text.chPoolAlloc:0000000000000000 chPoolAlloc
     /tmp/ccpPrHwu.s:241    .text.chPoolFreeI:0000000000000000 $t
     /tmp/ccpPrHwu.s:246    .text.chPoolFreeI:0000000000000000 chPoolFreeI
     /tmp/ccpPrHwu.s:265    .text.chPoolFree:0000000000000000 $t
     /tmp/ccpPrHwu.s:270    .text.chPoolFree:0000000000000000 chPoolFree
                     .debug_frame:0000000000000010 $d

NO UNDEFINED SYMBOLS
