ARM GAS  /tmp/ccmaDsPd.s 			page 1


   1              		.syntax unified
   2              		.cpu cortex-m3
   3              		.fpu softvfp
   4              		.eabi_attribute 20, 1
   5              		.eabi_attribute 21, 1
   6              		.eabi_attribute 23, 3
   7              		.eabi_attribute 24, 1
   8              		.eabi_attribute 25, 1
   9              		.eabi_attribute 26, 1
  10              		.eabi_attribute 30, 2
  11              		.eabi_attribute 34, 1
  12              		.eabi_attribute 18, 4
  13              		.thumb
  14              		.file	"chmsg.c"
  15              		.text
  16              	.Ltext0:
  17              		.cfi_sections	.debug_frame
  18              		.section	.text.chMsgSend,"ax",%progbits
  19              		.align	2
  20              		.global	chMsgSend
  21              		.thumb
  22              		.thumb_func
  23              		.type	chMsgSend, %function
  24              	chMsgSend:
  25              	.LFB7:
  26              		.file 1 "/opt/ChibiOS_2.6.6/os/kernel/src/chmsg.c"
  27              		.loc 1 75 0
  28              		.cfi_startproc
  29              		@ args = 0, pretend = 0, frame = 0
  30              		@ frame_needed = 0, uses_anonymous_args = 0
  31              	.LVL0:
  32 0000 38B5     		push	{r3, r4, r5, lr}
  33              		.cfi_def_cfa_offset 16
  34              		.cfi_offset 3, -16
  35              		.cfi_offset 4, -12
  36              		.cfi_offset 5, -8
  37              		.cfi_offset 14, -4
  38              		.loc 1 76 0
  39 0002 40F20003 		movw	r3, #:lower16:rlist
  40 0006 C0F20003 		movt	r3, #:upper16:rlist
  41 000a 9C69     		ldr	r4, [r3, #24]
  42              	.LVL1:
  43              	.LBB10:
  44              		.loc 1 80 0
  45 000c 2023     		movs	r3, #32
  46              	@ 80 "/opt/ChibiOS_2.6.6/os/kernel/src/chmsg.c" 1
  47 000e 83F31188 		msr     BASEPRI, r3
  48              	@ 0 "" 2
  49              		.thumb
  50              	.LBE10:
  51              		.loc 1 82 0
  52 0012 00F12C02 		add	r2, r0, #44
  53              		.loc 1 84 0
  54 0016 057F     		ldrb	r5, [r0, #28]	@ zero_extendqisi2
  55              		.loc 1 82 0
  56 0018 6262     		str	r2, [r4, #36]
  57              	.LVL2:
ARM GAS  /tmp/ccmaDsPd.s 			page 2


  58              	.LBB11:
  59              	.LBB12:
  60              		.file 2 "/opt/ChibiOS_2.6.6/os/kernel/include/chinline.h"
  61              		.loc 2 55 0
  62 001a 036B     		ldr	r3, [r0, #48]
  63              	.LBE12:
  64              	.LBE11:
  65              		.loc 1 84 0
  66 001c 0C2D     		cmp	r5, #12
  67              		.loc 1 81 0
  68 001e 6163     		str	r1, [r4, #52]
  69              	.LBB14:
  70              	.LBB13:
  71              		.loc 2 55 0
  72 0020 84E80C00 		stmia	r4, {r2, r3}
  73              		.loc 2 56 0
  74 0024 0463     		str	r4, [r0, #48]
  75 0026 1C60     		str	r4, [r3]
  76              	.LBE13:
  77              	.LBE14:
  78              		.loc 1 84 0
  79 0028 07D0     		beq	.L4
  80              	.LVL3:
  81              	.L2:
  82              		.loc 1 86 0
  83 002a 0A20     		movs	r0, #10
  84 002c FFF7FEFF 		bl	chSchGoSleepS
  85              	.LVL4:
  86              		.loc 1 87 0
  87 0030 606A     		ldr	r0, [r4, #36]
  88              	.LVL5:
  89              	.LBB15:
  90              		.loc 1 88 0
  91 0032 0023     		movs	r3, #0
  92              	@ 88 "/opt/ChibiOS_2.6.6/os/kernel/src/chmsg.c" 1
  93 0034 83F31188 		msr     BASEPRI, r3
  94              	@ 0 "" 2
  95              		.thumb
  96              	.LBE15:
  97              		.loc 1 90 0
  98 0038 38BD     		pop	{r3, r4, r5, pc}
  99              	.LVL6:
 100              	.L4:
 101              		.loc 1 85 0
 102 003a FFF7FEFF 		bl	chSchReadyI
 103              	.LVL7:
 104 003e F4E7     		b	.L2
 105              		.cfi_endproc
 106              	.LFE7:
 107              		.size	chMsgSend, .-chMsgSend
 108              		.section	.text.chMsgWait,"ax",%progbits
 109              		.align	2
 110              		.global	chMsgWait
 111              		.thumb
 112              		.thumb_func
 113              		.type	chMsgWait, %function
 114              	chMsgWait:
ARM GAS  /tmp/ccmaDsPd.s 			page 3


 115              	.LFB8:
 116              		.loc 1 106 0
 117              		.cfi_startproc
 118              		@ args = 0, pretend = 0, frame = 0
 119              		@ frame_needed = 0, uses_anonymous_args = 0
 120 0000 10B5     		push	{r4, lr}
 121              		.cfi_def_cfa_offset 8
 122              		.cfi_offset 4, -8
 123              		.cfi_offset 14, -4
 124              	.LBB16:
 125              		.loc 1 109 0
 126 0002 2023     		movs	r3, #32
 127              	@ 109 "/opt/ChibiOS_2.6.6/os/kernel/src/chmsg.c" 1
 128 0004 83F31188 		msr     BASEPRI, r3
 129              	@ 0 "" 2
 130              		.thumb
 131              	.LBE16:
 132              		.loc 1 110 0
 133 0008 40F20004 		movw	r4, #:lower16:rlist
 134 000c C0F20004 		movt	r4, #:upper16:rlist
 135 0010 A369     		ldr	r3, [r4, #24]
 136 0012 1A46     		mov	r2, r3
 137 0014 52F82C0F 		ldr	r0, [r2, #44]!
 138 0018 9042     		cmp	r0, r2
 139 001a 08D0     		beq	.L7
 140              	.L6:
 141              	.LVL8:
 142              	.LBB17:
 143              	.LBB18:
 144              		.loc 2 62 0
 145 001c 0168     		ldr	r1, [r0]
 146              	.LBE18:
 147              	.LBE17:
 148              		.loc 1 113 0
 149 001e 0B24     		movs	r4, #11
 150              	.LBB20:
 151              	.LBB19:
 152              		.loc 2 62 0
 153 0020 D962     		str	r1, [r3, #44]
 154 0022 4A60     		str	r2, [r1, #4]
 155              	.LBE19:
 156              	.LBE20:
 157              	.LBB21:
 158              		.loc 1 114 0
 159 0024 0023     		movs	r3, #0
 160              	.LBE21:
 161              		.loc 1 113 0
 162 0026 0477     		strb	r4, [r0, #28]
 163              	.LBB22:
 164              		.loc 1 114 0
 165              	@ 114 "/opt/ChibiOS_2.6.6/os/kernel/src/chmsg.c" 1
 166 0028 83F31188 		msr     BASEPRI, r3
 167              	@ 0 "" 2
 168              		.thumb
 169              	.LBE22:
 170              		.loc 1 116 0
 171 002c 10BD     		pop	{r4, pc}
ARM GAS  /tmp/ccmaDsPd.s 			page 4


 172              	.LVL9:
 173              	.L7:
 174              		.loc 1 111 0
 175 002e 0C20     		movs	r0, #12
 176 0030 FFF7FEFF 		bl	chSchGoSleepS
 177              	.LVL10:
 178 0034 A369     		ldr	r3, [r4, #24]
 179 0036 D86A     		ldr	r0, [r3, #44]
 180 0038 03F12C02 		add	r2, r3, #44
 181 003c EEE7     		b	.L6
 182              		.cfi_endproc
 183              	.LFE8:
 184              		.size	chMsgWait, .-chMsgWait
 185 003e 00BF     		.section	.text.chMsgRelease,"ax",%progbits
 186              		.align	2
 187              		.global	chMsgRelease
 188              		.thumb
 189              		.thumb_func
 190              		.type	chMsgRelease, %function
 191              	chMsgRelease:
 192              	.LFB9:
 193              		.loc 1 128 0
 194              		.cfi_startproc
 195              		@ args = 0, pretend = 0, frame = 0
 196              		@ frame_needed = 0, uses_anonymous_args = 0
 197              	.LVL11:
 198 0000 08B5     		push	{r3, lr}
 199              		.cfi_def_cfa_offset 8
 200              		.cfi_offset 3, -8
 201              		.cfi_offset 14, -4
 202              	.LBB23:
 203              		.loc 1 130 0
 204 0002 2023     		movs	r3, #32
 205              	@ 130 "/opt/ChibiOS_2.6.6/os/kernel/src/chmsg.c" 1
 206 0004 83F31188 		msr     BASEPRI, r3
 207              	@ 0 "" 2
 208              		.thumb
 209              	.LBE23:
 210              		.loc 1 133 0
 211 0008 FFF7FEFF 		bl	chSchWakeupS
 212              	.LVL12:
 213              	.LBB24:
 214              		.loc 1 134 0
 215 000c 0023     		movs	r3, #0
 216              	@ 134 "/opt/ChibiOS_2.6.6/os/kernel/src/chmsg.c" 1
 217 000e 83F31188 		msr     BASEPRI, r3
 218              	@ 0 "" 2
 219              		.thumb
 220 0012 08BD     		pop	{r3, pc}
 221              	.LBE24:
 222              		.cfi_endproc
 223              	.LFE9:
 224              		.size	chMsgRelease, .-chMsgRelease
 225              		.text
 226              	.Letext0:
 227              		.file 3 "/usr/include/newlib/machine/_default_types.h"
 228              		.file 4 "/usr/include/newlib/stdint.h"
ARM GAS  /tmp/ccmaDsPd.s 			page 5


 229              		.file 5 "/opt/ChibiOS_2.6.6/os/ports/GCC/ARMCMx/chtypes.h"
 230              		.file 6 "/opt/ChibiOS_2.6.6/os/kernel/include/chlists.h"
 231              		.file 7 "/opt/ChibiOS_2.6.6/os/kernel/include/chthreads.h"
 232              		.file 8 "/opt/ChibiOS_2.6.6/os/ports/GCC/ARMCMx/chcore_v7m.h"
 233              		.file 9 "/opt/ChibiOS_2.6.6/os/kernel/include/chschd.h"
 234              		.file 10 "/opt/ChibiOS_2.6.6/os/kernel/include/chmtx.h"
 235              		.section	.debug_info,"",%progbits
 236              	.Ldebug_info0:
 237 0000 5D060000 		.4byte	0x65d
 238 0004 0400     		.2byte	0x4
 239 0006 00000000 		.4byte	.Ldebug_abbrev0
 240 000a 04       		.byte	0x4
 241 000b 01       		.uleb128 0x1
 242 000c F7000000 		.4byte	.LASF68
 243 0010 01       		.byte	0x1
 244 0011 87010000 		.4byte	.LASF69
 245 0015 48000000 		.4byte	.Ldebug_ranges0+0x48
 246 0019 00000000 		.4byte	0
 247 001d 00000000 		.4byte	.Ldebug_line0
 248 0021 02       		.uleb128 0x2
 249 0022 04       		.byte	0x4
 250 0023 05       		.byte	0x5
 251 0024 696E7400 		.ascii	"int\000"
 252 0028 03       		.uleb128 0x3
 253 0029 04       		.byte	0x4
 254 002a 07       		.byte	0x7
 255 002b B7000000 		.4byte	.LASF0
 256 002f 03       		.uleb128 0x3
 257 0030 01       		.byte	0x1
 258 0031 06       		.byte	0x6
 259 0032 59000000 		.4byte	.LASF1
 260 0036 04       		.uleb128 0x4
 261 0037 1A000000 		.4byte	.LASF5
 262 003b 03       		.byte	0x3
 263 003c 1C       		.byte	0x1c
 264 003d 41000000 		.4byte	0x41
 265 0041 03       		.uleb128 0x3
 266 0042 01       		.byte	0x1
 267 0043 08       		.byte	0x8
 268 0044 31020000 		.4byte	.LASF2
 269 0048 03       		.uleb128 0x3
 270 0049 02       		.byte	0x2
 271 004a 05       		.byte	0x5
 272 004b 49020000 		.4byte	.LASF3
 273 004f 03       		.uleb128 0x3
 274 0050 02       		.byte	0x2
 275 0051 07       		.byte	0x7
 276 0052 DE000000 		.4byte	.LASF4
 277 0056 04       		.uleb128 0x4
 278 0057 F9020000 		.4byte	.LASF6
 279 005b 03       		.byte	0x3
 280 005c 37       		.byte	0x37
 281 005d 61000000 		.4byte	0x61
 282 0061 03       		.uleb128 0x3
 283 0062 04       		.byte	0x4
 284 0063 05       		.byte	0x5
 285 0064 7F000000 		.4byte	.LASF7
ARM GAS  /tmp/ccmaDsPd.s 			page 6


 286 0068 04       		.uleb128 0x4
 287 0069 A3000000 		.4byte	.LASF8
 288 006d 03       		.byte	0x3
 289 006e 38       		.byte	0x38
 290 006f 73000000 		.4byte	0x73
 291 0073 03       		.uleb128 0x3
 292 0074 04       		.byte	0x4
 293 0075 07       		.byte	0x7
 294 0076 C4000000 		.4byte	.LASF9
 295 007a 03       		.uleb128 0x3
 296 007b 08       		.byte	0x8
 297 007c 05       		.byte	0x5
 298 007d 4B000000 		.4byte	.LASF10
 299 0081 03       		.uleb128 0x3
 300 0082 08       		.byte	0x8
 301 0083 07       		.byte	0x7
 302 0084 24000000 		.4byte	.LASF11
 303 0088 04       		.uleb128 0x4
 304 0089 4A030000 		.4byte	.LASF12
 305 008d 04       		.byte	0x4
 306 008e 2A       		.byte	0x2a
 307 008f 36000000 		.4byte	0x36
 308 0093 04       		.uleb128 0x4
 309 0094 29020000 		.4byte	.LASF13
 310 0098 04       		.byte	0x4
 311 0099 41       		.byte	0x41
 312 009a 56000000 		.4byte	0x56
 313 009e 04       		.uleb128 0x4
 314 009f AF020000 		.4byte	.LASF14
 315 00a3 04       		.byte	0x4
 316 00a4 42       		.byte	0x42
 317 00a5 68000000 		.4byte	0x68
 318 00a9 03       		.uleb128 0x3
 319 00aa 01       		.byte	0x1
 320 00ab 02       		.byte	0x2
 321 00ac 23020000 		.4byte	.LASF15
 322 00b0 04       		.uleb128 0x4
 323 00b1 7F010000 		.4byte	.LASF16
 324 00b5 05       		.byte	0x5
 325 00b6 2C       		.byte	0x2c
 326 00b7 88000000 		.4byte	0x88
 327 00bb 04       		.uleb128 0x4
 328 00bc 92000000 		.4byte	.LASF17
 329 00c0 05       		.byte	0x5
 330 00c1 2D       		.byte	0x2d
 331 00c2 88000000 		.4byte	0x88
 332 00c6 04       		.uleb128 0x4
 333 00c7 0C020000 		.4byte	.LASF18
 334 00cb 05       		.byte	0x5
 335 00cc 2E       		.byte	0x2e
 336 00cd 88000000 		.4byte	0x88
 337 00d1 04       		.uleb128 0x4
 338 00d2 75000000 		.4byte	.LASF19
 339 00d6 05       		.byte	0x5
 340 00d7 2F       		.byte	0x2f
 341 00d8 88000000 		.4byte	0x88
 342 00dc 04       		.uleb128 0x4
ARM GAS  /tmp/ccmaDsPd.s 			page 7


 343 00dd 1B020000 		.4byte	.LASF20
 344 00e1 05       		.byte	0x5
 345 00e2 30       		.byte	0x30
 346 00e3 9E000000 		.4byte	0x9e
 347 00e7 04       		.uleb128 0x4
 348 00e8 F1000000 		.4byte	.LASF21
 349 00ec 05       		.byte	0x5
 350 00ed 31       		.byte	0x31
 351 00ee 93000000 		.4byte	0x93
 352 00f2 04       		.uleb128 0x4
 353 00f3 BC010000 		.4byte	.LASF22
 354 00f7 05       		.byte	0x5
 355 00f8 33       		.byte	0x33
 356 00f9 9E000000 		.4byte	0x9e
 357 00fd 04       		.uleb128 0x4
 358 00fe E4020000 		.4byte	.LASF23
 359 0102 05       		.byte	0x5
 360 0103 35       		.byte	0x35
 361 0104 9E000000 		.4byte	0x9e
 362 0108 04       		.uleb128 0x4
 363 0109 82020000 		.4byte	.LASF24
 364 010d 06       		.byte	0x6
 365 010e 2A       		.byte	0x2a
 366 010f 13010000 		.4byte	0x113
 367 0113 05       		.uleb128 0x5
 368 0114 82020000 		.4byte	.LASF24
 369 0118 48       		.byte	0x48
 370 0119 07       		.byte	0x7
 371 011a 5E       		.byte	0x5e
 372 011b 10020000 		.4byte	0x210
 373 011f 06       		.uleb128 0x6
 374 0120 73020000 		.4byte	.LASF25
 375 0124 07       		.byte	0x7
 376 0125 5F       		.byte	0x5f
 377 0126 31020000 		.4byte	0x231
 378 012a 00       		.byte	0
 379 012b 06       		.uleb128 0x6
 380 012c 14020000 		.4byte	.LASF26
 381 0130 07       		.byte	0x7
 382 0131 61       		.byte	0x61
 383 0132 31020000 		.4byte	0x231
 384 0136 04       		.byte	0x4
 385 0137 06       		.uleb128 0x6
 386 0138 44000000 		.4byte	.LASF27
 387 013c 07       		.byte	0x7
 388 013d 63       		.byte	0x63
 389 013e DC000000 		.4byte	0xdc
 390 0142 08       		.byte	0x8
 391 0143 06       		.uleb128 0x6
 392 0144 68030000 		.4byte	.LASF28
 393 0148 07       		.byte	0x7
 394 0149 64       		.byte	0x64
 395 014a EB020000 		.4byte	0x2eb
 396 014e 0C       		.byte	0xc
 397 014f 06       		.uleb128 0x6
 398 0150 9B000000 		.4byte	.LASF29
 399 0154 07       		.byte	0x7
ARM GAS  /tmp/ccmaDsPd.s 			page 8


 400 0155 66       		.byte	0x66
 401 0156 31020000 		.4byte	0x231
 402 015a 10       		.byte	0x10
 403 015b 06       		.uleb128 0x6
 404 015c D7010000 		.4byte	.LASF30
 405 0160 07       		.byte	0x7
 406 0161 67       		.byte	0x67
 407 0162 31020000 		.4byte	0x231
 408 0166 14       		.byte	0x14
 409 0167 06       		.uleb128 0x6
 410 0168 59030000 		.4byte	.LASF31
 411 016c 07       		.byte	0x7
 412 016d 6E       		.byte	0x6e
 413 016e EB030000 		.4byte	0x3eb
 414 0172 18       		.byte	0x18
 415 0173 06       		.uleb128 0x6
 416 0174 53020000 		.4byte	.LASF32
 417 0178 07       		.byte	0x7
 418 0179 79       		.byte	0x79
 419 017a BB000000 		.4byte	0xbb
 420 017e 1C       		.byte	0x1c
 421 017f 06       		.uleb128 0x6
 422 0180 7A020000 		.4byte	.LASF33
 423 0184 07       		.byte	0x7
 424 0185 7D       		.byte	0x7d
 425 0186 B0000000 		.4byte	0xb0
 426 018a 1D       		.byte	0x1d
 427 018b 06       		.uleb128 0x6
 428 018c 33030000 		.4byte	.LASF34
 429 0190 07       		.byte	0x7
 430 0191 82       		.byte	0x82
 431 0192 C6000000 		.4byte	0xc6
 432 0196 1E       		.byte	0x1e
 433 0197 06       		.uleb128 0x6
 434 0198 5B020000 		.4byte	.LASF35
 435 019c 07       		.byte	0x7
 436 019d 88       		.byte	0x88
 437 019e D1000000 		.4byte	0xd1
 438 01a2 1F       		.byte	0x1f
 439 01a3 06       		.uleb128 0x6
 440 01a4 03030000 		.4byte	.LASF36
 441 01a8 07       		.byte	0x7
 442 01a9 8F       		.byte	0x8f
 443 01aa 13030000 		.4byte	0x313
 444 01ae 20       		.byte	0x20
 445 01af 07       		.uleb128 0x7
 446 01b0 705F7500 		.ascii	"p_u\000"
 447 01b4 07       		.byte	0x7
 448 01b5 B4       		.byte	0xb4
 449 01b6 B6030000 		.4byte	0x3b6
 450 01ba 24       		.byte	0x24
 451 01bb 06       		.uleb128 0x6
 452 01bc 6E030000 		.4byte	.LASF37
 453 01c0 07       		.byte	0x7
 454 01c1 B9       		.byte	0xb9
 455 01c2 57020000 		.4byte	0x257
 456 01c6 28       		.byte	0x28
ARM GAS  /tmp/ccmaDsPd.s 			page 9


 457 01c7 06       		.uleb128 0x6
 458 01c8 11030000 		.4byte	.LASF38
 459 01cc 07       		.byte	0x7
 460 01cd BF       		.byte	0xbf
 461 01ce 37020000 		.4byte	0x237
 462 01d2 2C       		.byte	0x2c
 463 01d3 06       		.uleb128 0x6
 464 01d4 00000000 		.4byte	.LASF39
 465 01d8 07       		.byte	0x7
 466 01d9 C3       		.byte	0xc3
 467 01da E7000000 		.4byte	0xe7
 468 01de 34       		.byte	0x34
 469 01df 06       		.uleb128 0x6
 470 01e0 A4020000 		.4byte	.LASF40
 471 01e4 07       		.byte	0x7
 472 01e5 C9       		.byte	0xc9
 473 01e6 F2000000 		.4byte	0xf2
 474 01ea 38       		.byte	0x38
 475 01eb 06       		.uleb128 0x6
 476 01ec 3F020000 		.4byte	.LASF41
 477 01f0 07       		.byte	0x7
 478 01f1 D0       		.byte	0xd0
 479 01f2 FD030000 		.4byte	0x3fd
 480 01f6 3C       		.byte	0x3c
 481 01f7 06       		.uleb128 0x6
 482 01f8 EE020000 		.4byte	.LASF42
 483 01fc 07       		.byte	0x7
 484 01fd D4       		.byte	0xd4
 485 01fe DC000000 		.4byte	0xdc
 486 0202 40       		.byte	0x40
 487 0203 06       		.uleb128 0x6
 488 0204 65000000 		.4byte	.LASF43
 489 0208 07       		.byte	0x7
 490 0209 DA       		.byte	0xda
 491 020a 6D020000 		.4byte	0x26d
 492 020e 44       		.byte	0x44
 493 020f 00       		.byte	0
 494 0210 08       		.uleb128 0x8
 495 0211 08       		.byte	0x8
 496 0212 06       		.byte	0x6
 497 0213 61       		.byte	0x61
 498 0214 31020000 		.4byte	0x231
 499 0218 06       		.uleb128 0x6
 500 0219 73020000 		.4byte	.LASF25
 501 021d 06       		.byte	0x6
 502 021e 62       		.byte	0x62
 503 021f 31020000 		.4byte	0x231
 504 0223 00       		.byte	0
 505 0224 06       		.uleb128 0x6
 506 0225 14020000 		.4byte	.LASF26
 507 0229 06       		.byte	0x6
 508 022a 64       		.byte	0x64
 509 022b 31020000 		.4byte	0x231
 510 022f 04       		.byte	0x4
 511 0230 00       		.byte	0
 512 0231 09       		.uleb128 0x9
 513 0232 04       		.byte	0x4
ARM GAS  /tmp/ccmaDsPd.s 			page 10


 514 0233 08010000 		.4byte	0x108
 515 0237 04       		.uleb128 0x4
 516 0238 ED010000 		.4byte	.LASF44
 517 023c 06       		.byte	0x6
 518 023d 66       		.byte	0x66
 519 023e 10020000 		.4byte	0x210
 520 0242 08       		.uleb128 0x8
 521 0243 04       		.byte	0x4
 522 0244 06       		.byte	0x6
 523 0245 6B       		.byte	0x6b
 524 0246 57020000 		.4byte	0x257
 525 024a 06       		.uleb128 0x6
 526 024b 73020000 		.4byte	.LASF25
 527 024f 06       		.byte	0x6
 528 0250 6D       		.byte	0x6d
 529 0251 31020000 		.4byte	0x231
 530 0255 00       		.byte	0
 531 0256 00       		.byte	0
 532 0257 04       		.uleb128 0x4
 533 0258 B0010000 		.4byte	.LASF45
 534 025c 06       		.byte	0x6
 535 025d 70       		.byte	0x70
 536 025e 42020000 		.4byte	0x242
 537 0262 04       		.uleb128 0x4
 538 0263 AE000000 		.4byte	.LASF46
 539 0267 08       		.byte	0x8
 540 0268 E5       		.byte	0xe5
 541 0269 6D020000 		.4byte	0x26d
 542 026d 0A       		.uleb128 0xa
 543 026e 04       		.byte	0x4
 544 026f 0B       		.uleb128 0xb
 545 0270 0A030000 		.4byte	.LASF47
 546 0274 24       		.byte	0x24
 547 0275 08       		.byte	0x8
 548 0276 0C01     		.2byte	0x10c
 549 0278 EB020000 		.4byte	0x2eb
 550 027c 0C       		.uleb128 0xc
 551 027d 723400   		.ascii	"r4\000"
 552 0280 08       		.byte	0x8
 553 0281 1F01     		.2byte	0x11f
 554 0283 62020000 		.4byte	0x262
 555 0287 00       		.byte	0
 556 0288 0C       		.uleb128 0xc
 557 0289 723500   		.ascii	"r5\000"
 558 028c 08       		.byte	0x8
 559 028d 2001     		.2byte	0x120
 560 028f 62020000 		.4byte	0x262
 561 0293 04       		.byte	0x4
 562 0294 0C       		.uleb128 0xc
 563 0295 723600   		.ascii	"r6\000"
 564 0298 08       		.byte	0x8
 565 0299 2101     		.2byte	0x121
 566 029b 62020000 		.4byte	0x262
 567 029f 08       		.byte	0x8
 568 02a0 0C       		.uleb128 0xc
 569 02a1 723700   		.ascii	"r7\000"
 570 02a4 08       		.byte	0x8
ARM GAS  /tmp/ccmaDsPd.s 			page 11


 571 02a5 2201     		.2byte	0x122
 572 02a7 62020000 		.4byte	0x262
 573 02ab 0C       		.byte	0xc
 574 02ac 0C       		.uleb128 0xc
 575 02ad 723800   		.ascii	"r8\000"
 576 02b0 08       		.byte	0x8
 577 02b1 2301     		.2byte	0x123
 578 02b3 62020000 		.4byte	0x262
 579 02b7 10       		.byte	0x10
 580 02b8 0C       		.uleb128 0xc
 581 02b9 723900   		.ascii	"r9\000"
 582 02bc 08       		.byte	0x8
 583 02bd 2401     		.2byte	0x124
 584 02bf 62020000 		.4byte	0x262
 585 02c3 14       		.byte	0x14
 586 02c4 0C       		.uleb128 0xc
 587 02c5 72313000 		.ascii	"r10\000"
 588 02c9 08       		.byte	0x8
 589 02ca 2501     		.2byte	0x125
 590 02cc 62020000 		.4byte	0x262
 591 02d0 18       		.byte	0x18
 592 02d1 0C       		.uleb128 0xc
 593 02d2 72313100 		.ascii	"r11\000"
 594 02d6 08       		.byte	0x8
 595 02d7 2601     		.2byte	0x126
 596 02d9 62020000 		.4byte	0x262
 597 02dd 1C       		.byte	0x1c
 598 02de 0C       		.uleb128 0xc
 599 02df 6C7200   		.ascii	"lr\000"
 600 02e2 08       		.byte	0x8
 601 02e3 2701     		.2byte	0x127
 602 02e5 62020000 		.4byte	0x262
 603 02e9 20       		.byte	0x20
 604 02ea 00       		.byte	0
 605 02eb 0B       		.uleb128 0xb
 606 02ec D6000000 		.4byte	.LASF48
 607 02f0 04       		.byte	0x4
 608 02f1 08       		.byte	0x8
 609 02f2 3101     		.2byte	0x131
 610 02f4 06030000 		.4byte	0x306
 611 02f8 0C       		.uleb128 0xc
 612 02f9 72313300 		.ascii	"r13\000"
 613 02fd 08       		.byte	0x8
 614 02fe 3201     		.2byte	0x132
 615 0300 06030000 		.4byte	0x306
 616 0304 00       		.byte	0
 617 0305 00       		.byte	0
 618 0306 09       		.uleb128 0x9
 619 0307 04       		.byte	0x4
 620 0308 6F020000 		.4byte	0x26f
 621 030c 03       		.uleb128 0x3
 622 030d 04       		.byte	0x4
 623 030e 07       		.byte	0x7
 624 030f CE010000 		.4byte	.LASF49
 625 0313 0D       		.uleb128 0xd
 626 0314 FD000000 		.4byte	0xfd
 627 0318 08       		.uleb128 0x8
ARM GAS  /tmp/ccmaDsPd.s 			page 12


 628 0319 1C       		.byte	0x1c
 629 031a 09       		.byte	0x9
 630 031b 5E       		.byte	0x5e
 631 031c 69030000 		.4byte	0x369
 632 0320 06       		.uleb128 0x6
 633 0321 B8020000 		.4byte	.LASF50
 634 0325 09       		.byte	0x9
 635 0326 5F       		.byte	0x5f
 636 0327 37020000 		.4byte	0x237
 637 032b 00       		.byte	0
 638 032c 06       		.uleb128 0x6
 639 032d 65020000 		.4byte	.LASF51
 640 0331 09       		.byte	0x9
 641 0332 60       		.byte	0x60
 642 0333 DC000000 		.4byte	0xdc
 643 0337 08       		.byte	0x8
 644 0338 06       		.uleb128 0x6
 645 0339 DF010000 		.4byte	.LASF52
 646 033d 09       		.byte	0x9
 647 033e 62       		.byte	0x62
 648 033f EB020000 		.4byte	0x2eb
 649 0343 0C       		.byte	0xc
 650 0344 06       		.uleb128 0x6
 651 0345 E5010000 		.4byte	.LASF53
 652 0349 09       		.byte	0x9
 653 034a 65       		.byte	0x65
 654 034b 31020000 		.4byte	0x231
 655 034f 10       		.byte	0x10
 656 0350 06       		.uleb128 0x6
 657 0351 04020000 		.4byte	.LASF54
 658 0355 09       		.byte	0x9
 659 0356 66       		.byte	0x66
 660 0357 31020000 		.4byte	0x231
 661 035b 14       		.byte	0x14
 662 035c 06       		.uleb128 0x6
 663 035d FA010000 		.4byte	.LASF55
 664 0361 09       		.byte	0x9
 665 0362 69       		.byte	0x69
 666 0363 31020000 		.4byte	0x231
 667 0367 18       		.byte	0x18
 668 0368 00       		.byte	0
 669 0369 04       		.uleb128 0x4
 670 036a 3A030000 		.4byte	.LASF56
 671 036e 09       		.byte	0x9
 672 036f 6B       		.byte	0x6b
 673 0370 18030000 		.4byte	0x318
 674 0374 05       		.uleb128 0x5
 675 0375 C8010000 		.4byte	.LASF57
 676 0379 10       		.byte	0x10
 677 037a 0A       		.byte	0xa
 678 037b 2C       		.byte	0x2c
 679 037c A5030000 		.4byte	0x3a5
 680 0380 06       		.uleb128 0x6
 681 0381 6D000000 		.4byte	.LASF58
 682 0385 0A       		.byte	0xa
 683 0386 2D       		.byte	0x2d
 684 0387 37020000 		.4byte	0x237
ARM GAS  /tmp/ccmaDsPd.s 			page 13


 685 038b 00       		.byte	0
 686 038c 06       		.uleb128 0x6
 687 038d 60030000 		.4byte	.LASF59
 688 0391 0A       		.byte	0xa
 689 0392 2F       		.byte	0x2f
 690 0393 31020000 		.4byte	0x231
 691 0397 08       		.byte	0x8
 692 0398 06       		.uleb128 0x6
 693 0399 DD020000 		.4byte	.LASF60
 694 039d 0A       		.byte	0xa
 695 039e 31       		.byte	0x31
 696 039f A5030000 		.4byte	0x3a5
 697 03a3 0C       		.byte	0xc
 698 03a4 00       		.byte	0
 699 03a5 09       		.uleb128 0x9
 700 03a6 04       		.byte	0x4
 701 03a7 74030000 		.4byte	0x374
 702 03ab 04       		.uleb128 0x4
 703 03ac C8010000 		.4byte	.LASF57
 704 03b0 0A       		.byte	0xa
 705 03b1 33       		.byte	0x33
 706 03b2 74030000 		.4byte	0x374
 707 03b6 0E       		.uleb128 0xe
 708 03b7 04       		.byte	0x4
 709 03b8 07       		.byte	0x7
 710 03b9 96       		.byte	0x96
 711 03ba EB030000 		.4byte	0x3eb
 712 03be 0F       		.uleb128 0xf
 713 03bf 13000000 		.4byte	.LASF61
 714 03c3 07       		.byte	0x7
 715 03c4 9D       		.byte	0x9d
 716 03c5 E7000000 		.4byte	0xe7
 717 03c9 0F       		.uleb128 0xf
 718 03ca 3B000000 		.4byte	.LASF62
 719 03ce 07       		.byte	0x7
 720 03cf A4       		.byte	0xa4
 721 03d0 E7000000 		.4byte	0xe7
 722 03d4 0F       		.uleb128 0xf
 723 03d5 52030000 		.4byte	.LASF63
 724 03d9 07       		.byte	0x7
 725 03da AB       		.byte	0xab
 726 03db 6D020000 		.4byte	0x26d
 727 03df 0F       		.uleb128 0xf
 728 03e0 6C020000 		.4byte	.LASF64
 729 03e4 07       		.byte	0x7
 730 03e5 B2       		.byte	0xb2
 731 03e6 F2000000 		.4byte	0xf2
 732 03ea 00       		.byte	0
 733 03eb 09       		.uleb128 0x9
 734 03ec 04       		.byte	0x4
 735 03ed F1030000 		.4byte	0x3f1
 736 03f1 10       		.uleb128 0x10
 737 03f2 F6030000 		.4byte	0x3f6
 738 03f6 03       		.uleb128 0x3
 739 03f7 01       		.byte	0x1
 740 03f8 08       		.byte	0x8
 741 03f9 CC020000 		.4byte	.LASF65
ARM GAS  /tmp/ccmaDsPd.s 			page 14


 742 03fd 09       		.uleb128 0x9
 743 03fe 04       		.byte	0x4
 744 03ff AB030000 		.4byte	0x3ab
 745 0403 11       		.uleb128 0x11
 746 0404 06000000 		.4byte	.LASF70
 747 0408 02       		.byte	0x2
 748 0409 34       		.byte	0x34
 749 040a 03       		.byte	0x3
 750 040b 25040000 		.4byte	0x425
 751 040f 12       		.uleb128 0x12
 752 0410 747000   		.ascii	"tp\000"
 753 0413 02       		.byte	0x2
 754 0414 34       		.byte	0x34
 755 0415 31020000 		.4byte	0x231
 756 0419 12       		.uleb128 0x12
 757 041a 74717000 		.ascii	"tqp\000"
 758 041e 02       		.byte	0x2
 759 041f 34       		.byte	0x34
 760 0420 25040000 		.4byte	0x425
 761 0424 00       		.byte	0
 762 0425 09       		.uleb128 0x9
 763 0426 04       		.byte	0x4
 764 0427 37020000 		.4byte	0x237
 765 042b 13       		.uleb128 0x13
 766 042c D1020000 		.4byte	.LASF71
 767 0430 02       		.byte	0x2
 768 0431 3B       		.byte	0x3b
 769 0432 31020000 		.4byte	0x231
 770 0436 03       		.byte	0x3
 771 0437 51040000 		.4byte	0x451
 772 043b 12       		.uleb128 0x12
 773 043c 74717000 		.ascii	"tqp\000"
 774 0440 02       		.byte	0x2
 775 0441 3B       		.byte	0x3b
 776 0442 25040000 		.4byte	0x425
 777 0446 14       		.uleb128 0x14
 778 0447 747000   		.ascii	"tp\000"
 779 044a 02       		.byte	0x2
 780 044b 3C       		.byte	0x3c
 781 044c 31020000 		.4byte	0x231
 782 0450 00       		.byte	0
 783 0451 15       		.uleb128 0x15
 784 0452 88000000 		.4byte	.LASF66
 785 0456 01       		.byte	0x1
 786 0457 4B       		.byte	0x4b
 787 0458 E7000000 		.4byte	0xe7
 788 045c 00000000 		.4byte	.LFB7
 789 0460 40000000 		.4byte	.LFE7-.LFB7
 790 0464 01       		.uleb128 0x1
 791 0465 9C       		.byte	0x9c
 792 0466 0B050000 		.4byte	0x50b
 793 046a 16       		.uleb128 0x16
 794 046b 747000   		.ascii	"tp\000"
 795 046e 01       		.byte	0x1
 796 046f 4B       		.byte	0x4b
 797 0470 31020000 		.4byte	0x231
 798 0474 00000000 		.4byte	.LLST0
ARM GAS  /tmp/ccmaDsPd.s 			page 15


 799 0478 16       		.uleb128 0x16
 800 0479 6D736700 		.ascii	"msg\000"
 801 047d 01       		.byte	0x1
 802 047e 4B       		.byte	0x4b
 803 047f E7000000 		.4byte	0xe7
 804 0483 3A000000 		.4byte	.LLST1
 805 0487 17       		.uleb128 0x17
 806 0488 63747000 		.ascii	"ctp\000"
 807 048c 01       		.byte	0x1
 808 048d 4C       		.byte	0x4c
 809 048e 31020000 		.4byte	0x231
 810 0492 01       		.uleb128 0x1
 811 0493 54       		.byte	0x54
 812 0494 18       		.uleb128 0x18
 813 0495 0C000000 		.4byte	.LBB10
 814 0499 06000000 		.4byte	.LBE10-.LBB10
 815 049d AF040000 		.4byte	0x4af
 816 04a1 17       		.uleb128 0x17
 817 04a2 746D7000 		.ascii	"tmp\000"
 818 04a6 01       		.byte	0x1
 819 04a7 50       		.byte	0x50
 820 04a8 9E000000 		.4byte	0x9e
 821 04ac 01       		.uleb128 0x1
 822 04ad 53       		.byte	0x53
 823 04ae 00       		.byte	0
 824 04af 19       		.uleb128 0x19
 825 04b0 03040000 		.4byte	0x403
 826 04b4 1A000000 		.4byte	.LBB11
 827 04b8 00000000 		.4byte	.Ldebug_ranges0+0
 828 04bc 01       		.byte	0x1
 829 04bd 53       		.byte	0x53
 830 04be D3040000 		.4byte	0x4d3
 831 04c2 1A       		.uleb128 0x1a
 832 04c3 19040000 		.4byte	0x419
 833 04c7 7F000000 		.4byte	.LLST2
 834 04cb 1B       		.uleb128 0x1b
 835 04cc 0F040000 		.4byte	0x40f
 836 04d0 01       		.uleb128 0x1
 837 04d1 54       		.byte	0x54
 838 04d2 00       		.byte	0
 839 04d3 18       		.uleb128 0x18
 840 04d4 32000000 		.4byte	.LBB15
 841 04d8 06000000 		.4byte	.LBE15-.LBB15
 842 04dc EE040000 		.4byte	0x4ee
 843 04e0 17       		.uleb128 0x17
 844 04e1 746D7000 		.ascii	"tmp\000"
 845 04e5 01       		.byte	0x1
 846 04e6 58       		.byte	0x58
 847 04e7 9E000000 		.4byte	0x9e
 848 04eb 01       		.uleb128 0x1
 849 04ec 53       		.byte	0x53
 850 04ed 00       		.byte	0
 851 04ee 1C       		.uleb128 0x1c
 852 04ef 30000000 		.4byte	.LVL4
 853 04f3 28060000 		.4byte	0x628
 854 04f7 01050000 		.4byte	0x501
 855 04fb 1D       		.uleb128 0x1d
ARM GAS  /tmp/ccmaDsPd.s 			page 16


 856 04fc 01       		.uleb128 0x1
 857 04fd 50       		.byte	0x50
 858 04fe 01       		.uleb128 0x1
 859 04ff 3A       		.byte	0x3a
 860 0500 00       		.byte	0
 861 0501 1E       		.uleb128 0x1e
 862 0502 3E000000 		.4byte	.LVL7
 863 0506 39060000 		.4byte	0x639
 864 050a 00       		.byte	0
 865 050b 15       		.uleb128 0x15
 866 050c 29030000 		.4byte	.LASF67
 867 0510 01       		.byte	0x1
 868 0511 6A       		.byte	0x6a
 869 0512 31020000 		.4byte	0x231
 870 0516 00000000 		.4byte	.LFB8
 871 051a 3E000000 		.4byte	.LFE8-.LFB8
 872 051e 01       		.uleb128 0x1
 873 051f 9C       		.byte	0x9c
 874 0520 9C050000 		.4byte	0x59c
 875 0524 14       		.uleb128 0x14
 876 0525 747000   		.ascii	"tp\000"
 877 0528 01       		.byte	0x1
 878 0529 6B       		.byte	0x6b
 879 052a 31020000 		.4byte	0x231
 880 052e 18       		.uleb128 0x18
 881 052f 02000000 		.4byte	.LBB16
 882 0533 06000000 		.4byte	.LBE16-.LBB16
 883 0537 49050000 		.4byte	0x549
 884 053b 17       		.uleb128 0x17
 885 053c 746D7000 		.ascii	"tmp\000"
 886 0540 01       		.byte	0x1
 887 0541 6D       		.byte	0x6d
 888 0542 9E000000 		.4byte	0x9e
 889 0546 01       		.uleb128 0x1
 890 0547 53       		.byte	0x53
 891 0548 00       		.byte	0
 892 0549 19       		.uleb128 0x19
 893 054a 2B040000 		.4byte	0x42b
 894 054e 1C000000 		.4byte	.LBB17
 895 0552 18000000 		.4byte	.Ldebug_ranges0+0x18
 896 0556 01       		.byte	0x1
 897 0557 70       		.byte	0x70
 898 0558 75050000 		.4byte	0x575
 899 055c 1A       		.uleb128 0x1a
 900 055d 3B040000 		.4byte	0x43b
 901 0561 BD000000 		.4byte	.LLST3
 902 0565 1F       		.uleb128 0x1f
 903 0566 18000000 		.4byte	.Ldebug_ranges0+0x18
 904 056a 20       		.uleb128 0x20
 905 056b 46040000 		.4byte	0x446
 906 056f D0000000 		.4byte	.LLST4
 907 0573 00       		.byte	0
 908 0574 00       		.byte	0
 909 0575 21       		.uleb128 0x21
 910 0576 30000000 		.4byte	.Ldebug_ranges0+0x30
 911 057a 8C050000 		.4byte	0x58c
 912 057e 17       		.uleb128 0x17
ARM GAS  /tmp/ccmaDsPd.s 			page 17


 913 057f 746D7000 		.ascii	"tmp\000"
 914 0583 01       		.byte	0x1
 915 0584 72       		.byte	0x72
 916 0585 9E000000 		.4byte	0x9e
 917 0589 01       		.uleb128 0x1
 918 058a 53       		.byte	0x53
 919 058b 00       		.byte	0
 920 058c 22       		.uleb128 0x22
 921 058d 34000000 		.4byte	.LVL10
 922 0591 28060000 		.4byte	0x628
 923 0595 1D       		.uleb128 0x1d
 924 0596 01       		.uleb128 0x1
 925 0597 50       		.byte	0x50
 926 0598 01       		.uleb128 0x1
 927 0599 3C       		.byte	0x3c
 928 059a 00       		.byte	0
 929 059b 00       		.byte	0
 930 059c 23       		.uleb128 0x23
 931 059d 89020000 		.4byte	.LASF72
 932 05a1 01       		.byte	0x1
 933 05a2 80       		.byte	0x80
 934 05a3 00000000 		.4byte	.LFB9
 935 05a7 14000000 		.4byte	.LFE9-.LFB9
 936 05ab 01       		.uleb128 0x1
 937 05ac 9C       		.byte	0x9c
 938 05ad 1D060000 		.4byte	0x61d
 939 05b1 16       		.uleb128 0x16
 940 05b2 747000   		.ascii	"tp\000"
 941 05b5 01       		.byte	0x1
 942 05b6 80       		.byte	0x80
 943 05b7 31020000 		.4byte	0x231
 944 05bb E3000000 		.4byte	.LLST5
 945 05bf 16       		.uleb128 0x16
 946 05c0 6D736700 		.ascii	"msg\000"
 947 05c4 01       		.byte	0x1
 948 05c5 80       		.byte	0x80
 949 05c6 E7000000 		.4byte	0xe7
 950 05ca 04010000 		.4byte	.LLST6
 951 05ce 18       		.uleb128 0x18
 952 05cf 02000000 		.4byte	.LBB23
 953 05d3 06000000 		.4byte	.LBE23-.LBB23
 954 05d7 E9050000 		.4byte	0x5e9
 955 05db 17       		.uleb128 0x17
 956 05dc 746D7000 		.ascii	"tmp\000"
 957 05e0 01       		.byte	0x1
 958 05e1 82       		.byte	0x82
 959 05e2 9E000000 		.4byte	0x9e
 960 05e6 01       		.uleb128 0x1
 961 05e7 53       		.byte	0x53
 962 05e8 00       		.byte	0
 963 05e9 18       		.uleb128 0x18
 964 05ea 0C000000 		.4byte	.LBB24
 965 05ee 08000000 		.4byte	.LBE24-.LBB24
 966 05f2 04060000 		.4byte	0x604
 967 05f6 17       		.uleb128 0x17
 968 05f7 746D7000 		.ascii	"tmp\000"
 969 05fb 01       		.byte	0x1
ARM GAS  /tmp/ccmaDsPd.s 			page 18


 970 05fc 86       		.byte	0x86
 971 05fd 9E000000 		.4byte	0x9e
 972 0601 01       		.uleb128 0x1
 973 0602 53       		.byte	0x53
 974 0603 00       		.byte	0
 975 0604 22       		.uleb128 0x22
 976 0605 0C000000 		.4byte	.LVL12
 977 0609 4E060000 		.4byte	0x64e
 978 060d 1D       		.uleb128 0x1d
 979 060e 01       		.uleb128 0x1
 980 060f 51       		.byte	0x51
 981 0610 03       		.uleb128 0x3
 982 0611 F3       		.byte	0xf3
 983 0612 01       		.uleb128 0x1
 984 0613 51       		.byte	0x51
 985 0614 1D       		.uleb128 0x1d
 986 0615 01       		.uleb128 0x1
 987 0616 50       		.byte	0x50
 988 0617 03       		.uleb128 0x3
 989 0618 F3       		.byte	0xf3
 990 0619 01       		.uleb128 0x1
 991 061a 50       		.byte	0x50
 992 061b 00       		.byte	0
 993 061c 00       		.byte	0
 994 061d 24       		.uleb128 0x24
 995 061e 44030000 		.4byte	.LASF73
 996 0622 09       		.byte	0x9
 997 0623 6F       		.byte	0x6f
 998 0624 69030000 		.4byte	0x369
 999 0628 25       		.uleb128 0x25
 1000 0629 96020000 		.4byte	.LASF74
 1001 062d 09       		.byte	0x9
 1002 062e 93       		.byte	0x93
 1003 062f 39060000 		.4byte	0x639
 1004 0633 26       		.uleb128 0x26
 1005 0634 BB000000 		.4byte	0xbb
 1006 0638 00       		.byte	0
 1007 0639 27       		.uleb128 0x27
 1008 063a C0020000 		.4byte	.LASF75
 1009 063e 09       		.byte	0x9
 1010 063f 90       		.byte	0x90
 1011 0640 31020000 		.4byte	0x231
 1012 0644 4E060000 		.4byte	0x64e
 1013 0648 26       		.uleb128 0x26
 1014 0649 31020000 		.4byte	0x231
 1015 064d 00       		.byte	0
 1016 064e 28       		.uleb128 0x28
 1017 064f 1C030000 		.4byte	.LASF76
 1018 0653 09       		.byte	0x9
 1019 0654 99       		.byte	0x99
 1020 0655 26       		.uleb128 0x26
 1021 0656 31020000 		.4byte	0x231
 1022 065a 26       		.uleb128 0x26
 1023 065b E7000000 		.4byte	0xe7
 1024 065f 00       		.byte	0
 1025 0660 00       		.byte	0
 1026              		.section	.debug_abbrev,"",%progbits
ARM GAS  /tmp/ccmaDsPd.s 			page 19


 1027              	.Ldebug_abbrev0:
 1028 0000 01       		.uleb128 0x1
 1029 0001 11       		.uleb128 0x11
 1030 0002 01       		.byte	0x1
 1031 0003 25       		.uleb128 0x25
 1032 0004 0E       		.uleb128 0xe
 1033 0005 13       		.uleb128 0x13
 1034 0006 0B       		.uleb128 0xb
 1035 0007 03       		.uleb128 0x3
 1036 0008 0E       		.uleb128 0xe
 1037 0009 55       		.uleb128 0x55
 1038 000a 17       		.uleb128 0x17
 1039 000b 11       		.uleb128 0x11
 1040 000c 01       		.uleb128 0x1
 1041 000d 10       		.uleb128 0x10
 1042 000e 17       		.uleb128 0x17
 1043 000f 00       		.byte	0
 1044 0010 00       		.byte	0
 1045 0011 02       		.uleb128 0x2
 1046 0012 24       		.uleb128 0x24
 1047 0013 00       		.byte	0
 1048 0014 0B       		.uleb128 0xb
 1049 0015 0B       		.uleb128 0xb
 1050 0016 3E       		.uleb128 0x3e
 1051 0017 0B       		.uleb128 0xb
 1052 0018 03       		.uleb128 0x3
 1053 0019 08       		.uleb128 0x8
 1054 001a 00       		.byte	0
 1055 001b 00       		.byte	0
 1056 001c 03       		.uleb128 0x3
 1057 001d 24       		.uleb128 0x24
 1058 001e 00       		.byte	0
 1059 001f 0B       		.uleb128 0xb
 1060 0020 0B       		.uleb128 0xb
 1061 0021 3E       		.uleb128 0x3e
 1062 0022 0B       		.uleb128 0xb
 1063 0023 03       		.uleb128 0x3
 1064 0024 0E       		.uleb128 0xe
 1065 0025 00       		.byte	0
 1066 0026 00       		.byte	0
 1067 0027 04       		.uleb128 0x4
 1068 0028 16       		.uleb128 0x16
 1069 0029 00       		.byte	0
 1070 002a 03       		.uleb128 0x3
 1071 002b 0E       		.uleb128 0xe
 1072 002c 3A       		.uleb128 0x3a
 1073 002d 0B       		.uleb128 0xb
 1074 002e 3B       		.uleb128 0x3b
 1075 002f 0B       		.uleb128 0xb
 1076 0030 49       		.uleb128 0x49
 1077 0031 13       		.uleb128 0x13
 1078 0032 00       		.byte	0
 1079 0033 00       		.byte	0
 1080 0034 05       		.uleb128 0x5
 1081 0035 13       		.uleb128 0x13
 1082 0036 01       		.byte	0x1
 1083 0037 03       		.uleb128 0x3
ARM GAS  /tmp/ccmaDsPd.s 			page 20


 1084 0038 0E       		.uleb128 0xe
 1085 0039 0B       		.uleb128 0xb
 1086 003a 0B       		.uleb128 0xb
 1087 003b 3A       		.uleb128 0x3a
 1088 003c 0B       		.uleb128 0xb
 1089 003d 3B       		.uleb128 0x3b
 1090 003e 0B       		.uleb128 0xb
 1091 003f 01       		.uleb128 0x1
 1092 0040 13       		.uleb128 0x13
 1093 0041 00       		.byte	0
 1094 0042 00       		.byte	0
 1095 0043 06       		.uleb128 0x6
 1096 0044 0D       		.uleb128 0xd
 1097 0045 00       		.byte	0
 1098 0046 03       		.uleb128 0x3
 1099 0047 0E       		.uleb128 0xe
 1100 0048 3A       		.uleb128 0x3a
 1101 0049 0B       		.uleb128 0xb
 1102 004a 3B       		.uleb128 0x3b
 1103 004b 0B       		.uleb128 0xb
 1104 004c 49       		.uleb128 0x49
 1105 004d 13       		.uleb128 0x13
 1106 004e 38       		.uleb128 0x38
 1107 004f 0B       		.uleb128 0xb
 1108 0050 00       		.byte	0
 1109 0051 00       		.byte	0
 1110 0052 07       		.uleb128 0x7
 1111 0053 0D       		.uleb128 0xd
 1112 0054 00       		.byte	0
 1113 0055 03       		.uleb128 0x3
 1114 0056 08       		.uleb128 0x8
 1115 0057 3A       		.uleb128 0x3a
 1116 0058 0B       		.uleb128 0xb
 1117 0059 3B       		.uleb128 0x3b
 1118 005a 0B       		.uleb128 0xb
 1119 005b 49       		.uleb128 0x49
 1120 005c 13       		.uleb128 0x13
 1121 005d 38       		.uleb128 0x38
 1122 005e 0B       		.uleb128 0xb
 1123 005f 00       		.byte	0
 1124 0060 00       		.byte	0
 1125 0061 08       		.uleb128 0x8
 1126 0062 13       		.uleb128 0x13
 1127 0063 01       		.byte	0x1
 1128 0064 0B       		.uleb128 0xb
 1129 0065 0B       		.uleb128 0xb
 1130 0066 3A       		.uleb128 0x3a
 1131 0067 0B       		.uleb128 0xb
 1132 0068 3B       		.uleb128 0x3b
 1133 0069 0B       		.uleb128 0xb
 1134 006a 01       		.uleb128 0x1
 1135 006b 13       		.uleb128 0x13
 1136 006c 00       		.byte	0
 1137 006d 00       		.byte	0
 1138 006e 09       		.uleb128 0x9
 1139 006f 0F       		.uleb128 0xf
 1140 0070 00       		.byte	0
ARM GAS  /tmp/ccmaDsPd.s 			page 21


 1141 0071 0B       		.uleb128 0xb
 1142 0072 0B       		.uleb128 0xb
 1143 0073 49       		.uleb128 0x49
 1144 0074 13       		.uleb128 0x13
 1145 0075 00       		.byte	0
 1146 0076 00       		.byte	0
 1147 0077 0A       		.uleb128 0xa
 1148 0078 0F       		.uleb128 0xf
 1149 0079 00       		.byte	0
 1150 007a 0B       		.uleb128 0xb
 1151 007b 0B       		.uleb128 0xb
 1152 007c 00       		.byte	0
 1153 007d 00       		.byte	0
 1154 007e 0B       		.uleb128 0xb
 1155 007f 13       		.uleb128 0x13
 1156 0080 01       		.byte	0x1
 1157 0081 03       		.uleb128 0x3
 1158 0082 0E       		.uleb128 0xe
 1159 0083 0B       		.uleb128 0xb
 1160 0084 0B       		.uleb128 0xb
 1161 0085 3A       		.uleb128 0x3a
 1162 0086 0B       		.uleb128 0xb
 1163 0087 3B       		.uleb128 0x3b
 1164 0088 05       		.uleb128 0x5
 1165 0089 01       		.uleb128 0x1
 1166 008a 13       		.uleb128 0x13
 1167 008b 00       		.byte	0
 1168 008c 00       		.byte	0
 1169 008d 0C       		.uleb128 0xc
 1170 008e 0D       		.uleb128 0xd
 1171 008f 00       		.byte	0
 1172 0090 03       		.uleb128 0x3
 1173 0091 08       		.uleb128 0x8
 1174 0092 3A       		.uleb128 0x3a
 1175 0093 0B       		.uleb128 0xb
 1176 0094 3B       		.uleb128 0x3b
 1177 0095 05       		.uleb128 0x5
 1178 0096 49       		.uleb128 0x49
 1179 0097 13       		.uleb128 0x13
 1180 0098 38       		.uleb128 0x38
 1181 0099 0B       		.uleb128 0xb
 1182 009a 00       		.byte	0
 1183 009b 00       		.byte	0
 1184 009c 0D       		.uleb128 0xd
 1185 009d 35       		.uleb128 0x35
 1186 009e 00       		.byte	0
 1187 009f 49       		.uleb128 0x49
 1188 00a0 13       		.uleb128 0x13
 1189 00a1 00       		.byte	0
 1190 00a2 00       		.byte	0
 1191 00a3 0E       		.uleb128 0xe
 1192 00a4 17       		.uleb128 0x17
 1193 00a5 01       		.byte	0x1
 1194 00a6 0B       		.uleb128 0xb
 1195 00a7 0B       		.uleb128 0xb
 1196 00a8 3A       		.uleb128 0x3a
 1197 00a9 0B       		.uleb128 0xb
ARM GAS  /tmp/ccmaDsPd.s 			page 22


 1198 00aa 3B       		.uleb128 0x3b
 1199 00ab 0B       		.uleb128 0xb
 1200 00ac 01       		.uleb128 0x1
 1201 00ad 13       		.uleb128 0x13
 1202 00ae 00       		.byte	0
 1203 00af 00       		.byte	0
 1204 00b0 0F       		.uleb128 0xf
 1205 00b1 0D       		.uleb128 0xd
 1206 00b2 00       		.byte	0
 1207 00b3 03       		.uleb128 0x3
 1208 00b4 0E       		.uleb128 0xe
 1209 00b5 3A       		.uleb128 0x3a
 1210 00b6 0B       		.uleb128 0xb
 1211 00b7 3B       		.uleb128 0x3b
 1212 00b8 0B       		.uleb128 0xb
 1213 00b9 49       		.uleb128 0x49
 1214 00ba 13       		.uleb128 0x13
 1215 00bb 00       		.byte	0
 1216 00bc 00       		.byte	0
 1217 00bd 10       		.uleb128 0x10
 1218 00be 26       		.uleb128 0x26
 1219 00bf 00       		.byte	0
 1220 00c0 49       		.uleb128 0x49
 1221 00c1 13       		.uleb128 0x13
 1222 00c2 00       		.byte	0
 1223 00c3 00       		.byte	0
 1224 00c4 11       		.uleb128 0x11
 1225 00c5 2E       		.uleb128 0x2e
 1226 00c6 01       		.byte	0x1
 1227 00c7 03       		.uleb128 0x3
 1228 00c8 0E       		.uleb128 0xe
 1229 00c9 3A       		.uleb128 0x3a
 1230 00ca 0B       		.uleb128 0xb
 1231 00cb 3B       		.uleb128 0x3b
 1232 00cc 0B       		.uleb128 0xb
 1233 00cd 27       		.uleb128 0x27
 1234 00ce 19       		.uleb128 0x19
 1235 00cf 20       		.uleb128 0x20
 1236 00d0 0B       		.uleb128 0xb
 1237 00d1 01       		.uleb128 0x1
 1238 00d2 13       		.uleb128 0x13
 1239 00d3 00       		.byte	0
 1240 00d4 00       		.byte	0
 1241 00d5 12       		.uleb128 0x12
 1242 00d6 05       		.uleb128 0x5
 1243 00d7 00       		.byte	0
 1244 00d8 03       		.uleb128 0x3
 1245 00d9 08       		.uleb128 0x8
 1246 00da 3A       		.uleb128 0x3a
 1247 00db 0B       		.uleb128 0xb
 1248 00dc 3B       		.uleb128 0x3b
 1249 00dd 0B       		.uleb128 0xb
 1250 00de 49       		.uleb128 0x49
 1251 00df 13       		.uleb128 0x13
 1252 00e0 00       		.byte	0
 1253 00e1 00       		.byte	0
 1254 00e2 13       		.uleb128 0x13
ARM GAS  /tmp/ccmaDsPd.s 			page 23


 1255 00e3 2E       		.uleb128 0x2e
 1256 00e4 01       		.byte	0x1
 1257 00e5 03       		.uleb128 0x3
 1258 00e6 0E       		.uleb128 0xe
 1259 00e7 3A       		.uleb128 0x3a
 1260 00e8 0B       		.uleb128 0xb
 1261 00e9 3B       		.uleb128 0x3b
 1262 00ea 0B       		.uleb128 0xb
 1263 00eb 27       		.uleb128 0x27
 1264 00ec 19       		.uleb128 0x19
 1265 00ed 49       		.uleb128 0x49
 1266 00ee 13       		.uleb128 0x13
 1267 00ef 20       		.uleb128 0x20
 1268 00f0 0B       		.uleb128 0xb
 1269 00f1 01       		.uleb128 0x1
 1270 00f2 13       		.uleb128 0x13
 1271 00f3 00       		.byte	0
 1272 00f4 00       		.byte	0
 1273 00f5 14       		.uleb128 0x14
 1274 00f6 34       		.uleb128 0x34
 1275 00f7 00       		.byte	0
 1276 00f8 03       		.uleb128 0x3
 1277 00f9 08       		.uleb128 0x8
 1278 00fa 3A       		.uleb128 0x3a
 1279 00fb 0B       		.uleb128 0xb
 1280 00fc 3B       		.uleb128 0x3b
 1281 00fd 0B       		.uleb128 0xb
 1282 00fe 49       		.uleb128 0x49
 1283 00ff 13       		.uleb128 0x13
 1284 0100 00       		.byte	0
 1285 0101 00       		.byte	0
 1286 0102 15       		.uleb128 0x15
 1287 0103 2E       		.uleb128 0x2e
 1288 0104 01       		.byte	0x1
 1289 0105 3F       		.uleb128 0x3f
 1290 0106 19       		.uleb128 0x19
 1291 0107 03       		.uleb128 0x3
 1292 0108 0E       		.uleb128 0xe
 1293 0109 3A       		.uleb128 0x3a
 1294 010a 0B       		.uleb128 0xb
 1295 010b 3B       		.uleb128 0x3b
 1296 010c 0B       		.uleb128 0xb
 1297 010d 27       		.uleb128 0x27
 1298 010e 19       		.uleb128 0x19
 1299 010f 49       		.uleb128 0x49
 1300 0110 13       		.uleb128 0x13
 1301 0111 11       		.uleb128 0x11
 1302 0112 01       		.uleb128 0x1
 1303 0113 12       		.uleb128 0x12
 1304 0114 06       		.uleb128 0x6
 1305 0115 40       		.uleb128 0x40
 1306 0116 18       		.uleb128 0x18
 1307 0117 9742     		.uleb128 0x2117
 1308 0119 19       		.uleb128 0x19
 1309 011a 01       		.uleb128 0x1
 1310 011b 13       		.uleb128 0x13
 1311 011c 00       		.byte	0
ARM GAS  /tmp/ccmaDsPd.s 			page 24


 1312 011d 00       		.byte	0
 1313 011e 16       		.uleb128 0x16
 1314 011f 05       		.uleb128 0x5
 1315 0120 00       		.byte	0
 1316 0121 03       		.uleb128 0x3
 1317 0122 08       		.uleb128 0x8
 1318 0123 3A       		.uleb128 0x3a
 1319 0124 0B       		.uleb128 0xb
 1320 0125 3B       		.uleb128 0x3b
 1321 0126 0B       		.uleb128 0xb
 1322 0127 49       		.uleb128 0x49
 1323 0128 13       		.uleb128 0x13
 1324 0129 02       		.uleb128 0x2
 1325 012a 17       		.uleb128 0x17
 1326 012b 00       		.byte	0
 1327 012c 00       		.byte	0
 1328 012d 17       		.uleb128 0x17
 1329 012e 34       		.uleb128 0x34
 1330 012f 00       		.byte	0
 1331 0130 03       		.uleb128 0x3
 1332 0131 08       		.uleb128 0x8
 1333 0132 3A       		.uleb128 0x3a
 1334 0133 0B       		.uleb128 0xb
 1335 0134 3B       		.uleb128 0x3b
 1336 0135 0B       		.uleb128 0xb
 1337 0136 49       		.uleb128 0x49
 1338 0137 13       		.uleb128 0x13
 1339 0138 02       		.uleb128 0x2
 1340 0139 18       		.uleb128 0x18
 1341 013a 00       		.byte	0
 1342 013b 00       		.byte	0
 1343 013c 18       		.uleb128 0x18
 1344 013d 0B       		.uleb128 0xb
 1345 013e 01       		.byte	0x1
 1346 013f 11       		.uleb128 0x11
 1347 0140 01       		.uleb128 0x1
 1348 0141 12       		.uleb128 0x12
 1349 0142 06       		.uleb128 0x6
 1350 0143 01       		.uleb128 0x1
 1351 0144 13       		.uleb128 0x13
 1352 0145 00       		.byte	0
 1353 0146 00       		.byte	0
 1354 0147 19       		.uleb128 0x19
 1355 0148 1D       		.uleb128 0x1d
 1356 0149 01       		.byte	0x1
 1357 014a 31       		.uleb128 0x31
 1358 014b 13       		.uleb128 0x13
 1359 014c 52       		.uleb128 0x52
 1360 014d 01       		.uleb128 0x1
 1361 014e 55       		.uleb128 0x55
 1362 014f 17       		.uleb128 0x17
 1363 0150 58       		.uleb128 0x58
 1364 0151 0B       		.uleb128 0xb
 1365 0152 59       		.uleb128 0x59
 1366 0153 0B       		.uleb128 0xb
 1367 0154 01       		.uleb128 0x1
 1368 0155 13       		.uleb128 0x13
ARM GAS  /tmp/ccmaDsPd.s 			page 25


 1369 0156 00       		.byte	0
 1370 0157 00       		.byte	0
 1371 0158 1A       		.uleb128 0x1a
 1372 0159 05       		.uleb128 0x5
 1373 015a 00       		.byte	0
 1374 015b 31       		.uleb128 0x31
 1375 015c 13       		.uleb128 0x13
 1376 015d 02       		.uleb128 0x2
 1377 015e 17       		.uleb128 0x17
 1378 015f 00       		.byte	0
 1379 0160 00       		.byte	0
 1380 0161 1B       		.uleb128 0x1b
 1381 0162 05       		.uleb128 0x5
 1382 0163 00       		.byte	0
 1383 0164 31       		.uleb128 0x31
 1384 0165 13       		.uleb128 0x13
 1385 0166 02       		.uleb128 0x2
 1386 0167 18       		.uleb128 0x18
 1387 0168 00       		.byte	0
 1388 0169 00       		.byte	0
 1389 016a 1C       		.uleb128 0x1c
 1390 016b 898201   		.uleb128 0x4109
 1391 016e 01       		.byte	0x1
 1392 016f 11       		.uleb128 0x11
 1393 0170 01       		.uleb128 0x1
 1394 0171 31       		.uleb128 0x31
 1395 0172 13       		.uleb128 0x13
 1396 0173 01       		.uleb128 0x1
 1397 0174 13       		.uleb128 0x13
 1398 0175 00       		.byte	0
 1399 0176 00       		.byte	0
 1400 0177 1D       		.uleb128 0x1d
 1401 0178 8A8201   		.uleb128 0x410a
 1402 017b 00       		.byte	0
 1403 017c 02       		.uleb128 0x2
 1404 017d 18       		.uleb128 0x18
 1405 017e 9142     		.uleb128 0x2111
 1406 0180 18       		.uleb128 0x18
 1407 0181 00       		.byte	0
 1408 0182 00       		.byte	0
 1409 0183 1E       		.uleb128 0x1e
 1410 0184 898201   		.uleb128 0x4109
 1411 0187 00       		.byte	0
 1412 0188 11       		.uleb128 0x11
 1413 0189 01       		.uleb128 0x1
 1414 018a 31       		.uleb128 0x31
 1415 018b 13       		.uleb128 0x13
 1416 018c 00       		.byte	0
 1417 018d 00       		.byte	0
 1418 018e 1F       		.uleb128 0x1f
 1419 018f 0B       		.uleb128 0xb
 1420 0190 01       		.byte	0x1
 1421 0191 55       		.uleb128 0x55
 1422 0192 17       		.uleb128 0x17
 1423 0193 00       		.byte	0
 1424 0194 00       		.byte	0
 1425 0195 20       		.uleb128 0x20
ARM GAS  /tmp/ccmaDsPd.s 			page 26


 1426 0196 34       		.uleb128 0x34
 1427 0197 00       		.byte	0
 1428 0198 31       		.uleb128 0x31
 1429 0199 13       		.uleb128 0x13
 1430 019a 02       		.uleb128 0x2
 1431 019b 17       		.uleb128 0x17
 1432 019c 00       		.byte	0
 1433 019d 00       		.byte	0
 1434 019e 21       		.uleb128 0x21
 1435 019f 0B       		.uleb128 0xb
 1436 01a0 01       		.byte	0x1
 1437 01a1 55       		.uleb128 0x55
 1438 01a2 17       		.uleb128 0x17
 1439 01a3 01       		.uleb128 0x1
 1440 01a4 13       		.uleb128 0x13
 1441 01a5 00       		.byte	0
 1442 01a6 00       		.byte	0
 1443 01a7 22       		.uleb128 0x22
 1444 01a8 898201   		.uleb128 0x4109
 1445 01ab 01       		.byte	0x1
 1446 01ac 11       		.uleb128 0x11
 1447 01ad 01       		.uleb128 0x1
 1448 01ae 31       		.uleb128 0x31
 1449 01af 13       		.uleb128 0x13
 1450 01b0 00       		.byte	0
 1451 01b1 00       		.byte	0
 1452 01b2 23       		.uleb128 0x23
 1453 01b3 2E       		.uleb128 0x2e
 1454 01b4 01       		.byte	0x1
 1455 01b5 3F       		.uleb128 0x3f
 1456 01b6 19       		.uleb128 0x19
 1457 01b7 03       		.uleb128 0x3
 1458 01b8 0E       		.uleb128 0xe
 1459 01b9 3A       		.uleb128 0x3a
 1460 01ba 0B       		.uleb128 0xb
 1461 01bb 3B       		.uleb128 0x3b
 1462 01bc 0B       		.uleb128 0xb
 1463 01bd 27       		.uleb128 0x27
 1464 01be 19       		.uleb128 0x19
 1465 01bf 11       		.uleb128 0x11
 1466 01c0 01       		.uleb128 0x1
 1467 01c1 12       		.uleb128 0x12
 1468 01c2 06       		.uleb128 0x6
 1469 01c3 40       		.uleb128 0x40
 1470 01c4 18       		.uleb128 0x18
 1471 01c5 9742     		.uleb128 0x2117
 1472 01c7 19       		.uleb128 0x19
 1473 01c8 01       		.uleb128 0x1
 1474 01c9 13       		.uleb128 0x13
 1475 01ca 00       		.byte	0
 1476 01cb 00       		.byte	0
 1477 01cc 24       		.uleb128 0x24
 1478 01cd 34       		.uleb128 0x34
 1479 01ce 00       		.byte	0
 1480 01cf 03       		.uleb128 0x3
 1481 01d0 0E       		.uleb128 0xe
 1482 01d1 3A       		.uleb128 0x3a
ARM GAS  /tmp/ccmaDsPd.s 			page 27


 1483 01d2 0B       		.uleb128 0xb
 1484 01d3 3B       		.uleb128 0x3b
 1485 01d4 0B       		.uleb128 0xb
 1486 01d5 49       		.uleb128 0x49
 1487 01d6 13       		.uleb128 0x13
 1488 01d7 3F       		.uleb128 0x3f
 1489 01d8 19       		.uleb128 0x19
 1490 01d9 3C       		.uleb128 0x3c
 1491 01da 19       		.uleb128 0x19
 1492 01db 00       		.byte	0
 1493 01dc 00       		.byte	0
 1494 01dd 25       		.uleb128 0x25
 1495 01de 2E       		.uleb128 0x2e
 1496 01df 01       		.byte	0x1
 1497 01e0 3F       		.uleb128 0x3f
 1498 01e1 19       		.uleb128 0x19
 1499 01e2 03       		.uleb128 0x3
 1500 01e3 0E       		.uleb128 0xe
 1501 01e4 3A       		.uleb128 0x3a
 1502 01e5 0B       		.uleb128 0xb
 1503 01e6 3B       		.uleb128 0x3b
 1504 01e7 0B       		.uleb128 0xb
 1505 01e8 27       		.uleb128 0x27
 1506 01e9 19       		.uleb128 0x19
 1507 01ea 3C       		.uleb128 0x3c
 1508 01eb 19       		.uleb128 0x19
 1509 01ec 01       		.uleb128 0x1
 1510 01ed 13       		.uleb128 0x13
 1511 01ee 00       		.byte	0
 1512 01ef 00       		.byte	0
 1513 01f0 26       		.uleb128 0x26
 1514 01f1 05       		.uleb128 0x5
 1515 01f2 00       		.byte	0
 1516 01f3 49       		.uleb128 0x49
 1517 01f4 13       		.uleb128 0x13
 1518 01f5 00       		.byte	0
 1519 01f6 00       		.byte	0
 1520 01f7 27       		.uleb128 0x27
 1521 01f8 2E       		.uleb128 0x2e
 1522 01f9 01       		.byte	0x1
 1523 01fa 3F       		.uleb128 0x3f
 1524 01fb 19       		.uleb128 0x19
 1525 01fc 03       		.uleb128 0x3
 1526 01fd 0E       		.uleb128 0xe
 1527 01fe 3A       		.uleb128 0x3a
 1528 01ff 0B       		.uleb128 0xb
 1529 0200 3B       		.uleb128 0x3b
 1530 0201 0B       		.uleb128 0xb
 1531 0202 27       		.uleb128 0x27
 1532 0203 19       		.uleb128 0x19
 1533 0204 49       		.uleb128 0x49
 1534 0205 13       		.uleb128 0x13
 1535 0206 3C       		.uleb128 0x3c
 1536 0207 19       		.uleb128 0x19
 1537 0208 01       		.uleb128 0x1
 1538 0209 13       		.uleb128 0x13
 1539 020a 00       		.byte	0
ARM GAS  /tmp/ccmaDsPd.s 			page 28


 1540 020b 00       		.byte	0
 1541 020c 28       		.uleb128 0x28
 1542 020d 2E       		.uleb128 0x2e
 1543 020e 01       		.byte	0x1
 1544 020f 3F       		.uleb128 0x3f
 1545 0210 19       		.uleb128 0x19
 1546 0211 03       		.uleb128 0x3
 1547 0212 0E       		.uleb128 0xe
 1548 0213 3A       		.uleb128 0x3a
 1549 0214 0B       		.uleb128 0xb
 1550 0215 3B       		.uleb128 0x3b
 1551 0216 0B       		.uleb128 0xb
 1552 0217 27       		.uleb128 0x27
 1553 0218 19       		.uleb128 0x19
 1554 0219 3C       		.uleb128 0x3c
 1555 021a 19       		.uleb128 0x19
 1556 021b 00       		.byte	0
 1557 021c 00       		.byte	0
 1558 021d 00       		.byte	0
 1559              		.section	.debug_loc,"",%progbits
 1560              	.Ldebug_loc0:
 1561              	.LLST0:
 1562 0000 00000000 		.4byte	.LVL0
 1563 0004 2A000000 		.4byte	.LVL3
 1564 0008 0100     		.2byte	0x1
 1565 000a 50       		.byte	0x50
 1566 000b 2A000000 		.4byte	.LVL3
 1567 000f 3A000000 		.4byte	.LVL6
 1568 0013 0400     		.2byte	0x4
 1569 0015 F3       		.byte	0xf3
 1570 0016 01       		.uleb128 0x1
 1571 0017 50       		.byte	0x50
 1572 0018 9F       		.byte	0x9f
 1573 0019 3A000000 		.4byte	.LVL6
 1574 001d 3D000000 		.4byte	.LVL7-1
 1575 0021 0100     		.2byte	0x1
 1576 0023 50       		.byte	0x50
 1577 0024 3D000000 		.4byte	.LVL7-1
 1578 0028 40000000 		.4byte	.LFE7
 1579 002c 0400     		.2byte	0x4
 1580 002e F3       		.byte	0xf3
 1581 002f 01       		.uleb128 0x1
 1582 0030 50       		.byte	0x50
 1583 0031 9F       		.byte	0x9f
 1584 0032 00000000 		.4byte	0
 1585 0036 00000000 		.4byte	0
 1586              	.LLST1:
 1587 003a 00000000 		.4byte	.LVL0
 1588 003e 2A000000 		.4byte	.LVL3
 1589 0042 0100     		.2byte	0x1
 1590 0044 51       		.byte	0x51
 1591 0045 2A000000 		.4byte	.LVL3
 1592 0049 32000000 		.4byte	.LVL5
 1593 004d 0400     		.2byte	0x4
 1594 004f F3       		.byte	0xf3
 1595 0050 01       		.uleb128 0x1
 1596 0051 51       		.byte	0x51
ARM GAS  /tmp/ccmaDsPd.s 			page 29


 1597 0052 9F       		.byte	0x9f
 1598 0053 32000000 		.4byte	.LVL5
 1599 0057 3A000000 		.4byte	.LVL6
 1600 005b 0100     		.2byte	0x1
 1601 005d 50       		.byte	0x50
 1602 005e 3A000000 		.4byte	.LVL6
 1603 0062 3D000000 		.4byte	.LVL7-1
 1604 0066 0100     		.2byte	0x1
 1605 0068 51       		.byte	0x51
 1606 0069 3D000000 		.4byte	.LVL7-1
 1607 006d 40000000 		.4byte	.LFE7
 1608 0071 0400     		.2byte	0x4
 1609 0073 F3       		.byte	0xf3
 1610 0074 01       		.uleb128 0x1
 1611 0075 51       		.byte	0x51
 1612 0076 9F       		.byte	0x9f
 1613 0077 00000000 		.4byte	0
 1614 007b 00000000 		.4byte	0
 1615              	.LLST2:
 1616 007f 1A000000 		.4byte	.LVL2
 1617 0083 2A000000 		.4byte	.LVL3
 1618 0087 0100     		.2byte	0x1
 1619 0089 52       		.byte	0x52
 1620 008a 2A000000 		.4byte	.LVL3
 1621 008e 3A000000 		.4byte	.LVL6
 1622 0092 0600     		.2byte	0x6
 1623 0094 F3       		.byte	0xf3
 1624 0095 01       		.uleb128 0x1
 1625 0096 50       		.byte	0x50
 1626 0097 23       		.byte	0x23
 1627 0098 2C       		.uleb128 0x2c
 1628 0099 9F       		.byte	0x9f
 1629 009a 3A000000 		.4byte	.LVL6
 1630 009e 3D000000 		.4byte	.LVL7-1
 1631 00a2 0100     		.2byte	0x1
 1632 00a4 52       		.byte	0x52
 1633 00a5 3D000000 		.4byte	.LVL7-1
 1634 00a9 40000000 		.4byte	.LFE7
 1635 00ad 0600     		.2byte	0x6
 1636 00af F3       		.byte	0xf3
 1637 00b0 01       		.uleb128 0x1
 1638 00b1 50       		.byte	0x50
 1639 00b2 23       		.byte	0x23
 1640 00b3 2C       		.uleb128 0x2c
 1641 00b4 9F       		.byte	0x9f
 1642 00b5 00000000 		.4byte	0
 1643 00b9 00000000 		.4byte	0
 1644              	.LLST3:
 1645 00bd 1C000000 		.4byte	.LVL8
 1646 00c1 2E000000 		.4byte	.LVL9
 1647 00c5 0100     		.2byte	0x1
 1648 00c7 52       		.byte	0x52
 1649 00c8 00000000 		.4byte	0
 1650 00cc 00000000 		.4byte	0
 1651              	.LLST4:
 1652 00d0 1C000000 		.4byte	.LVL8
 1653 00d4 2E000000 		.4byte	.LVL9
ARM GAS  /tmp/ccmaDsPd.s 			page 30


 1654 00d8 0100     		.2byte	0x1
 1655 00da 50       		.byte	0x50
 1656 00db 00000000 		.4byte	0
 1657 00df 00000000 		.4byte	0
 1658              	.LLST5:
 1659 00e3 00000000 		.4byte	.LVL11
 1660 00e7 0B000000 		.4byte	.LVL12-1
 1661 00eb 0100     		.2byte	0x1
 1662 00ed 50       		.byte	0x50
 1663 00ee 0B000000 		.4byte	.LVL12-1
 1664 00f2 14000000 		.4byte	.LFE9
 1665 00f6 0400     		.2byte	0x4
 1666 00f8 F3       		.byte	0xf3
 1667 00f9 01       		.uleb128 0x1
 1668 00fa 50       		.byte	0x50
 1669 00fb 9F       		.byte	0x9f
 1670 00fc 00000000 		.4byte	0
 1671 0100 00000000 		.4byte	0
 1672              	.LLST6:
 1673 0104 00000000 		.4byte	.LVL11
 1674 0108 0B000000 		.4byte	.LVL12-1
 1675 010c 0100     		.2byte	0x1
 1676 010e 51       		.byte	0x51
 1677 010f 0B000000 		.4byte	.LVL12-1
 1678 0113 14000000 		.4byte	.LFE9
 1679 0117 0400     		.2byte	0x4
 1680 0119 F3       		.byte	0xf3
 1681 011a 01       		.uleb128 0x1
 1682 011b 51       		.byte	0x51
 1683 011c 9F       		.byte	0x9f
 1684 011d 00000000 		.4byte	0
 1685 0121 00000000 		.4byte	0
 1686              		.section	.debug_aranges,"",%progbits
 1687 0000 2C000000 		.4byte	0x2c
 1688 0004 0200     		.2byte	0x2
 1689 0006 00000000 		.4byte	.Ldebug_info0
 1690 000a 04       		.byte	0x4
 1691 000b 00       		.byte	0
 1692 000c 0000     		.2byte	0
 1693 000e 0000     		.2byte	0
 1694 0010 00000000 		.4byte	.LFB7
 1695 0014 40000000 		.4byte	.LFE7-.LFB7
 1696 0018 00000000 		.4byte	.LFB8
 1697 001c 3E000000 		.4byte	.LFE8-.LFB8
 1698 0020 00000000 		.4byte	.LFB9
 1699 0024 14000000 		.4byte	.LFE9-.LFB9
 1700 0028 00000000 		.4byte	0
 1701 002c 00000000 		.4byte	0
 1702              		.section	.debug_ranges,"",%progbits
 1703              	.Ldebug_ranges0:
 1704 0000 1A000000 		.4byte	.LBB11
 1705 0004 1C000000 		.4byte	.LBE11
 1706 0008 20000000 		.4byte	.LBB14
 1707 000c 28000000 		.4byte	.LBE14
 1708 0010 00000000 		.4byte	0
 1709 0014 00000000 		.4byte	0
 1710 0018 1C000000 		.4byte	.LBB17
ARM GAS  /tmp/ccmaDsPd.s 			page 31


 1711 001c 1E000000 		.4byte	.LBE17
 1712 0020 20000000 		.4byte	.LBB20
 1713 0024 24000000 		.4byte	.LBE20
 1714 0028 00000000 		.4byte	0
 1715 002c 00000000 		.4byte	0
 1716 0030 24000000 		.4byte	.LBB21
 1717 0034 26000000 		.4byte	.LBE21
 1718 0038 28000000 		.4byte	.LBB22
 1719 003c 2C000000 		.4byte	.LBE22
 1720 0040 00000000 		.4byte	0
 1721 0044 00000000 		.4byte	0
 1722 0048 00000000 		.4byte	.LFB7
 1723 004c 40000000 		.4byte	.LFE7
 1724 0050 00000000 		.4byte	.LFB8
 1725 0054 3E000000 		.4byte	.LFE8
 1726 0058 00000000 		.4byte	.LFB9
 1727 005c 14000000 		.4byte	.LFE9
 1728 0060 00000000 		.4byte	0
 1729 0064 00000000 		.4byte	0
 1730              		.section	.debug_line,"",%progbits
 1731              	.Ldebug_line0:
 1732 0000 AC010000 		.section	.debug_str,"MS",%progbits,1
 1732      02003901 
 1732      00000201 
 1732      FB0E0D00 
 1732      01010101 
 1733              	.LASF39:
 1734 0000 705F6D73 		.ascii	"p_msg\000"
 1734      6700
 1735              	.LASF70:
 1736 0006 71756575 		.ascii	"queue_insert\000"
 1736      655F696E 
 1736      73657274 
 1736      00
 1737              	.LASF61:
 1738 0013 7264796D 		.ascii	"rdymsg\000"
 1738      736700
 1739              	.LASF5:
 1740 001a 5F5F7569 		.ascii	"__uint8_t\000"
 1740      6E74385F 
 1740      7400
 1741              	.LASF11:
 1742 0024 6C6F6E67 		.ascii	"long long unsigned int\000"
 1742      206C6F6E 
 1742      6720756E 
 1742      7369676E 
 1742      65642069 
 1743              	.LASF62:
 1744 003b 65786974 		.ascii	"exitcode\000"
 1744      636F6465 
 1744      00
 1745              	.LASF27:
 1746 0044 705F7072 		.ascii	"p_prio\000"
 1746      696F00
 1747              	.LASF10:
 1748 004b 6C6F6E67 		.ascii	"long long int\000"
 1748      206C6F6E 
ARM GAS  /tmp/ccmaDsPd.s 			page 32


 1748      6720696E 
 1748      7400
 1749              	.LASF1:
 1750 0059 7369676E 		.ascii	"signed char\000"
 1750      65642063 
 1750      68617200 
 1751              	.LASF43:
 1752 0065 705F6D70 		.ascii	"p_mpool\000"
 1752      6F6F6C00 
 1753              	.LASF58:
 1754 006d 6D5F7175 		.ascii	"m_queue\000"
 1754      65756500 
 1755              	.LASF19:
 1756 0075 74736C69 		.ascii	"tslices_t\000"
 1756      6365735F 
 1756      7400
 1757              	.LASF7:
 1758 007f 6C6F6E67 		.ascii	"long int\000"
 1758      20696E74 
 1758      00
 1759              	.LASF66:
 1760 0088 63684D73 		.ascii	"chMsgSend\000"
 1760      6753656E 
 1760      6400
 1761              	.LASF17:
 1762 0092 74737461 		.ascii	"tstate_t\000"
 1762      74655F74 
 1762      00
 1763              	.LASF29:
 1764 009b 705F6E65 		.ascii	"p_newer\000"
 1764      77657200 
 1765              	.LASF8:
 1766 00a3 5F5F7569 		.ascii	"__uint32_t\000"
 1766      6E743332 
 1766      5F7400
 1767              	.LASF46:
 1768 00ae 72656761 		.ascii	"regarm_t\000"
 1768      726D5F74 
 1768      00
 1769              	.LASF0:
 1770 00b7 756E7369 		.ascii	"unsigned int\000"
 1770      676E6564 
 1770      20696E74 
 1770      00
 1771              	.LASF9:
 1772 00c4 6C6F6E67 		.ascii	"long unsigned int\000"
 1772      20756E73 
 1772      69676E65 
 1772      6420696E 
 1772      7400
 1773              	.LASF48:
 1774 00d6 636F6E74 		.ascii	"context\000"
 1774      65787400 
 1775              	.LASF4:
 1776 00de 73686F72 		.ascii	"short unsigned int\000"
 1776      7420756E 
 1776      7369676E 
ARM GAS  /tmp/ccmaDsPd.s 			page 33


 1776      65642069 
 1776      6E7400
 1777              	.LASF21:
 1778 00f1 6D73675F 		.ascii	"msg_t\000"
 1778      7400
 1779              	.LASF68:
 1780 00f7 474E5520 		.ascii	"GNU C 4.8.2 -mcpu=cortex-m3 -mno-thumb-interwork -m"
 1780      4320342E 
 1780      382E3220 
 1780      2D6D6370 
 1780      753D636F 
 1781 012a 7468756D 		.ascii	"thumb -ggdb -O2 -fomit-frame-pointer -ffunction-sec"
 1781      62202D67 
 1781      67646220 
 1781      2D4F3220 
 1781      2D666F6D 
 1782 015d 74696F6E 		.ascii	"tions -fdata-sections -fno-common\000"
 1782      73202D66 
 1782      64617461 
 1782      2D736563 
 1782      74696F6E 
 1783              	.LASF16:
 1784 017f 746D6F64 		.ascii	"tmode_t\000"
 1784      655F7400 
 1785              	.LASF69:
 1786 0187 2F6F7074 		.ascii	"/opt/ChibiOS_2.6.6/os/kernel/src/chmsg.c\000"
 1786      2F436869 
 1786      62694F53 
 1786      5F322E36 
 1786      2E362F6F 
 1787              	.LASF45:
 1788 01b0 54687265 		.ascii	"ThreadsList\000"
 1788      6164734C 
 1788      69737400 
 1789              	.LASF22:
 1790 01bc 6576656E 		.ascii	"eventmask_t\000"
 1790      746D6173 
 1790      6B5F7400 
 1791              	.LASF57:
 1792 01c8 4D757465 		.ascii	"Mutex\000"
 1792      7800
 1793              	.LASF49:
 1794 01ce 73697A65 		.ascii	"sizetype\000"
 1794      74797065 
 1794      00
 1795              	.LASF30:
 1796 01d7 705F6F6C 		.ascii	"p_older\000"
 1796      64657200 
 1797              	.LASF52:
 1798 01df 725F6374 		.ascii	"r_ctx\000"
 1798      7800
 1799              	.LASF53:
 1800 01e5 725F6E65 		.ascii	"r_newer\000"
 1800      77657200 
 1801              	.LASF44:
 1802 01ed 54687265 		.ascii	"ThreadsQueue\000"
 1802      61647351 
ARM GAS  /tmp/ccmaDsPd.s 			page 34


 1802      75657565 
 1802      00
 1803              	.LASF55:
 1804 01fa 725F6375 		.ascii	"r_current\000"
 1804      7272656E 
 1804      7400
 1805              	.LASF54:
 1806 0204 725F6F6C 		.ascii	"r_older\000"
 1806      64657200 
 1807              	.LASF18:
 1808 020c 74726566 		.ascii	"trefs_t\000"
 1808      735F7400 
 1809              	.LASF26:
 1810 0214 705F7072 		.ascii	"p_prev\000"
 1810      657600
 1811              	.LASF20:
 1812 021b 74707269 		.ascii	"tprio_t\000"
 1812      6F5F7400 
 1813              	.LASF15:
 1814 0223 5F426F6F 		.ascii	"_Bool\000"
 1814      6C00
 1815              	.LASF13:
 1816 0229 696E7433 		.ascii	"int32_t\000"
 1816      325F7400 
 1817              	.LASF2:
 1818 0231 756E7369 		.ascii	"unsigned char\000"
 1818      676E6564 
 1818      20636861 
 1818      7200
 1819              	.LASF41:
 1820 023f 705F6D74 		.ascii	"p_mtxlist\000"
 1820      786C6973 
 1820      7400
 1821              	.LASF3:
 1822 0249 73686F72 		.ascii	"short int\000"
 1822      7420696E 
 1822      7400
 1823              	.LASF32:
 1824 0253 705F7374 		.ascii	"p_state\000"
 1824      61746500 
 1825              	.LASF35:
 1826 025b 705F7072 		.ascii	"p_preempt\000"
 1826      65656D70 
 1826      7400
 1827              	.LASF51:
 1828 0265 725F7072 		.ascii	"r_prio\000"
 1828      696F00
 1829              	.LASF64:
 1830 026c 65776D61 		.ascii	"ewmask\000"
 1830      736B00
 1831              	.LASF25:
 1832 0273 705F6E65 		.ascii	"p_next\000"
 1832      787400
 1833              	.LASF33:
 1834 027a 705F666C 		.ascii	"p_flags\000"
 1834      61677300 
 1835              	.LASF24:
ARM GAS  /tmp/ccmaDsPd.s 			page 35


 1836 0282 54687265 		.ascii	"Thread\000"
 1836      616400
 1837              	.LASF72:
 1838 0289 63684D73 		.ascii	"chMsgRelease\000"
 1838      6752656C 
 1838      65617365 
 1838      00
 1839              	.LASF74:
 1840 0296 63685363 		.ascii	"chSchGoSleepS\000"
 1840      68476F53 
 1840      6C656570 
 1840      5300
 1841              	.LASF40:
 1842 02a4 705F6570 		.ascii	"p_epending\000"
 1842      656E6469 
 1842      6E6700
 1843              	.LASF14:
 1844 02af 75696E74 		.ascii	"uint32_t\000"
 1844      33325F74 
 1844      00
 1845              	.LASF50:
 1846 02b8 725F7175 		.ascii	"r_queue\000"
 1846      65756500 
 1847              	.LASF75:
 1848 02c0 63685363 		.ascii	"chSchReadyI\000"
 1848      68526561 
 1848      64794900 
 1849              	.LASF65:
 1850 02cc 63686172 		.ascii	"char\000"
 1850      00
 1851              	.LASF71:
 1852 02d1 6669666F 		.ascii	"fifo_remove\000"
 1852      5F72656D 
 1852      6F766500 
 1853              	.LASF60:
 1854 02dd 6D5F6E65 		.ascii	"m_next\000"
 1854      787400
 1855              	.LASF23:
 1856 02e4 73797374 		.ascii	"systime_t\000"
 1856      696D655F 
 1856      7400
 1857              	.LASF42:
 1858 02ee 705F7265 		.ascii	"p_realprio\000"
 1858      616C7072 
 1858      696F00
 1859              	.LASF6:
 1860 02f9 5F5F696E 		.ascii	"__int32_t\000"
 1860      7433325F 
 1860      7400
 1861              	.LASF36:
 1862 0303 705F7469 		.ascii	"p_time\000"
 1862      6D6500
 1863              	.LASF47:
 1864 030a 696E7463 		.ascii	"intctx\000"
 1864      747800
 1865              	.LASF38:
 1866 0311 705F6D73 		.ascii	"p_msgqueue\000"
ARM GAS  /tmp/ccmaDsPd.s 			page 36


 1866      67717565 
 1866      756500
 1867              	.LASF76:
 1868 031c 63685363 		.ascii	"chSchWakeupS\000"
 1868      6857616B 
 1868      65757053 
 1868      00
 1869              	.LASF67:
 1870 0329 63684D73 		.ascii	"chMsgWait\000"
 1870      67576169 
 1870      7400
 1871              	.LASF34:
 1872 0333 705F7265 		.ascii	"p_refs\000"
 1872      667300
 1873              	.LASF56:
 1874 033a 52656164 		.ascii	"ReadyList\000"
 1874      794C6973 
 1874      7400
 1875              	.LASF73:
 1876 0344 726C6973 		.ascii	"rlist\000"
 1876      7400
 1877              	.LASF12:
 1878 034a 75696E74 		.ascii	"uint8_t\000"
 1878      385F7400 
 1879              	.LASF63:
 1880 0352 77746F62 		.ascii	"wtobjp\000"
 1880      6A7000
 1881              	.LASF31:
 1882 0359 705F6E61 		.ascii	"p_name\000"
 1882      6D6500
 1883              	.LASF59:
 1884 0360 6D5F6F77 		.ascii	"m_owner\000"
 1884      6E657200 
 1885              	.LASF28:
 1886 0368 705F6374 		.ascii	"p_ctx\000"
 1886      7800
 1887              	.LASF37:
 1888 036e 705F7761 		.ascii	"p_waiting\000"
 1888      6974696E 
 1888      6700
 1889              		.ident	"GCC: (4.8.2-14ubuntu1+6) 4.8.2"
ARM GAS  /tmp/ccmaDsPd.s 			page 37


DEFINED SYMBOLS
                            *ABS*:0000000000000000 chmsg.c
     /tmp/ccmaDsPd.s:19     .text.chMsgSend:0000000000000000 $t
     /tmp/ccmaDsPd.s:24     .text.chMsgSend:0000000000000000 chMsgSend
     /tmp/ccmaDsPd.s:109    .text.chMsgWait:0000000000000000 $t
     /tmp/ccmaDsPd.s:114    .text.chMsgWait:0000000000000000 chMsgWait
     /tmp/ccmaDsPd.s:186    .text.chMsgRelease:0000000000000000 $t
     /tmp/ccmaDsPd.s:191    .text.chMsgRelease:0000000000000000 chMsgRelease
                     .debug_frame:0000000000000010 $d

UNDEFINED SYMBOLS
rlist
chSchGoSleepS
chSchReadyI
chSchWakeupS
