ARM GAS  /tmp/ccdU3Fio.s 			page 1


   1              		.syntax unified
   2              		.cpu cortex-m3
   3              		.fpu softvfp
   4              		.eabi_attribute 20, 1
   5              		.eabi_attribute 21, 1
   6              		.eabi_attribute 23, 3
   7              		.eabi_attribute 24, 1
   8              		.eabi_attribute 25, 1
   9              		.eabi_attribute 26, 1
  10              		.eabi_attribute 30, 2
  11              		.eabi_attribute 34, 1
  12              		.eabi_attribute 18, 4
  13              		.thumb
  14              		.file	"crt0.c"
  15              		.text
  16              	.Ltext0:
  17              		.cfi_sections	.debug_frame
  18              		.section	.text.__early_init,"ax",%progbits
  19              		.align	2
  20              		.weak	__early_init
  21              		.thumb
  22              		.thumb_func
  23              		.type	__early_init, %function
  24              	__early_init:
  25              	.LFB0:
  26              		.file 1 "/opt/ChibiOS_2.6.6/os/ports/GCC/ARMCMx/crt0.c"
  27              		.loc 1 234 0
  28              		.cfi_startproc
  29              		@ args = 0, pretend = 0, frame = 0
  30              		@ frame_needed = 0, uses_anonymous_args = 0
  31              		@ link register save eliminated.
  32 0000 7047     		bx	lr
  33              		.cfi_endproc
  34              	.LFE0:
  35              		.size	__early_init, .-__early_init
  36 0002 00BF     		.section	.text.__late_init,"ax",%progbits
  37              		.align	2
  38              		.weak	__late_init
  39              		.thumb
  40              		.thumb_func
  41              		.type	__late_init, %function
  42              	__late_init:
  43              	.LFB1:
  44              		.loc 1 246 0
  45              		.cfi_startproc
  46              		@ args = 0, pretend = 0, frame = 0
  47              		@ frame_needed = 0, uses_anonymous_args = 0
  48              		@ link register save eliminated.
  49 0000 7047     		bx	lr
  50              		.cfi_endproc
  51              	.LFE1:
  52              		.size	__late_init, .-__late_init
  53 0002 00BF     		.section	.text._default_exit,"ax",%progbits
  54              		.align	2
  55              		.weak	_default_exit
  56              		.thumb
  57              		.thumb_func
ARM GAS  /tmp/ccdU3Fio.s 			page 2


  58              		.type	_default_exit, %function
  59              	_default_exit:
  60              	.LFB2:
  61              		.loc 1 257 0
  62              		.cfi_startproc
  63              		@ Naked Function: prologue and epilogue provided by programmer.
  64              		@ args = 0, pretend = 0, frame = 0
  65              		@ frame_needed = 0, uses_anonymous_args = 0
  66              	.L4:
  67 0000 FEE7     		b	.L4
  68              		.cfi_endproc
  69              	.LFE2:
  70              		.size	_default_exit, .-_default_exit
  71 0002 00BF     		.section	.text.ResetHandler,"ax",%progbits
  72              		.align	2
  73              		.global	ResetHandler
  74              		.thumb
  75              		.thumb_func
  76              		.type	ResetHandler, %function
  77              	ResetHandler:
  78              	.LFB3:
  79              		.loc 1 268 0
  80              		.cfi_startproc
  81              		@ Naked Function: prologue and epilogue provided by programmer.
  82              		@ args = 0, pretend = 0, frame = 0
  83              		@ frame_needed = 0, uses_anonymous_args = 0
  84              		.loc 1 274 0
  85              	@ 274 "/opt/ChibiOS_2.6.6/os/ports/GCC/ARMCMx/crt0.c" 1
  86 0000 72B6     		cpsid   i
  87              	@ 0 "" 2
  88              		.loc 1 275 0
  89              		.thumb
  90 0002 40F20000 		movw	r0, #:lower16:__process_stack_end__
  91 0006 C0F20000 		movt	r0, #:upper16:__process_stack_end__
  92              	.LVL0:
  93              		.loc 1 276 0
  94              	@ 276 "/opt/ChibiOS_2.6.6/os/ports/GCC/ARMCMx/crt0.c" 1
  95 000a 80F30988 		msr     PSP, r0
  96              	@ 0 "" 2
  97              	.LVL1:
  98              		.loc 1 296 0
  99              		.thumb
 100 000e 0223     		movs	r3, #2
 101              	@ 296 "/opt/ChibiOS_2.6.6/os/ports/GCC/ARMCMx/crt0.c" 1
 102 0010 83F31488 		msr     CONTROL, r3
 103              	@ 0 "" 2
 104              		.loc 1 297 0
 105              	@ 297 "/opt/ChibiOS_2.6.6/os/ports/GCC/ARMCMx/crt0.c" 1
 106 0014 BFF36F8F 		isb
 107              	@ 0 "" 2
 108              	.LVL2:
 109              		.thumb
 110              	.LBB2:
 111              		.loc 1 301 0
 112 0018 40F20003 		movw	r3, #:lower16:__main_stack_base__
 113 001c 40F20002 		movw	r2, #:lower16:__main_stack_end__
 114 0020 C0F20003 		movt	r3, #:upper16:__main_stack_base__
ARM GAS  /tmp/ccdU3Fio.s 			page 3


 115 0024 C0F20002 		movt	r2, #:upper16:__main_stack_end__
 116 0028 9342     		cmp	r3, r2
 117 002a 0BD2     		bcs	.L9
 118 002c D943     		mvns	r1, r3
 119 002e 1144     		add	r1, r1, r2
 120 0030 21F00301 		bic	r1, r1, #3
 121 0034 1944     		add	r1, r1, r3
 122 0036 4FF05532 		mov	r2, #1431655765
 123 003a 043B     		subs	r3, r3, #4
 124              	.LVL3:
 125              	.L10:
 126              		.loc 1 301 0 is_stmt 0 discriminator 2
 127 003c 43F8042F 		str	r2, [r3, #4]!
 128              	.LVL4:
 129 0040 8B42     		cmp	r3, r1
 130 0042 FBD1     		bne	.L10
 131              	.LVL5:
 132              	.L9:
 133              	.LBE2:
 134              	.LBB3:
 135              		.loc 1 304 0 is_stmt 1
 136 0044 40F20003 		movw	r3, #:lower16:__process_stack_base__
 137 0048 C0F20003 		movt	r3, #:upper16:__process_stack_base__
 138 004c 8342     		cmp	r3, r0
 139 004e 0CD2     		bcs	.L8
 140 0050 3749     		ldr	r1, .L27
 141 0052 1A1D     		adds	r2, r3, #4
 142 0054 891A     		subs	r1, r1, r2
 143 0056 21F00301 		bic	r1, r1, #3
 144 005a 1944     		add	r1, r1, r3
 145 005c 4FF05532 		mov	r2, #1431655765
 146 0060 043B     		subs	r3, r3, #4
 147              	.LVL6:
 148              	.L13:
 149              		.loc 1 304 0 is_stmt 0 discriminator 2
 150 0062 43F8042F 		str	r2, [r3, #4]!
 151              	.LVL7:
 152 0066 8B42     		cmp	r3, r1
 153 0068 FBD1     		bne	.L13
 154              	.LVL8:
 155              	.L8:
 156              	.LBE3:
 157              		.loc 1 310 0 is_stmt 1
 158 006a FFF7FEFF 		bl	__early_init
 159              	.LVL9:
 160              	.LBB4:
 161              		.loc 1 319 0
 162 006e 40F20001 		movw	r1, #:lower16:_data
 163 0072 40F20003 		movw	r3, #:lower16:_edata
 164 0076 C0F20001 		movt	r1, #:upper16:_data
 165 007a C0F20003 		movt	r3, #:upper16:_edata
 166 007e 9942     		cmp	r1, r3
 167 0080 0ED2     		bcs	.L12
 168 0082 CC43     		mvns	r4, r1
 169 0084 1C44     		add	r4, r4, r3
 170 0086 24F00304 		bic	r4, r4, #3
 171 008a 40F20000 		movw	r0, #:lower16:_textdata
ARM GAS  /tmp/ccdU3Fio.s 			page 4


 172 008e 0434     		adds	r4, r4, #4
 173 0090 C0F20000 		movt	r0, #:upper16:_textdata
 174 0094 0023     		movs	r3, #0
 175              	.LVL10:
 176              	.L16:
 177              		.loc 1 320 0
 178 0096 C258     		ldr	r2, [r0, r3]
 179 0098 CA50     		str	r2, [r1, r3]
 180 009a 0433     		adds	r3, r3, #4
 181              	.LVL11:
 182              		.loc 1 319 0
 183 009c A342     		cmp	r3, r4
 184 009e FAD1     		bne	.L16
 185              	.LVL12:
 186              	.L12:
 187              	.LBE4:
 188              	.LBB5:
 189              		.loc 1 326 0
 190 00a0 40F20003 		movw	r3, #:lower16:_bss_start
 191 00a4 40F20002 		movw	r2, #:lower16:_bss_end
 192 00a8 C0F20003 		movt	r3, #:upper16:_bss_start
 193 00ac C0F20002 		movt	r2, #:upper16:_bss_end
 194 00b0 9342     		cmp	r3, r2
 195 00b2 0AD2     		bcs	.L15
 196 00b4 D943     		mvns	r1, r3
 197 00b6 1144     		add	r1, r1, r2
 198 00b8 21F00301 		bic	r1, r1, #3
 199 00bc 1944     		add	r1, r1, r3
 200 00be 0022     		movs	r2, #0
 201 00c0 043B     		subs	r3, r3, #4
 202              	.LVL13:
 203              	.L19:
 204              		.loc 1 326 0 is_stmt 0 discriminator 2
 205 00c2 43F8042F 		str	r2, [r3, #4]!
 206              	.LVL14:
 207 00c6 8B42     		cmp	r3, r1
 208 00c8 FBD1     		bne	.L19
 209              	.LVL15:
 210              	.L15:
 211              	.LBE5:
 212              		.loc 1 330 0 is_stmt 1
 213 00ca FFF7FEFF 		bl	__late_init
 214              	.LVL16:
 215              	.LBB6:
 216              		.loc 1 336 0
 217 00ce 40F20005 		movw	r5, #:lower16:__init_array_start
 218 00d2 40F20003 		movw	r3, #:lower16:__init_array_end
 219 00d6 C0F20005 		movt	r5, #:upper16:__init_array_start
 220 00da C0F20003 		movt	r3, #:upper16:__init_array_end
 221 00de 9D42     		cmp	r5, r3
 222 00e0 0BD2     		bcs	.L18
 223 00e2 EE43     		mvns	r6, r5
 224 00e4 1E44     		add	r6, r6, r3
 225 00e6 B608     		lsrs	r6, r6, #2
 226 00e8 0136     		adds	r6, r6, #1
 227 00ea 043D     		subs	r5, r5, #4
 228 00ec 0024     		movs	r4, #0
ARM GAS  /tmp/ccdU3Fio.s 			page 5


 229              	.LVL17:
 230              	.L22:
 231 00ee 0134     		adds	r4, r4, #1
 232              		.loc 1 337 0
 233 00f0 55F8043F 		ldr	r3, [r5, #4]!
 234              	.LVL18:
 235 00f4 9847     		blx	r3
 236              	.LVL19:
 237              		.loc 1 336 0
 238 00f6 B442     		cmp	r4, r6
 239 00f8 F9D1     		bne	.L22
 240              	.LVL20:
 241              	.L18:
 242              	.LBE6:
 243              		.loc 1 344 0
 244 00fa FFF7FEFF 		bl	main
 245              	.LVL21:
 246              	.LBB7:
 247              		.loc 1 350 0
 248 00fe 40F20005 		movw	r5, #:lower16:__fini_array_start
 249 0102 40F20003 		movw	r3, #:lower16:__fini_array_end
 250 0106 C0F20005 		movt	r5, #:upper16:__fini_array_start
 251 010a C0F20003 		movt	r3, #:upper16:__fini_array_end
 252 010e 9D42     		cmp	r5, r3
 253 0110 0BD2     		bcs	.L21
 254 0112 EE43     		mvns	r6, r5
 255 0114 1E44     		add	r6, r6, r3
 256 0116 B608     		lsrs	r6, r6, #2
 257 0118 0136     		adds	r6, r6, #1
 258 011a 043D     		subs	r5, r5, #4
 259 011c 0024     		movs	r4, #0
 260              	.LVL22:
 261              	.L23:
 262 011e 0134     		adds	r4, r4, #1
 263              		.loc 1 351 0
 264 0120 55F8043F 		ldr	r3, [r5, #4]!
 265              	.LVL23:
 266 0124 9847     		blx	r3
 267              	.LVL24:
 268              		.loc 1 350 0
 269 0126 B442     		cmp	r4, r6
 270 0128 F9D1     		bne	.L23
 271              	.LVL25:
 272              	.L21:
 273              	.LBE7:
 274              		.loc 1 358 0
 275 012a FFF7FEFF 		bl	_default_exit
 276              	.LVL26:
 277              		.loc 1 359 0
 278              	.L28:
 279 012e 00BF     		.align	2
 280              	.L27:
 281 0130 03000000 		.word	__process_stack_end__+3
 282              		.cfi_endproc
 283              	.LFE3:
 284              		.size	ResetHandler, .-ResetHandler
 285              		.text
ARM GAS  /tmp/ccdU3Fio.s 			page 6


 286              	.Letext0:
 287              		.file 2 "/usr/include/newlib/machine/_default_types.h"
 288              		.file 3 "/usr/include/newlib/stdint.h"
 289              		.section	.debug_info,"",%progbits
 290              	.Ldebug_info0:
 291 0000 B7020000 		.4byte	0x2b7
 292 0004 0400     		.2byte	0x4
 293 0006 00000000 		.4byte	.Ldebug_abbrev0
 294 000a 04       		.byte	0x4
 295 000b 01       		.uleb128 0x1
 296 000c 54000000 		.4byte	.LASF31
 297 0010 01       		.byte	0x1
 298 0011 65010000 		.4byte	.LASF32
 299 0015 00000000 		.4byte	.Ldebug_ranges0+0
 300 0019 00000000 		.4byte	0
 301 001d 00000000 		.4byte	.Ldebug_line0
 302 0021 02       		.uleb128 0x2
 303 0022 01       		.byte	0x1
 304 0023 06       		.byte	0x6
 305 0024 29020000 		.4byte	.LASF0
 306 0028 03       		.uleb128 0x3
 307 0029 0B000000 		.4byte	.LASF5
 308 002d 02       		.byte	0x2
 309 002e 1C       		.byte	0x1c
 310 002f 33000000 		.4byte	0x33
 311 0033 02       		.uleb128 0x2
 312 0034 01       		.byte	0x1
 313 0035 08       		.byte	0x8
 314 0036 DC000000 		.4byte	.LASF1
 315 003a 02       		.uleb128 0x2
 316 003b 02       		.byte	0x2
 317 003c 05       		.byte	0x5
 318 003d FF010000 		.4byte	.LASF2
 319 0041 02       		.uleb128 0x2
 320 0042 02       		.byte	0x2
 321 0043 07       		.byte	0x7
 322 0044 15010000 		.4byte	.LASF3
 323 0048 02       		.uleb128 0x2
 324 0049 04       		.byte	0x4
 325 004a 05       		.byte	0x5
 326 004b 1A020000 		.4byte	.LASF4
 327 004f 03       		.uleb128 0x3
 328 0050 55010000 		.4byte	.LASF6
 329 0054 02       		.byte	0x2
 330 0055 38       		.byte	0x38
 331 0056 5A000000 		.4byte	0x5a
 332 005a 02       		.uleb128 0x2
 333 005b 04       		.byte	0x4
 334 005c 07       		.byte	0x7
 335 005d F6000000 		.4byte	.LASF7
 336 0061 02       		.uleb128 0x2
 337 0062 08       		.byte	0x8
 338 0063 05       		.byte	0x5
 339 0064 D6010000 		.4byte	.LASF8
 340 0068 02       		.uleb128 0x2
 341 0069 08       		.byte	0x8
 342 006a 07       		.byte	0x7
ARM GAS  /tmp/ccdU3Fio.s 			page 7


 343 006b A0010000 		.4byte	.LASF9
 344 006f 04       		.uleb128 0x4
 345 0070 04       		.byte	0x4
 346 0071 05       		.byte	0x5
 347 0072 696E7400 		.ascii	"int\000"
 348 0076 02       		.uleb128 0x2
 349 0077 04       		.byte	0x4
 350 0078 07       		.byte	0x7
 351 0079 93010000 		.4byte	.LASF10
 352 007d 03       		.uleb128 0x3
 353 007e B7010000 		.4byte	.LASF11
 354 0082 03       		.byte	0x3
 355 0083 2A       		.byte	0x2a
 356 0084 28000000 		.4byte	0x28
 357 0088 03       		.uleb128 0x3
 358 0089 11020000 		.4byte	.LASF12
 359 008d 03       		.byte	0x3
 360 008e 42       		.byte	0x42
 361 008f 4F000000 		.4byte	0x4f
 362 0093 03       		.uleb128 0x3
 363 0094 09020000 		.4byte	.LASF13
 364 0098 01       		.byte	0x1
 365 0099 34       		.byte	0x34
 366 009a 9E000000 		.4byte	0x9e
 367 009e 05       		.uleb128 0x5
 368 009f 04       		.byte	0x4
 369 00a0 A4000000 		.4byte	0xa4
 370 00a4 06       		.uleb128 0x6
 371 00a5 03       		.uleb128 0x3
 372 00a6 3D000000 		.4byte	.LASF14
 373 00aa 01       		.byte	0x1
 374 00ab 35       		.byte	0x35
 375 00ac B0000000 		.4byte	0xb0
 376 00b0 05       		.uleb128 0x5
 377 00b1 04       		.byte	0x4
 378 00b2 93000000 		.4byte	0x93
 379 00b6 07       		.uleb128 0x7
 380 00b7 C9010000 		.4byte	.LASF15
 381 00bb 01       		.byte	0x1
 382 00bc EA       		.byte	0xea
 383 00bd 00000000 		.4byte	.LFB0
 384 00c1 02000000 		.4byte	.LFE0-.LFB0
 385 00c5 01       		.uleb128 0x1
 386 00c6 9C       		.byte	0x9c
 387 00c7 07       		.uleb128 0x7
 388 00c8 EA000000 		.4byte	.LASF16
 389 00cc 01       		.byte	0x1
 390 00cd F6       		.byte	0xf6
 391 00ce 00000000 		.4byte	.LFB1
 392 00d2 02000000 		.4byte	.LFE1-.LFB1
 393 00d6 01       		.uleb128 0x1
 394 00d7 9C       		.byte	0x9c
 395 00d8 08       		.uleb128 0x8
 396 00d9 46000000 		.4byte	.LASF17
 397 00dd 01       		.byte	0x1
 398 00de 0101     		.2byte	0x101
 399 00e0 00000000 		.4byte	.LFB2
ARM GAS  /tmp/ccdU3Fio.s 			page 8


 400 00e4 02000000 		.4byte	.LFE2-.LFB2
 401 00e8 01       		.uleb128 0x1
 402 00e9 9C       		.byte	0x9c
 403 00ea 09       		.uleb128 0x9
 404 00eb 08010000 		.4byte	.LASF33
 405 00ef 01       		.byte	0x1
 406 00f0 0C01     		.2byte	0x10c
 407 00f2 00000000 		.4byte	.LFB3
 408 00f6 34010000 		.4byte	.LFE3-.LFB3
 409 00fa 01       		.uleb128 0x1
 410 00fb 9C       		.byte	0x9c
 411 00fc 1E020000 		.4byte	0x21e
 412 0100 0A       		.uleb128 0xa
 413 0101 70737000 		.ascii	"psp\000"
 414 0105 01       		.byte	0x1
 415 0106 0D01     		.2byte	0x10d
 416 0108 88000000 		.4byte	0x88
 417 010c 0B       		.uleb128 0xb
 418 010d 72656700 		.ascii	"reg\000"
 419 0111 01       		.byte	0x1
 420 0112 0D01     		.2byte	0x10d
 421 0114 88000000 		.4byte	0x88
 422 0118 02       		.byte	0x2
 423 0119 0C       		.uleb128 0xc
 424 011a 18000000 		.4byte	.LBB2
 425 011e 2C000000 		.4byte	.LBE2-.LBB2
 426 0122 41010000 		.4byte	0x141
 427 0126 0D       		.uleb128 0xd
 428 0127 703100   		.ascii	"p1\000"
 429 012a 01       		.byte	0x1
 430 012b 2D01     		.2byte	0x12d
 431 012d 1E020000 		.4byte	0x21e
 432 0131 00000000 		.4byte	.LLST0
 433 0135 0A       		.uleb128 0xa
 434 0136 703200   		.ascii	"p2\000"
 435 0139 01       		.byte	0x1
 436 013a 2D01     		.2byte	0x12d
 437 013c 1E020000 		.4byte	0x21e
 438 0140 00       		.byte	0
 439 0141 0C       		.uleb128 0xc
 440 0142 44000000 		.4byte	.LBB3
 441 0146 26000000 		.4byte	.LBE3-.LBB3
 442 014a 69010000 		.4byte	0x169
 443 014e 0D       		.uleb128 0xd
 444 014f 703100   		.ascii	"p1\000"
 445 0152 01       		.byte	0x1
 446 0153 3001     		.2byte	0x130
 447 0155 1E020000 		.4byte	0x21e
 448 0159 22000000 		.4byte	.LLST1
 449 015d 0A       		.uleb128 0xa
 450 015e 703200   		.ascii	"p2\000"
 451 0161 01       		.byte	0x1
 452 0162 3001     		.2byte	0x130
 453 0164 1E020000 		.4byte	0x21e
 454 0168 00       		.byte	0
 455 0169 0C       		.uleb128 0xc
 456 016a 6E000000 		.4byte	.LBB4
ARM GAS  /tmp/ccdU3Fio.s 			page 9


 457 016e 32000000 		.4byte	.LBE4-.LBB4
 458 0172 95010000 		.4byte	0x195
 459 0176 0D       		.uleb128 0xd
 460 0177 747000   		.ascii	"tp\000"
 461 017a 01       		.byte	0x1
 462 017b 3B01     		.2byte	0x13b
 463 017d 1E020000 		.4byte	0x21e
 464 0181 44000000 		.4byte	.LLST2
 465 0185 0D       		.uleb128 0xd
 466 0186 647000   		.ascii	"dp\000"
 467 0189 01       		.byte	0x1
 468 018a 3B01     		.2byte	0x13b
 469 018c 1E020000 		.4byte	0x21e
 470 0190 44000000 		.4byte	.LLST2
 471 0194 00       		.byte	0
 472 0195 0C       		.uleb128 0xc
 473 0196 A0000000 		.4byte	.LBB5
 474 019a 2A000000 		.4byte	.LBE5-.LBB5
 475 019e BD010000 		.4byte	0x1bd
 476 01a2 0D       		.uleb128 0xd
 477 01a3 703100   		.ascii	"p1\000"
 478 01a6 01       		.byte	0x1
 479 01a7 4601     		.2byte	0x146
 480 01a9 1E020000 		.4byte	0x21e
 481 01ad 66000000 		.4byte	.LLST4
 482 01b1 0A       		.uleb128 0xa
 483 01b2 703200   		.ascii	"p2\000"
 484 01b5 01       		.byte	0x1
 485 01b6 4601     		.2byte	0x146
 486 01b8 1E020000 		.4byte	0x21e
 487 01bc 00       		.byte	0
 488 01bd 0C       		.uleb128 0xc
 489 01be CE000000 		.4byte	.LBB6
 490 01c2 2C000000 		.4byte	.LBE6-.LBB6
 491 01c6 DB010000 		.4byte	0x1db
 492 01ca 0D       		.uleb128 0xd
 493 01cb 66707000 		.ascii	"fpp\000"
 494 01cf 01       		.byte	0x1
 495 01d0 4F01     		.2byte	0x14f
 496 01d2 A5000000 		.4byte	0xa5
 497 01d6 88000000 		.4byte	.LLST5
 498 01da 00       		.byte	0
 499 01db 0C       		.uleb128 0xc
 500 01dc FE000000 		.4byte	.LBB7
 501 01e0 2C000000 		.4byte	.LBE7-.LBB7
 502 01e4 F9010000 		.4byte	0x1f9
 503 01e8 0D       		.uleb128 0xd
 504 01e9 66707000 		.ascii	"fpp\000"
 505 01ed 01       		.byte	0x1
 506 01ee 5D01     		.2byte	0x15d
 507 01f0 A5000000 		.4byte	0xa5
 508 01f4 B5000000 		.4byte	.LLST6
 509 01f8 00       		.byte	0
 510 01f9 0E       		.uleb128 0xe
 511 01fa 6E000000 		.4byte	.LVL9
 512 01fe B6000000 		.4byte	0xb6
 513 0202 0E       		.uleb128 0xe
ARM GAS  /tmp/ccdU3Fio.s 			page 10


 514 0203 CE000000 		.4byte	.LVL16
 515 0207 C7000000 		.4byte	0xc7
 516 020b 0E       		.uleb128 0xe
 517 020c FE000000 		.4byte	.LVL21
 518 0210 B3020000 		.4byte	0x2b3
 519 0214 0E       		.uleb128 0xe
 520 0215 2E010000 		.4byte	.LVL26
 521 0219 D8000000 		.4byte	0xd8
 522 021d 00       		.byte	0
 523 021e 05       		.uleb128 0x5
 524 021f 04       		.byte	0x4
 525 0220 88000000 		.4byte	0x88
 526 0224 0F       		.uleb128 0xf
 527 0225 EB010000 		.4byte	.LASF18
 528 0229 01       		.byte	0x1
 529 022a 8B       		.byte	0x8b
 530 022b 88000000 		.4byte	0x88
 531 022f 0F       		.uleb128 0xf
 532 0230 5E020000 		.4byte	.LASF19
 533 0234 01       		.byte	0x1
 534 0235 93       		.byte	0x93
 535 0236 88000000 		.4byte	0x88
 536 023a 0F       		.uleb128 0xf
 537 023b 26000000 		.4byte	.LASF20
 538 023f 01       		.byte	0x1
 539 0240 9A       		.byte	0x9a
 540 0241 88000000 		.4byte	0x88
 541 0245 0F       		.uleb128 0xf
 542 0246 35020000 		.4byte	.LASF21
 543 024a 01       		.byte	0x1
 544 024b A1       		.byte	0xa1
 545 024c 88000000 		.4byte	0x88
 546 0250 0F       		.uleb128 0xf
 547 0251 BF010000 		.4byte	.LASF22
 548 0255 01       		.byte	0x1
 549 0256 A7       		.byte	0xa7
 550 0257 88000000 		.4byte	0x88
 551 025b 0F       		.uleb128 0xf
 552 025c 23020000 		.4byte	.LASF23
 553 0260 01       		.byte	0x1
 554 0261 AD       		.byte	0xad
 555 0262 88000000 		.4byte	0x88
 556 0266 0F       		.uleb128 0xf
 557 0267 E4010000 		.4byte	.LASF24
 558 026b 01       		.byte	0x1
 559 026c B3       		.byte	0xb3
 560 026d 88000000 		.4byte	0x88
 561 0271 0F       		.uleb128 0xf
 562 0272 00000000 		.4byte	.LASF25
 563 0276 01       		.byte	0x1
 564 0277 B9       		.byte	0xb9
 565 0278 88000000 		.4byte	0x88
 566 027c 0F       		.uleb128 0xf
 567 027d 3B010000 		.4byte	.LASF26
 568 0281 01       		.byte	0x1
 569 0282 BF       		.byte	0xbf
 570 0283 88000000 		.4byte	0x88
ARM GAS  /tmp/ccdU3Fio.s 			page 11


 571 0287 0F       		.uleb128 0xf
 572 0288 4B020000 		.4byte	.LASF27
 573 028c 01       		.byte	0x1
 574 028d C5       		.byte	0xc5
 575 028e 93000000 		.4byte	0x93
 576 0292 0F       		.uleb128 0xf
 577 0293 44010000 		.4byte	.LASF28
 578 0297 01       		.byte	0x1
 579 0298 CB       		.byte	0xcb
 580 0299 93000000 		.4byte	0x93
 581 029d 0F       		.uleb128 0xf
 582 029e 28010000 		.4byte	.LASF29
 583 02a2 01       		.byte	0x1
 584 02a3 D1       		.byte	0xd1
 585 02a4 93000000 		.4byte	0x93
 586 02a8 0F       		.uleb128 0xf
 587 02a9 15000000 		.4byte	.LASF30
 588 02ad 01       		.byte	0x1
 589 02ae D7       		.byte	0xd7
 590 02af 93000000 		.4byte	0x93
 591 02b3 10       		.uleb128 0x10
 592 02b4 60010000 		.4byte	.LASF34
 593 02b8 01       		.byte	0x1
 594 02b9 DE       		.byte	0xde
 595 02ba 00       		.byte	0
 596              		.section	.debug_abbrev,"",%progbits
 597              	.Ldebug_abbrev0:
 598 0000 01       		.uleb128 0x1
 599 0001 11       		.uleb128 0x11
 600 0002 01       		.byte	0x1
 601 0003 25       		.uleb128 0x25
 602 0004 0E       		.uleb128 0xe
 603 0005 13       		.uleb128 0x13
 604 0006 0B       		.uleb128 0xb
 605 0007 03       		.uleb128 0x3
 606 0008 0E       		.uleb128 0xe
 607 0009 55       		.uleb128 0x55
 608 000a 17       		.uleb128 0x17
 609 000b 11       		.uleb128 0x11
 610 000c 01       		.uleb128 0x1
 611 000d 10       		.uleb128 0x10
 612 000e 17       		.uleb128 0x17
 613 000f 00       		.byte	0
 614 0010 00       		.byte	0
 615 0011 02       		.uleb128 0x2
 616 0012 24       		.uleb128 0x24
 617 0013 00       		.byte	0
 618 0014 0B       		.uleb128 0xb
 619 0015 0B       		.uleb128 0xb
 620 0016 3E       		.uleb128 0x3e
 621 0017 0B       		.uleb128 0xb
 622 0018 03       		.uleb128 0x3
 623 0019 0E       		.uleb128 0xe
 624 001a 00       		.byte	0
 625 001b 00       		.byte	0
 626 001c 03       		.uleb128 0x3
 627 001d 16       		.uleb128 0x16
ARM GAS  /tmp/ccdU3Fio.s 			page 12


 628 001e 00       		.byte	0
 629 001f 03       		.uleb128 0x3
 630 0020 0E       		.uleb128 0xe
 631 0021 3A       		.uleb128 0x3a
 632 0022 0B       		.uleb128 0xb
 633 0023 3B       		.uleb128 0x3b
 634 0024 0B       		.uleb128 0xb
 635 0025 49       		.uleb128 0x49
 636 0026 13       		.uleb128 0x13
 637 0027 00       		.byte	0
 638 0028 00       		.byte	0
 639 0029 04       		.uleb128 0x4
 640 002a 24       		.uleb128 0x24
 641 002b 00       		.byte	0
 642 002c 0B       		.uleb128 0xb
 643 002d 0B       		.uleb128 0xb
 644 002e 3E       		.uleb128 0x3e
 645 002f 0B       		.uleb128 0xb
 646 0030 03       		.uleb128 0x3
 647 0031 08       		.uleb128 0x8
 648 0032 00       		.byte	0
 649 0033 00       		.byte	0
 650 0034 05       		.uleb128 0x5
 651 0035 0F       		.uleb128 0xf
 652 0036 00       		.byte	0
 653 0037 0B       		.uleb128 0xb
 654 0038 0B       		.uleb128 0xb
 655 0039 49       		.uleb128 0x49
 656 003a 13       		.uleb128 0x13
 657 003b 00       		.byte	0
 658 003c 00       		.byte	0
 659 003d 06       		.uleb128 0x6
 660 003e 15       		.uleb128 0x15
 661 003f 00       		.byte	0
 662 0040 27       		.uleb128 0x27
 663 0041 19       		.uleb128 0x19
 664 0042 00       		.byte	0
 665 0043 00       		.byte	0
 666 0044 07       		.uleb128 0x7
 667 0045 2E       		.uleb128 0x2e
 668 0046 00       		.byte	0
 669 0047 3F       		.uleb128 0x3f
 670 0048 19       		.uleb128 0x19
 671 0049 03       		.uleb128 0x3
 672 004a 0E       		.uleb128 0xe
 673 004b 3A       		.uleb128 0x3a
 674 004c 0B       		.uleb128 0xb
 675 004d 3B       		.uleb128 0x3b
 676 004e 0B       		.uleb128 0xb
 677 004f 27       		.uleb128 0x27
 678 0050 19       		.uleb128 0x19
 679 0051 11       		.uleb128 0x11
 680 0052 01       		.uleb128 0x1
 681 0053 12       		.uleb128 0x12
 682 0054 06       		.uleb128 0x6
 683 0055 40       		.uleb128 0x40
 684 0056 18       		.uleb128 0x18
ARM GAS  /tmp/ccdU3Fio.s 			page 13


 685 0057 9742     		.uleb128 0x2117
 686 0059 19       		.uleb128 0x19
 687 005a 00       		.byte	0
 688 005b 00       		.byte	0
 689 005c 08       		.uleb128 0x8
 690 005d 2E       		.uleb128 0x2e
 691 005e 00       		.byte	0
 692 005f 3F       		.uleb128 0x3f
 693 0060 19       		.uleb128 0x19
 694 0061 03       		.uleb128 0x3
 695 0062 0E       		.uleb128 0xe
 696 0063 3A       		.uleb128 0x3a
 697 0064 0B       		.uleb128 0xb
 698 0065 3B       		.uleb128 0x3b
 699 0066 05       		.uleb128 0x5
 700 0067 27       		.uleb128 0x27
 701 0068 19       		.uleb128 0x19
 702 0069 11       		.uleb128 0x11
 703 006a 01       		.uleb128 0x1
 704 006b 12       		.uleb128 0x12
 705 006c 06       		.uleb128 0x6
 706 006d 40       		.uleb128 0x40
 707 006e 18       		.uleb128 0x18
 708 006f 9742     		.uleb128 0x2117
 709 0071 19       		.uleb128 0x19
 710 0072 00       		.byte	0
 711 0073 00       		.byte	0
 712 0074 09       		.uleb128 0x9
 713 0075 2E       		.uleb128 0x2e
 714 0076 01       		.byte	0x1
 715 0077 3F       		.uleb128 0x3f
 716 0078 19       		.uleb128 0x19
 717 0079 03       		.uleb128 0x3
 718 007a 0E       		.uleb128 0xe
 719 007b 3A       		.uleb128 0x3a
 720 007c 0B       		.uleb128 0xb
 721 007d 3B       		.uleb128 0x3b
 722 007e 05       		.uleb128 0x5
 723 007f 27       		.uleb128 0x27
 724 0080 19       		.uleb128 0x19
 725 0081 11       		.uleb128 0x11
 726 0082 01       		.uleb128 0x1
 727 0083 12       		.uleb128 0x12
 728 0084 06       		.uleb128 0x6
 729 0085 40       		.uleb128 0x40
 730 0086 18       		.uleb128 0x18
 731 0087 9642     		.uleb128 0x2116
 732 0089 19       		.uleb128 0x19
 733 008a 01       		.uleb128 0x1
 734 008b 13       		.uleb128 0x13
 735 008c 00       		.byte	0
 736 008d 00       		.byte	0
 737 008e 0A       		.uleb128 0xa
 738 008f 34       		.uleb128 0x34
 739 0090 00       		.byte	0
 740 0091 03       		.uleb128 0x3
 741 0092 08       		.uleb128 0x8
ARM GAS  /tmp/ccdU3Fio.s 			page 14


 742 0093 3A       		.uleb128 0x3a
 743 0094 0B       		.uleb128 0xb
 744 0095 3B       		.uleb128 0x3b
 745 0096 05       		.uleb128 0x5
 746 0097 49       		.uleb128 0x49
 747 0098 13       		.uleb128 0x13
 748 0099 00       		.byte	0
 749 009a 00       		.byte	0
 750 009b 0B       		.uleb128 0xb
 751 009c 34       		.uleb128 0x34
 752 009d 00       		.byte	0
 753 009e 03       		.uleb128 0x3
 754 009f 08       		.uleb128 0x8
 755 00a0 3A       		.uleb128 0x3a
 756 00a1 0B       		.uleb128 0xb
 757 00a2 3B       		.uleb128 0x3b
 758 00a3 05       		.uleb128 0x5
 759 00a4 49       		.uleb128 0x49
 760 00a5 13       		.uleb128 0x13
 761 00a6 1C       		.uleb128 0x1c
 762 00a7 0B       		.uleb128 0xb
 763 00a8 00       		.byte	0
 764 00a9 00       		.byte	0
 765 00aa 0C       		.uleb128 0xc
 766 00ab 0B       		.uleb128 0xb
 767 00ac 01       		.byte	0x1
 768 00ad 11       		.uleb128 0x11
 769 00ae 01       		.uleb128 0x1
 770 00af 12       		.uleb128 0x12
 771 00b0 06       		.uleb128 0x6
 772 00b1 01       		.uleb128 0x1
 773 00b2 13       		.uleb128 0x13
 774 00b3 00       		.byte	0
 775 00b4 00       		.byte	0
 776 00b5 0D       		.uleb128 0xd
 777 00b6 34       		.uleb128 0x34
 778 00b7 00       		.byte	0
 779 00b8 03       		.uleb128 0x3
 780 00b9 08       		.uleb128 0x8
 781 00ba 3A       		.uleb128 0x3a
 782 00bb 0B       		.uleb128 0xb
 783 00bc 3B       		.uleb128 0x3b
 784 00bd 05       		.uleb128 0x5
 785 00be 49       		.uleb128 0x49
 786 00bf 13       		.uleb128 0x13
 787 00c0 02       		.uleb128 0x2
 788 00c1 17       		.uleb128 0x17
 789 00c2 00       		.byte	0
 790 00c3 00       		.byte	0
 791 00c4 0E       		.uleb128 0xe
 792 00c5 898201   		.uleb128 0x4109
 793 00c8 00       		.byte	0
 794 00c9 11       		.uleb128 0x11
 795 00ca 01       		.uleb128 0x1
 796 00cb 31       		.uleb128 0x31
 797 00cc 13       		.uleb128 0x13
 798 00cd 00       		.byte	0
ARM GAS  /tmp/ccdU3Fio.s 			page 15


 799 00ce 00       		.byte	0
 800 00cf 0F       		.uleb128 0xf
 801 00d0 34       		.uleb128 0x34
 802 00d1 00       		.byte	0
 803 00d2 03       		.uleb128 0x3
 804 00d3 0E       		.uleb128 0xe
 805 00d4 3A       		.uleb128 0x3a
 806 00d5 0B       		.uleb128 0xb
 807 00d6 3B       		.uleb128 0x3b
 808 00d7 0B       		.uleb128 0xb
 809 00d8 49       		.uleb128 0x49
 810 00d9 13       		.uleb128 0x13
 811 00da 3F       		.uleb128 0x3f
 812 00db 19       		.uleb128 0x19
 813 00dc 3C       		.uleb128 0x3c
 814 00dd 19       		.uleb128 0x19
 815 00de 00       		.byte	0
 816 00df 00       		.byte	0
 817 00e0 10       		.uleb128 0x10
 818 00e1 2E       		.uleb128 0x2e
 819 00e2 00       		.byte	0
 820 00e3 3F       		.uleb128 0x3f
 821 00e4 19       		.uleb128 0x19
 822 00e5 03       		.uleb128 0x3
 823 00e6 0E       		.uleb128 0xe
 824 00e7 3A       		.uleb128 0x3a
 825 00e8 0B       		.uleb128 0xb
 826 00e9 3B       		.uleb128 0x3b
 827 00ea 0B       		.uleb128 0xb
 828 00eb 27       		.uleb128 0x27
 829 00ec 19       		.uleb128 0x19
 830 00ed 3C       		.uleb128 0x3c
 831 00ee 19       		.uleb128 0x19
 832 00ef 00       		.byte	0
 833 00f0 00       		.byte	0
 834 00f1 00       		.byte	0
 835              		.section	.debug_loc,"",%progbits
 836              	.Ldebug_loc0:
 837              	.LLST0:
 838 0000 3C000000 		.4byte	.LVL3
 839 0004 40000000 		.4byte	.LVL4
 840 0008 0300     		.2byte	0x3
 841 000a 73       		.byte	0x73
 842 000b 08       		.sleb128 8
 843 000c 9F       		.byte	0x9f
 844 000d 40000000 		.4byte	.LVL4
 845 0011 44000000 		.4byte	.LVL5
 846 0015 0300     		.2byte	0x3
 847 0017 73       		.byte	0x73
 848 0018 04       		.sleb128 4
 849 0019 9F       		.byte	0x9f
 850 001a 00000000 		.4byte	0
 851 001e 00000000 		.4byte	0
 852              	.LLST1:
 853 0022 62000000 		.4byte	.LVL6
 854 0026 66000000 		.4byte	.LVL7
 855 002a 0300     		.2byte	0x3
ARM GAS  /tmp/ccdU3Fio.s 			page 16


 856 002c 73       		.byte	0x73
 857 002d 08       		.sleb128 8
 858 002e 9F       		.byte	0x9f
 859 002f 66000000 		.4byte	.LVL7
 860 0033 6A000000 		.4byte	.LVL8
 861 0037 0300     		.2byte	0x3
 862 0039 73       		.byte	0x73
 863 003a 04       		.sleb128 4
 864 003b 9F       		.byte	0x9f
 865 003c 00000000 		.4byte	0
 866 0040 00000000 		.4byte	0
 867              	.LLST2:
 868 0044 96000000 		.4byte	.LVL10
 869 0048 9C000000 		.4byte	.LVL11
 870 004c 0300     		.2byte	0x3
 871 004e 73       		.byte	0x73
 872 004f 00       		.sleb128 0
 873 0050 9F       		.byte	0x9f
 874 0051 9C000000 		.4byte	.LVL11
 875 0055 A0000000 		.4byte	.LVL12
 876 0059 0300     		.2byte	0x3
 877 005b 73       		.byte	0x73
 878 005c 00       		.sleb128 0
 879 005d 9F       		.byte	0x9f
 880 005e 00000000 		.4byte	0
 881 0062 00000000 		.4byte	0
 882              	.LLST4:
 883 0066 C2000000 		.4byte	.LVL13
 884 006a C6000000 		.4byte	.LVL14
 885 006e 0300     		.2byte	0x3
 886 0070 73       		.byte	0x73
 887 0071 08       		.sleb128 8
 888 0072 9F       		.byte	0x9f
 889 0073 C6000000 		.4byte	.LVL14
 890 0077 CA000000 		.4byte	.LVL15
 891 007b 0300     		.2byte	0x3
 892 007d 73       		.byte	0x73
 893 007e 04       		.sleb128 4
 894 007f 9F       		.byte	0x9f
 895 0080 00000000 		.4byte	0
 896 0084 00000000 		.4byte	0
 897              	.LLST5:
 898 0088 EE000000 		.4byte	.LVL17
 899 008c F4000000 		.4byte	.LVL18
 900 0090 0300     		.2byte	0x3
 901 0092 75       		.byte	0x75
 902 0093 04       		.sleb128 4
 903 0094 9F       		.byte	0x9f
 904 0095 F4000000 		.4byte	.LVL18
 905 0099 F6000000 		.4byte	.LVL19
 906 009d 0100     		.2byte	0x1
 907 009f 55       		.byte	0x55
 908 00a0 F6000000 		.4byte	.LVL19
 909 00a4 FA000000 		.4byte	.LVL20
 910 00a8 0300     		.2byte	0x3
 911 00aa 75       		.byte	0x75
 912 00ab 04       		.sleb128 4
ARM GAS  /tmp/ccdU3Fio.s 			page 17


 913 00ac 9F       		.byte	0x9f
 914 00ad 00000000 		.4byte	0
 915 00b1 00000000 		.4byte	0
 916              	.LLST6:
 917 00b5 1E010000 		.4byte	.LVL22
 918 00b9 24010000 		.4byte	.LVL23
 919 00bd 0300     		.2byte	0x3
 920 00bf 75       		.byte	0x75
 921 00c0 04       		.sleb128 4
 922 00c1 9F       		.byte	0x9f
 923 00c2 24010000 		.4byte	.LVL23
 924 00c6 26010000 		.4byte	.LVL24
 925 00ca 0100     		.2byte	0x1
 926 00cc 55       		.byte	0x55
 927 00cd 26010000 		.4byte	.LVL24
 928 00d1 2A010000 		.4byte	.LVL25
 929 00d5 0300     		.2byte	0x3
 930 00d7 75       		.byte	0x75
 931 00d8 04       		.sleb128 4
 932 00d9 9F       		.byte	0x9f
 933 00da 00000000 		.4byte	0
 934 00de 00000000 		.4byte	0
 935              		.section	.debug_aranges,"",%progbits
 936 0000 34000000 		.4byte	0x34
 937 0004 0200     		.2byte	0x2
 938 0006 00000000 		.4byte	.Ldebug_info0
 939 000a 04       		.byte	0x4
 940 000b 00       		.byte	0
 941 000c 0000     		.2byte	0
 942 000e 0000     		.2byte	0
 943 0010 00000000 		.4byte	.LFB0
 944 0014 02000000 		.4byte	.LFE0-.LFB0
 945 0018 00000000 		.4byte	.LFB1
 946 001c 02000000 		.4byte	.LFE1-.LFB1
 947 0020 00000000 		.4byte	.LFB2
 948 0024 02000000 		.4byte	.LFE2-.LFB2
 949 0028 00000000 		.4byte	.LFB3
 950 002c 34010000 		.4byte	.LFE3-.LFB3
 951 0030 00000000 		.4byte	0
 952 0034 00000000 		.4byte	0
 953              		.section	.debug_ranges,"",%progbits
 954              	.Ldebug_ranges0:
 955 0000 00000000 		.4byte	.LFB0
 956 0004 02000000 		.4byte	.LFE0
 957 0008 00000000 		.4byte	.LFB1
 958 000c 02000000 		.4byte	.LFE1
 959 0010 00000000 		.4byte	.LFB2
 960 0014 02000000 		.4byte	.LFE2
 961 0018 00000000 		.4byte	.LFB3
 962 001c 34010000 		.4byte	.LFE3
 963 0020 00000000 		.4byte	0
 964 0024 00000000 		.4byte	0
 965              		.section	.debug_line,"",%progbits
 966              	.Ldebug_line0:
 967 0000 0D010000 		.section	.debug_str,"MS",%progbits,1
 967      02009400 
 967      00000201 
ARM GAS  /tmp/ccdU3Fio.s 			page 18


 967      FB0E0D00 
 967      01010101 
 968              	.LASF25:
 969 0000 5F627373 		.ascii	"_bss_start\000"
 969      5F737461 
 969      727400
 970              	.LASF5:
 971 000b 5F5F7569 		.ascii	"__uint8_t\000"
 971      6E74385F 
 971      7400
 972              	.LASF30:
 973 0015 5F5F6669 		.ascii	"__fini_array_end\000"
 973      6E695F61 
 973      72726179 
 973      5F656E64 
 973      00
 974              	.LASF20:
 975 0026 5F5F7072 		.ascii	"__process_stack_base__\000"
 975      6F636573 
 975      735F7374 
 975      61636B5F 
 975      62617365 
 976              	.LASF14:
 977 003d 66756E63 		.ascii	"funcpp_t\000"
 977      70705F74 
 977      00
 978              	.LASF17:
 979 0046 5F646566 		.ascii	"_default_exit\000"
 979      61756C74 
 979      5F657869 
 979      7400
 980              	.LASF31:
 981 0054 474E5520 		.ascii	"GNU C 4.8.2 -mcpu=cortex-m3 -mno-thumb-interwork -m"
 981      4320342E 
 981      382E3220 
 981      2D6D6370 
 981      753D636F 
 982 0087 7468756D 		.ascii	"thumb -ggdb -O2 -fomit-frame-pointer -ffunction-sec"
 982      62202D67 
 982      67646220 
 982      2D4F3220 
 982      2D666F6D 
 983 00ba 74696F6E 		.ascii	"tions -fdata-sections -fno-common\000"
 983      73202D66 
 983      64617461 
 983      2D736563 
 983      74696F6E 
 984              	.LASF1:
 985 00dc 756E7369 		.ascii	"unsigned char\000"
 985      676E6564 
 985      20636861 
 985      7200
 986              	.LASF16:
 987 00ea 5F5F6C61 		.ascii	"__late_init\000"
 987      74655F69 
 987      6E697400 
 988              	.LASF7:
ARM GAS  /tmp/ccdU3Fio.s 			page 19


 989 00f6 6C6F6E67 		.ascii	"long unsigned int\000"
 989      20756E73 
 989      69676E65 
 989      6420696E 
 989      7400
 990              	.LASF33:
 991 0108 52657365 		.ascii	"ResetHandler\000"
 991      7448616E 
 991      646C6572 
 991      00
 992              	.LASF3:
 993 0115 73686F72 		.ascii	"short unsigned int\000"
 993      7420756E 
 993      7369676E 
 993      65642069 
 993      6E7400
 994              	.LASF29:
 995 0128 5F5F6669 		.ascii	"__fini_array_start\000"
 995      6E695F61 
 995      72726179 
 995      5F737461 
 995      727400
 996              	.LASF26:
 997 013b 5F627373 		.ascii	"_bss_end\000"
 997      5F656E64 
 997      00
 998              	.LASF28:
 999 0144 5F5F696E 		.ascii	"__init_array_end\000"
 999      69745F61 
 999      72726179 
 999      5F656E64 
 999      00
 1000              	.LASF6:
 1001 0155 5F5F7569 		.ascii	"__uint32_t\000"
 1001      6E743332 
 1001      5F7400
 1002              	.LASF34:
 1003 0160 6D61696E 		.ascii	"main\000"
 1003      00
 1004              	.LASF32:
 1005 0165 2F6F7074 		.ascii	"/opt/ChibiOS_2.6.6/os/ports/GCC/ARMCMx/crt0.c\000"
 1005      2F436869 
 1005      62694F53 
 1005      5F322E36 
 1005      2E362F6F 
 1006              	.LASF10:
 1007 0193 756E7369 		.ascii	"unsigned int\000"
 1007      676E6564 
 1007      20696E74 
 1007      00
 1008              	.LASF9:
 1009 01a0 6C6F6E67 		.ascii	"long long unsigned int\000"
 1009      206C6F6E 
 1009      6720756E 
 1009      7369676E 
 1009      65642069 
 1010              	.LASF11:
ARM GAS  /tmp/ccdU3Fio.s 			page 20


 1011 01b7 75696E74 		.ascii	"uint8_t\000"
 1011      385F7400 
 1012              	.LASF22:
 1013 01bf 5F746578 		.ascii	"_textdata\000"
 1013      74646174 
 1013      6100
 1014              	.LASF15:
 1015 01c9 5F5F6561 		.ascii	"__early_init\000"
 1015      726C795F 
 1015      696E6974 
 1015      00
 1016              	.LASF8:
 1017 01d6 6C6F6E67 		.ascii	"long long int\000"
 1017      206C6F6E 
 1017      6720696E 
 1017      7400
 1018              	.LASF24:
 1019 01e4 5F656461 		.ascii	"_edata\000"
 1019      746100
 1020              	.LASF18:
 1021 01eb 5F5F6D61 		.ascii	"__main_stack_base__\000"
 1021      696E5F73 
 1021      7461636B 
 1021      5F626173 
 1021      655F5F00 
 1022              	.LASF2:
 1023 01ff 73686F72 		.ascii	"short int\000"
 1023      7420696E 
 1023      7400
 1024              	.LASF13:
 1025 0209 66756E63 		.ascii	"funcp_t\000"
 1025      705F7400 
 1026              	.LASF12:
 1027 0211 75696E74 		.ascii	"uint32_t\000"
 1027      33325F74 
 1027      00
 1028              	.LASF4:
 1029 021a 6C6F6E67 		.ascii	"long int\000"
 1029      20696E74 
 1029      00
 1030              	.LASF23:
 1031 0223 5F646174 		.ascii	"_data\000"
 1031      6100
 1032              	.LASF0:
 1033 0229 7369676E 		.ascii	"signed char\000"
 1033      65642063 
 1033      68617200 
 1034              	.LASF21:
 1035 0235 5F5F7072 		.ascii	"__process_stack_end__\000"
 1035      6F636573 
 1035      735F7374 
 1035      61636B5F 
 1035      656E645F 
 1036              	.LASF27:
 1037 024b 5F5F696E 		.ascii	"__init_array_start\000"
 1037      69745F61 
 1037      72726179 
ARM GAS  /tmp/ccdU3Fio.s 			page 21


 1037      5F737461 
 1037      727400
 1038              	.LASF19:
 1039 025e 5F5F6D61 		.ascii	"__main_stack_end__\000"
 1039      696E5F73 
 1039      7461636B 
 1039      5F656E64 
 1039      5F5F00
 1040              		.ident	"GCC: (4.8.2-14ubuntu1+6) 4.8.2"
ARM GAS  /tmp/ccdU3Fio.s 			page 22


DEFINED SYMBOLS
                            *ABS*:0000000000000000 crt0.c
     /tmp/ccdU3Fio.s:19     .text.__early_init:0000000000000000 $t
     /tmp/ccdU3Fio.s:24     .text.__early_init:0000000000000000 __early_init
     /tmp/ccdU3Fio.s:37     .text.__late_init:0000000000000000 $t
     /tmp/ccdU3Fio.s:42     .text.__late_init:0000000000000000 __late_init
     /tmp/ccdU3Fio.s:54     .text._default_exit:0000000000000000 $t
     /tmp/ccdU3Fio.s:59     .text._default_exit:0000000000000000 _default_exit
     /tmp/ccdU3Fio.s:72     .text.ResetHandler:0000000000000000 $t
     /tmp/ccdU3Fio.s:77     .text.ResetHandler:0000000000000000 ResetHandler
     /tmp/ccdU3Fio.s:281    .text.ResetHandler:0000000000000130 $d
                     .debug_frame:0000000000000010 $d

UNDEFINED SYMBOLS
__process_stack_end__
__main_stack_base__
__main_stack_end__
__process_stack_base__
_data
_edata
_textdata
_bss_start
_bss_end
__init_array_start
__init_array_end
main
__fini_array_start
__fini_array_end
