ARM GAS  /tmp/ccc1dAke.s 			page 1


   1              		.syntax unified
   2              		.cpu cortex-m3
   3              		.fpu softvfp
   4              		.eabi_attribute 20, 1
   5              		.eabi_attribute 21, 1
   6              		.eabi_attribute 23, 3
   7              		.eabi_attribute 24, 1
   8              		.eabi_attribute 25, 1
   9              		.eabi_attribute 26, 1
  10              		.eabi_attribute 30, 2
  11              		.eabi_attribute 34, 1
  12              		.eabi_attribute 18, 4
  13              		.thumb
  14              		.file	"evtimer.c"
  15              		.text
  16              	.Ltext0:
  17              		.cfi_sections	.debug_frame
  18              		.section	.text.tmrcb,"ax",%progbits
  19              		.align	2
  20              		.thumb
  21              		.thumb_func
  22              		.type	tmrcb, %function
  23              	tmrcb:
  24              	.LFB7:
  25              		.file 1 "/opt/ChibiOS_2.6.6/os/various/evtimer.c"
  26              		.loc 1 28 0
  27              		.cfi_startproc
  28              		@ args = 0, pretend = 0, frame = 0
  29              		@ frame_needed = 0, uses_anonymous_args = 0
  30              	.LVL0:
  31 0000 10B5     		push	{r4, lr}
  32              		.cfi_def_cfa_offset 8
  33              		.cfi_offset 4, -8
  34              		.cfi_offset 14, -4
  35              	.LBB2:
  36              		.loc 1 31 0
  37 0002 2023     		movs	r3, #32
  38              	.LBE2:
  39              		.loc 1 28 0
  40 0004 0446     		mov	r4, r0
  41              	.LVL1:
  42              	.LBB3:
  43              		.loc 1 31 0
  44              	@ 31 "/opt/ChibiOS_2.6.6/os/various/evtimer.c" 1
  45 0006 83F31188 		msr     BASEPRI, r3
  46              	@ 0 "" 2
  47              		.thumb
  48              	.LBE3:
  49              		.loc 1 32 0
  50 000a 0021     		movs	r1, #0
  51 000c 1430     		adds	r0, r0, #20
  52              	.LVL2:
  53 000e FFF7FEFF 		bl	chEvtBroadcastFlagsI
  54              	.LVL3:
  55              		.loc 1 33 0
  56 0012 40F20002 		movw	r2, #:lower16:tmrcb
  57 0016 2346     		mov	r3, r4
ARM GAS  /tmp/ccc1dAke.s 			page 2


  58 0018 2046     		mov	r0, r4
  59 001a A169     		ldr	r1, [r4, #24]
  60 001c C0F20002 		movt	r2, #:upper16:tmrcb
  61 0020 FFF7FEFF 		bl	chVTSetI
  62              	.LVL4:
  63              	.LBB4:
  64              		.loc 1 34 0
  65 0024 0023     		movs	r3, #0
  66              	@ 34 "/opt/ChibiOS_2.6.6/os/various/evtimer.c" 1
  67 0026 83F31188 		msr     BASEPRI, r3
  68              	@ 0 "" 2
  69              		.thumb
  70 002a 10BD     		pop	{r4, pc}
  71              	.LBE4:
  72              		.cfi_endproc
  73              	.LFE7:
  74              		.size	tmrcb, .-tmrcb
  75              		.section	.text.evtStart,"ax",%progbits
  76              		.align	2
  77              		.global	evtStart
  78              		.thumb
  79              		.thumb_func
  80              		.type	evtStart, %function
  81              	evtStart:
  82              	.LFB8:
  83              		.loc 1 43 0
  84              		.cfi_startproc
  85              		@ args = 0, pretend = 0, frame = 0
  86              		@ frame_needed = 0, uses_anonymous_args = 0
  87              	.LVL5:
  88 0000 08B5     		push	{r3, lr}
  89              		.cfi_def_cfa_offset 8
  90              		.cfi_offset 3, -8
  91              		.cfi_offset 14, -4
  92              	.LBB5:
  93              		.loc 1 45 0
  94 0002 2023     		movs	r3, #32
  95              	@ 45 "/opt/ChibiOS_2.6.6/os/various/evtimer.c" 1
  96 0004 83F31188 		msr     BASEPRI, r3
  97              	@ 0 "" 2
  98              		.thumb
  99              	.LBE5:
 100              		.loc 1 47 0
 101 0008 C368     		ldr	r3, [r0, #12]
 102 000a 1BB1     		cbz	r3, .L5
 103              	.LBB6:
 104              		.loc 1 50 0
 105 000c 0023     		movs	r3, #0
 106              	@ 50 "/opt/ChibiOS_2.6.6/os/various/evtimer.c" 1
 107 000e 83F31188 		msr     BASEPRI, r3
 108              	@ 0 "" 2
 109              		.thumb
 110 0012 08BD     		pop	{r3, pc}
 111              	.L5:
 112              	.LBE6:
 113              		.loc 1 48 0
 114 0014 40F20002 		movw	r2, #:lower16:tmrcb
ARM GAS  /tmp/ccc1dAke.s 			page 3


 115 0018 0346     		mov	r3, r0
 116 001a 8169     		ldr	r1, [r0, #24]
 117 001c C0F20002 		movt	r2, #:upper16:tmrcb
 118 0020 FFF7FEFF 		bl	chVTSetI
 119              	.LVL6:
 120              	.LBB7:
 121              		.loc 1 50 0
 122 0024 0023     		movs	r3, #0
 123              	@ 50 "/opt/ChibiOS_2.6.6/os/various/evtimer.c" 1
 124 0026 83F31188 		msr     BASEPRI, r3
 125              	@ 0 "" 2
 126              		.thumb
 127 002a 08BD     		pop	{r3, pc}
 128              	.LBE7:
 129              		.cfi_endproc
 130              	.LFE8:
 131              		.size	evtStart, .-evtStart
 132              		.section	.text.evtStop,"ax",%progbits
 133              		.align	2
 134              		.global	evtStop
 135              		.thumb
 136              		.thumb_func
 137              		.type	evtStop, %function
 138              	evtStop:
 139              	.LFB9:
 140              		.loc 1 59 0
 141              		.cfi_startproc
 142              		@ args = 0, pretend = 0, frame = 0
 143              		@ frame_needed = 0, uses_anonymous_args = 0
 144              	.LVL7:
 145 0000 08B5     		push	{r3, lr}
 146              		.cfi_def_cfa_offset 8
 147              		.cfi_offset 3, -8
 148              		.cfi_offset 14, -4
 149              	.LBB8:
 150              		.loc 1 61 0
 151 0002 2023     		movs	r3, #32
 152              	@ 61 "/opt/ChibiOS_2.6.6/os/various/evtimer.c" 1
 153 0004 83F31188 		msr     BASEPRI, r3
 154              	@ 0 "" 2
 155              		.thumb
 156              	.LBE8:
 157 0008 C368     		ldr	r3, [r0, #12]
 158 000a 0BB1     		cbz	r3, .L7
 159              		.loc 1 61 0 is_stmt 0 discriminator 1
 160 000c FFF7FEFF 		bl	chVTResetI
 161              	.LVL8:
 162              	.L7:
 163              	.LBB9:
 164              		.loc 1 61 0 discriminator 2
 165 0010 0023     		movs	r3, #0
 166              	@ 61 "/opt/ChibiOS_2.6.6/os/various/evtimer.c" 1
 167 0012 83F31188 		msr     BASEPRI, r3
 168              	@ 0 "" 2
 169              		.thumb
 170 0016 08BD     		pop	{r3, pc}
 171              	.LBE9:
ARM GAS  /tmp/ccc1dAke.s 			page 4


 172              		.cfi_endproc
 173              	.LFE9:
 174              		.size	evtStop, .-evtStop
 175              		.text
 176              	.Letext0:
 177              		.file 2 "/usr/include/newlib/machine/_default_types.h"
 178              		.file 3 "/usr/include/newlib/stdint.h"
 179              		.file 4 "/opt/ChibiOS_2.6.6/os/ports/GCC/ARMCMx/chtypes.h"
 180              		.file 5 "/opt/ChibiOS_2.6.6/os/kernel/include/chlists.h"
 181              		.file 6 "/opt/ChibiOS_2.6.6/os/kernel/include/chthreads.h"
 182              		.file 7 "/opt/ChibiOS_2.6.6/os/ports/GCC/ARMCMx/chcore_v7m.h"
 183              		.file 8 "/opt/ChibiOS_2.6.6/os/kernel/include/chvt.h"
 184              		.file 9 "/opt/ChibiOS_2.6.6/os/kernel/include/chmtx.h"
 185              		.file 10 "/opt/ChibiOS_2.6.6/os/kernel/include/chevents.h"
 186              		.file 11 "/opt/ChibiOS_2.6.6/os/various/evtimer.h"
 187              		.section	.debug_info,"",%progbits
 188              	.Ldebug_info0:
 189 0000 9E060000 		.4byte	0x69e
 190 0004 0400     		.2byte	0x4
 191 0006 00000000 		.4byte	.Ldebug_abbrev0
 192 000a 04       		.byte	0x4
 193 000b 01       		.uleb128 0x1
 194 000c 5F010000 		.4byte	.LASF82
 195 0010 01       		.byte	0x1
 196 0011 A1000000 		.4byte	.LASF83
 197 0015 30000000 		.4byte	.Ldebug_ranges0+0x30
 198 0019 00000000 		.4byte	0
 199 001d 00000000 		.4byte	.Ldebug_line0
 200 0021 02       		.uleb128 0x2
 201 0022 04       		.byte	0x4
 202 0023 05       		.byte	0x5
 203 0024 696E7400 		.ascii	"int\000"
 204 0028 03       		.uleb128 0x3
 205 0029 04       		.byte	0x4
 206 002a 07       		.byte	0x7
 207 002b 0E010000 		.4byte	.LASF0
 208 002f 03       		.uleb128 0x3
 209 0030 01       		.byte	0x1
 210 0031 06       		.byte	0x6
 211 0032 61000000 		.4byte	.LASF1
 212 0036 04       		.uleb128 0x4
 213 0037 19000000 		.4byte	.LASF5
 214 003b 02       		.byte	0x2
 215 003c 1C       		.byte	0x1c
 216 003d 41000000 		.4byte	0x41
 217 0041 03       		.uleb128 0x3
 218 0042 01       		.byte	0x1
 219 0043 08       		.byte	0x8
 220 0044 7F020000 		.4byte	.LASF2
 221 0048 03       		.uleb128 0x3
 222 0049 02       		.byte	0x2
 223 004a 05       		.byte	0x5
 224 004b AC020000 		.4byte	.LASF3
 225 004f 03       		.uleb128 0x3
 226 0050 02       		.byte	0x2
 227 0051 07       		.byte	0x7
 228 0052 46010000 		.4byte	.LASF4
ARM GAS  /tmp/ccc1dAke.s 			page 5


 229 0056 04       		.uleb128 0x4
 230 0057 38030000 		.4byte	.LASF6
 231 005b 02       		.byte	0x2
 232 005c 37       		.byte	0x37
 233 005d 61000000 		.4byte	0x61
 234 0061 03       		.uleb128 0x3
 235 0062 04       		.byte	0x4
 236 0063 05       		.byte	0x5
 237 0064 8F000000 		.4byte	.LASF7
 238 0068 04       		.uleb128 0x4
 239 0069 E6000000 		.4byte	.LASF8
 240 006d 02       		.byte	0x2
 241 006e 38       		.byte	0x38
 242 006f 73000000 		.4byte	0x73
 243 0073 03       		.uleb128 0x3
 244 0074 04       		.byte	0x4
 245 0075 07       		.byte	0x7
 246 0076 23010000 		.4byte	.LASF9
 247 007a 03       		.uleb128 0x3
 248 007b 08       		.byte	0x8
 249 007c 05       		.byte	0x5
 250 007d 53000000 		.4byte	.LASF10
 251 0081 03       		.uleb128 0x3
 252 0082 08       		.byte	0x8
 253 0083 07       		.byte	0x7
 254 0084 23000000 		.4byte	.LASF11
 255 0088 04       		.uleb128 0x4
 256 0089 7D030000 		.4byte	.LASF12
 257 008d 03       		.byte	0x3
 258 008e 2A       		.byte	0x2a
 259 008f 36000000 		.4byte	0x36
 260 0093 04       		.uleb128 0x4
 261 0094 77020000 		.4byte	.LASF13
 262 0098 03       		.byte	0x3
 263 0099 41       		.byte	0x41
 264 009a 56000000 		.4byte	0x56
 265 009e 04       		.uleb128 0x4
 266 009f FB020000 		.4byte	.LASF14
 267 00a3 03       		.byte	0x3
 268 00a4 42       		.byte	0x42
 269 00a5 68000000 		.4byte	0x68
 270 00a9 03       		.uleb128 0x3
 271 00aa 01       		.byte	0x1
 272 00ab 02       		.byte	0x2
 273 00ac 71020000 		.4byte	.LASF15
 274 00b0 04       		.uleb128 0x4
 275 00b1 EF010000 		.4byte	.LASF16
 276 00b5 04       		.byte	0x4
 277 00b6 2C       		.byte	0x2c
 278 00b7 88000000 		.4byte	0x88
 279 00bb 04       		.uleb128 0x4
 280 00bc 98000000 		.4byte	.LASF17
 281 00c0 04       		.byte	0x4
 282 00c1 2D       		.byte	0x2d
 283 00c2 88000000 		.4byte	0x88
 284 00c6 04       		.uleb128 0x4
 285 00c7 5A020000 		.4byte	.LASF18
ARM GAS  /tmp/ccc1dAke.s 			page 6


 286 00cb 04       		.byte	0x4
 287 00cc 2E       		.byte	0x2e
 288 00cd 88000000 		.4byte	0x88
 289 00d1 04       		.uleb128 0x4
 290 00d2 85000000 		.4byte	.LASF19
 291 00d6 04       		.byte	0x4
 292 00d7 2F       		.byte	0x2f
 293 00d8 88000000 		.4byte	0x88
 294 00dc 04       		.uleb128 0x4
 295 00dd 69020000 		.4byte	.LASF20
 296 00e1 04       		.byte	0x4
 297 00e2 30       		.byte	0x30
 298 00e3 9E000000 		.4byte	0x9e
 299 00e7 04       		.uleb128 0x4
 300 00e8 59010000 		.4byte	.LASF21
 301 00ec 04       		.byte	0x4
 302 00ed 31       		.byte	0x31
 303 00ee 93000000 		.4byte	0x93
 304 00f2 04       		.uleb128 0x4
 305 00f3 03020000 		.4byte	.LASF22
 306 00f7 04       		.byte	0x4
 307 00f8 33       		.byte	0x33
 308 00f9 9E000000 		.4byte	0x9e
 309 00fd 04       		.uleb128 0x4
 310 00fe 6A030000 		.4byte	.LASF23
 311 0102 04       		.byte	0x4
 312 0103 34       		.byte	0x34
 313 0104 9E000000 		.4byte	0x9e
 314 0108 04       		.uleb128 0x4
 315 0109 23030000 		.4byte	.LASF24
 316 010d 04       		.byte	0x4
 317 010e 35       		.byte	0x35
 318 010f 9E000000 		.4byte	0x9e
 319 0113 04       		.uleb128 0x4
 320 0114 DE020000 		.4byte	.LASF25
 321 0118 05       		.byte	0x5
 322 0119 2A       		.byte	0x2a
 323 011a 1E010000 		.4byte	0x11e
 324 011e 05       		.uleb128 0x5
 325 011f DE020000 		.4byte	.LASF25
 326 0123 48       		.byte	0x48
 327 0124 06       		.byte	0x6
 328 0125 5E       		.byte	0x5e
 329 0126 1B020000 		.4byte	0x21b
 330 012a 06       		.uleb128 0x6
 331 012b CF020000 		.4byte	.LASF26
 332 012f 06       		.byte	0x6
 333 0130 5F       		.byte	0x5f
 334 0131 3C020000 		.4byte	0x23c
 335 0135 00       		.byte	0
 336 0136 06       		.uleb128 0x6
 337 0137 62020000 		.4byte	.LASF27
 338 013b 06       		.byte	0x6
 339 013c 61       		.byte	0x61
 340 013d 3C020000 		.4byte	0x23c
 341 0141 04       		.byte	0x4
 342 0142 06       		.uleb128 0x6
ARM GAS  /tmp/ccc1dAke.s 			page 7


 343 0143 4C000000 		.4byte	.LASF28
 344 0147 06       		.byte	0x6
 345 0148 63       		.byte	0x63
 346 0149 DC000000 		.4byte	0xdc
 347 014d 08       		.byte	0x8
 348 014e 06       		.uleb128 0x6
 349 014f B7030000 		.4byte	.LASF29
 350 0153 06       		.byte	0x6
 351 0154 64       		.byte	0x64
 352 0155 F6020000 		.4byte	0x2f6
 353 0159 0C       		.byte	0xc
 354 015a 06       		.uleb128 0x6
 355 015b DE000000 		.4byte	.LASF30
 356 015f 06       		.byte	0x6
 357 0160 66       		.byte	0x66
 358 0161 3C020000 		.4byte	0x23c
 359 0165 10       		.byte	0x10
 360 0166 06       		.uleb128 0x6
 361 0167 3D020000 		.4byte	.LASF31
 362 016b 06       		.byte	0x6
 363 016c 67       		.byte	0x67
 364 016d 3C020000 		.4byte	0x23c
 365 0171 14       		.byte	0x14
 366 0172 06       		.uleb128 0x6
 367 0173 9A030000 		.4byte	.LASF32
 368 0177 06       		.byte	0x6
 369 0178 6E       		.byte	0x6e
 370 0179 82040000 		.4byte	0x482
 371 017d 18       		.byte	0x18
 372 017e 06       		.uleb128 0x6
 373 017f B6020000 		.4byte	.LASF33
 374 0183 06       		.byte	0x6
 375 0184 79       		.byte	0x79
 376 0185 BB000000 		.4byte	0xbb
 377 0189 1C       		.byte	0x1c
 378 018a 06       		.uleb128 0x6
 379 018b D6020000 		.4byte	.LASF34
 380 018f 06       		.byte	0x6
 381 0190 7D       		.byte	0x7d
 382 0191 B0000000 		.4byte	0xb0
 383 0195 1D       		.byte	0x1d
 384 0196 06       		.uleb128 0x6
 385 0197 76030000 		.4byte	.LASF35
 386 019b 06       		.byte	0x6
 387 019c 82       		.byte	0x82
 388 019d C6000000 		.4byte	0xc6
 389 01a1 1E       		.byte	0x1e
 390 01a2 06       		.uleb128 0x6
 391 01a3 BE020000 		.4byte	.LASF36
 392 01a7 06       		.byte	0x6
 393 01a8 88       		.byte	0x88
 394 01a9 D1000000 		.4byte	0xd1
 395 01ad 1F       		.byte	0x1f
 396 01ae 06       		.uleb128 0x6
 397 01af 4A030000 		.4byte	.LASF37
 398 01b3 06       		.byte	0x6
 399 01b4 8F       		.byte	0x8f
ARM GAS  /tmp/ccc1dAke.s 			page 8


 400 01b5 94030000 		.4byte	0x394
 401 01b9 20       		.byte	0x20
 402 01ba 07       		.uleb128 0x7
 403 01bb 705F7500 		.ascii	"p_u\000"
 404 01bf 06       		.byte	0x6
 405 01c0 B4       		.byte	0xb4
 406 01c1 4D040000 		.4byte	0x44d
 407 01c5 24       		.byte	0x24
 408 01c6 06       		.uleb128 0x6
 409 01c7 BD030000 		.4byte	.LASF38
 410 01cb 06       		.byte	0x6
 411 01cc B9       		.byte	0xb9
 412 01cd 62020000 		.4byte	0x262
 413 01d1 28       		.byte	0x28
 414 01d2 06       		.uleb128 0x6
 415 01d3 58030000 		.4byte	.LASF39
 416 01d7 06       		.byte	0x6
 417 01d8 BF       		.byte	0xbf
 418 01d9 42020000 		.4byte	0x242
 419 01dd 2C       		.byte	0x2c
 420 01de 06       		.uleb128 0x6
 421 01df 0C000000 		.4byte	.LASF40
 422 01e3 06       		.byte	0x6
 423 01e4 C3       		.byte	0xc3
 424 01e5 E7000000 		.4byte	0xe7
 425 01e9 34       		.byte	0x34
 426 01ea 06       		.uleb128 0x6
 427 01eb F0020000 		.4byte	.LASF41
 428 01ef 06       		.byte	0x6
 429 01f0 C9       		.byte	0xc9
 430 01f1 F2000000 		.4byte	0xf2
 431 01f5 38       		.byte	0x38
 432 01f6 06       		.uleb128 0x6
 433 01f7 A2020000 		.4byte	.LASF42
 434 01fb 06       		.byte	0x6
 435 01fc D0       		.byte	0xd0
 436 01fd 94040000 		.4byte	0x494
 437 0201 3C       		.byte	0x3c
 438 0202 06       		.uleb128 0x6
 439 0203 2D030000 		.4byte	.LASF43
 440 0207 06       		.byte	0x6
 441 0208 D4       		.byte	0xd4
 442 0209 DC000000 		.4byte	0xdc
 443 020d 40       		.byte	0x40
 444 020e 06       		.uleb128 0x6
 445 020f 75000000 		.4byte	.LASF44
 446 0213 06       		.byte	0x6
 447 0214 DA       		.byte	0xda
 448 0215 78020000 		.4byte	0x278
 449 0219 44       		.byte	0x44
 450 021a 00       		.byte	0
 451 021b 08       		.uleb128 0x8
 452 021c 08       		.byte	0x8
 453 021d 05       		.byte	0x5
 454 021e 61       		.byte	0x61
 455 021f 3C020000 		.4byte	0x23c
 456 0223 06       		.uleb128 0x6
ARM GAS  /tmp/ccc1dAke.s 			page 9


 457 0224 CF020000 		.4byte	.LASF26
 458 0228 05       		.byte	0x5
 459 0229 62       		.byte	0x62
 460 022a 3C020000 		.4byte	0x23c
 461 022e 00       		.byte	0
 462 022f 06       		.uleb128 0x6
 463 0230 62020000 		.4byte	.LASF27
 464 0234 05       		.byte	0x5
 465 0235 64       		.byte	0x64
 466 0236 3C020000 		.4byte	0x23c
 467 023a 04       		.byte	0x4
 468 023b 00       		.byte	0
 469 023c 09       		.uleb128 0x9
 470 023d 04       		.byte	0x4
 471 023e 13010000 		.4byte	0x113
 472 0242 04       		.uleb128 0x4
 473 0243 45020000 		.4byte	.LASF45
 474 0247 05       		.byte	0x5
 475 0248 66       		.byte	0x66
 476 0249 1B020000 		.4byte	0x21b
 477 024d 08       		.uleb128 0x8
 478 024e 04       		.byte	0x4
 479 024f 05       		.byte	0x5
 480 0250 6B       		.byte	0x6b
 481 0251 62020000 		.4byte	0x262
 482 0255 06       		.uleb128 0x6
 483 0256 CF020000 		.4byte	.LASF26
 484 025a 05       		.byte	0x5
 485 025b 6D       		.byte	0x6d
 486 025c 3C020000 		.4byte	0x23c
 487 0260 00       		.byte	0
 488 0261 00       		.byte	0
 489 0262 04       		.uleb128 0x4
 490 0263 F7010000 		.4byte	.LASF46
 491 0267 05       		.byte	0x5
 492 0268 70       		.byte	0x70
 493 0269 4D020000 		.4byte	0x24d
 494 026d 04       		.uleb128 0x4
 495 026e F1000000 		.4byte	.LASF47
 496 0272 07       		.byte	0x7
 497 0273 E5       		.byte	0xe5
 498 0274 78020000 		.4byte	0x278
 499 0278 0A       		.uleb128 0xa
 500 0279 04       		.byte	0x4
 501 027a 0B       		.uleb128 0xb
 502 027b 51030000 		.4byte	.LASF48
 503 027f 24       		.byte	0x24
 504 0280 07       		.byte	0x7
 505 0281 0C01     		.2byte	0x10c
 506 0283 F6020000 		.4byte	0x2f6
 507 0287 0C       		.uleb128 0xc
 508 0288 723400   		.ascii	"r4\000"
 509 028b 07       		.byte	0x7
 510 028c 1F01     		.2byte	0x11f
 511 028e 6D020000 		.4byte	0x26d
 512 0292 00       		.byte	0
 513 0293 0C       		.uleb128 0xc
ARM GAS  /tmp/ccc1dAke.s 			page 10


 514 0294 723500   		.ascii	"r5\000"
 515 0297 07       		.byte	0x7
 516 0298 2001     		.2byte	0x120
 517 029a 6D020000 		.4byte	0x26d
 518 029e 04       		.byte	0x4
 519 029f 0C       		.uleb128 0xc
 520 02a0 723600   		.ascii	"r6\000"
 521 02a3 07       		.byte	0x7
 522 02a4 2101     		.2byte	0x121
 523 02a6 6D020000 		.4byte	0x26d
 524 02aa 08       		.byte	0x8
 525 02ab 0C       		.uleb128 0xc
 526 02ac 723700   		.ascii	"r7\000"
 527 02af 07       		.byte	0x7
 528 02b0 2201     		.2byte	0x122
 529 02b2 6D020000 		.4byte	0x26d
 530 02b6 0C       		.byte	0xc
 531 02b7 0C       		.uleb128 0xc
 532 02b8 723800   		.ascii	"r8\000"
 533 02bb 07       		.byte	0x7
 534 02bc 2301     		.2byte	0x123
 535 02be 6D020000 		.4byte	0x26d
 536 02c2 10       		.byte	0x10
 537 02c3 0C       		.uleb128 0xc
 538 02c4 723900   		.ascii	"r9\000"
 539 02c7 07       		.byte	0x7
 540 02c8 2401     		.2byte	0x124
 541 02ca 6D020000 		.4byte	0x26d
 542 02ce 14       		.byte	0x14
 543 02cf 0C       		.uleb128 0xc
 544 02d0 72313000 		.ascii	"r10\000"
 545 02d4 07       		.byte	0x7
 546 02d5 2501     		.2byte	0x125
 547 02d7 6D020000 		.4byte	0x26d
 548 02db 18       		.byte	0x18
 549 02dc 0C       		.uleb128 0xc
 550 02dd 72313100 		.ascii	"r11\000"
 551 02e1 07       		.byte	0x7
 552 02e2 2601     		.2byte	0x126
 553 02e4 6D020000 		.4byte	0x26d
 554 02e8 1C       		.byte	0x1c
 555 02e9 0C       		.uleb128 0xc
 556 02ea 6C7200   		.ascii	"lr\000"
 557 02ed 07       		.byte	0x7
 558 02ee 2701     		.2byte	0x127
 559 02f0 6D020000 		.4byte	0x26d
 560 02f4 20       		.byte	0x20
 561 02f5 00       		.byte	0
 562 02f6 0B       		.uleb128 0xb
 563 02f7 3E010000 		.4byte	.LASF49
 564 02fb 04       		.byte	0x4
 565 02fc 07       		.byte	0x7
 566 02fd 3101     		.2byte	0x131
 567 02ff 11030000 		.4byte	0x311
 568 0303 0C       		.uleb128 0xc
 569 0304 72313300 		.ascii	"r13\000"
 570 0308 07       		.byte	0x7
ARM GAS  /tmp/ccc1dAke.s 			page 11


 571 0309 3201     		.2byte	0x132
 572 030b 11030000 		.4byte	0x311
 573 030f 00       		.byte	0
 574 0310 00       		.byte	0
 575 0311 09       		.uleb128 0x9
 576 0312 04       		.byte	0x4
 577 0313 7A020000 		.4byte	0x27a
 578 0317 03       		.uleb128 0x3
 579 0318 04       		.byte	0x4
 580 0319 07       		.byte	0x7
 581 031a 23020000 		.4byte	.LASF50
 582 031e 04       		.uleb128 0x4
 583 031f 35010000 		.4byte	.LASF51
 584 0323 08       		.byte	0x8
 585 0324 58       		.byte	0x58
 586 0325 29030000 		.4byte	0x329
 587 0329 09       		.uleb128 0x9
 588 032a 04       		.byte	0x4
 589 032b 2F030000 		.4byte	0x32f
 590 032f 0D       		.uleb128 0xd
 591 0330 3A030000 		.4byte	0x33a
 592 0334 0E       		.uleb128 0xe
 593 0335 78020000 		.4byte	0x278
 594 0339 00       		.byte	0
 595 033a 04       		.uleb128 0x4
 596 033b 04030000 		.4byte	.LASF52
 597 033f 08       		.byte	0x8
 598 0340 5D       		.byte	0x5d
 599 0341 45030000 		.4byte	0x345
 600 0345 05       		.uleb128 0x5
 601 0346 04030000 		.4byte	.LASF52
 602 034a 14       		.byte	0x14
 603 034b 08       		.byte	0x8
 604 034c 64       		.byte	0x64
 605 034d 8E030000 		.4byte	0x38e
 606 0351 06       		.uleb128 0x6
 607 0352 1B010000 		.4byte	.LASF53
 608 0356 08       		.byte	0x8
 609 0357 65       		.byte	0x65
 610 0358 8E030000 		.4byte	0x38e
 611 035c 00       		.byte	0
 612 035d 06       		.uleb128 0x6
 613 035e FA000000 		.4byte	.LASF54
 614 0362 08       		.byte	0x8
 615 0363 67       		.byte	0x67
 616 0364 8E030000 		.4byte	0x38e
 617 0368 04       		.byte	0x4
 618 0369 06       		.uleb128 0x6
 619 036a 15020000 		.4byte	.LASF55
 620 036e 08       		.byte	0x8
 621 036f 69       		.byte	0x69
 622 0370 08010000 		.4byte	0x108
 623 0374 08       		.byte	0x8
 624 0375 06       		.uleb128 0x6
 625 0376 2C020000 		.4byte	.LASF56
 626 037a 08       		.byte	0x8
 627 037b 6A       		.byte	0x6a
ARM GAS  /tmp/ccc1dAke.s 			page 12


 628 037c 1E030000 		.4byte	0x31e
 629 0380 0C       		.byte	0xc
 630 0381 06       		.uleb128 0x6
 631 0382 63030000 		.4byte	.LASF57
 632 0386 08       		.byte	0x8
 633 0387 6C       		.byte	0x6c
 634 0388 78020000 		.4byte	0x278
 635 038c 10       		.byte	0x10
 636 038d 00       		.byte	0
 637 038e 09       		.uleb128 0x9
 638 038f 04       		.byte	0x4
 639 0390 3A030000 		.4byte	0x33a
 640 0394 0F       		.uleb128 0xf
 641 0395 08010000 		.4byte	0x108
 642 0399 05       		.uleb128 0x5
 643 039a 0F020000 		.4byte	.LASF58
 644 039e 10       		.byte	0x10
 645 039f 09       		.byte	0x9
 646 03a0 2C       		.byte	0x2c
 647 03a1 CA030000 		.4byte	0x3ca
 648 03a5 06       		.uleb128 0x6
 649 03a6 7D000000 		.4byte	.LASF59
 650 03aa 09       		.byte	0x9
 651 03ab 2D       		.byte	0x2d
 652 03ac 42020000 		.4byte	0x242
 653 03b0 00       		.byte	0
 654 03b1 06       		.uleb128 0x6
 655 03b2 AF030000 		.4byte	.LASF60
 656 03b6 09       		.byte	0x9
 657 03b7 2F       		.byte	0x2f
 658 03b8 3C020000 		.4byte	0x23c
 659 03bc 08       		.byte	0x8
 660 03bd 06       		.uleb128 0x6
 661 03be 1C030000 		.4byte	.LASF61
 662 03c2 09       		.byte	0x9
 663 03c3 31       		.byte	0x31
 664 03c4 CA030000 		.4byte	0x3ca
 665 03c8 0C       		.byte	0xc
 666 03c9 00       		.byte	0
 667 03ca 09       		.uleb128 0x9
 668 03cb 04       		.byte	0x4
 669 03cc 99030000 		.4byte	0x399
 670 03d0 04       		.uleb128 0x4
 671 03d1 0F020000 		.4byte	.LASF58
 672 03d5 09       		.byte	0x9
 673 03d6 33       		.byte	0x33
 674 03d7 99030000 		.4byte	0x399
 675 03db 04       		.uleb128 0x4
 676 03dc 85030000 		.4byte	.LASF62
 677 03e0 0A       		.byte	0xa
 678 03e1 2C       		.byte	0x2c
 679 03e2 E6030000 		.4byte	0x3e6
 680 03e6 05       		.uleb128 0x5
 681 03e7 85030000 		.4byte	.LASF62
 682 03eb 10       		.byte	0x10
 683 03ec 0A       		.byte	0xa
 684 03ed 31       		.byte	0x31
ARM GAS  /tmp/ccc1dAke.s 			page 13


 685 03ee 23040000 		.4byte	0x423
 686 03f2 06       		.uleb128 0x6
 687 03f3 E7010000 		.4byte	.LASF63
 688 03f7 0A       		.byte	0xa
 689 03f8 32       		.byte	0x32
 690 03f9 23040000 		.4byte	0x423
 691 03fd 00       		.byte	0
 692 03fe 06       		.uleb128 0x6
 693 03ff 8D020000 		.4byte	.LASF64
 694 0403 0A       		.byte	0xa
 695 0404 35       		.byte	0x35
 696 0405 3C020000 		.4byte	0x23c
 697 0409 04       		.byte	0x4
 698 040a 06       		.uleb128 0x6
 699 040b 52020000 		.4byte	.LASF65
 700 040f 0A       		.byte	0xa
 701 0410 37       		.byte	0x37
 702 0411 F2000000 		.4byte	0xf2
 703 0415 08       		.byte	0x8
 704 0416 06       		.uleb128 0x6
 705 0417 99020000 		.4byte	.LASF66
 706 041b 0A       		.byte	0xa
 707 041c 3A       		.byte	0x3a
 708 041d FD000000 		.4byte	0xfd
 709 0421 0C       		.byte	0xc
 710 0422 00       		.byte	0
 711 0423 09       		.uleb128 0x9
 712 0424 04       		.byte	0x4
 713 0425 DB030000 		.4byte	0x3db
 714 0429 05       		.uleb128 0x5
 715 042a 02010000 		.4byte	.LASF67
 716 042e 04       		.byte	0x4
 717 042f 0A       		.byte	0xa
 718 0430 41       		.byte	0x41
 719 0431 42040000 		.4byte	0x442
 720 0435 06       		.uleb128 0x6
 721 0436 A1030000 		.4byte	.LASF68
 722 043a 0A       		.byte	0xa
 723 043b 42       		.byte	0x42
 724 043c 23040000 		.4byte	0x423
 725 0440 00       		.byte	0
 726 0441 00       		.byte	0
 727 0442 04       		.uleb128 0x4
 728 0443 02010000 		.4byte	.LASF67
 729 0447 0A       		.byte	0xa
 730 0448 45       		.byte	0x45
 731 0449 29040000 		.4byte	0x429
 732 044d 10       		.uleb128 0x10
 733 044e 04       		.byte	0x4
 734 044f 06       		.byte	0x6
 735 0450 96       		.byte	0x96
 736 0451 82040000 		.4byte	0x482
 737 0455 11       		.uleb128 0x11
 738 0456 12000000 		.4byte	.LASF69
 739 045a 06       		.byte	0x6
 740 045b 9D       		.byte	0x9d
 741 045c E7000000 		.4byte	0xe7
ARM GAS  /tmp/ccc1dAke.s 			page 14


 742 0460 11       		.uleb128 0x11
 743 0461 3A000000 		.4byte	.LASF70
 744 0465 06       		.byte	0x6
 745 0466 A4       		.byte	0xa4
 746 0467 E7000000 		.4byte	0xe7
 747 046b 11       		.uleb128 0x11
 748 046c 93030000 		.4byte	.LASF71
 749 0470 06       		.byte	0x6
 750 0471 AB       		.byte	0xab
 751 0472 78020000 		.4byte	0x278
 752 0476 11       		.uleb128 0x11
 753 0477 C8020000 		.4byte	.LASF72
 754 047b 06       		.byte	0x6
 755 047c B2       		.byte	0xb2
 756 047d F2000000 		.4byte	0xf2
 757 0481 00       		.byte	0
 758 0482 09       		.uleb128 0x9
 759 0483 04       		.byte	0x4
 760 0484 88040000 		.4byte	0x488
 761 0488 12       		.uleb128 0x12
 762 0489 8D040000 		.4byte	0x48d
 763 048d 03       		.uleb128 0x3
 764 048e 01       		.byte	0x1
 765 048f 08       		.byte	0x8
 766 0490 11030000 		.4byte	.LASF73
 767 0494 09       		.uleb128 0x9
 768 0495 04       		.byte	0x4
 769 0496 D0030000 		.4byte	0x3d0
 770 049a 08       		.uleb128 0x8
 771 049b 1C       		.byte	0x1c
 772 049c 0B       		.byte	0xb
 773 049d 27       		.byte	0x27
 774 049e C7040000 		.4byte	0x4c7
 775 04a2 06       		.uleb128 0x6
 776 04a3 A9030000 		.4byte	.LASF74
 777 04a7 0B       		.byte	0xb
 778 04a8 28       		.byte	0x28
 779 04a9 3A030000 		.4byte	0x33a
 780 04ad 00       		.byte	0
 781 04ae 06       		.uleb128 0x6
 782 04af 1D020000 		.4byte	.LASF75
 783 04b3 0B       		.byte	0xb
 784 04b4 29       		.byte	0x29
 785 04b5 42040000 		.4byte	0x442
 786 04b9 14       		.byte	0x14
 787 04ba 06       		.uleb128 0x6
 788 04bb 00000000 		.4byte	.LASF76
 789 04bf 0B       		.byte	0xb
 790 04c0 2A       		.byte	0x2a
 791 04c1 08010000 		.4byte	0x108
 792 04c5 18       		.byte	0x18
 793 04c6 00       		.byte	0
 794 04c7 04       		.uleb128 0x4
 795 04c8 6D000000 		.4byte	.LASF77
 796 04cc 0B       		.byte	0xb
 797 04cd 2B       		.byte	0x2b
 798 04ce 9A040000 		.4byte	0x49a
ARM GAS  /tmp/ccc1dAke.s 			page 15


 799 04d2 13       		.uleb128 0x13
 800 04d3 16030000 		.4byte	.LASF84
 801 04d7 01       		.byte	0x1
 802 04d8 1C       		.byte	0x1c
 803 04d9 00000000 		.4byte	.LFB7
 804 04dd 2C000000 		.4byte	.LFE7-.LFB7
 805 04e1 01       		.uleb128 0x1
 806 04e2 9C       		.byte	0x9c
 807 04e3 6E050000 		.4byte	0x56e
 808 04e7 14       		.uleb128 0x14
 809 04e8 7000     		.ascii	"p\000"
 810 04ea 01       		.byte	0x1
 811 04eb 1C       		.byte	0x1c
 812 04ec 78020000 		.4byte	0x278
 813 04f0 00000000 		.4byte	.LLST0
 814 04f4 15       		.uleb128 0x15
 815 04f5 65747000 		.ascii	"etp\000"
 816 04f9 01       		.byte	0x1
 817 04fa 1D       		.byte	0x1d
 818 04fb 6E050000 		.4byte	0x56e
 819 04ff 1E000000 		.4byte	.LLST1
 820 0503 16       		.uleb128 0x16
 821 0504 00000000 		.4byte	.Ldebug_ranges0+0
 822 0508 1A050000 		.4byte	0x51a
 823 050c 17       		.uleb128 0x17
 824 050d 746D7000 		.ascii	"tmp\000"
 825 0511 01       		.byte	0x1
 826 0512 1F       		.byte	0x1f
 827 0513 9E000000 		.4byte	0x9e
 828 0517 01       		.uleb128 0x1
 829 0518 53       		.byte	0x53
 830 0519 00       		.byte	0
 831 051a 18       		.uleb128 0x18
 832 051b 24000000 		.4byte	.LBB4
 833 051f 08000000 		.4byte	.LBE4-.LBB4
 834 0523 35050000 		.4byte	0x535
 835 0527 17       		.uleb128 0x17
 836 0528 746D7000 		.ascii	"tmp\000"
 837 052c 01       		.byte	0x1
 838 052d 22       		.byte	0x22
 839 052e 9E000000 		.4byte	0x9e
 840 0532 01       		.uleb128 0x1
 841 0533 53       		.byte	0x53
 842 0534 00       		.byte	0
 843 0535 19       		.uleb128 0x19
 844 0536 12000000 		.4byte	.LVL3
 845 053a 58060000 		.4byte	0x658
 846 053e 4E050000 		.4byte	0x54e
 847 0542 1A       		.uleb128 0x1a
 848 0543 01       		.uleb128 0x1
 849 0544 51       		.byte	0x51
 850 0545 01       		.uleb128 0x1
 851 0546 30       		.byte	0x30
 852 0547 1A       		.uleb128 0x1a
 853 0548 01       		.uleb128 0x1
 854 0549 50       		.byte	0x50
 855 054a 02       		.uleb128 0x2
ARM GAS  /tmp/ccc1dAke.s 			page 16


 856 054b 74       		.byte	0x74
 857 054c 14       		.sleb128 20
 858 054d 00       		.byte	0
 859 054e 1B       		.uleb128 0x1b
 860 054f 24000000 		.4byte	.LVL4
 861 0553 74060000 		.4byte	0x674
 862 0557 1A       		.uleb128 0x1a
 863 0558 01       		.uleb128 0x1
 864 0559 53       		.byte	0x53
 865 055a 02       		.uleb128 0x2
 866 055b 74       		.byte	0x74
 867 055c 00       		.sleb128 0
 868 055d 1A       		.uleb128 0x1a
 869 055e 01       		.uleb128 0x1
 870 055f 52       		.byte	0x52
 871 0560 05       		.uleb128 0x5
 872 0561 03       		.byte	0x3
 873 0562 00000000 		.4byte	tmrcb
 874 0566 1A       		.uleb128 0x1a
 875 0567 01       		.uleb128 0x1
 876 0568 50       		.byte	0x50
 877 0569 02       		.uleb128 0x2
 878 056a 74       		.byte	0x74
 879 056b 00       		.sleb128 0
 880 056c 00       		.byte	0
 881 056d 00       		.byte	0
 882 056e 09       		.uleb128 0x9
 883 056f 04       		.byte	0x4
 884 0570 C7040000 		.4byte	0x4c7
 885 0574 1C       		.uleb128 0x1c
 886 0575 43000000 		.4byte	.LASF78
 887 0579 01       		.byte	0x1
 888 057a 2B       		.byte	0x2b
 889 057b 00000000 		.4byte	.LFB8
 890 057f 2C000000 		.4byte	.LFE8-.LFB8
 891 0583 01       		.uleb128 0x1
 892 0584 9C       		.byte	0x9c
 893 0585 EC050000 		.4byte	0x5ec
 894 0589 14       		.uleb128 0x14
 895 058a 65747000 		.ascii	"etp\000"
 896 058e 01       		.byte	0x1
 897 058f 2B       		.byte	0x2b
 898 0590 6E050000 		.4byte	0x56e
 899 0594 3C000000 		.4byte	.LLST2
 900 0598 18       		.uleb128 0x18
 901 0599 02000000 		.4byte	.LBB5
 902 059d 06000000 		.4byte	.LBE5-.LBB5
 903 05a1 B3050000 		.4byte	0x5b3
 904 05a5 17       		.uleb128 0x17
 905 05a6 746D7000 		.ascii	"tmp\000"
 906 05aa 01       		.byte	0x1
 907 05ab 2D       		.byte	0x2d
 908 05ac 9E000000 		.4byte	0x9e
 909 05b0 01       		.uleb128 0x1
 910 05b1 53       		.byte	0x53
 911 05b2 00       		.byte	0
 912 05b3 16       		.uleb128 0x16
ARM GAS  /tmp/ccc1dAke.s 			page 17


 913 05b4 18000000 		.4byte	.Ldebug_ranges0+0x18
 914 05b8 CA050000 		.4byte	0x5ca
 915 05bc 17       		.uleb128 0x17
 916 05bd 746D7000 		.ascii	"tmp\000"
 917 05c1 01       		.byte	0x1
 918 05c2 32       		.byte	0x32
 919 05c3 9E000000 		.4byte	0x9e
 920 05c7 01       		.uleb128 0x1
 921 05c8 53       		.byte	0x53
 922 05c9 00       		.byte	0
 923 05ca 1B       		.uleb128 0x1b
 924 05cb 24000000 		.4byte	.LVL6
 925 05cf 74060000 		.4byte	0x674
 926 05d3 1A       		.uleb128 0x1a
 927 05d4 01       		.uleb128 0x1
 928 05d5 53       		.byte	0x53
 929 05d6 03       		.uleb128 0x3
 930 05d7 F3       		.byte	0xf3
 931 05d8 01       		.uleb128 0x1
 932 05d9 50       		.byte	0x50
 933 05da 1A       		.uleb128 0x1a
 934 05db 01       		.uleb128 0x1
 935 05dc 52       		.byte	0x52
 936 05dd 05       		.uleb128 0x5
 937 05de 03       		.byte	0x3
 938 05df 00000000 		.4byte	tmrcb
 939 05e3 1A       		.uleb128 0x1a
 940 05e4 01       		.uleb128 0x1
 941 05e5 50       		.byte	0x50
 942 05e6 03       		.uleb128 0x3
 943 05e7 F3       		.byte	0xf3
 944 05e8 01       		.uleb128 0x1
 945 05e9 50       		.byte	0x50
 946 05ea 00       		.byte	0
 947 05eb 00       		.byte	0
 948 05ec 1C       		.uleb128 0x1c
 949 05ed 42030000 		.4byte	.LASF79
 950 05f1 01       		.byte	0x1
 951 05f2 3B       		.byte	0x3b
 952 05f3 00000000 		.4byte	.LFB9
 953 05f7 18000000 		.4byte	.LFE9-.LFB9
 954 05fb 01       		.uleb128 0x1
 955 05fc 9C       		.byte	0x9c
 956 05fd 58060000 		.4byte	0x658
 957 0601 14       		.uleb128 0x14
 958 0602 65747000 		.ascii	"etp\000"
 959 0606 01       		.byte	0x1
 960 0607 3B       		.byte	0x3b
 961 0608 6E050000 		.4byte	0x56e
 962 060c 5D000000 		.4byte	.LLST3
 963 0610 18       		.uleb128 0x18
 964 0611 02000000 		.4byte	.LBB8
 965 0615 06000000 		.4byte	.LBE8-.LBB8
 966 0619 2B060000 		.4byte	0x62b
 967 061d 17       		.uleb128 0x17
 968 061e 746D7000 		.ascii	"tmp\000"
 969 0622 01       		.byte	0x1
ARM GAS  /tmp/ccc1dAke.s 			page 18


 970 0623 3D       		.byte	0x3d
 971 0624 9E000000 		.4byte	0x9e
 972 0628 01       		.uleb128 0x1
 973 0629 53       		.byte	0x53
 974 062a 00       		.byte	0
 975 062b 18       		.uleb128 0x18
 976 062c 10000000 		.4byte	.LBB9
 977 0630 08000000 		.4byte	.LBE9-.LBB9
 978 0634 46060000 		.4byte	0x646
 979 0638 17       		.uleb128 0x17
 980 0639 746D7000 		.ascii	"tmp\000"
 981 063d 01       		.byte	0x1
 982 063e 3D       		.byte	0x3d
 983 063f 9E000000 		.4byte	0x9e
 984 0643 01       		.uleb128 0x1
 985 0644 53       		.byte	0x53
 986 0645 00       		.byte	0
 987 0646 1B       		.uleb128 0x1b
 988 0647 10000000 		.4byte	.LVL8
 989 064b 94060000 		.4byte	0x694
 990 064f 1A       		.uleb128 0x1a
 991 0650 01       		.uleb128 0x1
 992 0651 50       		.byte	0x50
 993 0652 03       		.uleb128 0x3
 994 0653 F3       		.byte	0xf3
 995 0654 01       		.uleb128 0x1
 996 0655 50       		.byte	0x50
 997 0656 00       		.byte	0
 998 0657 00       		.byte	0
 999 0658 1D       		.uleb128 0x1d
 1000 0659 C9000000 		.4byte	.LASF80
 1001 065d 0A       		.byte	0xa
 1002 065e BA       		.byte	0xba
 1003 065f 6E060000 		.4byte	0x66e
 1004 0663 0E       		.uleb128 0xe
 1005 0664 6E060000 		.4byte	0x66e
 1006 0668 0E       		.uleb128 0xe
 1007 0669 FD000000 		.4byte	0xfd
 1008 066d 00       		.byte	0
 1009 066e 09       		.uleb128 0x9
 1010 066f 04       		.byte	0x4
 1011 0670 42040000 		.4byte	0x442
 1012 0674 1D       		.uleb128 0x1d
 1013 0675 34020000 		.4byte	.LASF81
 1014 0679 08       		.byte	0x8
 1015 067a FE       		.byte	0xfe
 1016 067b 94060000 		.4byte	0x694
 1017 067f 0E       		.uleb128 0xe
 1018 0680 8E030000 		.4byte	0x38e
 1019 0684 0E       		.uleb128 0xe
 1020 0685 08010000 		.4byte	0x108
 1021 0689 0E       		.uleb128 0xe
 1022 068a 1E030000 		.4byte	0x31e
 1023 068e 0E       		.uleb128 0xe
 1024 068f 78020000 		.4byte	0x278
 1025 0693 00       		.byte	0
 1026 0694 1E       		.uleb128 0x1e
ARM GAS  /tmp/ccc1dAke.s 			page 19


 1027 0695 E5020000 		.4byte	.LASF85
 1028 0699 08       		.byte	0x8
 1029 069a FF       		.byte	0xff
 1030 069b 0E       		.uleb128 0xe
 1031 069c 8E030000 		.4byte	0x38e
 1032 06a0 00       		.byte	0
 1033 06a1 00       		.byte	0
 1034              		.section	.debug_abbrev,"",%progbits
 1035              	.Ldebug_abbrev0:
 1036 0000 01       		.uleb128 0x1
 1037 0001 11       		.uleb128 0x11
 1038 0002 01       		.byte	0x1
 1039 0003 25       		.uleb128 0x25
 1040 0004 0E       		.uleb128 0xe
 1041 0005 13       		.uleb128 0x13
 1042 0006 0B       		.uleb128 0xb
 1043 0007 03       		.uleb128 0x3
 1044 0008 0E       		.uleb128 0xe
 1045 0009 55       		.uleb128 0x55
 1046 000a 17       		.uleb128 0x17
 1047 000b 11       		.uleb128 0x11
 1048 000c 01       		.uleb128 0x1
 1049 000d 10       		.uleb128 0x10
 1050 000e 17       		.uleb128 0x17
 1051 000f 00       		.byte	0
 1052 0010 00       		.byte	0
 1053 0011 02       		.uleb128 0x2
 1054 0012 24       		.uleb128 0x24
 1055 0013 00       		.byte	0
 1056 0014 0B       		.uleb128 0xb
 1057 0015 0B       		.uleb128 0xb
 1058 0016 3E       		.uleb128 0x3e
 1059 0017 0B       		.uleb128 0xb
 1060 0018 03       		.uleb128 0x3
 1061 0019 08       		.uleb128 0x8
 1062 001a 00       		.byte	0
 1063 001b 00       		.byte	0
 1064 001c 03       		.uleb128 0x3
 1065 001d 24       		.uleb128 0x24
 1066 001e 00       		.byte	0
 1067 001f 0B       		.uleb128 0xb
 1068 0020 0B       		.uleb128 0xb
 1069 0021 3E       		.uleb128 0x3e
 1070 0022 0B       		.uleb128 0xb
 1071 0023 03       		.uleb128 0x3
 1072 0024 0E       		.uleb128 0xe
 1073 0025 00       		.byte	0
 1074 0026 00       		.byte	0
 1075 0027 04       		.uleb128 0x4
 1076 0028 16       		.uleb128 0x16
 1077 0029 00       		.byte	0
 1078 002a 03       		.uleb128 0x3
 1079 002b 0E       		.uleb128 0xe
 1080 002c 3A       		.uleb128 0x3a
 1081 002d 0B       		.uleb128 0xb
 1082 002e 3B       		.uleb128 0x3b
 1083 002f 0B       		.uleb128 0xb
ARM GAS  /tmp/ccc1dAke.s 			page 20


 1084 0030 49       		.uleb128 0x49
 1085 0031 13       		.uleb128 0x13
 1086 0032 00       		.byte	0
 1087 0033 00       		.byte	0
 1088 0034 05       		.uleb128 0x5
 1089 0035 13       		.uleb128 0x13
 1090 0036 01       		.byte	0x1
 1091 0037 03       		.uleb128 0x3
 1092 0038 0E       		.uleb128 0xe
 1093 0039 0B       		.uleb128 0xb
 1094 003a 0B       		.uleb128 0xb
 1095 003b 3A       		.uleb128 0x3a
 1096 003c 0B       		.uleb128 0xb
 1097 003d 3B       		.uleb128 0x3b
 1098 003e 0B       		.uleb128 0xb
 1099 003f 01       		.uleb128 0x1
 1100 0040 13       		.uleb128 0x13
 1101 0041 00       		.byte	0
 1102 0042 00       		.byte	0
 1103 0043 06       		.uleb128 0x6
 1104 0044 0D       		.uleb128 0xd
 1105 0045 00       		.byte	0
 1106 0046 03       		.uleb128 0x3
 1107 0047 0E       		.uleb128 0xe
 1108 0048 3A       		.uleb128 0x3a
 1109 0049 0B       		.uleb128 0xb
 1110 004a 3B       		.uleb128 0x3b
 1111 004b 0B       		.uleb128 0xb
 1112 004c 49       		.uleb128 0x49
 1113 004d 13       		.uleb128 0x13
 1114 004e 38       		.uleb128 0x38
 1115 004f 0B       		.uleb128 0xb
 1116 0050 00       		.byte	0
 1117 0051 00       		.byte	0
 1118 0052 07       		.uleb128 0x7
 1119 0053 0D       		.uleb128 0xd
 1120 0054 00       		.byte	0
 1121 0055 03       		.uleb128 0x3
 1122 0056 08       		.uleb128 0x8
 1123 0057 3A       		.uleb128 0x3a
 1124 0058 0B       		.uleb128 0xb
 1125 0059 3B       		.uleb128 0x3b
 1126 005a 0B       		.uleb128 0xb
 1127 005b 49       		.uleb128 0x49
 1128 005c 13       		.uleb128 0x13
 1129 005d 38       		.uleb128 0x38
 1130 005e 0B       		.uleb128 0xb
 1131 005f 00       		.byte	0
 1132 0060 00       		.byte	0
 1133 0061 08       		.uleb128 0x8
 1134 0062 13       		.uleb128 0x13
 1135 0063 01       		.byte	0x1
 1136 0064 0B       		.uleb128 0xb
 1137 0065 0B       		.uleb128 0xb
 1138 0066 3A       		.uleb128 0x3a
 1139 0067 0B       		.uleb128 0xb
 1140 0068 3B       		.uleb128 0x3b
ARM GAS  /tmp/ccc1dAke.s 			page 21


 1141 0069 0B       		.uleb128 0xb
 1142 006a 01       		.uleb128 0x1
 1143 006b 13       		.uleb128 0x13
 1144 006c 00       		.byte	0
 1145 006d 00       		.byte	0
 1146 006e 09       		.uleb128 0x9
 1147 006f 0F       		.uleb128 0xf
 1148 0070 00       		.byte	0
 1149 0071 0B       		.uleb128 0xb
 1150 0072 0B       		.uleb128 0xb
 1151 0073 49       		.uleb128 0x49
 1152 0074 13       		.uleb128 0x13
 1153 0075 00       		.byte	0
 1154 0076 00       		.byte	0
 1155 0077 0A       		.uleb128 0xa
 1156 0078 0F       		.uleb128 0xf
 1157 0079 00       		.byte	0
 1158 007a 0B       		.uleb128 0xb
 1159 007b 0B       		.uleb128 0xb
 1160 007c 00       		.byte	0
 1161 007d 00       		.byte	0
 1162 007e 0B       		.uleb128 0xb
 1163 007f 13       		.uleb128 0x13
 1164 0080 01       		.byte	0x1
 1165 0081 03       		.uleb128 0x3
 1166 0082 0E       		.uleb128 0xe
 1167 0083 0B       		.uleb128 0xb
 1168 0084 0B       		.uleb128 0xb
 1169 0085 3A       		.uleb128 0x3a
 1170 0086 0B       		.uleb128 0xb
 1171 0087 3B       		.uleb128 0x3b
 1172 0088 05       		.uleb128 0x5
 1173 0089 01       		.uleb128 0x1
 1174 008a 13       		.uleb128 0x13
 1175 008b 00       		.byte	0
 1176 008c 00       		.byte	0
 1177 008d 0C       		.uleb128 0xc
 1178 008e 0D       		.uleb128 0xd
 1179 008f 00       		.byte	0
 1180 0090 03       		.uleb128 0x3
 1181 0091 08       		.uleb128 0x8
 1182 0092 3A       		.uleb128 0x3a
 1183 0093 0B       		.uleb128 0xb
 1184 0094 3B       		.uleb128 0x3b
 1185 0095 05       		.uleb128 0x5
 1186 0096 49       		.uleb128 0x49
 1187 0097 13       		.uleb128 0x13
 1188 0098 38       		.uleb128 0x38
 1189 0099 0B       		.uleb128 0xb
 1190 009a 00       		.byte	0
 1191 009b 00       		.byte	0
 1192 009c 0D       		.uleb128 0xd
 1193 009d 15       		.uleb128 0x15
 1194 009e 01       		.byte	0x1
 1195 009f 27       		.uleb128 0x27
 1196 00a0 19       		.uleb128 0x19
 1197 00a1 01       		.uleb128 0x1
ARM GAS  /tmp/ccc1dAke.s 			page 22


 1198 00a2 13       		.uleb128 0x13
 1199 00a3 00       		.byte	0
 1200 00a4 00       		.byte	0
 1201 00a5 0E       		.uleb128 0xe
 1202 00a6 05       		.uleb128 0x5
 1203 00a7 00       		.byte	0
 1204 00a8 49       		.uleb128 0x49
 1205 00a9 13       		.uleb128 0x13
 1206 00aa 00       		.byte	0
 1207 00ab 00       		.byte	0
 1208 00ac 0F       		.uleb128 0xf
 1209 00ad 35       		.uleb128 0x35
 1210 00ae 00       		.byte	0
 1211 00af 49       		.uleb128 0x49
 1212 00b0 13       		.uleb128 0x13
 1213 00b1 00       		.byte	0
 1214 00b2 00       		.byte	0
 1215 00b3 10       		.uleb128 0x10
 1216 00b4 17       		.uleb128 0x17
 1217 00b5 01       		.byte	0x1
 1218 00b6 0B       		.uleb128 0xb
 1219 00b7 0B       		.uleb128 0xb
 1220 00b8 3A       		.uleb128 0x3a
 1221 00b9 0B       		.uleb128 0xb
 1222 00ba 3B       		.uleb128 0x3b
 1223 00bb 0B       		.uleb128 0xb
 1224 00bc 01       		.uleb128 0x1
 1225 00bd 13       		.uleb128 0x13
 1226 00be 00       		.byte	0
 1227 00bf 00       		.byte	0
 1228 00c0 11       		.uleb128 0x11
 1229 00c1 0D       		.uleb128 0xd
 1230 00c2 00       		.byte	0
 1231 00c3 03       		.uleb128 0x3
 1232 00c4 0E       		.uleb128 0xe
 1233 00c5 3A       		.uleb128 0x3a
 1234 00c6 0B       		.uleb128 0xb
 1235 00c7 3B       		.uleb128 0x3b
 1236 00c8 0B       		.uleb128 0xb
 1237 00c9 49       		.uleb128 0x49
 1238 00ca 13       		.uleb128 0x13
 1239 00cb 00       		.byte	0
 1240 00cc 00       		.byte	0
 1241 00cd 12       		.uleb128 0x12
 1242 00ce 26       		.uleb128 0x26
 1243 00cf 00       		.byte	0
 1244 00d0 49       		.uleb128 0x49
 1245 00d1 13       		.uleb128 0x13
 1246 00d2 00       		.byte	0
 1247 00d3 00       		.byte	0
 1248 00d4 13       		.uleb128 0x13
 1249 00d5 2E       		.uleb128 0x2e
 1250 00d6 01       		.byte	0x1
 1251 00d7 03       		.uleb128 0x3
 1252 00d8 0E       		.uleb128 0xe
 1253 00d9 3A       		.uleb128 0x3a
 1254 00da 0B       		.uleb128 0xb
ARM GAS  /tmp/ccc1dAke.s 			page 23


 1255 00db 3B       		.uleb128 0x3b
 1256 00dc 0B       		.uleb128 0xb
 1257 00dd 27       		.uleb128 0x27
 1258 00de 19       		.uleb128 0x19
 1259 00df 11       		.uleb128 0x11
 1260 00e0 01       		.uleb128 0x1
 1261 00e1 12       		.uleb128 0x12
 1262 00e2 06       		.uleb128 0x6
 1263 00e3 40       		.uleb128 0x40
 1264 00e4 18       		.uleb128 0x18
 1265 00e5 9742     		.uleb128 0x2117
 1266 00e7 19       		.uleb128 0x19
 1267 00e8 01       		.uleb128 0x1
 1268 00e9 13       		.uleb128 0x13
 1269 00ea 00       		.byte	0
 1270 00eb 00       		.byte	0
 1271 00ec 14       		.uleb128 0x14
 1272 00ed 05       		.uleb128 0x5
 1273 00ee 00       		.byte	0
 1274 00ef 03       		.uleb128 0x3
 1275 00f0 08       		.uleb128 0x8
 1276 00f1 3A       		.uleb128 0x3a
 1277 00f2 0B       		.uleb128 0xb
 1278 00f3 3B       		.uleb128 0x3b
 1279 00f4 0B       		.uleb128 0xb
 1280 00f5 49       		.uleb128 0x49
 1281 00f6 13       		.uleb128 0x13
 1282 00f7 02       		.uleb128 0x2
 1283 00f8 17       		.uleb128 0x17
 1284 00f9 00       		.byte	0
 1285 00fa 00       		.byte	0
 1286 00fb 15       		.uleb128 0x15
 1287 00fc 34       		.uleb128 0x34
 1288 00fd 00       		.byte	0
 1289 00fe 03       		.uleb128 0x3
 1290 00ff 08       		.uleb128 0x8
 1291 0100 3A       		.uleb128 0x3a
 1292 0101 0B       		.uleb128 0xb
 1293 0102 3B       		.uleb128 0x3b
 1294 0103 0B       		.uleb128 0xb
 1295 0104 49       		.uleb128 0x49
 1296 0105 13       		.uleb128 0x13
 1297 0106 02       		.uleb128 0x2
 1298 0107 17       		.uleb128 0x17
 1299 0108 00       		.byte	0
 1300 0109 00       		.byte	0
 1301 010a 16       		.uleb128 0x16
 1302 010b 0B       		.uleb128 0xb
 1303 010c 01       		.byte	0x1
 1304 010d 55       		.uleb128 0x55
 1305 010e 17       		.uleb128 0x17
 1306 010f 01       		.uleb128 0x1
 1307 0110 13       		.uleb128 0x13
 1308 0111 00       		.byte	0
 1309 0112 00       		.byte	0
 1310 0113 17       		.uleb128 0x17
 1311 0114 34       		.uleb128 0x34
ARM GAS  /tmp/ccc1dAke.s 			page 24


 1312 0115 00       		.byte	0
 1313 0116 03       		.uleb128 0x3
 1314 0117 08       		.uleb128 0x8
 1315 0118 3A       		.uleb128 0x3a
 1316 0119 0B       		.uleb128 0xb
 1317 011a 3B       		.uleb128 0x3b
 1318 011b 0B       		.uleb128 0xb
 1319 011c 49       		.uleb128 0x49
 1320 011d 13       		.uleb128 0x13
 1321 011e 02       		.uleb128 0x2
 1322 011f 18       		.uleb128 0x18
 1323 0120 00       		.byte	0
 1324 0121 00       		.byte	0
 1325 0122 18       		.uleb128 0x18
 1326 0123 0B       		.uleb128 0xb
 1327 0124 01       		.byte	0x1
 1328 0125 11       		.uleb128 0x11
 1329 0126 01       		.uleb128 0x1
 1330 0127 12       		.uleb128 0x12
 1331 0128 06       		.uleb128 0x6
 1332 0129 01       		.uleb128 0x1
 1333 012a 13       		.uleb128 0x13
 1334 012b 00       		.byte	0
 1335 012c 00       		.byte	0
 1336 012d 19       		.uleb128 0x19
 1337 012e 898201   		.uleb128 0x4109
 1338 0131 01       		.byte	0x1
 1339 0132 11       		.uleb128 0x11
 1340 0133 01       		.uleb128 0x1
 1341 0134 31       		.uleb128 0x31
 1342 0135 13       		.uleb128 0x13
 1343 0136 01       		.uleb128 0x1
 1344 0137 13       		.uleb128 0x13
 1345 0138 00       		.byte	0
 1346 0139 00       		.byte	0
 1347 013a 1A       		.uleb128 0x1a
 1348 013b 8A8201   		.uleb128 0x410a
 1349 013e 00       		.byte	0
 1350 013f 02       		.uleb128 0x2
 1351 0140 18       		.uleb128 0x18
 1352 0141 9142     		.uleb128 0x2111
 1353 0143 18       		.uleb128 0x18
 1354 0144 00       		.byte	0
 1355 0145 00       		.byte	0
 1356 0146 1B       		.uleb128 0x1b
 1357 0147 898201   		.uleb128 0x4109
 1358 014a 01       		.byte	0x1
 1359 014b 11       		.uleb128 0x11
 1360 014c 01       		.uleb128 0x1
 1361 014d 31       		.uleb128 0x31
 1362 014e 13       		.uleb128 0x13
 1363 014f 00       		.byte	0
 1364 0150 00       		.byte	0
 1365 0151 1C       		.uleb128 0x1c
 1366 0152 2E       		.uleb128 0x2e
 1367 0153 01       		.byte	0x1
 1368 0154 3F       		.uleb128 0x3f
ARM GAS  /tmp/ccc1dAke.s 			page 25


 1369 0155 19       		.uleb128 0x19
 1370 0156 03       		.uleb128 0x3
 1371 0157 0E       		.uleb128 0xe
 1372 0158 3A       		.uleb128 0x3a
 1373 0159 0B       		.uleb128 0xb
 1374 015a 3B       		.uleb128 0x3b
 1375 015b 0B       		.uleb128 0xb
 1376 015c 27       		.uleb128 0x27
 1377 015d 19       		.uleb128 0x19
 1378 015e 11       		.uleb128 0x11
 1379 015f 01       		.uleb128 0x1
 1380 0160 12       		.uleb128 0x12
 1381 0161 06       		.uleb128 0x6
 1382 0162 40       		.uleb128 0x40
 1383 0163 18       		.uleb128 0x18
 1384 0164 9742     		.uleb128 0x2117
 1385 0166 19       		.uleb128 0x19
 1386 0167 01       		.uleb128 0x1
 1387 0168 13       		.uleb128 0x13
 1388 0169 00       		.byte	0
 1389 016a 00       		.byte	0
 1390 016b 1D       		.uleb128 0x1d
 1391 016c 2E       		.uleb128 0x2e
 1392 016d 01       		.byte	0x1
 1393 016e 3F       		.uleb128 0x3f
 1394 016f 19       		.uleb128 0x19
 1395 0170 03       		.uleb128 0x3
 1396 0171 0E       		.uleb128 0xe
 1397 0172 3A       		.uleb128 0x3a
 1398 0173 0B       		.uleb128 0xb
 1399 0174 3B       		.uleb128 0x3b
 1400 0175 0B       		.uleb128 0xb
 1401 0176 27       		.uleb128 0x27
 1402 0177 19       		.uleb128 0x19
 1403 0178 3C       		.uleb128 0x3c
 1404 0179 19       		.uleb128 0x19
 1405 017a 01       		.uleb128 0x1
 1406 017b 13       		.uleb128 0x13
 1407 017c 00       		.byte	0
 1408 017d 00       		.byte	0
 1409 017e 1E       		.uleb128 0x1e
 1410 017f 2E       		.uleb128 0x2e
 1411 0180 01       		.byte	0x1
 1412 0181 3F       		.uleb128 0x3f
 1413 0182 19       		.uleb128 0x19
 1414 0183 03       		.uleb128 0x3
 1415 0184 0E       		.uleb128 0xe
 1416 0185 3A       		.uleb128 0x3a
 1417 0186 0B       		.uleb128 0xb
 1418 0187 3B       		.uleb128 0x3b
 1419 0188 0B       		.uleb128 0xb
 1420 0189 27       		.uleb128 0x27
 1421 018a 19       		.uleb128 0x19
 1422 018b 3C       		.uleb128 0x3c
 1423 018c 19       		.uleb128 0x19
 1424 018d 00       		.byte	0
 1425 018e 00       		.byte	0
ARM GAS  /tmp/ccc1dAke.s 			page 26


 1426 018f 00       		.byte	0
 1427              		.section	.debug_loc,"",%progbits
 1428              	.Ldebug_loc0:
 1429              	.LLST0:
 1430 0000 00000000 		.4byte	.LVL0
 1431 0004 0E000000 		.4byte	.LVL2
 1432 0008 0100     		.2byte	0x1
 1433 000a 50       		.byte	0x50
 1434 000b 0E000000 		.4byte	.LVL2
 1435 000f 2C000000 		.4byte	.LFE7
 1436 0013 0100     		.2byte	0x1
 1437 0015 54       		.byte	0x54
 1438 0016 00000000 		.4byte	0
 1439 001a 00000000 		.4byte	0
 1440              	.LLST1:
 1441 001e 06000000 		.4byte	.LVL1
 1442 0022 0E000000 		.4byte	.LVL2
 1443 0026 0100     		.2byte	0x1
 1444 0028 50       		.byte	0x50
 1445 0029 0E000000 		.4byte	.LVL2
 1446 002d 2C000000 		.4byte	.LFE7
 1447 0031 0100     		.2byte	0x1
 1448 0033 54       		.byte	0x54
 1449 0034 00000000 		.4byte	0
 1450 0038 00000000 		.4byte	0
 1451              	.LLST2:
 1452 003c 00000000 		.4byte	.LVL5
 1453 0040 23000000 		.4byte	.LVL6-1
 1454 0044 0100     		.2byte	0x1
 1455 0046 50       		.byte	0x50
 1456 0047 23000000 		.4byte	.LVL6-1
 1457 004b 2C000000 		.4byte	.LFE8
 1458 004f 0400     		.2byte	0x4
 1459 0051 F3       		.byte	0xf3
 1460 0052 01       		.uleb128 0x1
 1461 0053 50       		.byte	0x50
 1462 0054 9F       		.byte	0x9f
 1463 0055 00000000 		.4byte	0
 1464 0059 00000000 		.4byte	0
 1465              	.LLST3:
 1466 005d 00000000 		.4byte	.LVL7
 1467 0061 0F000000 		.4byte	.LVL8-1
 1468 0065 0100     		.2byte	0x1
 1469 0067 50       		.byte	0x50
 1470 0068 0F000000 		.4byte	.LVL8-1
 1471 006c 18000000 		.4byte	.LFE9
 1472 0070 0400     		.2byte	0x4
 1473 0072 F3       		.byte	0xf3
 1474 0073 01       		.uleb128 0x1
 1475 0074 50       		.byte	0x50
 1476 0075 9F       		.byte	0x9f
 1477 0076 00000000 		.4byte	0
 1478 007a 00000000 		.4byte	0
 1479              		.section	.debug_aranges,"",%progbits
 1480 0000 2C000000 		.4byte	0x2c
 1481 0004 0200     		.2byte	0x2
 1482 0006 00000000 		.4byte	.Ldebug_info0
ARM GAS  /tmp/ccc1dAke.s 			page 27


 1483 000a 04       		.byte	0x4
 1484 000b 00       		.byte	0
 1485 000c 0000     		.2byte	0
 1486 000e 0000     		.2byte	0
 1487 0010 00000000 		.4byte	.LFB7
 1488 0014 2C000000 		.4byte	.LFE7-.LFB7
 1489 0018 00000000 		.4byte	.LFB8
 1490 001c 2C000000 		.4byte	.LFE8-.LFB8
 1491 0020 00000000 		.4byte	.LFB9
 1492 0024 18000000 		.4byte	.LFE9-.LFB9
 1493 0028 00000000 		.4byte	0
 1494 002c 00000000 		.4byte	0
 1495              		.section	.debug_ranges,"",%progbits
 1496              	.Ldebug_ranges0:
 1497 0000 02000000 		.4byte	.LBB2
 1498 0004 04000000 		.4byte	.LBE2
 1499 0008 06000000 		.4byte	.LBB3
 1500 000c 0A000000 		.4byte	.LBE3
 1501 0010 00000000 		.4byte	0
 1502 0014 00000000 		.4byte	0
 1503 0018 0C000000 		.4byte	.LBB6
 1504 001c 14000000 		.4byte	.LBE6
 1505 0020 24000000 		.4byte	.LBB7
 1506 0024 2C000000 		.4byte	.LBE7
 1507 0028 00000000 		.4byte	0
 1508 002c 00000000 		.4byte	0
 1509 0030 00000000 		.4byte	.LFB7
 1510 0034 2C000000 		.4byte	.LFE7
 1511 0038 00000000 		.4byte	.LFB8
 1512 003c 2C000000 		.4byte	.LFE8
 1513 0040 00000000 		.4byte	.LFB9
 1514 0044 18000000 		.4byte	.LFE9
 1515 0048 00000000 		.4byte	0
 1516 004c 00000000 		.4byte	0
 1517              		.section	.debug_line,"",%progbits
 1518              	.Ldebug_line0:
 1519 0000 8D010000 		.section	.debug_str,"MS",%progbits,1
 1519      02004301 
 1519      00000201 
 1519      FB0E0D00 
 1519      01010101 
 1520              	.LASF76:
 1521 0000 65745F69 		.ascii	"et_interval\000"
 1521      6E746572 
 1521      76616C00 
 1522              	.LASF40:
 1523 000c 705F6D73 		.ascii	"p_msg\000"
 1523      6700
 1524              	.LASF69:
 1525 0012 7264796D 		.ascii	"rdymsg\000"
 1525      736700
 1526              	.LASF5:
 1527 0019 5F5F7569 		.ascii	"__uint8_t\000"
 1527      6E74385F 
 1527      7400
 1528              	.LASF11:
 1529 0023 6C6F6E67 		.ascii	"long long unsigned int\000"
ARM GAS  /tmp/ccc1dAke.s 			page 28


 1529      206C6F6E 
 1529      6720756E 
 1529      7369676E 
 1529      65642069 
 1530              	.LASF70:
 1531 003a 65786974 		.ascii	"exitcode\000"
 1531      636F6465 
 1531      00
 1532              	.LASF78:
 1533 0043 65767453 		.ascii	"evtStart\000"
 1533      74617274 
 1533      00
 1534              	.LASF28:
 1535 004c 705F7072 		.ascii	"p_prio\000"
 1535      696F00
 1536              	.LASF10:
 1537 0053 6C6F6E67 		.ascii	"long long int\000"
 1537      206C6F6E 
 1537      6720696E 
 1537      7400
 1538              	.LASF1:
 1539 0061 7369676E 		.ascii	"signed char\000"
 1539      65642063 
 1539      68617200 
 1540              	.LASF77:
 1541 006d 45765469 		.ascii	"EvTimer\000"
 1541      6D657200 
 1542              	.LASF44:
 1543 0075 705F6D70 		.ascii	"p_mpool\000"
 1543      6F6F6C00 
 1544              	.LASF59:
 1545 007d 6D5F7175 		.ascii	"m_queue\000"
 1545      65756500 
 1546              	.LASF19:
 1547 0085 74736C69 		.ascii	"tslices_t\000"
 1547      6365735F 
 1547      7400
 1548              	.LASF7:
 1549 008f 6C6F6E67 		.ascii	"long int\000"
 1549      20696E74 
 1549      00
 1550              	.LASF17:
 1551 0098 74737461 		.ascii	"tstate_t\000"
 1551      74655F74 
 1551      00
 1552              	.LASF83:
 1553 00a1 2F6F7074 		.ascii	"/opt/ChibiOS_2.6.6/os/various/evtimer.c\000"
 1553      2F436869 
 1553      62694F53 
 1553      5F322E36 
 1553      2E362F6F 
 1554              	.LASF80:
 1555 00c9 63684576 		.ascii	"chEvtBroadcastFlagsI\000"
 1555      7442726F 
 1555      61646361 
 1555      7374466C 
 1555      61677349 
ARM GAS  /tmp/ccc1dAke.s 			page 29


 1556              	.LASF30:
 1557 00de 705F6E65 		.ascii	"p_newer\000"
 1557      77657200 
 1558              	.LASF8:
 1559 00e6 5F5F7569 		.ascii	"__uint32_t\000"
 1559      6E743332 
 1559      5F7400
 1560              	.LASF47:
 1561 00f1 72656761 		.ascii	"regarm_t\000"
 1561      726D5F74 
 1561      00
 1562              	.LASF54:
 1563 00fa 76745F70 		.ascii	"vt_prev\000"
 1563      72657600 
 1564              	.LASF67:
 1565 0102 4576656E 		.ascii	"EventSource\000"
 1565      74536F75 
 1565      72636500 
 1566              	.LASF0:
 1567 010e 756E7369 		.ascii	"unsigned int\000"
 1567      676E6564 
 1567      20696E74 
 1567      00
 1568              	.LASF53:
 1569 011b 76745F6E 		.ascii	"vt_next\000"
 1569      65787400 
 1570              	.LASF9:
 1571 0123 6C6F6E67 		.ascii	"long unsigned int\000"
 1571      20756E73 
 1571      69676E65 
 1571      6420696E 
 1571      7400
 1572              	.LASF51:
 1573 0135 76746675 		.ascii	"vtfunc_t\000"
 1573      6E635F74 
 1573      00
 1574              	.LASF49:
 1575 013e 636F6E74 		.ascii	"context\000"
 1575      65787400 
 1576              	.LASF4:
 1577 0146 73686F72 		.ascii	"short unsigned int\000"
 1577      7420756E 
 1577      7369676E 
 1577      65642069 
 1577      6E7400
 1578              	.LASF21:
 1579 0159 6D73675F 		.ascii	"msg_t\000"
 1579      7400
 1580              	.LASF82:
 1581 015f 474E5520 		.ascii	"GNU C 4.8.2 -mcpu=cortex-m3 -mno-thumb-interwork -m"
 1581      4320342E 
 1581      382E3220 
 1581      2D6D6370 
 1581      753D636F 
 1582 0192 7468756D 		.ascii	"thumb -ggdb -O2 -fomit-frame-pointer -ffunction-sec"
 1582      62202D67 
 1582      67646220 
ARM GAS  /tmp/ccc1dAke.s 			page 30


 1582      2D4F3220 
 1582      2D666F6D 
 1583 01c5 74696F6E 		.ascii	"tions -fdata-sections -fno-common\000"
 1583      73202D66 
 1583      64617461 
 1583      2D736563 
 1583      74696F6E 
 1584              	.LASF63:
 1585 01e7 656C5F6E 		.ascii	"el_next\000"
 1585      65787400 
 1586              	.LASF16:
 1587 01ef 746D6F64 		.ascii	"tmode_t\000"
 1587      655F7400 
 1588              	.LASF46:
 1589 01f7 54687265 		.ascii	"ThreadsList\000"
 1589      6164734C 
 1589      69737400 
 1590              	.LASF22:
 1591 0203 6576656E 		.ascii	"eventmask_t\000"
 1591      746D6173 
 1591      6B5F7400 
 1592              	.LASF58:
 1593 020f 4D757465 		.ascii	"Mutex\000"
 1593      7800
 1594              	.LASF55:
 1595 0215 76745F74 		.ascii	"vt_time\000"
 1595      696D6500 
 1596              	.LASF75:
 1597 021d 65745F65 		.ascii	"et_es\000"
 1597      7300
 1598              	.LASF50:
 1599 0223 73697A65 		.ascii	"sizetype\000"
 1599      74797065 
 1599      00
 1600              	.LASF56:
 1601 022c 76745F66 		.ascii	"vt_func\000"
 1601      756E6300 
 1602              	.LASF81:
 1603 0234 63685654 		.ascii	"chVTSetI\000"
 1603      53657449 
 1603      00
 1604              	.LASF31:
 1605 023d 705F6F6C 		.ascii	"p_older\000"
 1605      64657200 
 1606              	.LASF45:
 1607 0245 54687265 		.ascii	"ThreadsQueue\000"
 1607      61647351 
 1607      75657565 
 1607      00
 1608              	.LASF65:
 1609 0252 656C5F6D 		.ascii	"el_mask\000"
 1609      61736B00 
 1610              	.LASF18:
 1611 025a 74726566 		.ascii	"trefs_t\000"
 1611      735F7400 
 1612              	.LASF27:
 1613 0262 705F7072 		.ascii	"p_prev\000"
ARM GAS  /tmp/ccc1dAke.s 			page 31


 1613      657600
 1614              	.LASF20:
 1615 0269 74707269 		.ascii	"tprio_t\000"
 1615      6F5F7400 
 1616              	.LASF15:
 1617 0271 5F426F6F 		.ascii	"_Bool\000"
 1617      6C00
 1618              	.LASF13:
 1619 0277 696E7433 		.ascii	"int32_t\000"
 1619      325F7400 
 1620              	.LASF2:
 1621 027f 756E7369 		.ascii	"unsigned char\000"
 1621      676E6564 
 1621      20636861 
 1621      7200
 1622              	.LASF64:
 1623 028d 656C5F6C 		.ascii	"el_listener\000"
 1623      69737465 
 1623      6E657200 
 1624              	.LASF66:
 1625 0299 656C5F66 		.ascii	"el_flags\000"
 1625      6C616773 
 1625      00
 1626              	.LASF42:
 1627 02a2 705F6D74 		.ascii	"p_mtxlist\000"
 1627      786C6973 
 1627      7400
 1628              	.LASF3:
 1629 02ac 73686F72 		.ascii	"short int\000"
 1629      7420696E 
 1629      7400
 1630              	.LASF33:
 1631 02b6 705F7374 		.ascii	"p_state\000"
 1631      61746500 
 1632              	.LASF36:
 1633 02be 705F7072 		.ascii	"p_preempt\000"
 1633      65656D70 
 1633      7400
 1634              	.LASF72:
 1635 02c8 65776D61 		.ascii	"ewmask\000"
 1635      736B00
 1636              	.LASF26:
 1637 02cf 705F6E65 		.ascii	"p_next\000"
 1637      787400
 1638              	.LASF34:
 1639 02d6 705F666C 		.ascii	"p_flags\000"
 1639      61677300 
 1640              	.LASF25:
 1641 02de 54687265 		.ascii	"Thread\000"
 1641      616400
 1642              	.LASF85:
 1643 02e5 63685654 		.ascii	"chVTResetI\000"
 1643      52657365 
 1643      744900
 1644              	.LASF41:
 1645 02f0 705F6570 		.ascii	"p_epending\000"
 1645      656E6469 
ARM GAS  /tmp/ccc1dAke.s 			page 32


 1645      6E6700
 1646              	.LASF14:
 1647 02fb 75696E74 		.ascii	"uint32_t\000"
 1647      33325F74 
 1647      00
 1648              	.LASF52:
 1649 0304 56697274 		.ascii	"VirtualTimer\000"
 1649      75616C54 
 1649      696D6572 
 1649      00
 1650              	.LASF73:
 1651 0311 63686172 		.ascii	"char\000"
 1651      00
 1652              	.LASF84:
 1653 0316 746D7263 		.ascii	"tmrcb\000"
 1653      6200
 1654              	.LASF61:
 1655 031c 6D5F6E65 		.ascii	"m_next\000"
 1655      787400
 1656              	.LASF24:
 1657 0323 73797374 		.ascii	"systime_t\000"
 1657      696D655F 
 1657      7400
 1658              	.LASF43:
 1659 032d 705F7265 		.ascii	"p_realprio\000"
 1659      616C7072 
 1659      696F00
 1660              	.LASF6:
 1661 0338 5F5F696E 		.ascii	"__int32_t\000"
 1661      7433325F 
 1661      7400
 1662              	.LASF79:
 1663 0342 65767453 		.ascii	"evtStop\000"
 1663      746F7000 
 1664              	.LASF37:
 1665 034a 705F7469 		.ascii	"p_time\000"
 1665      6D6500
 1666              	.LASF48:
 1667 0351 696E7463 		.ascii	"intctx\000"
 1667      747800
 1668              	.LASF39:
 1669 0358 705F6D73 		.ascii	"p_msgqueue\000"
 1669      67717565 
 1669      756500
 1670              	.LASF57:
 1671 0363 76745F70 		.ascii	"vt_par\000"
 1671      617200
 1672              	.LASF23:
 1673 036a 666C6167 		.ascii	"flagsmask_t\000"
 1673      736D6173 
 1673      6B5F7400 
 1674              	.LASF35:
 1675 0376 705F7265 		.ascii	"p_refs\000"
 1675      667300
 1676              	.LASF12:
 1677 037d 75696E74 		.ascii	"uint8_t\000"
 1677      385F7400 
ARM GAS  /tmp/ccc1dAke.s 			page 33


 1678              	.LASF62:
 1679 0385 4576656E 		.ascii	"EventListener\000"
 1679      744C6973 
 1679      74656E65 
 1679      7200
 1680              	.LASF71:
 1681 0393 77746F62 		.ascii	"wtobjp\000"
 1681      6A7000
 1682              	.LASF32:
 1683 039a 705F6E61 		.ascii	"p_name\000"
 1683      6D6500
 1684              	.LASF68:
 1685 03a1 65735F6E 		.ascii	"es_next\000"
 1685      65787400 
 1686              	.LASF74:
 1687 03a9 65745F76 		.ascii	"et_vt\000"
 1687      7400
 1688              	.LASF60:
 1689 03af 6D5F6F77 		.ascii	"m_owner\000"
 1689      6E657200 
 1690              	.LASF29:
 1691 03b7 705F6374 		.ascii	"p_ctx\000"
 1691      7800
 1692              	.LASF38:
 1693 03bd 705F7761 		.ascii	"p_waiting\000"
 1693      6974696E 
 1693      6700
 1694              		.ident	"GCC: (4.8.2-14ubuntu1+6) 4.8.2"
ARM GAS  /tmp/ccc1dAke.s 			page 34


DEFINED SYMBOLS
                            *ABS*:0000000000000000 evtimer.c
     /tmp/ccc1dAke.s:19     .text.tmrcb:0000000000000000 $t
     /tmp/ccc1dAke.s:23     .text.tmrcb:0000000000000000 tmrcb
     /tmp/ccc1dAke.s:76     .text.evtStart:0000000000000000 $t
     /tmp/ccc1dAke.s:81     .text.evtStart:0000000000000000 evtStart
     /tmp/ccc1dAke.s:133    .text.evtStop:0000000000000000 $t
     /tmp/ccc1dAke.s:138    .text.evtStop:0000000000000000 evtStop
                     .debug_frame:0000000000000010 $d

UNDEFINED SYMBOLS
chEvtBroadcastFlagsI
chVTSetI
chVTResetI
