ARM GAS  /tmp/ccTCPTic.s 			page 1


   1              		.syntax unified
   2              		.cpu cortex-m3
   3              		.fpu softvfp
   4              		.eabi_attribute 20, 1
   5              		.eabi_attribute 21, 1
   6              		.eabi_attribute 23, 3
   7              		.eabi_attribute 24, 1
   8              		.eabi_attribute 25, 1
   9              		.eabi_attribute 26, 1
  10              		.eabi_attribute 30, 2
  11              		.eabi_attribute 34, 1
  12              		.eabi_attribute 18, 4
  13              		.thumb
  14              		.file	"hal_lld.c"
  15              		.text
  16              	.Ltext0:
  17              		.cfi_sections	.debug_frame
  18              		.section	.text.hal_lld_init,"ax",%progbits
  19              		.align	2
  20              		.global	hal_lld_init
  21              		.thumb
  22              		.thumb_func
  23              		.type	hal_lld_init, %function
  24              	hal_lld_init:
  25              	.LFB64:
  26              		.file 1 "/opt/ChibiOS_2.6.6/os/hal/platforms/STM32L1xx/hal_lld.c"
  27              		.loc 1 94 0
  28              		.cfi_startproc
  29              		@ args = 0, pretend = 0, frame = 0
  30              		@ frame_needed = 0, uses_anonymous_args = 0
  31              		@ link register save eliminated.
  32              		.loc 1 97 0
  33 0000 4FF46053 		mov	r3, #14336
  34 0004 C4F20203 		movt	r3, 16386
  35 0008 1A69     		ldr	r2, [r3, #16]
  36 000a 0021     		movs	r1, #0
  37 000c 62F40042 		orn	r2, r2, #32768
  38              		.loc 1 94 0
  39 0010 F0B4     		push	{r4, r5, r6, r7}
  40              		.cfi_def_cfa_offset 16
  41              		.cfi_offset 4, -16
  42              		.cfi_offset 5, -12
  43              		.cfi_offset 6, -8
  44              		.cfi_offset 7, -4
  45              		.loc 1 97 0
  46 0012 1A61     		str	r2, [r3, #16]
  47 0014 1961     		str	r1, [r3, #16]
  48              		.loc 1 98 0
  49 0016 9869     		ldr	r0, [r3, #24]
  50              		.loc 1 102 0
  51 0018 4EF21002 		movw	r2, #57360
  52              		.loc 1 98 0
  53 001c 60F08050 		orn	r0, r0, #268435456
  54 0020 9861     		str	r0, [r3, #24]
  55              		.loc 1 102 0
  56 0022 CEF20002 		movt	r2, 57344
  57              		.loc 1 98 0
ARM GAS  /tmp/ccTCPTic.s 			page 2


  58 0026 9961     		str	r1, [r3, #24]
  59              		.loc 1 99 0
  60 0028 4FF0FF36 		mov	r6, #-1
  61              		.loc 1 102 0
  62 002c 47F6FF45 		movw	r5, #31999
  63              		.loc 1 104 0
  64 0030 0724     		movs	r4, #7
  65              		.loc 1 109 0
  66 0032 4EF6F050 		movw	r0, #60912
  67              		.loc 1 99 0
  68 0036 5F69     		ldr	r7, [r3, #20]
  69              		.loc 1 109 0
  70 0038 CEF20000 		movt	r0, 57344
  71              		.loc 1 99 0
  72 003c 5E61     		str	r6, [r3, #20]
  73 003e 5961     		str	r1, [r3, #20]
  74              		.loc 1 102 0
  75 0040 5560     		str	r5, [r2, #4]
  76              		.loc 1 103 0
  77 0042 9160     		str	r1, [r2, #8]
  78              		.loc 1 104 0
  79 0044 1460     		str	r4, [r2]
  80              		.loc 1 109 0
  81 0046 C268     		ldr	r2, [r0, #12]
  82              		.loc 1 110 0
  83 0048 4FF48051 		mov	r1, #4096
  84              		.loc 1 109 0
  85 004c 42F08072 		orr	r2, r2, #16777216
  86 0050 C260     		str	r2, [r0, #12]
  87              		.loc 1 110 0
  88 0052 CEF20001 		movt	r1, 57344
  89 0056 0868     		ldr	r0, [r1]
  90              	.LBB4:
  91              	.LBB5:
  92              		.loc 1 52 0
  93 0058 4FF4E042 		mov	r2, #28672
  94              	.LBE5:
  95              	.LBE4:
  96              		.loc 1 110 0
  97 005c 40F00100 		orr	r0, r0, #1
  98 0060 0860     		str	r0, [r1]
  99              		.loc 1 113 0
 100 0062 596A     		ldr	r1, [r3, #36]
 101              	.LBB8:
 102              	.LBB6:
 103              		.loc 1 52 0
 104 0064 C4F20002 		movt	r2, 16384
 105              	.LBE6:
 106              	.LBE8:
 107              		.loc 1 113 0
 108 0068 41F08051 		orr	r1, r1, #268435456
 109 006c 5962     		str	r1, [r3, #36]
 110              	.LBB9:
 111              	.LBB7:
 112              		.loc 1 52 0
 113 006e 1168     		ldr	r1, [r2]
 114 0070 41F48071 		orr	r1, r1, #256
ARM GAS  /tmp/ccTCPTic.s 			page 3


 115 0074 1160     		str	r1, [r2]
 116              		.loc 1 55 0
 117 0076 5A6B     		ldr	r2, [r3, #52]
 118 0078 02F44032 		and	r2, r2, #196608
 119 007c B2F5803F 		cmp	r2, #65536
 120 0080 07D0     		beq	.L2
 121              		.loc 1 57 0
 122 0082 5A6B     		ldr	r2, [r3, #52]
 123 0084 42F40002 		orr	r2, r2, #8388608
 124 0088 5A63     		str	r2, [r3, #52]
 125              		.loc 1 58 0
 126 008a 5A6B     		ldr	r2, [r3, #52]
 127 008c 22F40002 		bic	r2, r2, #8388608
 128 0090 5A63     		str	r2, [r3, #52]
 129              	.L2:
 130              		.loc 1 63 0
 131 0092 4FF46053 		mov	r3, #14336
 132 0096 C4F20203 		movt	r3, 16386
 133 009a 5A6B     		ldr	r2, [r3, #52]
 134              		.loc 1 64 0
 135 009c 1946     		mov	r1, r3
 136              		.loc 1 63 0
 137 009e 42F48072 		orr	r2, r2, #256
 138 00a2 5A63     		str	r2, [r3, #52]
 139              	.L4:
 140              		.loc 1 64 0
 141 00a4 4A6B     		ldr	r2, [r1, #52]
 142 00a6 4FF46053 		mov	r3, #14336
 143 00aa 9005     		lsls	r0, r2, #22
 144 00ac C4F20203 		movt	r3, 16386
 145 00b0 F8D5     		bpl	.L4
 146              		.loc 1 71 0
 147 00b2 5A6B     		ldr	r2, [r3, #52]
 148 00b4 5202     		lsls	r2, r2, #9
 149 00b6 07D4     		bmi	.L5
 150              		.loc 1 73 0
 151 00b8 5A6B     		ldr	r2, [r3, #52]
 152 00ba 42F48032 		orr	r2, r2, #65536
 153 00be 5A63     		str	r2, [r3, #52]
 154              		.loc 1 76 0
 155 00c0 5A6B     		ldr	r2, [r3, #52]
 156 00c2 42F48002 		orr	r2, r2, #4194304
 157 00c6 5A63     		str	r2, [r3, #52]
 158              	.L5:
 159              	.LBE7:
 160              	.LBE9:
 161              		.loc 1 126 0
 162 00c8 F0BC     		pop	{r4, r5, r6, r7}
 163              		.loc 1 119 0
 164 00ca FFF7FEBF 		b	dmaInit
 165              	.LVL0:
 166              		.cfi_endproc
 167              	.LFE64:
 168              		.size	hal_lld_init, .-hal_lld_init
 169 00ce 00BF     		.section	.text.stm32_clock_init,"ax",%progbits
 170              		.align	2
 171              		.global	stm32_clock_init
ARM GAS  /tmp/ccTCPTic.s 			page 4


 172              		.thumb
 173              		.thumb_func
 174              		.type	stm32_clock_init, %function
 175              	stm32_clock_init:
 176              	.LFB65:
 177              		.loc 1 138 0
 178              		.cfi_startproc
 179              		@ args = 0, pretend = 0, frame = 0
 180              		@ frame_needed = 0, uses_anonymous_args = 0
 181              		@ link register save eliminated.
 182              		.loc 1 142 0
 183 0000 4FF46053 		mov	r3, #14336
 184 0004 C4F20203 		movt	r3, 16386
 185 0008 4FF08052 		mov	r2, #268435456
 186              		.loc 1 145 0
 187 000c 4FF4E041 		mov	r1, #28672
 188              		.loc 1 138 0
 189 0010 10B4     		push	{r4}
 190              		.cfi_def_cfa_offset 4
 191              		.cfi_offset 4, -4
 192              		.loc 1 145 0
 193 0012 C4F20001 		movt	r1, 16384
 194              		.loc 1 142 0
 195 0016 5A62     		str	r2, [r3, #36]
 196              	.L12:
 197              		.loc 1 145 0 discriminator 1
 198 0018 4A68     		ldr	r2, [r1, #4]
 199 001a 4FF4E043 		mov	r3, #28672
 200 001e D006     		lsls	r0, r2, #27
 201 0020 C4F20003 		movt	r3, 16384
 202 0024 F8D4     		bmi	.L12
 203              		.loc 1 147 0
 204 0026 4FF40062 		mov	r2, #2048
 205 002a 1A60     		str	r2, [r3]
 206              		.loc 1 148 0
 207 002c 1A46     		mov	r2, r3
 208              	.L14:
 209              		.loc 1 148 0 is_stmt 0 discriminator 1
 210 002e 5368     		ldr	r3, [r2, #4]
 211 0030 13F01003 		ands	r3, r3, #16
 212 0034 FBD1     		bne	.L14
 213              		.loc 1 154 0 is_stmt 1
 214 0036 4FF46052 		mov	r2, #14336
 215 003a C4F20202 		movt	r2, 16386
 216 003e 9360     		str	r3, [r2, #8]
 217              		.loc 1 155 0
 218 0040 5168     		ldr	r1, [r2, #4]
 219              		.loc 1 156 0
 220 0042 4FF48073 		mov	r3, #256
 221              		.loc 1 155 0
 222 0046 21F46041 		bic	r1, r1, #57344
 223 004a 41F42041 		orr	r1, r1, #40960
 224 004e 5160     		str	r1, [r2, #4]
 225              		.loc 1 157 0
 226 0050 1146     		mov	r1, r2
 227              		.loc 1 156 0
 228 0052 1360     		str	r3, [r2]
ARM GAS  /tmp/ccTCPTic.s 			page 5


 229              	.L16:
 230              		.loc 1 157 0 discriminator 1
 231 0054 0A68     		ldr	r2, [r1]
 232 0056 4FF46053 		mov	r3, #14336
 233 005a 9205     		lsls	r2, r2, #22
 234 005c C4F20203 		movt	r3, 16386
 235 0060 F8D5     		bpl	.L16
 236              		.loc 1 162 0
 237 0062 1A68     		ldr	r2, [r3]
 238              		.loc 1 163 0
 239 0064 1946     		mov	r1, r3
 240              		.loc 1 162 0
 241 0066 42F00102 		orr	r2, r2, #1
 242 006a 1A60     		str	r2, [r3]
 243              	.L18:
 244              		.loc 1 163 0 discriminator 1
 245 006c 0A68     		ldr	r2, [r1]
 246 006e 4FF46053 		mov	r3, #14336
 247 0072 9407     		lsls	r4, r2, #30
 248 0074 C4F20203 		movt	r3, 16386
 249 0078 F8D5     		bpl	.L18
 250              		.loc 1 180 0
 251 007a 5A6B     		ldr	r2, [r3, #52]
 252              		.loc 1 181 0
 253 007c 1946     		mov	r1, r3
 254              		.loc 1 180 0
 255 007e 42F00102 		orr	r2, r2, #1
 256 0082 5A63     		str	r2, [r3, #52]
 257              	.L20:
 258              		.loc 1 181 0 discriminator 1
 259 0084 4A6B     		ldr	r2, [r1, #52]
 260 0086 4FF46053 		mov	r3, #14336
 261 008a 9007     		lsls	r0, r2, #30
 262 008c C4F20203 		movt	r3, 16386
 263 0090 F8D5     		bpl	.L20
 264              		.loc 1 187 0
 265 0092 5A6B     		ldr	r2, [r3, #52]
 266 0094 D105     		lsls	r1, r2, #23
 267 0096 0FD4     		bmi	.L21
 268              		.loc 1 188 0
 269 0098 4FF4E042 		mov	r2, #28672
 270 009c C4F20002 		movt	r2, 16384
 271 00a0 1168     		ldr	r1, [r2]
 272 00a2 41F48071 		orr	r1, r1, #256
 273 00a6 1160     		str	r1, [r2]
 274              		.loc 1 189 0
 275 00a8 596B     		ldr	r1, [r3, #52]
 276 00aa 41F48071 		orr	r1, r1, #256
 277 00ae 5963     		str	r1, [r3, #52]
 278              		.loc 1 190 0
 279 00b0 1368     		ldr	r3, [r2]
 280 00b2 23F48073 		bic	r3, r3, #256
 281 00b6 1360     		str	r3, [r2]
 282              	.L21:
 283              		.loc 1 192 0 discriminator 1
 284 00b8 4FF46051 		mov	r1, #14336
 285 00bc C4F20201 		movt	r1, 16386
ARM GAS  /tmp/ccTCPTic.s 			page 6


 286              	.L23:
 287 00c0 4A6B     		ldr	r2, [r1, #52]
 288 00c2 4FF46053 		mov	r3, #14336
 289 00c6 9205     		lsls	r2, r2, #22
 290 00c8 C4F20203 		movt	r3, 16386
 291 00cc F8D5     		bpl	.L23
 292              		.loc 1 198 0
 293 00ce 9A68     		ldr	r2, [r3, #8]
 294              		.loc 1 200 0
 295 00d0 1946     		mov	r1, r3
 296              		.loc 1 198 0
 297 00d2 42F40802 		orr	r2, r2, #8912896
 298 00d6 9A60     		str	r2, [r3, #8]
 299              		.loc 1 199 0
 300 00d8 1A68     		ldr	r2, [r3]
 301 00da 42F08072 		orr	r2, r2, #16777216
 302 00de 1A60     		str	r2, [r3]
 303              	.L25:
 304              		.loc 1 200 0 discriminator 1
 305 00e0 0A68     		ldr	r2, [r1]
 306 00e2 4FF46053 		mov	r3, #14336
 307 00e6 9401     		lsls	r4, r2, #6
 308 00e8 C4F20203 		movt	r3, 16386
 309 00ec F8D5     		bpl	.L25
 310              		.loc 1 205 0
 311 00ee 1968     		ldr	r1, [r3]
 312              		.loc 1 212 0
 313 00f0 4FF47052 		mov	r2, #15360
 314              		.loc 1 205 0
 315 00f4 1960     		str	r1, [r3]
 316              		.loc 1 206 0
 317 00f6 9968     		ldr	r1, [r3, #8]
 318              		.loc 1 212 0
 319 00f8 C4F20202 		movt	r2, 16386
 320              		.loc 1 206 0
 321 00fc 9960     		str	r1, [r3, #8]
 322              		.loc 1 208 0
 323 00fe 5C6B     		ldr	r4, [r3, #52]
 324              		.loc 1 215 0
 325 0100 0721     		movs	r1, #7
 326              		.loc 1 212 0
 327 0102 0420     		movs	r0, #4
 328              		.loc 1 208 0
 329 0104 44F48034 		orr	r4, r4, #65536
 330 0108 5C63     		str	r4, [r3, #52]
 331              		.loc 1 212 0
 332 010a 1060     		str	r0, [r2]
 333              		.loc 1 215 0
 334 010c 1160     		str	r1, [r2]
 335              		.loc 1 220 0
 336 010e 9A68     		ldr	r2, [r3, #8]
 337              		.loc 1 221 0
 338 0110 1946     		mov	r1, r3
 339              		.loc 1 220 0
 340 0112 42F00302 		orr	r2, r2, #3
 341 0116 9A60     		str	r2, [r3, #8]
 342              	.L27:
ARM GAS  /tmp/ccTCPTic.s 			page 7


 343              		.loc 1 221 0 discriminator 1
 344 0118 8A68     		ldr	r2, [r1, #8]
 345 011a 4FF46053 		mov	r3, #14336
 346 011e 02F00C02 		and	r2, r2, #12
 347 0122 0C2A     		cmp	r2, #12
 348 0124 C4F20203 		movt	r3, 16386
 349 0128 F6D1     		bne	.L27
 350              		.loc 1 228 0
 351 012a 1A6A     		ldr	r2, [r3, #32]
 352              		.loc 1 229 0
 353 012c 5DF8044B 		ldr	r4, [sp], #4
 354              		.loc 1 228 0
 355 0130 42F00102 		orr	r2, r2, #1
 356 0134 1A62     		str	r2, [r3, #32]
 357 0136 DA6A     		ldr	r2, [r3, #44]
 358 0138 42F00102 		orr	r2, r2, #1
 359 013c DA62     		str	r2, [r3, #44]
 360              		.loc 1 229 0
 361 013e 7047     		bx	lr
 362              		.cfi_endproc
 363              	.LFE65:
 364              		.size	stm32_clock_init, .-stm32_clock_init
 365              		.text
 366              	.Letext0:
 367              		.file 2 "/usr/include/newlib/machine/_default_types.h"
 368              		.file 3 "/usr/include/newlib/stdint.h"
 369              		.file 4 "/opt/ChibiOS_2.6.6/os/ports/common/ARMCMx/nvic.h"
 370              		.file 5 "/opt/ChibiOS_2.6.6/os/ports/common/ARMCMx/CMSIS/include/core_cm3.h"
 371              		.file 6 "/opt/ChibiOS_2.6.6/os/hal/platforms/STM32L1xx/stm32l1xx.h"
 372              		.file 7 "/opt/ChibiOS_2.6.6/os/hal/platforms/STM32L1xx/stm32_dma.h"
 373              		.section	.debug_info,"",%progbits
 374              	.Ldebug_info0:
 375 0000 F7030000 		.4byte	0x3f7
 376 0004 0400     		.2byte	0x4
 377 0006 00000000 		.4byte	.Ldebug_abbrev0
 378 000a 04       		.byte	0x4
 379 000b 01       		.uleb128 0x1
 380 000c E1000000 		.4byte	.LASF59
 381 0010 01       		.byte	0x1
 382 0011 B5020000 		.4byte	.LASF60
 383 0015 20000000 		.4byte	.Ldebug_ranges0+0x20
 384 0019 00000000 		.4byte	0
 385 001d 00000000 		.4byte	.Ldebug_line0
 386 0021 02       		.uleb128 0x2
 387 0022 04       		.byte	0x4
 388 0023 05       		.byte	0x5
 389 0024 696E7400 		.ascii	"int\000"
 390 0028 03       		.uleb128 0x3
 391 0029 04       		.byte	0x4
 392 002a 07       		.byte	0x7
 393 002b F0010000 		.4byte	.LASF0
 394 002f 03       		.uleb128 0x3
 395 0030 01       		.byte	0x1
 396 0031 06       		.byte	0x6
 397 0032 BE010000 		.4byte	.LASF1
 398 0036 03       		.uleb128 0x3
 399 0037 01       		.byte	0x1
ARM GAS  /tmp/ccTCPTic.s 			page 8


 400 0038 08       		.byte	0x8
 401 0039 A9010000 		.4byte	.LASF2
 402 003d 03       		.uleb128 0x3
 403 003e 02       		.byte	0x2
 404 003f 05       		.byte	0x5
 405 0040 0F000000 		.4byte	.LASF3
 406 0044 04       		.uleb128 0x4
 407 0045 5E000000 		.4byte	.LASF5
 408 0049 02       		.byte	0x2
 409 004a 26       		.byte	0x26
 410 004b 4F000000 		.4byte	0x4f
 411 004f 03       		.uleb128 0x3
 412 0050 02       		.byte	0x2
 413 0051 07       		.byte	0x7
 414 0052 20020000 		.4byte	.LASF4
 415 0056 04       		.uleb128 0x4
 416 0057 9F020000 		.4byte	.LASF6
 417 005b 02       		.byte	0x2
 418 005c 37       		.byte	0x37
 419 005d 61000000 		.4byte	0x61
 420 0061 03       		.uleb128 0x3
 421 0062 04       		.byte	0x4
 422 0063 05       		.byte	0x5
 423 0064 6F010000 		.4byte	.LASF7
 424 0068 04       		.uleb128 0x4
 425 0069 42000000 		.4byte	.LASF8
 426 006d 02       		.byte	0x2
 427 006e 38       		.byte	0x38
 428 006f 73000000 		.4byte	0x73
 429 0073 03       		.uleb128 0x3
 430 0074 04       		.byte	0x4
 431 0075 07       		.byte	0x7
 432 0076 74020000 		.4byte	.LASF9
 433 007a 03       		.uleb128 0x3
 434 007b 08       		.byte	0x8
 435 007c 05       		.byte	0x5
 436 007d CC000000 		.4byte	.LASF10
 437 0081 03       		.uleb128 0x3
 438 0082 08       		.byte	0x8
 439 0083 07       		.byte	0x7
 440 0084 CA010000 		.4byte	.LASF11
 441 0088 04       		.uleb128 0x4
 442 0089 FD010000 		.4byte	.LASF12
 443 008d 03       		.byte	0x3
 444 008e 36       		.byte	0x36
 445 008f 44000000 		.4byte	0x44
 446 0093 04       		.uleb128 0x4
 447 0094 57020000 		.4byte	.LASF13
 448 0098 03       		.byte	0x3
 449 0099 41       		.byte	0x41
 450 009a 56000000 		.4byte	0x56
 451 009e 04       		.uleb128 0x4
 452 009f E7010000 		.4byte	.LASF14
 453 00a3 03       		.byte	0x3
 454 00a4 42       		.byte	0x42
 455 00a5 68000000 		.4byte	0x68
 456 00a9 03       		.uleb128 0x3
ARM GAS  /tmp/ccTCPTic.s 			page 9


 457 00aa 01       		.byte	0x1
 458 00ab 02       		.byte	0x2
 459 00ac 5F020000 		.4byte	.LASF15
 460 00b0 04       		.uleb128 0x4
 461 00b1 B4000000 		.4byte	.LASF16
 462 00b5 04       		.byte	0x4
 463 00b6 3A       		.byte	0x3a
 464 00b7 BB000000 		.4byte	0xbb
 465 00bb 05       		.uleb128 0x5
 466 00bc 9E000000 		.4byte	0x9e
 467 00c0 03       		.uleb128 0x3
 468 00c1 04       		.byte	0x4
 469 00c2 07       		.byte	0x7
 470 00c3 19000000 		.4byte	.LASF17
 471 00c7 06       		.uleb128 0x6
 472 00c8 10       		.byte	0x10
 473 00c9 04       		.byte	0x4
 474 00ca F1       		.byte	0xf1
 475 00cb 00010000 		.4byte	0x100
 476 00cf 07       		.uleb128 0x7
 477 00d0 69010000 		.4byte	.LASF18
 478 00d4 04       		.byte	0x4
 479 00d5 F2       		.byte	0xf2
 480 00d6 B0000000 		.4byte	0xb0
 481 00da 00       		.byte	0
 482 00db 07       		.uleb128 0x7
 483 00dc 7B000000 		.4byte	.LASF19
 484 00e0 04       		.byte	0x4
 485 00e1 F3       		.byte	0xf3
 486 00e2 B0000000 		.4byte	0xb0
 487 00e6 04       		.byte	0x4
 488 00e7 07       		.uleb128 0x7
 489 00e8 A6000000 		.4byte	.LASF20
 490 00ec 04       		.byte	0x4
 491 00ed F4       		.byte	0xf4
 492 00ee B0000000 		.4byte	0xb0
 493 00f2 08       		.byte	0x8
 494 00f3 07       		.uleb128 0x7
 495 00f4 09000000 		.4byte	.LASF21
 496 00f8 04       		.byte	0x4
 497 00f9 F5       		.byte	0xf5
 498 00fa B0000000 		.4byte	0xb0
 499 00fe 0C       		.byte	0xc
 500 00ff 00       		.byte	0
 501 0100 04       		.uleb128 0x4
 502 0101 4F020000 		.4byte	.LASF22
 503 0105 04       		.byte	0x4
 504 0106 F6       		.byte	0xf6
 505 0107 C7000000 		.4byte	0xc7
 506 010b 08       		.uleb128 0x8
 507 010c 20       		.byte	0x20
 508 010d 04       		.byte	0x4
 509 010e 0601     		.2byte	0x106
 510 0110 7D010000 		.4byte	0x17d
 511 0114 09       		.uleb128 0x9
 512 0115 69000000 		.4byte	.LASF23
 513 0119 04       		.byte	0x4
ARM GAS  /tmp/ccTCPTic.s 			page 10


 514 011a 0701     		.2byte	0x107
 515 011c B0000000 		.4byte	0xb0
 516 0120 00       		.byte	0
 517 0121 09       		.uleb128 0x9
 518 0122 DA000000 		.4byte	.LASF24
 519 0126 04       		.byte	0x4
 520 0127 0801     		.2byte	0x108
 521 0129 B0000000 		.4byte	0xb0
 522 012d 04       		.byte	0x4
 523 012e 09       		.uleb128 0x9
 524 012f 6D020000 		.4byte	.LASF25
 525 0133 04       		.byte	0x4
 526 0134 0901     		.2byte	0x109
 527 0136 B0000000 		.4byte	0xb0
 528 013a 08       		.byte	0x8
 529 013b 09       		.uleb128 0x9
 530 013c A2010000 		.4byte	.LASF26
 531 0140 04       		.byte	0x4
 532 0141 0A01     		.2byte	0x10a
 533 0143 B0000000 		.4byte	0xb0
 534 0147 0C       		.byte	0xc
 535 0148 09       		.uleb128 0x9
 536 0149 84010000 		.4byte	.LASF27
 537 014d 04       		.byte	0x4
 538 014e 0B01     		.2byte	0x10b
 539 0150 B0000000 		.4byte	0xb0
 540 0154 10       		.byte	0x10
 541 0155 09       		.uleb128 0x9
 542 0156 A9020000 		.4byte	.LASF28
 543 015a 04       		.byte	0x4
 544 015b 0C01     		.2byte	0x10c
 545 015d B0000000 		.4byte	0xb0
 546 0161 14       		.byte	0x14
 547 0162 09       		.uleb128 0x9
 548 0163 27000000 		.4byte	.LASF29
 549 0167 04       		.byte	0x4
 550 0168 0D01     		.2byte	0x10d
 551 016a B0000000 		.4byte	0xb0
 552 016e 18       		.byte	0x18
 553 016f 09       		.uleb128 0x9
 554 0170 22000000 		.4byte	.LASF30
 555 0174 04       		.byte	0x4
 556 0175 0E01     		.2byte	0x10e
 557 0177 B0000000 		.4byte	0xb0
 558 017b 1C       		.byte	0x1c
 559 017c 00       		.byte	0
 560 017d 0A       		.uleb128 0xa
 561 017e 4D000000 		.4byte	.LASF31
 562 0182 04       		.byte	0x4
 563 0183 0F01     		.2byte	0x10f
 564 0185 0B010000 		.4byte	0x10b
 565 0189 03       		.uleb128 0x3
 566 018a 01       		.byte	0x1
 567 018b 08       		.byte	0x8
 568 018c 4A020000 		.4byte	.LASF32
 569 0190 0B       		.uleb128 0xb
 570 0191 BB000000 		.4byte	0xbb
ARM GAS  /tmp/ccTCPTic.s 			page 11


 571 0195 08       		.uleb128 0x8
 572 0196 10       		.byte	0x10
 573 0197 05       		.byte	0x5
 574 0198 3F02     		.2byte	0x23f
 575 019a D3010000 		.4byte	0x1d3
 576 019e 09       		.uleb128 0x9
 577 019f 69000000 		.4byte	.LASF23
 578 01a3 05       		.byte	0x5
 579 01a4 4102     		.2byte	0x241
 580 01a6 BB000000 		.4byte	0xbb
 581 01aa 00       		.byte	0
 582 01ab 09       		.uleb128 0x9
 583 01ac B0020000 		.4byte	.LASF33
 584 01b0 05       		.byte	0x5
 585 01b1 4202     		.2byte	0x242
 586 01b3 BB000000 		.4byte	0xbb
 587 01b7 04       		.byte	0x4
 588 01b8 0C       		.uleb128 0xc
 589 01b9 56414C00 		.ascii	"VAL\000"
 590 01bd 05       		.byte	0x5
 591 01be 4302     		.2byte	0x243
 592 01c0 BB000000 		.4byte	0xbb
 593 01c4 08       		.byte	0x8
 594 01c5 09       		.uleb128 0x9
 595 01c6 E1010000 		.4byte	.LASF34
 596 01ca 05       		.byte	0x5
 597 01cb 4402     		.2byte	0x244
 598 01cd 90010000 		.4byte	0x190
 599 01d1 0C       		.byte	0xc
 600 01d2 00       		.byte	0
 601 01d3 0A       		.uleb128 0xa
 602 01d4 13020000 		.4byte	.LASF35
 603 01d8 05       		.byte	0x5
 604 01d9 4502     		.2byte	0x245
 605 01db 95010000 		.4byte	0x195
 606 01df 08       		.uleb128 0x8
 607 01e0 88       		.byte	0x88
 608 01e1 06       		.byte	0x6
 609 01e2 E201     		.2byte	0x1e2
 610 01e4 84020000 		.4byte	0x284
 611 01e8 0C       		.uleb128 0xc
 612 01e9 41435200 		.ascii	"ACR\000"
 613 01ed 06       		.byte	0x6
 614 01ee E401     		.2byte	0x1e4
 615 01f0 BB000000 		.4byte	0xbb
 616 01f4 00       		.byte	0
 617 01f5 09       		.uleb128 0x9
 618 01f6 39020000 		.4byte	.LASF36
 619 01fa 06       		.byte	0x6
 620 01fb E501     		.2byte	0x1e5
 621 01fd BB000000 		.4byte	0xbb
 622 0201 04       		.byte	0x4
 623 0202 09       		.uleb128 0x9
 624 0203 3B000000 		.4byte	.LASF37
 625 0207 06       		.byte	0x6
 626 0208 E601     		.2byte	0x1e6
 627 020a BB000000 		.4byte	0xbb
ARM GAS  /tmp/ccTCPTic.s 			page 12


 628 020e 08       		.byte	0x8
 629 020f 09       		.uleb128 0x9
 630 0210 B7010000 		.4byte	.LASF38
 631 0214 06       		.byte	0x6
 632 0215 E701     		.2byte	0x1e7
 633 0217 BB000000 		.4byte	0xbb
 634 021b 0C       		.byte	0xc
 635 021c 09       		.uleb128 0x9
 636 021d 86020000 		.4byte	.LASF39
 637 0221 06       		.byte	0x6
 638 0222 E801     		.2byte	0x1e8
 639 0224 BB000000 		.4byte	0xbb
 640 0228 10       		.byte	0x10
 641 0229 09       		.uleb128 0x9
 642 022a BC000000 		.4byte	.LASF40
 643 022e 06       		.byte	0x6
 644 022f E901     		.2byte	0x1e9
 645 0231 BB000000 		.4byte	0xbb
 646 0235 14       		.byte	0x14
 647 0236 0C       		.uleb128 0xc
 648 0237 535200   		.ascii	"SR\000"
 649 023a 06       		.byte	0x6
 650 023b EA01     		.2byte	0x1ea
 651 023d BB000000 		.4byte	0xbb
 652 0241 18       		.byte	0x18
 653 0242 0C       		.uleb128 0xc
 654 0243 4F425200 		.ascii	"OBR\000"
 655 0247 06       		.byte	0x6
 656 0248 EB01     		.2byte	0x1eb
 657 024a BB000000 		.4byte	0xbb
 658 024e 1C       		.byte	0x1c
 659 024f 09       		.uleb128 0x9
 660 0250 96010000 		.4byte	.LASF41
 661 0254 06       		.byte	0x6
 662 0255 EC01     		.2byte	0x1ec
 663 0257 BB000000 		.4byte	0xbb
 664 025b 20       		.byte	0x20
 665 025c 09       		.uleb128 0x9
 666 025d ED020000 		.4byte	.LASF42
 667 0261 06       		.byte	0x6
 668 0262 ED01     		.2byte	0x1ed
 669 0264 84020000 		.4byte	0x284
 670 0268 24       		.byte	0x24
 671 0269 09       		.uleb128 0x9
 672 026a 3E020000 		.4byte	.LASF43
 673 026e 06       		.byte	0x6
 674 026f EE01     		.2byte	0x1ee
 675 0271 BB000000 		.4byte	0xbb
 676 0275 80       		.byte	0x80
 677 0276 09       		.uleb128 0x9
 678 0277 44020000 		.4byte	.LASF44
 679 027b 06       		.byte	0x6
 680 027c EF01     		.2byte	0x1ef
 681 027e BB000000 		.4byte	0xbb
 682 0282 84       		.byte	0x84
 683 0283 00       		.byte	0
 684 0284 0D       		.uleb128 0xd
ARM GAS  /tmp/ccTCPTic.s 			page 13


 685 0285 9E000000 		.4byte	0x9e
 686 0289 94020000 		.4byte	0x294
 687 028d 0E       		.uleb128 0xe
 688 028e C0000000 		.4byte	0xc0
 689 0292 16       		.byte	0x16
 690 0293 00       		.byte	0
 691 0294 0A       		.uleb128 0xa
 692 0295 F6020000 		.4byte	.LASF45
 693 0299 06       		.byte	0x6
 694 029a F001     		.2byte	0x1f0
 695 029c DF010000 		.4byte	0x1df
 696 02a0 08       		.uleb128 0x8
 697 02a1 08       		.byte	0x8
 698 02a2 06       		.byte	0x6
 699 02a3 7C02     		.2byte	0x27c
 700 02a5 C3020000 		.4byte	0x2c3
 701 02a9 0C       		.uleb128 0xc
 702 02aa 435200   		.ascii	"CR\000"
 703 02ad 06       		.byte	0x6
 704 02ae 7E02     		.2byte	0x27e
 705 02b0 BB000000 		.4byte	0xbb
 706 02b4 00       		.byte	0
 707 02b5 0C       		.uleb128 0xc
 708 02b6 43535200 		.ascii	"CSR\000"
 709 02ba 06       		.byte	0x6
 710 02bb 7F02     		.2byte	0x27f
 711 02bd BB000000 		.4byte	0xbb
 712 02c1 04       		.byte	0x4
 713 02c2 00       		.byte	0
 714 02c3 0A       		.uleb128 0xa
 715 02c4 2F000000 		.4byte	.LASF46
 716 02c8 06       		.byte	0x6
 717 02c9 8002     		.2byte	0x280
 718 02cb A0020000 		.4byte	0x2a0
 719 02cf 08       		.uleb128 0x8
 720 02d0 38       		.byte	0x38
 721 02d1 06       		.byte	0x6
 722 02d2 8602     		.2byte	0x286
 723 02d4 8E030000 		.4byte	0x38e
 724 02d8 0C       		.uleb128 0xc
 725 02d9 435200   		.ascii	"CR\000"
 726 02dc 06       		.byte	0x6
 727 02dd 8802     		.2byte	0x288
 728 02df BB000000 		.4byte	0xbb
 729 02e3 00       		.byte	0
 730 02e4 09       		.uleb128 0x9
 731 02e5 33020000 		.4byte	.LASF47
 732 02e9 06       		.byte	0x6
 733 02ea 8902     		.2byte	0x289
 734 02ec BB000000 		.4byte	0xbb
 735 02f0 04       		.byte	0x4
 736 02f1 09       		.uleb128 0x9
 737 02f2 6E000000 		.4byte	.LASF48
 738 02f6 06       		.byte	0x6
 739 02f7 8A02     		.2byte	0x28a
 740 02f9 BB000000 		.4byte	0xbb
 741 02fd 08       		.byte	0x8
ARM GAS  /tmp/ccTCPTic.s 			page 14


 742 02fe 0C       		.uleb128 0xc
 743 02ff 43495200 		.ascii	"CIR\000"
 744 0303 06       		.byte	0x6
 745 0304 8B02     		.2byte	0x28b
 746 0306 BB000000 		.4byte	0xbb
 747 030a 0C       		.byte	0xc
 748 030b 09       		.uleb128 0x9
 749 030c C4000000 		.4byte	.LASF49
 750 0310 06       		.byte	0x6
 751 0311 8C02     		.2byte	0x28c
 752 0313 BB000000 		.4byte	0xbb
 753 0317 10       		.byte	0x10
 754 0318 09       		.uleb128 0x9
 755 0319 8D010000 		.4byte	.LASF50
 756 031d 06       		.byte	0x6
 757 031e 8D02     		.2byte	0x28d
 758 0320 BB000000 		.4byte	0xbb
 759 0324 14       		.byte	0x14
 760 0325 09       		.uleb128 0x9
 761 0326 00000000 		.4byte	.LASF51
 762 032a 06       		.byte	0x6
 763 032b 8E02     		.2byte	0x28e
 764 032d BB000000 		.4byte	0xbb
 765 0331 18       		.byte	0x18
 766 0332 09       		.uleb128 0x9
 767 0333 9B010000 		.4byte	.LASF52
 768 0337 06       		.byte	0x6
 769 0338 8F02     		.2byte	0x28f
 770 033a BB000000 		.4byte	0xbb
 771 033e 1C       		.byte	0x1c
 772 033f 09       		.uleb128 0x9
 773 0340 AC000000 		.4byte	.LASF53
 774 0344 06       		.byte	0x6
 775 0345 9002     		.2byte	0x290
 776 0347 BB000000 		.4byte	0xbb
 777 034b 20       		.byte	0x20
 778 034c 09       		.uleb128 0x9
 779 034d 73000000 		.4byte	.LASF54
 780 0351 06       		.byte	0x6
 781 0352 9102     		.2byte	0x291
 782 0354 BB000000 		.4byte	0xbb
 783 0358 24       		.byte	0x24
 784 0359 09       		.uleb128 0x9
 785 035a 55000000 		.4byte	.LASF55
 786 035e 06       		.byte	0x6
 787 035f 9202     		.2byte	0x292
 788 0361 BB000000 		.4byte	0xbb
 789 0365 28       		.byte	0x28
 790 0366 09       		.uleb128 0x9
 791 0367 11030000 		.4byte	.LASF56
 792 036b 06       		.byte	0x6
 793 036c 9302     		.2byte	0x293
 794 036e BB000000 		.4byte	0xbb
 795 0372 2C       		.byte	0x2c
 796 0373 09       		.uleb128 0x9
 797 0374 81000000 		.4byte	.LASF57
 798 0378 06       		.byte	0x6
ARM GAS  /tmp/ccTCPTic.s 			page 15


 799 0379 9402     		.2byte	0x294
 800 037b BB000000 		.4byte	0xbb
 801 037f 30       		.byte	0x30
 802 0380 0C       		.uleb128 0xc
 803 0381 43535200 		.ascii	"CSR\000"
 804 0385 06       		.byte	0x6
 805 0386 9502     		.2byte	0x295
 806 0388 BB000000 		.4byte	0xbb
 807 038c 34       		.byte	0x34
 808 038d 00       		.byte	0
 809 038e 0A       		.uleb128 0xa
 810 038f 78010000 		.4byte	.LASF58
 811 0393 06       		.byte	0x6
 812 0394 9602     		.2byte	0x296
 813 0396 CF020000 		.4byte	0x2cf
 814 039a 0F       		.uleb128 0xf
 815 039b 8B000000 		.4byte	.LASF61
 816 039f 01       		.byte	0x1
 817 03a0 31       		.byte	0x31
 818 03a1 01       		.byte	0x1
 819 03a2 10       		.uleb128 0x10
 820 03a3 06020000 		.4byte	.LASF62
 821 03a7 01       		.byte	0x1
 822 03a8 5E       		.byte	0x5e
 823 03a9 00000000 		.4byte	.LFB64
 824 03ad CE000000 		.4byte	.LFE64-.LFB64
 825 03b1 01       		.uleb128 0x1
 826 03b2 9C       		.byte	0x9c
 827 03b3 D0030000 		.4byte	0x3d0
 828 03b7 11       		.uleb128 0x11
 829 03b8 9A030000 		.4byte	0x39a
 830 03bc 58000000 		.4byte	.LBB4
 831 03c0 00000000 		.4byte	.Ldebug_ranges0+0
 832 03c4 01       		.byte	0x1
 833 03c5 74       		.byte	0x74
 834 03c6 12       		.uleb128 0x12
 835 03c7 CE000000 		.4byte	.LVL0
 836 03cb F2030000 		.4byte	0x3f2
 837 03cf 00       		.byte	0
 838 03d0 13       		.uleb128 0x13
 839 03d1 8E020000 		.4byte	.LASF63
 840 03d5 01       		.byte	0x1
 841 03d6 8A       		.byte	0x8a
 842 03d7 00000000 		.4byte	.LFB65
 843 03db 40010000 		.4byte	.LFE65-.LFB65
 844 03df 01       		.uleb128 0x1
 845 03e0 9C       		.byte	0x9c
 846 03e1 14       		.uleb128 0x14
 847 03e2 04030000 		.4byte	.LASF64
 848 03e6 05       		.byte	0x5
 849 03e7 0706     		.2byte	0x607
 850 03e9 ED030000 		.4byte	0x3ed
 851 03ed 05       		.uleb128 0x5
 852 03ee 93000000 		.4byte	0x93
 853 03f2 15       		.uleb128 0x15
 854 03f3 65020000 		.4byte	.LASF65
 855 03f7 07       		.byte	0x7
ARM GAS  /tmp/ccTCPTic.s 			page 16


 856 03f8 8001     		.2byte	0x180
 857 03fa 00       		.byte	0
 858              		.section	.debug_abbrev,"",%progbits
 859              	.Ldebug_abbrev0:
 860 0000 01       		.uleb128 0x1
 861 0001 11       		.uleb128 0x11
 862 0002 01       		.byte	0x1
 863 0003 25       		.uleb128 0x25
 864 0004 0E       		.uleb128 0xe
 865 0005 13       		.uleb128 0x13
 866 0006 0B       		.uleb128 0xb
 867 0007 03       		.uleb128 0x3
 868 0008 0E       		.uleb128 0xe
 869 0009 55       		.uleb128 0x55
 870 000a 17       		.uleb128 0x17
 871 000b 11       		.uleb128 0x11
 872 000c 01       		.uleb128 0x1
 873 000d 10       		.uleb128 0x10
 874 000e 17       		.uleb128 0x17
 875 000f 00       		.byte	0
 876 0010 00       		.byte	0
 877 0011 02       		.uleb128 0x2
 878 0012 24       		.uleb128 0x24
 879 0013 00       		.byte	0
 880 0014 0B       		.uleb128 0xb
 881 0015 0B       		.uleb128 0xb
 882 0016 3E       		.uleb128 0x3e
 883 0017 0B       		.uleb128 0xb
 884 0018 03       		.uleb128 0x3
 885 0019 08       		.uleb128 0x8
 886 001a 00       		.byte	0
 887 001b 00       		.byte	0
 888 001c 03       		.uleb128 0x3
 889 001d 24       		.uleb128 0x24
 890 001e 00       		.byte	0
 891 001f 0B       		.uleb128 0xb
 892 0020 0B       		.uleb128 0xb
 893 0021 3E       		.uleb128 0x3e
 894 0022 0B       		.uleb128 0xb
 895 0023 03       		.uleb128 0x3
 896 0024 0E       		.uleb128 0xe
 897 0025 00       		.byte	0
 898 0026 00       		.byte	0
 899 0027 04       		.uleb128 0x4
 900 0028 16       		.uleb128 0x16
 901 0029 00       		.byte	0
 902 002a 03       		.uleb128 0x3
 903 002b 0E       		.uleb128 0xe
 904 002c 3A       		.uleb128 0x3a
 905 002d 0B       		.uleb128 0xb
 906 002e 3B       		.uleb128 0x3b
 907 002f 0B       		.uleb128 0xb
 908 0030 49       		.uleb128 0x49
 909 0031 13       		.uleb128 0x13
 910 0032 00       		.byte	0
 911 0033 00       		.byte	0
 912 0034 05       		.uleb128 0x5
ARM GAS  /tmp/ccTCPTic.s 			page 17


 913 0035 35       		.uleb128 0x35
 914 0036 00       		.byte	0
 915 0037 49       		.uleb128 0x49
 916 0038 13       		.uleb128 0x13
 917 0039 00       		.byte	0
 918 003a 00       		.byte	0
 919 003b 06       		.uleb128 0x6
 920 003c 13       		.uleb128 0x13
 921 003d 01       		.byte	0x1
 922 003e 0B       		.uleb128 0xb
 923 003f 0B       		.uleb128 0xb
 924 0040 3A       		.uleb128 0x3a
 925 0041 0B       		.uleb128 0xb
 926 0042 3B       		.uleb128 0x3b
 927 0043 0B       		.uleb128 0xb
 928 0044 01       		.uleb128 0x1
 929 0045 13       		.uleb128 0x13
 930 0046 00       		.byte	0
 931 0047 00       		.byte	0
 932 0048 07       		.uleb128 0x7
 933 0049 0D       		.uleb128 0xd
 934 004a 00       		.byte	0
 935 004b 03       		.uleb128 0x3
 936 004c 0E       		.uleb128 0xe
 937 004d 3A       		.uleb128 0x3a
 938 004e 0B       		.uleb128 0xb
 939 004f 3B       		.uleb128 0x3b
 940 0050 0B       		.uleb128 0xb
 941 0051 49       		.uleb128 0x49
 942 0052 13       		.uleb128 0x13
 943 0053 38       		.uleb128 0x38
 944 0054 0B       		.uleb128 0xb
 945 0055 00       		.byte	0
 946 0056 00       		.byte	0
 947 0057 08       		.uleb128 0x8
 948 0058 13       		.uleb128 0x13
 949 0059 01       		.byte	0x1
 950 005a 0B       		.uleb128 0xb
 951 005b 0B       		.uleb128 0xb
 952 005c 3A       		.uleb128 0x3a
 953 005d 0B       		.uleb128 0xb
 954 005e 3B       		.uleb128 0x3b
 955 005f 05       		.uleb128 0x5
 956 0060 01       		.uleb128 0x1
 957 0061 13       		.uleb128 0x13
 958 0062 00       		.byte	0
 959 0063 00       		.byte	0
 960 0064 09       		.uleb128 0x9
 961 0065 0D       		.uleb128 0xd
 962 0066 00       		.byte	0
 963 0067 03       		.uleb128 0x3
 964 0068 0E       		.uleb128 0xe
 965 0069 3A       		.uleb128 0x3a
 966 006a 0B       		.uleb128 0xb
 967 006b 3B       		.uleb128 0x3b
 968 006c 05       		.uleb128 0x5
 969 006d 49       		.uleb128 0x49
ARM GAS  /tmp/ccTCPTic.s 			page 18


 970 006e 13       		.uleb128 0x13
 971 006f 38       		.uleb128 0x38
 972 0070 0B       		.uleb128 0xb
 973 0071 00       		.byte	0
 974 0072 00       		.byte	0
 975 0073 0A       		.uleb128 0xa
 976 0074 16       		.uleb128 0x16
 977 0075 00       		.byte	0
 978 0076 03       		.uleb128 0x3
 979 0077 0E       		.uleb128 0xe
 980 0078 3A       		.uleb128 0x3a
 981 0079 0B       		.uleb128 0xb
 982 007a 3B       		.uleb128 0x3b
 983 007b 05       		.uleb128 0x5
 984 007c 49       		.uleb128 0x49
 985 007d 13       		.uleb128 0x13
 986 007e 00       		.byte	0
 987 007f 00       		.byte	0
 988 0080 0B       		.uleb128 0xb
 989 0081 26       		.uleb128 0x26
 990 0082 00       		.byte	0
 991 0083 49       		.uleb128 0x49
 992 0084 13       		.uleb128 0x13
 993 0085 00       		.byte	0
 994 0086 00       		.byte	0
 995 0087 0C       		.uleb128 0xc
 996 0088 0D       		.uleb128 0xd
 997 0089 00       		.byte	0
 998 008a 03       		.uleb128 0x3
 999 008b 08       		.uleb128 0x8
 1000 008c 3A       		.uleb128 0x3a
 1001 008d 0B       		.uleb128 0xb
 1002 008e 3B       		.uleb128 0x3b
 1003 008f 05       		.uleb128 0x5
 1004 0090 49       		.uleb128 0x49
 1005 0091 13       		.uleb128 0x13
 1006 0092 38       		.uleb128 0x38
 1007 0093 0B       		.uleb128 0xb
 1008 0094 00       		.byte	0
 1009 0095 00       		.byte	0
 1010 0096 0D       		.uleb128 0xd
 1011 0097 01       		.uleb128 0x1
 1012 0098 01       		.byte	0x1
 1013 0099 49       		.uleb128 0x49
 1014 009a 13       		.uleb128 0x13
 1015 009b 01       		.uleb128 0x1
 1016 009c 13       		.uleb128 0x13
 1017 009d 00       		.byte	0
 1018 009e 00       		.byte	0
 1019 009f 0E       		.uleb128 0xe
 1020 00a0 21       		.uleb128 0x21
 1021 00a1 00       		.byte	0
 1022 00a2 49       		.uleb128 0x49
 1023 00a3 13       		.uleb128 0x13
 1024 00a4 2F       		.uleb128 0x2f
 1025 00a5 0B       		.uleb128 0xb
 1026 00a6 00       		.byte	0
ARM GAS  /tmp/ccTCPTic.s 			page 19


 1027 00a7 00       		.byte	0
 1028 00a8 0F       		.uleb128 0xf
 1029 00a9 2E       		.uleb128 0x2e
 1030 00aa 00       		.byte	0
 1031 00ab 03       		.uleb128 0x3
 1032 00ac 0E       		.uleb128 0xe
 1033 00ad 3A       		.uleb128 0x3a
 1034 00ae 0B       		.uleb128 0xb
 1035 00af 3B       		.uleb128 0x3b
 1036 00b0 0B       		.uleb128 0xb
 1037 00b1 27       		.uleb128 0x27
 1038 00b2 19       		.uleb128 0x19
 1039 00b3 20       		.uleb128 0x20
 1040 00b4 0B       		.uleb128 0xb
 1041 00b5 00       		.byte	0
 1042 00b6 00       		.byte	0
 1043 00b7 10       		.uleb128 0x10
 1044 00b8 2E       		.uleb128 0x2e
 1045 00b9 01       		.byte	0x1
 1046 00ba 3F       		.uleb128 0x3f
 1047 00bb 19       		.uleb128 0x19
 1048 00bc 03       		.uleb128 0x3
 1049 00bd 0E       		.uleb128 0xe
 1050 00be 3A       		.uleb128 0x3a
 1051 00bf 0B       		.uleb128 0xb
 1052 00c0 3B       		.uleb128 0x3b
 1053 00c1 0B       		.uleb128 0xb
 1054 00c2 27       		.uleb128 0x27
 1055 00c3 19       		.uleb128 0x19
 1056 00c4 11       		.uleb128 0x11
 1057 00c5 01       		.uleb128 0x1
 1058 00c6 12       		.uleb128 0x12
 1059 00c7 06       		.uleb128 0x6
 1060 00c8 40       		.uleb128 0x40
 1061 00c9 18       		.uleb128 0x18
 1062 00ca 9742     		.uleb128 0x2117
 1063 00cc 19       		.uleb128 0x19
 1064 00cd 01       		.uleb128 0x1
 1065 00ce 13       		.uleb128 0x13
 1066 00cf 00       		.byte	0
 1067 00d0 00       		.byte	0
 1068 00d1 11       		.uleb128 0x11
 1069 00d2 1D       		.uleb128 0x1d
 1070 00d3 00       		.byte	0
 1071 00d4 31       		.uleb128 0x31
 1072 00d5 13       		.uleb128 0x13
 1073 00d6 52       		.uleb128 0x52
 1074 00d7 01       		.uleb128 0x1
 1075 00d8 55       		.uleb128 0x55
 1076 00d9 17       		.uleb128 0x17
 1077 00da 58       		.uleb128 0x58
 1078 00db 0B       		.uleb128 0xb
 1079 00dc 59       		.uleb128 0x59
 1080 00dd 0B       		.uleb128 0xb
 1081 00de 00       		.byte	0
 1082 00df 00       		.byte	0
 1083 00e0 12       		.uleb128 0x12
ARM GAS  /tmp/ccTCPTic.s 			page 20


 1084 00e1 898201   		.uleb128 0x4109
 1085 00e4 00       		.byte	0
 1086 00e5 11       		.uleb128 0x11
 1087 00e6 01       		.uleb128 0x1
 1088 00e7 9542     		.uleb128 0x2115
 1089 00e9 19       		.uleb128 0x19
 1090 00ea 31       		.uleb128 0x31
 1091 00eb 13       		.uleb128 0x13
 1092 00ec 00       		.byte	0
 1093 00ed 00       		.byte	0
 1094 00ee 13       		.uleb128 0x13
 1095 00ef 2E       		.uleb128 0x2e
 1096 00f0 00       		.byte	0
 1097 00f1 3F       		.uleb128 0x3f
 1098 00f2 19       		.uleb128 0x19
 1099 00f3 03       		.uleb128 0x3
 1100 00f4 0E       		.uleb128 0xe
 1101 00f5 3A       		.uleb128 0x3a
 1102 00f6 0B       		.uleb128 0xb
 1103 00f7 3B       		.uleb128 0x3b
 1104 00f8 0B       		.uleb128 0xb
 1105 00f9 27       		.uleb128 0x27
 1106 00fa 19       		.uleb128 0x19
 1107 00fb 11       		.uleb128 0x11
 1108 00fc 01       		.uleb128 0x1
 1109 00fd 12       		.uleb128 0x12
 1110 00fe 06       		.uleb128 0x6
 1111 00ff 40       		.uleb128 0x40
 1112 0100 18       		.uleb128 0x18
 1113 0101 9742     		.uleb128 0x2117
 1114 0103 19       		.uleb128 0x19
 1115 0104 00       		.byte	0
 1116 0105 00       		.byte	0
 1117 0106 14       		.uleb128 0x14
 1118 0107 34       		.uleb128 0x34
 1119 0108 00       		.byte	0
 1120 0109 03       		.uleb128 0x3
 1121 010a 0E       		.uleb128 0xe
 1122 010b 3A       		.uleb128 0x3a
 1123 010c 0B       		.uleb128 0xb
 1124 010d 3B       		.uleb128 0x3b
 1125 010e 05       		.uleb128 0x5
 1126 010f 49       		.uleb128 0x49
 1127 0110 13       		.uleb128 0x13
 1128 0111 3F       		.uleb128 0x3f
 1129 0112 19       		.uleb128 0x19
 1130 0113 3C       		.uleb128 0x3c
 1131 0114 19       		.uleb128 0x19
 1132 0115 00       		.byte	0
 1133 0116 00       		.byte	0
 1134 0117 15       		.uleb128 0x15
 1135 0118 2E       		.uleb128 0x2e
 1136 0119 00       		.byte	0
 1137 011a 3F       		.uleb128 0x3f
 1138 011b 19       		.uleb128 0x19
 1139 011c 03       		.uleb128 0x3
 1140 011d 0E       		.uleb128 0xe
ARM GAS  /tmp/ccTCPTic.s 			page 21


 1141 011e 3A       		.uleb128 0x3a
 1142 011f 0B       		.uleb128 0xb
 1143 0120 3B       		.uleb128 0x3b
 1144 0121 05       		.uleb128 0x5
 1145 0122 27       		.uleb128 0x27
 1146 0123 19       		.uleb128 0x19
 1147 0124 3C       		.uleb128 0x3c
 1148 0125 19       		.uleb128 0x19
 1149 0126 00       		.byte	0
 1150 0127 00       		.byte	0
 1151 0128 00       		.byte	0
 1152              		.section	.debug_aranges,"",%progbits
 1153 0000 24000000 		.4byte	0x24
 1154 0004 0200     		.2byte	0x2
 1155 0006 00000000 		.4byte	.Ldebug_info0
 1156 000a 04       		.byte	0x4
 1157 000b 00       		.byte	0
 1158 000c 0000     		.2byte	0
 1159 000e 0000     		.2byte	0
 1160 0010 00000000 		.4byte	.LFB64
 1161 0014 CE000000 		.4byte	.LFE64-.LFB64
 1162 0018 00000000 		.4byte	.LFB65
 1163 001c 40010000 		.4byte	.LFE65-.LFB65
 1164 0020 00000000 		.4byte	0
 1165 0024 00000000 		.4byte	0
 1166              		.section	.debug_ranges,"",%progbits
 1167              	.Ldebug_ranges0:
 1168 0000 58000000 		.4byte	.LBB4
 1169 0004 5C000000 		.4byte	.LBE4
 1170 0008 64000000 		.4byte	.LBB8
 1171 000c 68000000 		.4byte	.LBE8
 1172 0010 6E000000 		.4byte	.LBB9
 1173 0014 C8000000 		.4byte	.LBE9
 1174 0018 00000000 		.4byte	0
 1175 001c 00000000 		.4byte	0
 1176 0020 00000000 		.4byte	.LFB64
 1177 0024 CE000000 		.4byte	.LFE64
 1178 0028 00000000 		.4byte	.LFB65
 1179 002c 40010000 		.4byte	.LFE65
 1180 0030 00000000 		.4byte	0
 1181 0034 00000000 		.4byte	0
 1182              		.section	.debug_line,"",%progbits
 1183              	.Ldebug_line0:
 1184 0000 F8010000 		.section	.debug_str,"MS",%progbits,1
 1184      02003601 
 1184      00000201 
 1184      FB0E0D00 
 1184      01010101 
 1185              	.LASF51:
 1186 0000 41504231 		.ascii	"APB1RSTR\000"
 1186      52535452 
 1186      00
 1187              	.LASF21:
 1188 0009 44454D43 		.ascii	"DEMCR\000"
 1188      5200
 1189              	.LASF3:
 1190 000f 73686F72 		.ascii	"short int\000"
ARM GAS  /tmp/ccTCPTic.s 			page 22


 1190      7420696E 
 1190      7400
 1191              	.LASF17:
 1192 0019 73697A65 		.ascii	"sizetype\000"
 1192      74797065 
 1192      00
 1193              	.LASF30:
 1194 0022 50435352 		.ascii	"PCSR\000"
 1194      00
 1195              	.LASF29:
 1196 0027 464F4C44 		.ascii	"FOLDCNT\000"
 1196      434E5400 
 1197              	.LASF46:
 1198 002f 5057525F 		.ascii	"PWR_TypeDef\000"
 1198      54797065 
 1198      44656600 
 1199              	.LASF37:
 1200 003b 50444B45 		.ascii	"PDKEYR\000"
 1200      595200
 1201              	.LASF8:
 1202 0042 5F5F7569 		.ascii	"__uint32_t\000"
 1202      6E743332 
 1202      5F7400
 1203              	.LASF31:
 1204 004d 434D785F 		.ascii	"CMx_DWT\000"
 1204      44575400 
 1205              	.LASF55:
 1206 0055 4148424C 		.ascii	"AHBLPENR\000"
 1206      50454E52 
 1206      00
 1207              	.LASF5:
 1208 005e 5F5F7569 		.ascii	"__uint16_t\000"
 1208      6E743136 
 1208      5F7400
 1209              	.LASF23:
 1210 0069 4354524C 		.ascii	"CTRL\000"
 1210      00
 1211              	.LASF48:
 1212 006e 43464752 		.ascii	"CFGR\000"
 1212      00
 1213              	.LASF54:
 1214 0073 41504231 		.ascii	"APB1ENR\000"
 1214      454E5200 
 1215              	.LASF19:
 1216 007b 44435253 		.ascii	"DCRSR\000"
 1216      5200
 1217              	.LASF57:
 1218 0081 41504231 		.ascii	"APB1LPENR\000"
 1218      4C50454E 
 1218      5200
 1219              	.LASF61:
 1220 008b 68616C5F 		.ascii	"hal_lld_backup_domain_init\000"
 1220      6C6C645F 
 1220      6261636B 
 1220      75705F64 
 1220      6F6D6169 
 1221              	.LASF20:
ARM GAS  /tmp/ccTCPTic.s 			page 23


 1222 00a6 44435244 		.ascii	"DCRDR\000"
 1222      5200
 1223              	.LASF53:
 1224 00ac 41504232 		.ascii	"APB2ENR\000"
 1224      454E5200 
 1225              	.LASF16:
 1226 00b4 494F5245 		.ascii	"IOREG32\000"
 1226      47333200 
 1227              	.LASF40:
 1228 00bc 4F50544B 		.ascii	"OPTKEYR\000"
 1228      45595200 
 1229              	.LASF49:
 1230 00c4 41484252 		.ascii	"AHBRSTR\000"
 1230      53545200 
 1231              	.LASF10:
 1232 00cc 6C6F6E67 		.ascii	"long long int\000"
 1232      206C6F6E 
 1232      6720696E 
 1232      7400
 1233              	.LASF24:
 1234 00da 43594343 		.ascii	"CYCCNT\000"
 1234      4E5400
 1235              	.LASF59:
 1236 00e1 474E5520 		.ascii	"GNU C 4.8.2 -mcpu=cortex-m3 -mno-thumb-interwork -m"
 1236      4320342E 
 1236      382E3220 
 1236      2D6D6370 
 1236      753D636F 
 1237 0114 7468756D 		.ascii	"thumb -ggdb -O2 -fomit-frame-pointer -ffunction-sec"
 1237      62202D67 
 1237      67646220 
 1237      2D4F3220 
 1237      2D666F6D 
 1238 0147 74696F6E 		.ascii	"tions -fdata-sections -fno-common\000"
 1238      73202D66 
 1238      64617461 
 1238      2D736563 
 1238      74696F6E 
 1239              	.LASF18:
 1240 0169 44484353 		.ascii	"DHCSR\000"
 1240      5200
 1241              	.LASF7:
 1242 016f 6C6F6E67 		.ascii	"long int\000"
 1242      20696E74 
 1242      00
 1243              	.LASF58:
 1244 0178 5243435F 		.ascii	"RCC_TypeDef\000"
 1244      54797065 
 1244      44656600 
 1245              	.LASF27:
 1246 0184 534C4545 		.ascii	"SLEEPCNT\000"
 1246      50434E54 
 1246      00
 1247              	.LASF50:
 1248 018d 41504232 		.ascii	"APB2RSTR\000"
 1248      52535452 
 1248      00
ARM GAS  /tmp/ccTCPTic.s 			page 24


 1249              	.LASF41:
 1250 0196 57525052 		.ascii	"WRPR\000"
 1250      00
 1251              	.LASF52:
 1252 019b 41484245 		.ascii	"AHBENR\000"
 1252      4E5200
 1253              	.LASF26:
 1254 01a2 45584343 		.ascii	"EXCCNT\000"
 1254      4E5400
 1255              	.LASF2:
 1256 01a9 756E7369 		.ascii	"unsigned char\000"
 1256      676E6564 
 1256      20636861 
 1256      7200
 1257              	.LASF38:
 1258 01b7 50454B45 		.ascii	"PEKEYR\000"
 1258      595200
 1259              	.LASF1:
 1260 01be 7369676E 		.ascii	"signed char\000"
 1260      65642063 
 1260      68617200 
 1261              	.LASF11:
 1262 01ca 6C6F6E67 		.ascii	"long long unsigned int\000"
 1262      206C6F6E 
 1262      6720756E 
 1262      7369676E 
 1262      65642069 
 1263              	.LASF34:
 1264 01e1 43414C49 		.ascii	"CALIB\000"
 1264      4200
 1265              	.LASF14:
 1266 01e7 75696E74 		.ascii	"uint32_t\000"
 1266      33325F74 
 1266      00
 1267              	.LASF0:
 1268 01f0 756E7369 		.ascii	"unsigned int\000"
 1268      676E6564 
 1268      20696E74 
 1268      00
 1269              	.LASF12:
 1270 01fd 75696E74 		.ascii	"uint16_t\000"
 1270      31365F74 
 1270      00
 1271              	.LASF62:
 1272 0206 68616C5F 		.ascii	"hal_lld_init\000"
 1272      6C6C645F 
 1272      696E6974 
 1272      00
 1273              	.LASF35:
 1274 0213 53797354 		.ascii	"SysTick_Type\000"
 1274      69636B5F 
 1274      54797065 
 1274      00
 1275              	.LASF4:
 1276 0220 73686F72 		.ascii	"short unsigned int\000"
 1276      7420756E 
 1276      7369676E 
ARM GAS  /tmp/ccTCPTic.s 			page 25


 1276      65642069 
 1276      6E7400
 1277              	.LASF47:
 1278 0233 49435343 		.ascii	"ICSCR\000"
 1278      5200
 1279              	.LASF36:
 1280 0239 50454352 		.ascii	"PECR\000"
 1280      00
 1281              	.LASF43:
 1282 023e 57525052 		.ascii	"WRPR1\000"
 1282      3100
 1283              	.LASF44:
 1284 0244 57525052 		.ascii	"WRPR2\000"
 1284      3200
 1285              	.LASF32:
 1286 024a 63686172 		.ascii	"char\000"
 1286      00
 1287              	.LASF22:
 1288 024f 434D785F 		.ascii	"CMx_SCS\000"
 1288      53435300 
 1289              	.LASF13:
 1290 0257 696E7433 		.ascii	"int32_t\000"
 1290      325F7400 
 1291              	.LASF15:
 1292 025f 5F426F6F 		.ascii	"_Bool\000"
 1292      6C00
 1293              	.LASF65:
 1294 0265 646D6149 		.ascii	"dmaInit\000"
 1294      6E697400 
 1295              	.LASF25:
 1296 026d 43504943 		.ascii	"CPICNT\000"
 1296      4E5400
 1297              	.LASF9:
 1298 0274 6C6F6E67 		.ascii	"long unsigned int\000"
 1298      20756E73 
 1298      69676E65 
 1298      6420696E 
 1298      7400
 1299              	.LASF39:
 1300 0286 5052474B 		.ascii	"PRGKEYR\000"
 1300      45595200 
 1301              	.LASF63:
 1302 028e 73746D33 		.ascii	"stm32_clock_init\000"
 1302      325F636C 
 1302      6F636B5F 
 1302      696E6974 
 1302      00
 1303              	.LASF6:
 1304 029f 5F5F696E 		.ascii	"__int32_t\000"
 1304      7433325F 
 1304      7400
 1305              	.LASF28:
 1306 02a9 4C535543 		.ascii	"LSUCNT\000"
 1306      4E5400
 1307              	.LASF33:
 1308 02b0 4C4F4144 		.ascii	"LOAD\000"
 1308      00
ARM GAS  /tmp/ccTCPTic.s 			page 26


 1309              	.LASF60:
 1310 02b5 2F6F7074 		.ascii	"/opt/ChibiOS_2.6.6/os/hal/platforms/STM32L1xx/hal_l"
 1310      2F436869 
 1310      62694F53 
 1310      5F322E36 
 1310      2E362F6F 
 1311 02e8 6C642E63 		.ascii	"ld.c\000"
 1311      00
 1312              	.LASF42:
 1313 02ed 52455345 		.ascii	"RESERVED\000"
 1313      52564544 
 1313      00
 1314              	.LASF45:
 1315 02f6 464C4153 		.ascii	"FLASH_TypeDef\000"
 1315      485F5479 
 1315      70654465 
 1315      6600
 1316              	.LASF64:
 1317 0304 49544D5F 		.ascii	"ITM_RxBuffer\000"
 1317      52784275 
 1317      66666572 
 1317      00
 1318              	.LASF56:
 1319 0311 41504232 		.ascii	"APB2LPENR\000"
 1319      4C50454E 
 1319      5200
 1320              		.ident	"GCC: (4.8.2-14ubuntu1+6) 4.8.2"
ARM GAS  /tmp/ccTCPTic.s 			page 27


DEFINED SYMBOLS
                            *ABS*:0000000000000000 hal_lld.c
     /tmp/ccTCPTic.s:19     .text.hal_lld_init:0000000000000000 $t
     /tmp/ccTCPTic.s:24     .text.hal_lld_init:0000000000000000 hal_lld_init
     /tmp/ccTCPTic.s:170    .text.stm32_clock_init:0000000000000000 $t
     /tmp/ccTCPTic.s:175    .text.stm32_clock_init:0000000000000000 stm32_clock_init
                     .debug_frame:0000000000000010 $d

UNDEFINED SYMBOLS
dmaInit
