ARM GAS  /tmp/ccQdZ96o.s 			page 1


   1              		.syntax unified
   2              		.cpu cortex-m3
   3              		.fpu softvfp
   4              		.eabi_attribute 20, 1
   5              		.eabi_attribute 21, 1
   6              		.eabi_attribute 23, 3
   7              		.eabi_attribute 24, 1
   8              		.eabi_attribute 25, 1
   9              		.eabi_attribute 26, 1
  10              		.eabi_attribute 30, 2
  11              		.eabi_attribute 34, 1
  12              		.eabi_attribute 18, 4
  13              		.thumb
  14              		.file	"mmc_spi.c"
  15              		.text
  16              	.Ltext0:
  17              		.cfi_sections	.debug_frame
  18              	.Letext0:
  19              		.file 1 "/usr/include/newlib/machine/_default_types.h"
  20              		.file 2 "/usr/include/newlib/stdint.h"
  21              		.file 3 "/opt/ChibiOS_2.6.6/os/ports/common/ARMCMx/CMSIS/include/core_cm3.h"
  22              		.section	.debug_info,"",%progbits
  23              	.Ldebug_info0:
  24 0000 98000000 		.4byte	0x98
  25 0004 0400     		.2byte	0x4
  26 0006 00000000 		.4byte	.Ldebug_abbrev0
  27 000a 04       		.byte	0x4
  28 000b 01       		.uleb128 0x1
  29 000c 40000000 		.4byte	.LASF14
  30 0010 01       		.byte	0x1
  31 0011 ED000000 		.4byte	.LASF15
  32 0015 00000000 		.4byte	.Ldebug_line0
  33 0019 02       		.uleb128 0x2
  34 001a 04       		.byte	0x4
  35 001b 05       		.byte	0x5
  36 001c 696E7400 		.ascii	"int\000"
  37 0020 03       		.uleb128 0x3
  38 0021 04       		.byte	0x4
  39 0022 07       		.byte	0x7
  40 0023 21000000 		.4byte	.LASF0
  41 0027 03       		.uleb128 0x3
  42 0028 01       		.byte	0x1
  43 0029 06       		.byte	0x6
  44 002a 36010000 		.4byte	.LASF1
  45 002e 03       		.uleb128 0x3
  46 002f 01       		.byte	0x1
  47 0030 08       		.byte	0x8
  48 0031 DF000000 		.4byte	.LASF2
  49 0035 03       		.uleb128 0x3
  50 0036 02       		.byte	0x2
  51 0037 05       		.byte	0x5
  52 0038 4C010000 		.4byte	.LASF3
  53 003c 03       		.uleb128 0x3
  54 003d 02       		.byte	0x2
  55 003e 07       		.byte	0x7
  56 003f 0E000000 		.4byte	.LASF4
  57 0043 04       		.uleb128 0x4
ARM GAS  /tmp/ccQdZ96o.s 			page 2


  58 0044 42010000 		.4byte	.LASF11
  59 0048 01       		.byte	0x1
  60 0049 37       		.byte	0x37
  61 004a 4E000000 		.4byte	0x4e
  62 004e 03       		.uleb128 0x3
  63 004f 04       		.byte	0x4
  64 0050 05       		.byte	0x5
  65 0051 1A010000 		.4byte	.LASF5
  66 0055 03       		.uleb128 0x3
  67 0056 04       		.byte	0x4
  68 0057 07       		.byte	0x7
  69 0058 2E000000 		.4byte	.LASF6
  70 005c 03       		.uleb128 0x3
  71 005d 08       		.byte	0x8
  72 005e 05       		.byte	0x5
  73 005f 00000000 		.4byte	.LASF7
  74 0063 03       		.uleb128 0x3
  75 0064 08       		.byte	0x8
  76 0065 07       		.byte	0x7
  77 0066 C8000000 		.4byte	.LASF8
  78 006a 03       		.uleb128 0x3
  79 006b 04       		.byte	0x4
  80 006c 07       		.byte	0x7
  81 006d 5E010000 		.4byte	.LASF9
  82 0071 03       		.uleb128 0x3
  83 0072 01       		.byte	0x1
  84 0073 08       		.byte	0x8
  85 0074 15010000 		.4byte	.LASF10
  86 0078 04       		.uleb128 0x4
  87 0079 56010000 		.4byte	.LASF12
  88 007d 02       		.byte	0x2
  89 007e 41       		.byte	0x41
  90 007f 43000000 		.4byte	0x43
  91 0083 03       		.uleb128 0x3
  92 0084 01       		.byte	0x1
  93 0085 02       		.byte	0x2
  94 0086 23010000 		.4byte	.LASF13
  95 008a 05       		.uleb128 0x5
  96 008b 29010000 		.4byte	.LASF16
  97 008f 03       		.byte	0x3
  98 0090 0706     		.2byte	0x607
  99 0092 96000000 		.4byte	0x96
 100 0096 06       		.uleb128 0x6
 101 0097 78000000 		.4byte	0x78
 102 009b 00       		.byte	0
 103              		.section	.debug_abbrev,"",%progbits
 104              	.Ldebug_abbrev0:
 105 0000 01       		.uleb128 0x1
 106 0001 11       		.uleb128 0x11
 107 0002 01       		.byte	0x1
 108 0003 25       		.uleb128 0x25
 109 0004 0E       		.uleb128 0xe
 110 0005 13       		.uleb128 0x13
 111 0006 0B       		.uleb128 0xb
 112 0007 03       		.uleb128 0x3
 113 0008 0E       		.uleb128 0xe
 114 0009 10       		.uleb128 0x10
ARM GAS  /tmp/ccQdZ96o.s 			page 3


 115 000a 17       		.uleb128 0x17
 116 000b 00       		.byte	0
 117 000c 00       		.byte	0
 118 000d 02       		.uleb128 0x2
 119 000e 24       		.uleb128 0x24
 120 000f 00       		.byte	0
 121 0010 0B       		.uleb128 0xb
 122 0011 0B       		.uleb128 0xb
 123 0012 3E       		.uleb128 0x3e
 124 0013 0B       		.uleb128 0xb
 125 0014 03       		.uleb128 0x3
 126 0015 08       		.uleb128 0x8
 127 0016 00       		.byte	0
 128 0017 00       		.byte	0
 129 0018 03       		.uleb128 0x3
 130 0019 24       		.uleb128 0x24
 131 001a 00       		.byte	0
 132 001b 0B       		.uleb128 0xb
 133 001c 0B       		.uleb128 0xb
 134 001d 3E       		.uleb128 0x3e
 135 001e 0B       		.uleb128 0xb
 136 001f 03       		.uleb128 0x3
 137 0020 0E       		.uleb128 0xe
 138 0021 00       		.byte	0
 139 0022 00       		.byte	0
 140 0023 04       		.uleb128 0x4
 141 0024 16       		.uleb128 0x16
 142 0025 00       		.byte	0
 143 0026 03       		.uleb128 0x3
 144 0027 0E       		.uleb128 0xe
 145 0028 3A       		.uleb128 0x3a
 146 0029 0B       		.uleb128 0xb
 147 002a 3B       		.uleb128 0x3b
 148 002b 0B       		.uleb128 0xb
 149 002c 49       		.uleb128 0x49
 150 002d 13       		.uleb128 0x13
 151 002e 00       		.byte	0
 152 002f 00       		.byte	0
 153 0030 05       		.uleb128 0x5
 154 0031 34       		.uleb128 0x34
 155 0032 00       		.byte	0
 156 0033 03       		.uleb128 0x3
 157 0034 0E       		.uleb128 0xe
 158 0035 3A       		.uleb128 0x3a
 159 0036 0B       		.uleb128 0xb
 160 0037 3B       		.uleb128 0x3b
 161 0038 05       		.uleb128 0x5
 162 0039 49       		.uleb128 0x49
 163 003a 13       		.uleb128 0x13
 164 003b 3F       		.uleb128 0x3f
 165 003c 19       		.uleb128 0x19
 166 003d 3C       		.uleb128 0x3c
 167 003e 19       		.uleb128 0x19
 168 003f 00       		.byte	0
 169 0040 00       		.byte	0
 170 0041 06       		.uleb128 0x6
 171 0042 35       		.uleb128 0x35
ARM GAS  /tmp/ccQdZ96o.s 			page 4


 172 0043 00       		.byte	0
 173 0044 49       		.uleb128 0x49
 174 0045 13       		.uleb128 0x13
 175 0046 00       		.byte	0
 176 0047 00       		.byte	0
 177 0048 00       		.byte	0
 178              		.section	.debug_aranges,"",%progbits
 179 0000 14000000 		.4byte	0x14
 180 0004 0200     		.2byte	0x2
 181 0006 00000000 		.4byte	.Ldebug_info0
 182 000a 04       		.byte	0x4
 183 000b 00       		.byte	0
 184 000c 0000     		.2byte	0
 185 000e 0000     		.2byte	0
 186 0010 00000000 		.4byte	0
 187 0014 00000000 		.4byte	0
 188              		.section	.debug_line,"",%progbits
 189              	.Ldebug_line0:
 190 0000 AF000000 		.section	.debug_str,"MS",%progbits,1
 190      0200A900 
 190      00000201 
 190      FB0E0D00 
 190      01010101 
 191              	.LASF7:
 192 0000 6C6F6E67 		.ascii	"long long int\000"
 192      206C6F6E 
 192      6720696E 
 192      7400
 193              	.LASF4:
 194 000e 73686F72 		.ascii	"short unsigned int\000"
 194      7420756E 
 194      7369676E 
 194      65642069 
 194      6E7400
 195              	.LASF0:
 196 0021 756E7369 		.ascii	"unsigned int\000"
 196      676E6564 
 196      20696E74 
 196      00
 197              	.LASF6:
 198 002e 6C6F6E67 		.ascii	"long unsigned int\000"
 198      20756E73 
 198      69676E65 
 198      6420696E 
 198      7400
 199              	.LASF14:
 200 0040 474E5520 		.ascii	"GNU C 4.8.2 -mcpu=cortex-m3 -mno-thumb-interwork -m"
 200      4320342E 
 200      382E3220 
 200      2D6D6370 
 200      753D636F 
 201 0073 7468756D 		.ascii	"thumb -ggdb -O2 -fomit-frame-pointer -ffunction-sec"
 201      62202D67 
 201      67646220 
 201      2D4F3220 
 201      2D666F6D 
 202 00a6 74696F6E 		.ascii	"tions -fdata-sections -fno-common\000"
ARM GAS  /tmp/ccQdZ96o.s 			page 5


 202      73202D66 
 202      64617461 
 202      2D736563 
 202      74696F6E 
 203              	.LASF8:
 204 00c8 6C6F6E67 		.ascii	"long long unsigned int\000"
 204      206C6F6E 
 204      6720756E 
 204      7369676E 
 204      65642069 
 205              	.LASF2:
 206 00df 756E7369 		.ascii	"unsigned char\000"
 206      676E6564 
 206      20636861 
 206      7200
 207              	.LASF15:
 208 00ed 2F6F7074 		.ascii	"/opt/ChibiOS_2.6.6/os/hal/src/mmc_spi.c\000"
 208      2F436869 
 208      62694F53 
 208      5F322E36 
 208      2E362F6F 
 209              	.LASF10:
 210 0115 63686172 		.ascii	"char\000"
 210      00
 211              	.LASF5:
 212 011a 6C6F6E67 		.ascii	"long int\000"
 212      20696E74 
 212      00
 213              	.LASF13:
 214 0123 5F426F6F 		.ascii	"_Bool\000"
 214      6C00
 215              	.LASF16:
 216 0129 49544D5F 		.ascii	"ITM_RxBuffer\000"
 216      52784275 
 216      66666572 
 216      00
 217              	.LASF1:
 218 0136 7369676E 		.ascii	"signed char\000"
 218      65642063 
 218      68617200 
 219              	.LASF11:
 220 0142 5F5F696E 		.ascii	"__int32_t\000"
 220      7433325F 
 220      7400
 221              	.LASF3:
 222 014c 73686F72 		.ascii	"short int\000"
 222      7420696E 
 222      7400
 223              	.LASF12:
 224 0156 696E7433 		.ascii	"int32_t\000"
 224      325F7400 
 225              	.LASF9:
 226 015e 73697A65 		.ascii	"sizetype\000"
 226      74797065 
 226      00
 227              		.ident	"GCC: (4.8.2-14ubuntu1+6) 4.8.2"
ARM GAS  /tmp/ccQdZ96o.s 			page 6


DEFINED SYMBOLS
                            *ABS*:0000000000000000 mmc_spi.c

NO UNDEFINED SYMBOLS
