ARM GAS  /tmp/ccvaUGhr.s 			page 1


   1              		.syntax unified
   2              		.cpu cortex-m3
   3              		.fpu softvfp
   4              		.eabi_attribute 20, 1
   5              		.eabi_attribute 21, 1
   6              		.eabi_attribute 23, 3
   7              		.eabi_attribute 24, 1
   8              		.eabi_attribute 25, 1
   9              		.eabi_attribute 26, 1
  10              		.eabi_attribute 30, 2
  11              		.eabi_attribute 34, 1
  12              		.eabi_attribute 18, 4
  13              		.thumb
  14              		.file	"nvic.c"
  15              		.text
  16              	.Ltext0:
  17              		.cfi_sections	.debug_frame
  18              		.section	.text.nvicEnableVector,"ax",%progbits
  19              		.align	2
  20              		.global	nvicEnableVector
  21              		.thumb
  22              		.thumb_func
  23              		.type	nvicEnableVector, %function
  24              	nvicEnableVector:
  25              	.LFB7:
  26              		.file 1 "/opt/ChibiOS_2.6.6/os/ports/common/ARMCMx/nvic.c"
  27              		.loc 1 46 0
  28              		.cfi_startproc
  29              		@ args = 0, pretend = 0, frame = 0
  30              		@ frame_needed = 0, uses_anonymous_args = 0
  31              		@ link register save eliminated.
  32              	.LVL0:
  33              		.loc 1 47 0
  34 0000 00F00303 		and	r3, r0, #3
  35              		.loc 1 46 0
  36 0004 30B4     		push	{r4, r5}
  37              		.cfi_def_cfa_offset 8
  38              		.cfi_offset 4, -8
  39              		.cfi_offset 5, -4
  40              		.loc 1 47 0
  41 0006 DB00     		lsls	r3, r3, #3
  42              	.LVL1:
  43              		.loc 1 49 0
  44 0008 FF25     		movs	r5, #255
  45 000a 9D40     		lsls	r5, r5, r3
  46 000c 9940     		lsls	r1, r1, r3
  47              	.LVL2:
  48              		.loc 1 50 0
  49 000e 0122     		movs	r2, #1
  50 0010 00F01F03 		and	r3, r0, #31
  51              	.LVL3:
  52 0014 9A40     		lsls	r2, r2, r3
  53 0016 20F00304 		bic	r4, r0, #3
  54 001a 04F16044 		add	r4, r4, #-536870912
  55 001e 04F56144 		add	r4, r4, #57600
  56              		.loc 1 49 0
  57 0022 D4F80033 		ldr	r3, [r4, #768]
ARM GAS  /tmp/ccvaUGhr.s 			page 2


  58              		.loc 1 50 0
  59 0026 4009     		lsrs	r0, r0, #5
  60              	.LVL4:
  61 0028 8000     		lsls	r0, r0, #2
  62              		.loc 1 49 0
  63 002a 23EA0503 		bic	r3, r3, r5
  64 002e 00F16040 		add	r0, r0, #-536870912
  65 0032 00F56140 		add	r0, r0, #57600
  66 0036 0B43     		orrs	r3, r3, r1
  67 0038 C4F80033 		str	r3, [r4, #768]
  68              		.loc 1 50 0
  69 003c C0F88021 		str	r2, [r0, #384]
  70              		.loc 1 52 0
  71 0040 30BC     		pop	{r4, r5}
  72              		.loc 1 51 0
  73 0042 0260     		str	r2, [r0]
  74              		.loc 1 52 0
  75 0044 7047     		bx	lr
  76              		.cfi_endproc
  77              	.LFE7:
  78              		.size	nvicEnableVector, .-nvicEnableVector
  79 0046 00BF     		.section	.text.nvicDisableVector,"ax",%progbits
  80              		.align	2
  81              		.global	nvicDisableVector
  82              		.thumb
  83              		.thumb_func
  84              		.type	nvicDisableVector, %function
  85              	nvicDisableVector:
  86              	.LFB8:
  87              		.loc 1 60 0
  88              		.cfi_startproc
  89              		@ args = 0, pretend = 0, frame = 0
  90              		@ frame_needed = 0, uses_anonymous_args = 0
  91              		@ link register save eliminated.
  92              	.LVL5:
  93 0000 10B4     		push	{r4}
  94              		.cfi_def_cfa_offset 4
  95              		.cfi_offset 4, -4
  96              		.loc 1 63 0
  97 0002 00F01F03 		and	r3, r0, #31
  98 0006 0124     		movs	r4, #1
  99 0008 9C40     		lsls	r4, r4, r3
 100              		.loc 1 61 0
 101 000a 00F00301 		and	r1, r0, #3
 102              		.loc 1 64 0
 103 000e FF23     		movs	r3, #255
 104              		.loc 1 61 0
 105 0010 C900     		lsls	r1, r1, #3
 106              	.LVL6:
 107              		.loc 1 64 0
 108 0012 03FA01F1 		lsl	r1, r3, r1
 109              	.LVL7:
 110              		.loc 1 63 0
 111 0016 4209     		lsrs	r2, r0, #5
 112 0018 4FF46143 		mov	r3, #57600
 113 001c 20F00300 		bic	r0, r0, #3
 114              	.LVL8:
ARM GAS  /tmp/ccvaUGhr.s 			page 3


 115 0020 2032     		adds	r2, r2, #32
 116 0022 CEF20003 		movt	r3, 57344
 117 0026 00F16040 		add	r0, r0, #-536870912
 118 002a 43F82240 		str	r4, [r3, r2, lsl #2]
 119 002e 00F56140 		add	r0, r0, #57600
 120              		.loc 1 64 0
 121 0032 D0F80023 		ldr	r2, [r0, #768]
 122              		.loc 1 65 0
 123 0036 5DF8044B 		ldr	r4, [sp], #4
 124              		.loc 1 64 0
 125 003a 22EA0103 		bic	r3, r2, r1
 126 003e C0F80033 		str	r3, [r0, #768]
 127              		.loc 1 65 0
 128 0042 7047     		bx	lr
 129              		.cfi_endproc
 130              	.LFE8:
 131              		.size	nvicDisableVector, .-nvicDisableVector
 132              		.section	.text.nvicSetSystemHandlerPriority,"ax",%progbits
 133              		.align	2
 134              		.global	nvicSetSystemHandlerPriority
 135              		.thumb
 136              		.thumb_func
 137              		.type	nvicSetSystemHandlerPriority, %function
 138              	nvicSetSystemHandlerPriority:
 139              	.LFB9:
 140              		.loc 1 74 0
 141              		.cfi_startproc
 142              		@ args = 0, pretend = 0, frame = 0
 143              		@ frame_needed = 0, uses_anonymous_args = 0
 144              		@ link register save eliminated.
 145              	.LVL9:
 146              		.loc 1 75 0
 147 0000 00F00303 		and	r3, r0, #3
 148 0004 DB00     		lsls	r3, r3, #3
 149              	.LVL10:
 150              		.loc 1 78 0
 151 0006 FF22     		movs	r2, #255
 152 0008 9A40     		lsls	r2, r2, r3
 153 000a 9940     		lsls	r1, r1, r3
 154              	.LVL11:
 155 000c 20F00300 		bic	r0, r0, #3
 156              	.LVL12:
 157 0010 00F16040 		add	r0, r0, #-536870912
 158 0014 00F56D40 		add	r0, r0, #60672
 159              		.loc 1 77 0
 160 0018 8369     		ldr	r3, [r0, #24]
 161              	.LVL13:
 162 001a 23EA0203 		bic	r3, r3, r2
 163              		.loc 1 78 0
 164 001e 0B43     		orrs	r3, r3, r1
 165              		.loc 1 77 0
 166 0020 8361     		str	r3, [r0, #24]
 167 0022 7047     		bx	lr
 168              		.cfi_endproc
 169              	.LFE9:
 170              		.size	nvicSetSystemHandlerPriority, .-nvicSetSystemHandlerPriority
 171              		.text
ARM GAS  /tmp/ccvaUGhr.s 			page 4


 172              	.Letext0:
 173              		.file 2 "/usr/include/newlib/machine/_default_types.h"
 174              		.file 3 "/usr/include/newlib/stdint.h"
 175              		.file 4 "/opt/ChibiOS_2.6.6/os/ports/common/ARMCMx/nvic.h"
 176              		.section	.debug_info,"",%progbits
 177              	.Ldebug_info0:
 178 0000 FE030000 		.4byte	0x3fe
 179 0004 0400     		.2byte	0x4
 180 0006 00000000 		.4byte	.Ldebug_abbrev0
 181 000a 04       		.byte	0x4
 182 000b 01       		.uleb128 0x1
 183 000c 80010000 		.4byte	.LASF47
 184 0010 01       		.byte	0x1
 185 0011 10010000 		.4byte	.LASF48
 186 0015 00000000 		.4byte	.Ldebug_ranges0+0
 187 0019 00000000 		.4byte	0
 188 001d 00000000 		.4byte	.Ldebug_line0
 189 0021 02       		.uleb128 0x2
 190 0022 04       		.byte	0x4
 191 0023 05       		.byte	0x5
 192 0024 696E7400 		.ascii	"int\000"
 193 0028 03       		.uleb128 0x3
 194 0029 04       		.byte	0x4
 195 002a 07       		.byte	0x7
 196 002b CF000000 		.4byte	.LASF0
 197 002f 03       		.uleb128 0x3
 198 0030 01       		.byte	0x1
 199 0031 06       		.byte	0x6
 200 0032 25020000 		.4byte	.LASF1
 201 0036 03       		.uleb128 0x3
 202 0037 01       		.byte	0x1
 203 0038 08       		.byte	0x8
 204 0039 4C000000 		.4byte	.LASF2
 205 003d 03       		.uleb128 0x3
 206 003e 02       		.byte	0x2
 207 003f 05       		.byte	0x5
 208 0040 35000000 		.4byte	.LASF3
 209 0044 03       		.uleb128 0x3
 210 0045 02       		.byte	0x2
 211 0046 07       		.byte	0x7
 212 0047 8A000000 		.4byte	.LASF4
 213 004b 03       		.uleb128 0x3
 214 004c 04       		.byte	0x4
 215 004d 05       		.byte	0x5
 216 004e 17020000 		.4byte	.LASF5
 217 0052 04       		.uleb128 0x4
 218 0053 C4000000 		.4byte	.LASF9
 219 0057 02       		.byte	0x2
 220 0058 38       		.byte	0x38
 221 0059 5D000000 		.4byte	0x5d
 222 005d 03       		.uleb128 0x3
 223 005e 04       		.byte	0x4
 224 005f 07       		.byte	0x7
 225 0060 A7000000 		.4byte	.LASF6
 226 0064 03       		.uleb128 0x3
 227 0065 08       		.byte	0x8
 228 0066 05       		.byte	0x5
ARM GAS  /tmp/ccvaUGhr.s 			page 5


 229 0067 57010000 		.4byte	.LASF7
 230 006b 03       		.uleb128 0x3
 231 006c 08       		.byte	0x8
 232 006d 07       		.byte	0x7
 233 006e E6000000 		.4byte	.LASF8
 234 0072 04       		.uleb128 0x4
 235 0073 0E020000 		.4byte	.LASF10
 236 0077 03       		.byte	0x3
 237 0078 42       		.byte	0x42
 238 0079 52000000 		.4byte	0x52
 239 007d 03       		.uleb128 0x3
 240 007e 01       		.byte	0x1
 241 007f 02       		.byte	0x2
 242 0080 0F000000 		.4byte	.LASF11
 243 0084 04       		.uleb128 0x4
 244 0085 44000000 		.4byte	.LASF12
 245 0089 04       		.byte	0x4
 246 008a 3A       		.byte	0x3a
 247 008b 8F000000 		.4byte	0x8f
 248 008f 05       		.uleb128 0x5
 249 0090 72000000 		.4byte	0x72
 250 0094 06       		.uleb128 0x6
 251 0095 040E     		.2byte	0xe04
 252 0097 04       		.byte	0x4
 253 0098 6A       		.byte	0x6a
 254 0099 43010000 		.4byte	0x143
 255 009d 07       		.uleb128 0x7
 256 009e 70010000 		.4byte	.LASF13
 257 00a2 04       		.byte	0x4
 258 00a3 6B       		.byte	0x6b
 259 00a4 5A010000 		.4byte	0x15a
 260 00a8 00       		.byte	0
 261 00a9 07       		.uleb128 0x7
 262 00aa 5A000000 		.4byte	.LASF14
 263 00ae 04       		.byte	0x4
 264 00af 6C       		.byte	0x6c
 265 00b0 6F010000 		.4byte	0x16f
 266 00b4 20       		.byte	0x20
 267 00b5 07       		.uleb128 0x7
 268 00b6 3F000000 		.4byte	.LASF15
 269 00ba 04       		.byte	0x4
 270 00bb 6D       		.byte	0x6d
 271 00bc 74010000 		.4byte	0x174
 272 00c0 80       		.byte	0x80
 273 00c1 07       		.uleb128 0x7
 274 00c2 62000000 		.4byte	.LASF16
 275 00c6 04       		.byte	0x4
 276 00c7 6E       		.byte	0x6e
 277 00c8 79010000 		.4byte	0x179
 278 00cc A0       		.byte	0xa0
 279 00cd 08       		.uleb128 0x8
 280 00ce DC000000 		.4byte	.LASF17
 281 00d2 04       		.byte	0x4
 282 00d3 6F       		.byte	0x6f
 283 00d4 7E010000 		.4byte	0x17e
 284 00d8 0001     		.2byte	0x100
 285 00da 08       		.uleb128 0x8
ARM GAS  /tmp/ccvaUGhr.s 			page 6


 286 00db 6A000000 		.4byte	.LASF18
 287 00df 04       		.byte	0x4
 288 00e0 70       		.byte	0x70
 289 00e1 83010000 		.4byte	0x183
 290 00e5 2001     		.2byte	0x120
 291 00e7 08       		.uleb128 0x8
 292 00e8 05000000 		.4byte	.LASF19
 293 00ec 04       		.byte	0x4
 294 00ed 71       		.byte	0x71
 295 00ee 88010000 		.4byte	0x188
 296 00f2 8001     		.2byte	0x180
 297 00f4 08       		.uleb128 0x8
 298 00f5 72000000 		.4byte	.LASF20
 299 00f9 04       		.byte	0x4
 300 00fa 72       		.byte	0x72
 301 00fb 8D010000 		.4byte	0x18d
 302 00ff A001     		.2byte	0x1a0
 303 0101 08       		.uleb128 0x8
 304 0102 4E020000 		.4byte	.LASF21
 305 0106 04       		.byte	0x4
 306 0107 73       		.byte	0x73
 307 0108 92010000 		.4byte	0x192
 308 010c 0002     		.2byte	0x200
 309 010e 08       		.uleb128 0x8
 310 010f 7A000000 		.4byte	.LASF22
 311 0113 04       		.byte	0x4
 312 0114 74       		.byte	0x74
 313 0115 A7010000 		.4byte	0x1a7
 314 0119 2002     		.2byte	0x220
 315 011b 09       		.uleb128 0x9
 316 011c 49505200 		.ascii	"IPR\000"
 317 0120 04       		.byte	0x4
 318 0121 75       		.byte	0x75
 319 0122 BC010000 		.4byte	0x1bc
 320 0126 0003     		.2byte	0x300
 321 0128 08       		.uleb128 0x8
 322 0129 82000000 		.4byte	.LASF23
 323 012d 04       		.byte	0x4
 324 012e 76       		.byte	0x76
 325 012f D2010000 		.4byte	0x1d2
 326 0133 F003     		.2byte	0x3f0
 327 0135 08       		.uleb128 0x8
 328 0136 BF000000 		.4byte	.LASF24
 329 013a 04       		.byte	0x4
 330 013b 77       		.byte	0x77
 331 013c 84000000 		.4byte	0x84
 332 0140 000E     		.2byte	0xe00
 333 0142 00       		.byte	0
 334 0143 0A       		.uleb128 0xa
 335 0144 84000000 		.4byte	0x84
 336 0148 53010000 		.4byte	0x153
 337 014c 0B       		.uleb128 0xb
 338 014d 53010000 		.4byte	0x153
 339 0151 07       		.byte	0x7
 340 0152 00       		.byte	0
 341 0153 03       		.uleb128 0x3
 342 0154 04       		.byte	0x4
ARM GAS  /tmp/ccvaUGhr.s 			page 7


 343 0155 07       		.byte	0x7
 344 0156 4E010000 		.4byte	.LASF25
 345 015a 05       		.uleb128 0x5
 346 015b 43010000 		.4byte	0x143
 347 015f 0A       		.uleb128 0xa
 348 0160 84000000 		.4byte	0x84
 349 0164 6F010000 		.4byte	0x16f
 350 0168 0B       		.uleb128 0xb
 351 0169 53010000 		.4byte	0x153
 352 016d 17       		.byte	0x17
 353 016e 00       		.byte	0
 354 016f 05       		.uleb128 0x5
 355 0170 5F010000 		.4byte	0x15f
 356 0174 05       		.uleb128 0x5
 357 0175 43010000 		.4byte	0x143
 358 0179 05       		.uleb128 0x5
 359 017a 5F010000 		.4byte	0x15f
 360 017e 05       		.uleb128 0x5
 361 017f 43010000 		.4byte	0x143
 362 0183 05       		.uleb128 0x5
 363 0184 5F010000 		.4byte	0x15f
 364 0188 05       		.uleb128 0x5
 365 0189 43010000 		.4byte	0x143
 366 018d 05       		.uleb128 0x5
 367 018e 5F010000 		.4byte	0x15f
 368 0192 05       		.uleb128 0x5
 369 0193 43010000 		.4byte	0x143
 370 0197 0A       		.uleb128 0xa
 371 0198 84000000 		.4byte	0x84
 372 019c A7010000 		.4byte	0x1a7
 373 01a0 0B       		.uleb128 0xb
 374 01a1 53010000 		.4byte	0x153
 375 01a5 37       		.byte	0x37
 376 01a6 00       		.byte	0
 377 01a7 05       		.uleb128 0x5
 378 01a8 97010000 		.4byte	0x197
 379 01ac 0A       		.uleb128 0xa
 380 01ad 84000000 		.4byte	0x84
 381 01b1 BC010000 		.4byte	0x1bc
 382 01b5 0B       		.uleb128 0xb
 383 01b6 53010000 		.4byte	0x153
 384 01ba 3B       		.byte	0x3b
 385 01bb 00       		.byte	0
 386 01bc 05       		.uleb128 0x5
 387 01bd AC010000 		.4byte	0x1ac
 388 01c1 0A       		.uleb128 0xa
 389 01c2 84000000 		.4byte	0x84
 390 01c6 D2010000 		.4byte	0x1d2
 391 01ca 0C       		.uleb128 0xc
 392 01cb 53010000 		.4byte	0x153
 393 01cf 8302     		.2byte	0x283
 394 01d1 00       		.byte	0
 395 01d2 05       		.uleb128 0x5
 396 01d3 C1010000 		.4byte	0x1c1
 397 01d7 04       		.uleb128 0x4
 398 01d8 27000000 		.4byte	.LASF26
 399 01dc 04       		.byte	0x4
ARM GAS  /tmp/ccvaUGhr.s 			page 8


 400 01dd 78       		.byte	0x78
 401 01de 94000000 		.4byte	0x94
 402 01e2 0D       		.uleb128 0xd
 403 01e3 8C       		.byte	0x8c
 404 01e4 04       		.byte	0x4
 405 01e5 89       		.byte	0x89
 406 01e6 E7020000 		.4byte	0x2e7
 407 01ea 07       		.uleb128 0x7
 408 01eb 65010000 		.4byte	.LASF27
 409 01ef 04       		.byte	0x4
 410 01f0 8A       		.byte	0x8a
 411 01f1 84000000 		.4byte	0x84
 412 01f5 00       		.byte	0
 413 01f6 07       		.uleb128 0x7
 414 01f7 FD000000 		.4byte	.LASF28
 415 01fb 04       		.byte	0x4
 416 01fc 8B       		.byte	0x8b
 417 01fd 84000000 		.4byte	0x84
 418 0201 04       		.byte	0x4
 419 0202 07       		.uleb128 0x7
 420 0203 30000000 		.4byte	.LASF29
 421 0207 04       		.byte	0x4
 422 0208 8C       		.byte	0x8c
 423 0209 84000000 		.4byte	0x84
 424 020d 08       		.byte	0x8
 425 020e 07       		.uleb128 0x7
 426 020f 0A010000 		.4byte	.LASF30
 427 0213 04       		.byte	0x4
 428 0214 8D       		.byte	0x8d
 429 0215 84000000 		.4byte	0x84
 430 0219 0C       		.byte	0xc
 431 021a 0E       		.uleb128 0xe
 432 021b 53435200 		.ascii	"SCR\000"
 433 021f 04       		.byte	0x4
 434 0220 8E       		.byte	0x8e
 435 0221 84000000 		.4byte	0x84
 436 0225 10       		.byte	0x10
 437 0226 0E       		.uleb128 0xe
 438 0227 43435200 		.ascii	"CCR\000"
 439 022b 04       		.byte	0x4
 440 022c 8F       		.byte	0x8f
 441 022d 84000000 		.4byte	0x84
 442 0231 14       		.byte	0x14
 443 0232 07       		.uleb128 0x7
 444 0233 20020000 		.4byte	.LASF31
 445 0237 04       		.byte	0x4
 446 0238 90       		.byte	0x90
 447 0239 F7020000 		.4byte	0x2f7
 448 023d 18       		.byte	0x18
 449 023e 07       		.uleb128 0x7
 450 023f 08020000 		.4byte	.LASF32
 451 0243 04       		.byte	0x4
 452 0244 91       		.byte	0x91
 453 0245 84000000 		.4byte	0x84
 454 0249 24       		.byte	0x24
 455 024a 07       		.uleb128 0x7
 456 024b 9D000000 		.4byte	.LASF33
ARM GAS  /tmp/ccvaUGhr.s 			page 9


 457 024f 04       		.byte	0x4
 458 0250 92       		.byte	0x92
 459 0251 84000000 		.4byte	0x84
 460 0255 28       		.byte	0x28
 461 0256 07       		.uleb128 0x7
 462 0257 A2000000 		.4byte	.LASF34
 463 025b 04       		.byte	0x4
 464 025c 93       		.byte	0x93
 465 025d 84000000 		.4byte	0x84
 466 0261 2C       		.byte	0x2c
 467 0262 07       		.uleb128 0x7
 468 0263 E1000000 		.4byte	.LASF35
 469 0267 04       		.byte	0x4
 470 0268 94       		.byte	0x94
 471 0269 84000000 		.4byte	0x84
 472 026d 30       		.byte	0x30
 473 026e 07       		.uleb128 0x7
 474 026f 7A010000 		.4byte	.LASF36
 475 0273 04       		.byte	0x4
 476 0274 95       		.byte	0x95
 477 0275 84000000 		.4byte	0x84
 478 0279 34       		.byte	0x34
 479 027a 07       		.uleb128 0x7
 480 027b 41010000 		.4byte	.LASF37
 481 027f 04       		.byte	0x4
 482 0280 96       		.byte	0x96
 483 0281 84000000 		.4byte	0x84
 484 0285 38       		.byte	0x38
 485 0286 07       		.uleb128 0x7
 486 0287 75010000 		.4byte	.LASF38
 487 028b 04       		.byte	0x4
 488 028c 97       		.byte	0x97
 489 028d 84000000 		.4byte	0x84
 490 0291 3C       		.byte	0x3c
 491 0292 0E       		.uleb128 0xe
 492 0293 50465200 		.ascii	"PFR\000"
 493 0297 04       		.byte	0x4
 494 0298 98       		.byte	0x98
 495 0299 0C030000 		.4byte	0x30c
 496 029d 40       		.byte	0x40
 497 029e 0E       		.uleb128 0xe
 498 029f 44465200 		.ascii	"DFR\000"
 499 02a3 04       		.byte	0x4
 500 02a4 99       		.byte	0x99
 501 02a5 84000000 		.4byte	0x84
 502 02a9 48       		.byte	0x48
 503 02aa 0E       		.uleb128 0xe
 504 02ab 41445200 		.ascii	"ADR\000"
 505 02af 04       		.byte	0x4
 506 02b0 9A       		.byte	0x9a
 507 02b1 84000000 		.4byte	0x84
 508 02b5 4C       		.byte	0x4c
 509 02b6 07       		.uleb128 0x7
 510 02b7 0A000000 		.4byte	.LASF39
 511 02bb 04       		.byte	0x4
 512 02bc 9B       		.byte	0x9b
 513 02bd 21030000 		.4byte	0x321
ARM GAS  /tmp/ccvaUGhr.s 			page 10


 514 02c1 50       		.byte	0x50
 515 02c2 0E       		.uleb128 0xe
 516 02c3 53415200 		.ascii	"SAR\000"
 517 02c7 04       		.byte	0x4
 518 02c8 9C       		.byte	0x9c
 519 02c9 36030000 		.4byte	0x336
 520 02cd 60       		.byte	0x60
 521 02ce 07       		.uleb128 0x7
 522 02cf 5A000000 		.4byte	.LASF14
 523 02d3 04       		.byte	0x4
 524 02d4 9D       		.byte	0x9d
 525 02d5 3B030000 		.4byte	0x33b
 526 02d9 74       		.byte	0x74
 527 02da 07       		.uleb128 0x7
 528 02db B9000000 		.4byte	.LASF40
 529 02df 04       		.byte	0x4
 530 02e0 9E       		.byte	0x9e
 531 02e1 84000000 		.4byte	0x84
 532 02e5 88       		.byte	0x88
 533 02e6 00       		.byte	0
 534 02e7 0A       		.uleb128 0xa
 535 02e8 84000000 		.4byte	0x84
 536 02ec F7020000 		.4byte	0x2f7
 537 02f0 0B       		.uleb128 0xb
 538 02f1 53010000 		.4byte	0x153
 539 02f5 02       		.byte	0x2
 540 02f6 00       		.byte	0
 541 02f7 05       		.uleb128 0x5
 542 02f8 E7020000 		.4byte	0x2e7
 543 02fc 0A       		.uleb128 0xa
 544 02fd 84000000 		.4byte	0x84
 545 0301 0C030000 		.4byte	0x30c
 546 0305 0B       		.uleb128 0xb
 547 0306 53010000 		.4byte	0x153
 548 030a 01       		.byte	0x1
 549 030b 00       		.byte	0
 550 030c 05       		.uleb128 0x5
 551 030d FC020000 		.4byte	0x2fc
 552 0311 0A       		.uleb128 0xa
 553 0312 84000000 		.4byte	0x84
 554 0316 21030000 		.4byte	0x321
 555 031a 0B       		.uleb128 0xb
 556 031b 53010000 		.4byte	0x153
 557 031f 03       		.byte	0x3
 558 0320 00       		.byte	0
 559 0321 05       		.uleb128 0x5
 560 0322 11030000 		.4byte	0x311
 561 0326 0A       		.uleb128 0xa
 562 0327 84000000 		.4byte	0x84
 563 032b 36030000 		.4byte	0x336
 564 032f 0B       		.uleb128 0xb
 565 0330 53010000 		.4byte	0x153
 566 0334 04       		.byte	0x4
 567 0335 00       		.byte	0
 568 0336 05       		.uleb128 0x5
 569 0337 26030000 		.4byte	0x326
 570 033b 05       		.uleb128 0x5
ARM GAS  /tmp/ccvaUGhr.s 			page 11


 571 033c 26030000 		.4byte	0x326
 572 0340 04       		.uleb128 0x4
 573 0341 02010000 		.4byte	.LASF41
 574 0345 04       		.byte	0x4
 575 0346 9F       		.byte	0x9f
 576 0347 E2010000 		.4byte	0x1e2
 577 034b 03       		.uleb128 0x3
 578 034c 01       		.byte	0x1
 579 034d 08       		.byte	0x8
 580 034e 6B010000 		.4byte	.LASF42
 581 0352 0F       		.uleb128 0xf
 582 0353 53020000 		.4byte	.LASF44
 583 0357 01       		.byte	0x1
 584 0358 2E       		.byte	0x2e
 585 0359 00000000 		.4byte	.LFB7
 586 035d 46000000 		.4byte	.LFE7-.LFB7
 587 0361 01       		.uleb128 0x1
 588 0362 9C       		.byte	0x9c
 589 0363 92030000 		.4byte	0x392
 590 0367 10       		.uleb128 0x10
 591 0368 6E00     		.ascii	"n\000"
 592 036a 01       		.byte	0x1
 593 036b 2E       		.byte	0x2e
 594 036c 72000000 		.4byte	0x72
 595 0370 00000000 		.4byte	.LLST0
 596 0374 11       		.uleb128 0x11
 597 0375 00000000 		.4byte	.LASF43
 598 0379 01       		.byte	0x1
 599 037a 2E       		.byte	0x2e
 600 037b 72000000 		.4byte	0x72
 601 037f 21000000 		.4byte	.LLST1
 602 0383 12       		.uleb128 0x12
 603 0384 736800   		.ascii	"sh\000"
 604 0387 01       		.byte	0x1
 605 0388 2F       		.byte	0x2f
 606 0389 28000000 		.4byte	0x28
 607 038d 42000000 		.4byte	.LLST2
 608 0391 00       		.byte	0
 609 0392 0F       		.uleb128 0xf
 610 0393 15000000 		.4byte	.LASF45
 611 0397 01       		.byte	0x1
 612 0398 3C       		.byte	0x3c
 613 0399 00000000 		.4byte	.LFB8
 614 039d 44000000 		.4byte	.LFE8-.LFB8
 615 03a1 01       		.uleb128 0x1
 616 03a2 9C       		.byte	0x9c
 617 03a3 C3030000 		.4byte	0x3c3
 618 03a7 10       		.uleb128 0x10
 619 03a8 6E00     		.ascii	"n\000"
 620 03aa 01       		.byte	0x1
 621 03ab 3C       		.byte	0x3c
 622 03ac 72000000 		.4byte	0x72
 623 03b0 89000000 		.4byte	.LLST3
 624 03b4 12       		.uleb128 0x12
 625 03b5 736800   		.ascii	"sh\000"
 626 03b8 01       		.byte	0x1
 627 03b9 3D       		.byte	0x3d
ARM GAS  /tmp/ccvaUGhr.s 			page 12


 628 03ba 28000000 		.4byte	0x28
 629 03be AA000000 		.4byte	.LLST4
 630 03c2 00       		.byte	0
 631 03c3 13       		.uleb128 0x13
 632 03c4 31020000 		.4byte	.LASF49
 633 03c8 01       		.byte	0x1
 634 03c9 4A       		.byte	0x4a
 635 03ca 00000000 		.4byte	.LFB9
 636 03ce 24000000 		.4byte	.LFE9-.LFB9
 637 03d2 01       		.uleb128 0x1
 638 03d3 9C       		.byte	0x9c
 639 03d4 11       		.uleb128 0x11
 640 03d5 46010000 		.4byte	.LASF46
 641 03d9 01       		.byte	0x1
 642 03da 4A       		.byte	0x4a
 643 03db 72000000 		.4byte	0x72
 644 03df F1000000 		.4byte	.LLST5
 645 03e3 11       		.uleb128 0x11
 646 03e4 00000000 		.4byte	.LASF43
 647 03e8 01       		.byte	0x1
 648 03e9 4A       		.byte	0x4a
 649 03ea 72000000 		.4byte	0x72
 650 03ee 12010000 		.4byte	.LLST6
 651 03f2 12       		.uleb128 0x12
 652 03f3 736800   		.ascii	"sh\000"
 653 03f6 01       		.byte	0x1
 654 03f7 4B       		.byte	0x4b
 655 03f8 28000000 		.4byte	0x28
 656 03fc 33010000 		.4byte	.LLST7
 657 0400 00       		.byte	0
 658 0401 00       		.byte	0
 659              		.section	.debug_abbrev,"",%progbits
 660              	.Ldebug_abbrev0:
 661 0000 01       		.uleb128 0x1
 662 0001 11       		.uleb128 0x11
 663 0002 01       		.byte	0x1
 664 0003 25       		.uleb128 0x25
 665 0004 0E       		.uleb128 0xe
 666 0005 13       		.uleb128 0x13
 667 0006 0B       		.uleb128 0xb
 668 0007 03       		.uleb128 0x3
 669 0008 0E       		.uleb128 0xe
 670 0009 55       		.uleb128 0x55
 671 000a 17       		.uleb128 0x17
 672 000b 11       		.uleb128 0x11
 673 000c 01       		.uleb128 0x1
 674 000d 10       		.uleb128 0x10
 675 000e 17       		.uleb128 0x17
 676 000f 00       		.byte	0
 677 0010 00       		.byte	0
 678 0011 02       		.uleb128 0x2
 679 0012 24       		.uleb128 0x24
 680 0013 00       		.byte	0
 681 0014 0B       		.uleb128 0xb
 682 0015 0B       		.uleb128 0xb
 683 0016 3E       		.uleb128 0x3e
 684 0017 0B       		.uleb128 0xb
ARM GAS  /tmp/ccvaUGhr.s 			page 13


 685 0018 03       		.uleb128 0x3
 686 0019 08       		.uleb128 0x8
 687 001a 00       		.byte	0
 688 001b 00       		.byte	0
 689 001c 03       		.uleb128 0x3
 690 001d 24       		.uleb128 0x24
 691 001e 00       		.byte	0
 692 001f 0B       		.uleb128 0xb
 693 0020 0B       		.uleb128 0xb
 694 0021 3E       		.uleb128 0x3e
 695 0022 0B       		.uleb128 0xb
 696 0023 03       		.uleb128 0x3
 697 0024 0E       		.uleb128 0xe
 698 0025 00       		.byte	0
 699 0026 00       		.byte	0
 700 0027 04       		.uleb128 0x4
 701 0028 16       		.uleb128 0x16
 702 0029 00       		.byte	0
 703 002a 03       		.uleb128 0x3
 704 002b 0E       		.uleb128 0xe
 705 002c 3A       		.uleb128 0x3a
 706 002d 0B       		.uleb128 0xb
 707 002e 3B       		.uleb128 0x3b
 708 002f 0B       		.uleb128 0xb
 709 0030 49       		.uleb128 0x49
 710 0031 13       		.uleb128 0x13
 711 0032 00       		.byte	0
 712 0033 00       		.byte	0
 713 0034 05       		.uleb128 0x5
 714 0035 35       		.uleb128 0x35
 715 0036 00       		.byte	0
 716 0037 49       		.uleb128 0x49
 717 0038 13       		.uleb128 0x13
 718 0039 00       		.byte	0
 719 003a 00       		.byte	0
 720 003b 06       		.uleb128 0x6
 721 003c 13       		.uleb128 0x13
 722 003d 01       		.byte	0x1
 723 003e 0B       		.uleb128 0xb
 724 003f 05       		.uleb128 0x5
 725 0040 3A       		.uleb128 0x3a
 726 0041 0B       		.uleb128 0xb
 727 0042 3B       		.uleb128 0x3b
 728 0043 0B       		.uleb128 0xb
 729 0044 01       		.uleb128 0x1
 730 0045 13       		.uleb128 0x13
 731 0046 00       		.byte	0
 732 0047 00       		.byte	0
 733 0048 07       		.uleb128 0x7
 734 0049 0D       		.uleb128 0xd
 735 004a 00       		.byte	0
 736 004b 03       		.uleb128 0x3
 737 004c 0E       		.uleb128 0xe
 738 004d 3A       		.uleb128 0x3a
 739 004e 0B       		.uleb128 0xb
 740 004f 3B       		.uleb128 0x3b
 741 0050 0B       		.uleb128 0xb
ARM GAS  /tmp/ccvaUGhr.s 			page 14


 742 0051 49       		.uleb128 0x49
 743 0052 13       		.uleb128 0x13
 744 0053 38       		.uleb128 0x38
 745 0054 0B       		.uleb128 0xb
 746 0055 00       		.byte	0
 747 0056 00       		.byte	0
 748 0057 08       		.uleb128 0x8
 749 0058 0D       		.uleb128 0xd
 750 0059 00       		.byte	0
 751 005a 03       		.uleb128 0x3
 752 005b 0E       		.uleb128 0xe
 753 005c 3A       		.uleb128 0x3a
 754 005d 0B       		.uleb128 0xb
 755 005e 3B       		.uleb128 0x3b
 756 005f 0B       		.uleb128 0xb
 757 0060 49       		.uleb128 0x49
 758 0061 13       		.uleb128 0x13
 759 0062 38       		.uleb128 0x38
 760 0063 05       		.uleb128 0x5
 761 0064 00       		.byte	0
 762 0065 00       		.byte	0
 763 0066 09       		.uleb128 0x9
 764 0067 0D       		.uleb128 0xd
 765 0068 00       		.byte	0
 766 0069 03       		.uleb128 0x3
 767 006a 08       		.uleb128 0x8
 768 006b 3A       		.uleb128 0x3a
 769 006c 0B       		.uleb128 0xb
 770 006d 3B       		.uleb128 0x3b
 771 006e 0B       		.uleb128 0xb
 772 006f 49       		.uleb128 0x49
 773 0070 13       		.uleb128 0x13
 774 0071 38       		.uleb128 0x38
 775 0072 05       		.uleb128 0x5
 776 0073 00       		.byte	0
 777 0074 00       		.byte	0
 778 0075 0A       		.uleb128 0xa
 779 0076 01       		.uleb128 0x1
 780 0077 01       		.byte	0x1
 781 0078 49       		.uleb128 0x49
 782 0079 13       		.uleb128 0x13
 783 007a 01       		.uleb128 0x1
 784 007b 13       		.uleb128 0x13
 785 007c 00       		.byte	0
 786 007d 00       		.byte	0
 787 007e 0B       		.uleb128 0xb
 788 007f 21       		.uleb128 0x21
 789 0080 00       		.byte	0
 790 0081 49       		.uleb128 0x49
 791 0082 13       		.uleb128 0x13
 792 0083 2F       		.uleb128 0x2f
 793 0084 0B       		.uleb128 0xb
 794 0085 00       		.byte	0
 795 0086 00       		.byte	0
 796 0087 0C       		.uleb128 0xc
 797 0088 21       		.uleb128 0x21
 798 0089 00       		.byte	0
ARM GAS  /tmp/ccvaUGhr.s 			page 15


 799 008a 49       		.uleb128 0x49
 800 008b 13       		.uleb128 0x13
 801 008c 2F       		.uleb128 0x2f
 802 008d 05       		.uleb128 0x5
 803 008e 00       		.byte	0
 804 008f 00       		.byte	0
 805 0090 0D       		.uleb128 0xd
 806 0091 13       		.uleb128 0x13
 807 0092 01       		.byte	0x1
 808 0093 0B       		.uleb128 0xb
 809 0094 0B       		.uleb128 0xb
 810 0095 3A       		.uleb128 0x3a
 811 0096 0B       		.uleb128 0xb
 812 0097 3B       		.uleb128 0x3b
 813 0098 0B       		.uleb128 0xb
 814 0099 01       		.uleb128 0x1
 815 009a 13       		.uleb128 0x13
 816 009b 00       		.byte	0
 817 009c 00       		.byte	0
 818 009d 0E       		.uleb128 0xe
 819 009e 0D       		.uleb128 0xd
 820 009f 00       		.byte	0
 821 00a0 03       		.uleb128 0x3
 822 00a1 08       		.uleb128 0x8
 823 00a2 3A       		.uleb128 0x3a
 824 00a3 0B       		.uleb128 0xb
 825 00a4 3B       		.uleb128 0x3b
 826 00a5 0B       		.uleb128 0xb
 827 00a6 49       		.uleb128 0x49
 828 00a7 13       		.uleb128 0x13
 829 00a8 38       		.uleb128 0x38
 830 00a9 0B       		.uleb128 0xb
 831 00aa 00       		.byte	0
 832 00ab 00       		.byte	0
 833 00ac 0F       		.uleb128 0xf
 834 00ad 2E       		.uleb128 0x2e
 835 00ae 01       		.byte	0x1
 836 00af 3F       		.uleb128 0x3f
 837 00b0 19       		.uleb128 0x19
 838 00b1 03       		.uleb128 0x3
 839 00b2 0E       		.uleb128 0xe
 840 00b3 3A       		.uleb128 0x3a
 841 00b4 0B       		.uleb128 0xb
 842 00b5 3B       		.uleb128 0x3b
 843 00b6 0B       		.uleb128 0xb
 844 00b7 27       		.uleb128 0x27
 845 00b8 19       		.uleb128 0x19
 846 00b9 11       		.uleb128 0x11
 847 00ba 01       		.uleb128 0x1
 848 00bb 12       		.uleb128 0x12
 849 00bc 06       		.uleb128 0x6
 850 00bd 40       		.uleb128 0x40
 851 00be 18       		.uleb128 0x18
 852 00bf 9742     		.uleb128 0x2117
 853 00c1 19       		.uleb128 0x19
 854 00c2 01       		.uleb128 0x1
 855 00c3 13       		.uleb128 0x13
ARM GAS  /tmp/ccvaUGhr.s 			page 16


 856 00c4 00       		.byte	0
 857 00c5 00       		.byte	0
 858 00c6 10       		.uleb128 0x10
 859 00c7 05       		.uleb128 0x5
 860 00c8 00       		.byte	0
 861 00c9 03       		.uleb128 0x3
 862 00ca 08       		.uleb128 0x8
 863 00cb 3A       		.uleb128 0x3a
 864 00cc 0B       		.uleb128 0xb
 865 00cd 3B       		.uleb128 0x3b
 866 00ce 0B       		.uleb128 0xb
 867 00cf 49       		.uleb128 0x49
 868 00d0 13       		.uleb128 0x13
 869 00d1 02       		.uleb128 0x2
 870 00d2 17       		.uleb128 0x17
 871 00d3 00       		.byte	0
 872 00d4 00       		.byte	0
 873 00d5 11       		.uleb128 0x11
 874 00d6 05       		.uleb128 0x5
 875 00d7 00       		.byte	0
 876 00d8 03       		.uleb128 0x3
 877 00d9 0E       		.uleb128 0xe
 878 00da 3A       		.uleb128 0x3a
 879 00db 0B       		.uleb128 0xb
 880 00dc 3B       		.uleb128 0x3b
 881 00dd 0B       		.uleb128 0xb
 882 00de 49       		.uleb128 0x49
 883 00df 13       		.uleb128 0x13
 884 00e0 02       		.uleb128 0x2
 885 00e1 17       		.uleb128 0x17
 886 00e2 00       		.byte	0
 887 00e3 00       		.byte	0
 888 00e4 12       		.uleb128 0x12
 889 00e5 34       		.uleb128 0x34
 890 00e6 00       		.byte	0
 891 00e7 03       		.uleb128 0x3
 892 00e8 08       		.uleb128 0x8
 893 00e9 3A       		.uleb128 0x3a
 894 00ea 0B       		.uleb128 0xb
 895 00eb 3B       		.uleb128 0x3b
 896 00ec 0B       		.uleb128 0xb
 897 00ed 49       		.uleb128 0x49
 898 00ee 13       		.uleb128 0x13
 899 00ef 02       		.uleb128 0x2
 900 00f0 17       		.uleb128 0x17
 901 00f1 00       		.byte	0
 902 00f2 00       		.byte	0
 903 00f3 13       		.uleb128 0x13
 904 00f4 2E       		.uleb128 0x2e
 905 00f5 01       		.byte	0x1
 906 00f6 3F       		.uleb128 0x3f
 907 00f7 19       		.uleb128 0x19
 908 00f8 03       		.uleb128 0x3
 909 00f9 0E       		.uleb128 0xe
 910 00fa 3A       		.uleb128 0x3a
 911 00fb 0B       		.uleb128 0xb
 912 00fc 3B       		.uleb128 0x3b
ARM GAS  /tmp/ccvaUGhr.s 			page 17


 913 00fd 0B       		.uleb128 0xb
 914 00fe 27       		.uleb128 0x27
 915 00ff 19       		.uleb128 0x19
 916 0100 11       		.uleb128 0x11
 917 0101 01       		.uleb128 0x1
 918 0102 12       		.uleb128 0x12
 919 0103 06       		.uleb128 0x6
 920 0104 40       		.uleb128 0x40
 921 0105 18       		.uleb128 0x18
 922 0106 9742     		.uleb128 0x2117
 923 0108 19       		.uleb128 0x19
 924 0109 00       		.byte	0
 925 010a 00       		.byte	0
 926 010b 00       		.byte	0
 927              		.section	.debug_loc,"",%progbits
 928              	.Ldebug_loc0:
 929              	.LLST0:
 930 0000 00000000 		.4byte	.LVL0
 931 0004 28000000 		.4byte	.LVL4
 932 0008 0100     		.2byte	0x1
 933 000a 50       		.byte	0x50
 934 000b 28000000 		.4byte	.LVL4
 935 000f 46000000 		.4byte	.LFE7
 936 0013 0400     		.2byte	0x4
 937 0015 F3       		.byte	0xf3
 938 0016 01       		.uleb128 0x1
 939 0017 50       		.byte	0x50
 940 0018 9F       		.byte	0x9f
 941 0019 00000000 		.4byte	0
 942 001d 00000000 		.4byte	0
 943              	.LLST1:
 944 0021 00000000 		.4byte	.LVL0
 945 0025 0E000000 		.4byte	.LVL2
 946 0029 0100     		.2byte	0x1
 947 002b 51       		.byte	0x51
 948 002c 0E000000 		.4byte	.LVL2
 949 0030 46000000 		.4byte	.LFE7
 950 0034 0400     		.2byte	0x4
 951 0036 F3       		.byte	0xf3
 952 0037 01       		.uleb128 0x1
 953 0038 51       		.byte	0x51
 954 0039 9F       		.byte	0x9f
 955 003a 00000000 		.4byte	0
 956 003e 00000000 		.4byte	0
 957              	.LLST2:
 958 0042 00000000 		.4byte	.LVL0
 959 0046 08000000 		.4byte	.LVL1
 960 004a 0700     		.2byte	0x7
 961 004c 70       		.byte	0x70
 962 004d 00       		.sleb128 0
 963 004e 33       		.byte	0x33
 964 004f 1A       		.byte	0x1a
 965 0050 33       		.byte	0x33
 966 0051 24       		.byte	0x24
 967 0052 9F       		.byte	0x9f
 968 0053 08000000 		.4byte	.LVL1
 969 0057 14000000 		.4byte	.LVL3
ARM GAS  /tmp/ccvaUGhr.s 			page 18


 970 005b 0100     		.2byte	0x1
 971 005d 53       		.byte	0x53
 972 005e 14000000 		.4byte	.LVL3
 973 0062 28000000 		.4byte	.LVL4
 974 0066 0700     		.2byte	0x7
 975 0068 70       		.byte	0x70
 976 0069 00       		.sleb128 0
 977 006a 33       		.byte	0x33
 978 006b 1A       		.byte	0x1a
 979 006c 33       		.byte	0x33
 980 006d 24       		.byte	0x24
 981 006e 9F       		.byte	0x9f
 982 006f 28000000 		.4byte	.LVL4
 983 0073 46000000 		.4byte	.LFE7
 984 0077 0800     		.2byte	0x8
 985 0079 F3       		.byte	0xf3
 986 007a 01       		.uleb128 0x1
 987 007b 50       		.byte	0x50
 988 007c 33       		.byte	0x33
 989 007d 1A       		.byte	0x1a
 990 007e 33       		.byte	0x33
 991 007f 24       		.byte	0x24
 992 0080 9F       		.byte	0x9f
 993 0081 00000000 		.4byte	0
 994 0085 00000000 		.4byte	0
 995              	.LLST3:
 996 0089 00000000 		.4byte	.LVL5
 997 008d 20000000 		.4byte	.LVL8
 998 0091 0100     		.2byte	0x1
 999 0093 50       		.byte	0x50
 1000 0094 20000000 		.4byte	.LVL8
 1001 0098 44000000 		.4byte	.LFE8
 1002 009c 0400     		.2byte	0x4
 1003 009e F3       		.byte	0xf3
 1004 009f 01       		.uleb128 0x1
 1005 00a0 50       		.byte	0x50
 1006 00a1 9F       		.byte	0x9f
 1007 00a2 00000000 		.4byte	0
 1008 00a6 00000000 		.4byte	0
 1009              	.LLST4:
 1010 00aa 00000000 		.4byte	.LVL5
 1011 00ae 12000000 		.4byte	.LVL6
 1012 00b2 0700     		.2byte	0x7
 1013 00b4 70       		.byte	0x70
 1014 00b5 00       		.sleb128 0
 1015 00b6 33       		.byte	0x33
 1016 00b7 1A       		.byte	0x1a
 1017 00b8 33       		.byte	0x33
 1018 00b9 24       		.byte	0x24
 1019 00ba 9F       		.byte	0x9f
 1020 00bb 12000000 		.4byte	.LVL6
 1021 00bf 16000000 		.4byte	.LVL7
 1022 00c3 0100     		.2byte	0x1
 1023 00c5 51       		.byte	0x51
 1024 00c6 16000000 		.4byte	.LVL7
 1025 00ca 20000000 		.4byte	.LVL8
 1026 00ce 0700     		.2byte	0x7
ARM GAS  /tmp/ccvaUGhr.s 			page 19


 1027 00d0 70       		.byte	0x70
 1028 00d1 00       		.sleb128 0
 1029 00d2 33       		.byte	0x33
 1030 00d3 1A       		.byte	0x1a
 1031 00d4 33       		.byte	0x33
 1032 00d5 24       		.byte	0x24
 1033 00d6 9F       		.byte	0x9f
 1034 00d7 20000000 		.4byte	.LVL8
 1035 00db 44000000 		.4byte	.LFE8
 1036 00df 0800     		.2byte	0x8
 1037 00e1 F3       		.byte	0xf3
 1038 00e2 01       		.uleb128 0x1
 1039 00e3 50       		.byte	0x50
 1040 00e4 33       		.byte	0x33
 1041 00e5 1A       		.byte	0x1a
 1042 00e6 33       		.byte	0x33
 1043 00e7 24       		.byte	0x24
 1044 00e8 9F       		.byte	0x9f
 1045 00e9 00000000 		.4byte	0
 1046 00ed 00000000 		.4byte	0
 1047              	.LLST5:
 1048 00f1 00000000 		.4byte	.LVL9
 1049 00f5 10000000 		.4byte	.LVL12
 1050 00f9 0100     		.2byte	0x1
 1051 00fb 50       		.byte	0x50
 1052 00fc 10000000 		.4byte	.LVL12
 1053 0100 24000000 		.4byte	.LFE9
 1054 0104 0400     		.2byte	0x4
 1055 0106 F3       		.byte	0xf3
 1056 0107 01       		.uleb128 0x1
 1057 0108 50       		.byte	0x50
 1058 0109 9F       		.byte	0x9f
 1059 010a 00000000 		.4byte	0
 1060 010e 00000000 		.4byte	0
 1061              	.LLST6:
 1062 0112 00000000 		.4byte	.LVL9
 1063 0116 0C000000 		.4byte	.LVL11
 1064 011a 0100     		.2byte	0x1
 1065 011c 51       		.byte	0x51
 1066 011d 0C000000 		.4byte	.LVL11
 1067 0121 24000000 		.4byte	.LFE9
 1068 0125 0400     		.2byte	0x4
 1069 0127 F3       		.byte	0xf3
 1070 0128 01       		.uleb128 0x1
 1071 0129 51       		.byte	0x51
 1072 012a 9F       		.byte	0x9f
 1073 012b 00000000 		.4byte	0
 1074 012f 00000000 		.4byte	0
 1075              	.LLST7:
 1076 0133 00000000 		.4byte	.LVL9
 1077 0137 06000000 		.4byte	.LVL10
 1078 013b 0700     		.2byte	0x7
 1079 013d 70       		.byte	0x70
 1080 013e 00       		.sleb128 0
 1081 013f 33       		.byte	0x33
 1082 0140 1A       		.byte	0x1a
 1083 0141 33       		.byte	0x33
ARM GAS  /tmp/ccvaUGhr.s 			page 20


 1084 0142 24       		.byte	0x24
 1085 0143 9F       		.byte	0x9f
 1086 0144 06000000 		.4byte	.LVL10
 1087 0148 1A000000 		.4byte	.LVL13
 1088 014c 0100     		.2byte	0x1
 1089 014e 53       		.byte	0x53
 1090 014f 1A000000 		.4byte	.LVL13
 1091 0153 24000000 		.4byte	.LFE9
 1092 0157 0800     		.2byte	0x8
 1093 0159 F3       		.byte	0xf3
 1094 015a 01       		.uleb128 0x1
 1095 015b 50       		.byte	0x50
 1096 015c 33       		.byte	0x33
 1097 015d 1A       		.byte	0x1a
 1098 015e 33       		.byte	0x33
 1099 015f 24       		.byte	0x24
 1100 0160 9F       		.byte	0x9f
 1101 0161 00000000 		.4byte	0
 1102 0165 00000000 		.4byte	0
 1103              		.section	.debug_aranges,"",%progbits
 1104 0000 2C000000 		.4byte	0x2c
 1105 0004 0200     		.2byte	0x2
 1106 0006 00000000 		.4byte	.Ldebug_info0
 1107 000a 04       		.byte	0x4
 1108 000b 00       		.byte	0
 1109 000c 0000     		.2byte	0
 1110 000e 0000     		.2byte	0
 1111 0010 00000000 		.4byte	.LFB7
 1112 0014 46000000 		.4byte	.LFE7-.LFB7
 1113 0018 00000000 		.4byte	.LFB8
 1114 001c 44000000 		.4byte	.LFE8-.LFB8
 1115 0020 00000000 		.4byte	.LFB9
 1116 0024 24000000 		.4byte	.LFE9-.LFB9
 1117 0028 00000000 		.4byte	0
 1118 002c 00000000 		.4byte	0
 1119              		.section	.debug_ranges,"",%progbits
 1120              	.Ldebug_ranges0:
 1121 0000 00000000 		.4byte	.LFB7
 1122 0004 46000000 		.4byte	.LFE7
 1123 0008 00000000 		.4byte	.LFB8
 1124 000c 44000000 		.4byte	.LFE8
 1125 0010 00000000 		.4byte	.LFB9
 1126 0014 24000000 		.4byte	.LFE9
 1127 0018 00000000 		.4byte	0
 1128 001c 00000000 		.4byte	0
 1129              		.section	.debug_line,"",%progbits
 1130              	.Ldebug_line0:
 1131 0000 F0000000 		.section	.debug_str,"MS",%progbits,1
 1131      0200A100 
 1131      00000201 
 1131      FB0E0D00 
 1131      01010101 
 1132              	.LASF43:
 1133 0000 7072696F 		.ascii	"prio\000"
 1133      00
 1134              	.LASF19:
 1135 0005 49435052 		.ascii	"ICPR\000"
ARM GAS  /tmp/ccvaUGhr.s 			page 21


 1135      00
 1136              	.LASF39:
 1137 000a 4D4D4652 		.ascii	"MMFR\000"
 1137      00
 1138              	.LASF11:
 1139 000f 5F426F6F 		.ascii	"_Bool\000"
 1139      6C00
 1140              	.LASF45:
 1141 0015 6E766963 		.ascii	"nvicDisableVector\000"
 1141      44697361 
 1141      626C6556 
 1141      6563746F 
 1141      7200
 1142              	.LASF26:
 1143 0027 434D785F 		.ascii	"CMx_NVIC\000"
 1143      4E564943 
 1143      00
 1144              	.LASF29:
 1145 0030 56544F52 		.ascii	"VTOR\000"
 1145      00
 1146              	.LASF3:
 1147 0035 73686F72 		.ascii	"short int\000"
 1147      7420696E 
 1147      7400
 1148              	.LASF15:
 1149 003f 49434552 		.ascii	"ICER\000"
 1149      00
 1150              	.LASF12:
 1151 0044 494F5245 		.ascii	"IOREG32\000"
 1151      47333200 
 1152              	.LASF2:
 1153 004c 756E7369 		.ascii	"unsigned char\000"
 1153      676E6564 
 1153      20636861 
 1153      7200
 1154              	.LASF14:
 1155 005a 756E7573 		.ascii	"unused1\000"
 1155      65643100 
 1156              	.LASF16:
 1157 0062 756E7573 		.ascii	"unused2\000"
 1157      65643200 
 1158              	.LASF18:
 1159 006a 756E7573 		.ascii	"unused3\000"
 1159      65643300 
 1160              	.LASF20:
 1161 0072 756E7573 		.ascii	"unused4\000"
 1161      65643400 
 1162              	.LASF22:
 1163 007a 756E7573 		.ascii	"unused5\000"
 1163      65643500 
 1164              	.LASF23:
 1165 0082 756E7573 		.ascii	"unused6\000"
 1165      65643600 
 1166              	.LASF4:
 1167 008a 73686F72 		.ascii	"short unsigned int\000"
 1167      7420756E 
 1167      7369676E 
ARM GAS  /tmp/ccvaUGhr.s 			page 22


 1167      65642069 
 1167      6E7400
 1168              	.LASF33:
 1169 009d 43465352 		.ascii	"CFSR\000"
 1169      00
 1170              	.LASF34:
 1171 00a2 48465352 		.ascii	"HFSR\000"
 1171      00
 1172              	.LASF6:
 1173 00a7 6C6F6E67 		.ascii	"long unsigned int\000"
 1173      20756E73 
 1173      69676E65 
 1173      6420696E 
 1173      7400
 1174              	.LASF40:
 1175 00b9 43504143 		.ascii	"CPACR\000"
 1175      5200
 1176              	.LASF24:
 1177 00bf 53544952 		.ascii	"STIR\000"
 1177      00
 1178              	.LASF9:
 1179 00c4 5F5F7569 		.ascii	"__uint32_t\000"
 1179      6E743332 
 1179      5F7400
 1180              	.LASF0:
 1181 00cf 756E7369 		.ascii	"unsigned int\000"
 1181      676E6564 
 1181      20696E74 
 1181      00
 1182              	.LASF17:
 1183 00dc 49535052 		.ascii	"ISPR\000"
 1183      00
 1184              	.LASF35:
 1185 00e1 44465352 		.ascii	"DFSR\000"
 1185      00
 1186              	.LASF8:
 1187 00e6 6C6F6E67 		.ascii	"long long unsigned int\000"
 1187      206C6F6E 
 1187      6720756E 
 1187      7369676E 
 1187      65642069 
 1188              	.LASF28:
 1189 00fd 49435352 		.ascii	"ICSR\000"
 1189      00
 1190              	.LASF41:
 1191 0102 434D785F 		.ascii	"CMx_SCB\000"
 1191      53434200 
 1192              	.LASF30:
 1193 010a 41495243 		.ascii	"AIRCR\000"
 1193      5200
 1194              	.LASF48:
 1195 0110 2F6F7074 		.ascii	"/opt/ChibiOS_2.6.6/os/ports/common/ARMCMx/nvic.c\000"
 1195      2F436869 
 1195      62694F53 
 1195      5F322E36 
 1195      2E362F6F 
 1196              	.LASF37:
ARM GAS  /tmp/ccvaUGhr.s 			page 23


 1197 0141 42464152 		.ascii	"BFAR\000"
 1197      00
 1198              	.LASF46:
 1199 0146 68616E64 		.ascii	"handler\000"
 1199      6C657200 
 1200              	.LASF25:
 1201 014e 73697A65 		.ascii	"sizetype\000"
 1201      74797065 
 1201      00
 1202              	.LASF7:
 1203 0157 6C6F6E67 		.ascii	"long long int\000"
 1203      206C6F6E 
 1203      6720696E 
 1203      7400
 1204              	.LASF27:
 1205 0165 43505549 		.ascii	"CPUID\000"
 1205      4400
 1206              	.LASF42:
 1207 016b 63686172 		.ascii	"char\000"
 1207      00
 1208              	.LASF13:
 1209 0170 49534552 		.ascii	"ISER\000"
 1209      00
 1210              	.LASF38:
 1211 0175 41465352 		.ascii	"AFSR\000"
 1211      00
 1212              	.LASF36:
 1213 017a 4D4D4641 		.ascii	"MMFAR\000"
 1213      5200
 1214              	.LASF47:
 1215 0180 474E5520 		.ascii	"GNU C 4.8.2 -mcpu=cortex-m3 -mno-thumb-interwork -m"
 1215      4320342E 
 1215      382E3220 
 1215      2D6D6370 
 1215      753D636F 
 1216 01b3 7468756D 		.ascii	"thumb -ggdb -O2 -fomit-frame-pointer -ffunction-sec"
 1216      62202D67 
 1216      67646220 
 1216      2D4F3220 
 1216      2D666F6D 
 1217 01e6 74696F6E 		.ascii	"tions -fdata-sections -fno-common\000"
 1217      73202D66 
 1217      64617461 
 1217      2D736563 
 1217      74696F6E 
 1218              	.LASF32:
 1219 0208 53484353 		.ascii	"SHCSR\000"
 1219      5200
 1220              	.LASF10:
 1221 020e 75696E74 		.ascii	"uint32_t\000"
 1221      33325F74 
 1221      00
 1222              	.LASF5:
 1223 0217 6C6F6E67 		.ascii	"long int\000"
 1223      20696E74 
 1223      00
 1224              	.LASF31:
ARM GAS  /tmp/ccvaUGhr.s 			page 24


 1225 0220 53485052 		.ascii	"SHPR\000"
 1225      00
 1226              	.LASF1:
 1227 0225 7369676E 		.ascii	"signed char\000"
 1227      65642063 
 1227      68617200 
 1228              	.LASF49:
 1229 0231 6E766963 		.ascii	"nvicSetSystemHandlerPriority\000"
 1229      53657453 
 1229      79737465 
 1229      6D48616E 
 1229      646C6572 
 1230              	.LASF21:
 1231 024e 49414252 		.ascii	"IABR\000"
 1231      00
 1232              	.LASF44:
 1233 0253 6E766963 		.ascii	"nvicEnableVector\000"
 1233      456E6162 
 1233      6C655665 
 1233      63746F72 
 1233      00
 1234              		.ident	"GCC: (4.8.2-14ubuntu1+6) 4.8.2"
ARM GAS  /tmp/ccvaUGhr.s 			page 25


DEFINED SYMBOLS
                            *ABS*:0000000000000000 nvic.c
     /tmp/ccvaUGhr.s:19     .text.nvicEnableVector:0000000000000000 $t
     /tmp/ccvaUGhr.s:24     .text.nvicEnableVector:0000000000000000 nvicEnableVector
     /tmp/ccvaUGhr.s:80     .text.nvicDisableVector:0000000000000000 $t
     /tmp/ccvaUGhr.s:85     .text.nvicDisableVector:0000000000000000 nvicDisableVector
     /tmp/ccvaUGhr.s:133    .text.nvicSetSystemHandlerPriority:0000000000000000 $t
     /tmp/ccvaUGhr.s:138    .text.nvicSetSystemHandlerPriority:0000000000000000 nvicSetSystemHandlerPriority
                     .debug_frame:0000000000000010 $d

NO UNDEFINED SYMBOLS
