ARM GAS  /tmp/ccdvEA5z.s 			page 1


   1              		.syntax unified
   2              		.cpu cortex-m3
   3              		.fpu softvfp
   4              		.eabi_attribute 20, 1
   5              		.eabi_attribute 21, 1
   6              		.eabi_attribute 23, 3
   7              		.eabi_attribute 24, 1
   8              		.eabi_attribute 25, 1
   9              		.eabi_attribute 26, 1
  10              		.eabi_attribute 30, 2
  11              		.eabi_attribute 34, 1
  12              		.eabi_attribute 18, 4
  13              		.thumb
  14              		.file	"pal_lld.c"
  15              		.text
  16              	.Ltext0:
  17              		.cfi_sections	.debug_frame
  18              		.section	.text._pal_lld_init,"ax",%progbits
  19              		.align	2
  20              		.global	_pal_lld_init
  21              		.thumb
  22              		.thumb_func
  23              		.type	_pal_lld_init, %function
  24              	_pal_lld_init:
  25              	.LFB64:
  26              		.file 1 "/opt/ChibiOS_2.6.6/os/hal/platforms/STM32/GPIOv2/pal_lld.c"
  27              		.loc 1 113 0
  28              		.cfi_startproc
  29              		@ args = 0, pretend = 0, frame = 0
  30              		@ frame_needed = 0, uses_anonymous_args = 0
  31              		@ link register save eliminated.
  32              	.LVL0:
  33              		.loc 1 119 0
  34 0000 4FF46052 		mov	r2, #14336
  35 0004 C4F20202 		movt	r2, 16386
  36 0008 D369     		ldr	r3, [r2, #28]
  37              		.loc 1 113 0
  38 000a 70B4     		push	{r4, r5, r6}
  39              		.cfi_def_cfa_offset 12
  40              		.cfi_offset 4, -12
  41              		.cfi_offset 5, -8
  42              		.cfi_offset 6, -4
  43              		.loc 1 119 0
  44 000c 43F03F03 		orr	r3, r3, #63
  45 0010 D361     		str	r3, [r2, #28]
  46 0012 916A     		ldr	r1, [r2, #40]
  47              	.LBB14:
  48              	.LBB15:
  49              		.loc 1 88 0
  50 0014 0023     		movs	r3, #0
  51              	.LBE15:
  52              	.LBE14:
  53              		.loc 1 119 0
  54 0016 41F03F01 		orr	r1, r1, #63
  55 001a 9162     		str	r1, [r2, #40]
  56              		.loc 1 120 0
  57 001c 916A     		ldr	r1, [r2, #40]
ARM GAS  /tmp/ccdvEA5z.s 			page 2


  58              	.LBB25:
  59              	.LBB16:
  60              		.loc 1 88 0
  61 001e C4F20203 		movt	r3, 16386
  62              	.LBE16:
  63              	.LBE25:
  64              		.loc 1 120 0
  65 0022 41F03F01 		orr	r1, r1, #63
  66 0026 9162     		str	r1, [r2, #40]
  67              	.LVL1:
  68              	.LBB26:
  69              	.LBB17:
  70              		.loc 1 88 0
  71 0028 4268     		ldr	r2, [r0, #4]
  72              	.LBE17:
  73              	.LBE26:
  74              	.LBB27:
  75              	.LBB28:
  76 002a 4FF48065 		mov	r5, #1024
  77              	.LBE28:
  78              	.LBE27:
  79              	.LBB34:
  80              	.LBB18:
  81 002e 5A60     		str	r2, [r3, #4]
  82              		.loc 1 89 0
  83 0030 8268     		ldr	r2, [r0, #8]
  84              	.LBE18:
  85              	.LBE34:
  86              	.LBB35:
  87              	.LBB29:
  88              		.loc 1 88 0
  89 0032 C4F20205 		movt	r5, 16386
  90              	.LBE29:
  91              	.LBE35:
  92              	.LBB36:
  93              	.LBB19:
  94              		.loc 1 89 0
  95 0036 9A60     		str	r2, [r3, #8]
  96              		.loc 1 90 0
  97 0038 C268     		ldr	r2, [r0, #12]
  98              	.LBE19:
  99              	.LBE36:
 100              	.LBB37:
 101              	.LBB38:
 102              		.loc 1 88 0
 103 003a 4FF40064 		mov	r4, #2048
 104              	.LBE38:
 105              	.LBE37:
 106              	.LBB41:
 107              	.LBB20:
 108              		.loc 1 90 0
 109 003e DA60     		str	r2, [r3, #12]
 110              		.loc 1 91 0
 111 0040 0269     		ldr	r2, [r0, #16]
 112              	.LBE20:
 113              	.LBE41:
 114              	.LBB42:
ARM GAS  /tmp/ccdvEA5z.s 			page 3


 115              	.LBB39:
 116              		.loc 1 88 0
 117 0042 C4F20204 		movt	r4, 16386
 118              	.LBE39:
 119              	.LBE42:
 120              	.LBB43:
 121              	.LBB21:
 122              		.loc 1 91 0
 123 0046 5A61     		str	r2, [r3, #20]
 124              		.loc 1 92 0
 125 0048 4269     		ldr	r2, [r0, #20]
 126              	.LBE21:
 127              	.LBE43:
 128              	.LBB44:
 129              	.LBB45:
 130              		.loc 1 88 0
 131 004a 4FF44061 		mov	r1, #3072
 132              	.LBE45:
 133              	.LBE44:
 134              	.LBB48:
 135              	.LBB22:
 136              		.loc 1 92 0
 137 004e 1A62     		str	r2, [r3, #32]
 138              		.loc 1 93 0
 139 0050 8269     		ldr	r2, [r0, #24]
 140              	.LBE22:
 141              	.LBE48:
 142              	.LBB49:
 143              	.LBB46:
 144              		.loc 1 88 0
 145 0052 C4F20201 		movt	r1, 16386
 146              	.LBE46:
 147              	.LBE49:
 148              	.LBB50:
 149              	.LBB23:
 150              		.loc 1 93 0
 151 0056 5A62     		str	r2, [r3, #36]
 152              		.loc 1 94 0
 153 0058 0668     		ldr	r6, [r0]
 154              	.LBE23:
 155              	.LBE50:
 156              	.LBB51:
 157              	.LBB52:
 158              		.loc 1 88 0
 159 005a 4FF48052 		mov	r2, #4096
 160              	.LBE52:
 161              	.LBE51:
 162              	.LBB56:
 163              	.LBB24:
 164              		.loc 1 94 0
 165 005e 1E60     		str	r6, [r3]
 166              	.LVL2:
 167              	.LBE24:
 168              	.LBE56:
 169              	.LBB57:
 170              	.LBB30:
 171              		.loc 1 88 0
ARM GAS  /tmp/ccdvEA5z.s 			page 4


 172 0060 036A     		ldr	r3, [r0, #32]
 173              	.LBE30:
 174              	.LBE57:
 175              	.LBB58:
 176              	.LBB53:
 177 0062 C4F20202 		movt	r2, 16386
 178              	.LBE53:
 179              	.LBE58:
 180              	.LBB59:
 181              	.LBB31:
 182 0066 6B60     		str	r3, [r5, #4]
 183              		.loc 1 89 0
 184 0068 466A     		ldr	r6, [r0, #36]
 185              	.LBE31:
 186              	.LBE59:
 187              	.LBB60:
 188              	.LBB61:
 189              		.loc 1 88 0
 190 006a 4FF4A053 		mov	r3, #5120
 191              	.LBE61:
 192              	.LBE60:
 193              	.LBB64:
 194              	.LBB32:
 195              		.loc 1 89 0
 196 006e AE60     		str	r6, [r5, #8]
 197              		.loc 1 90 0
 198 0070 866A     		ldr	r6, [r0, #40]
 199              	.LBE32:
 200              	.LBE64:
 201              	.LBB65:
 202              	.LBB62:
 203              		.loc 1 88 0
 204 0072 C4F20203 		movt	r3, 16386
 205              	.LBE62:
 206              	.LBE65:
 207              	.LBB66:
 208              	.LBB33:
 209              		.loc 1 90 0
 210 0076 EE60     		str	r6, [r5, #12]
 211              		.loc 1 91 0
 212 0078 C66A     		ldr	r6, [r0, #44]
 213 007a 6E61     		str	r6, [r5, #20]
 214              		.loc 1 92 0
 215 007c 066B     		ldr	r6, [r0, #48]
 216 007e 2E62     		str	r6, [r5, #32]
 217              		.loc 1 93 0
 218 0080 466B     		ldr	r6, [r0, #52]
 219 0082 6E62     		str	r6, [r5, #36]
 220              		.loc 1 94 0
 221 0084 C669     		ldr	r6, [r0, #28]
 222 0086 2E60     		str	r6, [r5]
 223              	.LVL3:
 224              	.LBE33:
 225              	.LBE66:
 226              	.LBB67:
 227              	.LBB40:
 228              		.loc 1 88 0
ARM GAS  /tmp/ccdvEA5z.s 			page 5


 229 0088 C56B     		ldr	r5, [r0, #60]
 230 008a 6560     		str	r5, [r4, #4]
 231              		.loc 1 89 0
 232 008c 056C     		ldr	r5, [r0, #64]
 233 008e A560     		str	r5, [r4, #8]
 234              		.loc 1 90 0
 235 0090 456C     		ldr	r5, [r0, #68]
 236 0092 E560     		str	r5, [r4, #12]
 237              		.loc 1 91 0
 238 0094 856C     		ldr	r5, [r0, #72]
 239 0096 6561     		str	r5, [r4, #20]
 240              		.loc 1 92 0
 241 0098 C56C     		ldr	r5, [r0, #76]
 242 009a 2562     		str	r5, [r4, #32]
 243              		.loc 1 93 0
 244 009c 056D     		ldr	r5, [r0, #80]
 245 009e 6562     		str	r5, [r4, #36]
 246              		.loc 1 94 0
 247 00a0 856B     		ldr	r5, [r0, #56]
 248 00a2 2560     		str	r5, [r4]
 249              	.LVL4:
 250              	.LBE40:
 251              	.LBE67:
 252              	.LBB68:
 253              	.LBB47:
 254              		.loc 1 88 0
 255 00a4 846D     		ldr	r4, [r0, #88]
 256 00a6 4C60     		str	r4, [r1, #4]
 257              		.loc 1 89 0
 258 00a8 C46D     		ldr	r4, [r0, #92]
 259 00aa 8C60     		str	r4, [r1, #8]
 260              		.loc 1 90 0
 261 00ac 046E     		ldr	r4, [r0, #96]
 262 00ae CC60     		str	r4, [r1, #12]
 263              		.loc 1 91 0
 264 00b0 446E     		ldr	r4, [r0, #100]
 265 00b2 4C61     		str	r4, [r1, #20]
 266              		.loc 1 92 0
 267 00b4 846E     		ldr	r4, [r0, #104]
 268 00b6 0C62     		str	r4, [r1, #32]
 269              		.loc 1 93 0
 270 00b8 C46E     		ldr	r4, [r0, #108]
 271 00ba 4C62     		str	r4, [r1, #36]
 272              		.loc 1 94 0
 273 00bc 446D     		ldr	r4, [r0, #84]
 274 00be 0C60     		str	r4, [r1]
 275              	.LVL5:
 276              	.LBE47:
 277              	.LBE68:
 278              	.LBB69:
 279              	.LBB54:
 280              		.loc 1 88 0
 281 00c0 416F     		ldr	r1, [r0, #116]
 282 00c2 5160     		str	r1, [r2, #4]
 283              		.loc 1 89 0
 284 00c4 816F     		ldr	r1, [r0, #120]
 285 00c6 9160     		str	r1, [r2, #8]
ARM GAS  /tmp/ccdvEA5z.s 			page 6


 286              		.loc 1 90 0
 287 00c8 C16F     		ldr	r1, [r0, #124]
 288 00ca D160     		str	r1, [r2, #12]
 289              		.loc 1 91 0
 290 00cc D0F88010 		ldr	r1, [r0, #128]
 291              	.LBE54:
 292              	.LBE69:
 293              		.loc 1 160 0
 294 00d0 70BC     		pop	{r4, r5, r6}
 295              	.LBB70:
 296              	.LBB55:
 297              		.loc 1 91 0
 298 00d2 5161     		str	r1, [r2, #20]
 299              		.loc 1 92 0
 300 00d4 D0F88410 		ldr	r1, [r0, #132]
 301 00d8 1162     		str	r1, [r2, #32]
 302              		.loc 1 93 0
 303 00da D0F88810 		ldr	r1, [r0, #136]
 304 00de 5162     		str	r1, [r2, #36]
 305              		.loc 1 94 0
 306 00e0 016F     		ldr	r1, [r0, #112]
 307 00e2 1160     		str	r1, [r2]
 308              	.LVL6:
 309              	.LBE55:
 310              	.LBE70:
 311              	.LBB71:
 312              	.LBB63:
 313              		.loc 1 88 0
 314 00e4 D0F89020 		ldr	r2, [r0, #144]
 315 00e8 5A60     		str	r2, [r3, #4]
 316              		.loc 1 89 0
 317 00ea D0F89420 		ldr	r2, [r0, #148]
 318 00ee 9A60     		str	r2, [r3, #8]
 319              		.loc 1 90 0
 320 00f0 D0F89820 		ldr	r2, [r0, #152]
 321 00f4 DA60     		str	r2, [r3, #12]
 322              		.loc 1 91 0
 323 00f6 D0F89C20 		ldr	r2, [r0, #156]
 324 00fa 5A61     		str	r2, [r3, #20]
 325              		.loc 1 92 0
 326 00fc D0F8A020 		ldr	r2, [r0, #160]
 327 0100 1A62     		str	r2, [r3, #32]
 328              		.loc 1 93 0
 329 0102 D0F8A420 		ldr	r2, [r0, #164]
 330 0106 5A62     		str	r2, [r3, #36]
 331              		.loc 1 94 0
 332 0108 D0F88C20 		ldr	r2, [r0, #140]
 333 010c 1A60     		str	r2, [r3]
 334              	.LBE63:
 335              	.LBE71:
 336              		.loc 1 160 0
 337 010e 7047     		bx	lr
 338              		.cfi_endproc
 339              	.LFE64:
 340              		.size	_pal_lld_init, .-_pal_lld_init
 341              		.section	.text._pal_lld_setgroupmode,"ax",%progbits
 342              		.align	2
ARM GAS  /tmp/ccdvEA5z.s 			page 7


 343              		.global	_pal_lld_setgroupmode
 344              		.thumb
 345              		.thumb_func
 346              		.type	_pal_lld_setgroupmode, %function
 347              	_pal_lld_setgroupmode:
 348              	.LFB65:
 349              		.loc 1 178 0
 350              		.cfi_startproc
 351              		@ args = 0, pretend = 0, frame = 0
 352              		@ frame_needed = 0, uses_anonymous_args = 0
 353              		@ link register save eliminated.
 354              	.LVL7:
 355 0000 2DE9F00F 		push	{r4, r5, r6, r7, r8, r9, r10, fp}
 356              		.cfi_def_cfa_offset 32
 357              		.cfi_offset 4, -32
 358              		.cfi_offset 5, -28
 359              		.cfi_offset 6, -24
 360              		.cfi_offset 7, -20
 361              		.cfi_offset 8, -16
 362              		.cfi_offset 9, -12
 363              		.cfi_offset 10, -8
 364              		.cfi_offset 11, -4
 365              		.loc 1 185 0
 366 0004 0023     		movs	r3, #0
 367              		.loc 1 180 0
 368 0006 02F00307 		and	r7, r2, #3
 369              	.LVL8:
 370              		.loc 1 181 0
 371 000a C2F38006 		ubfx	r6, r2, #2, #1
 372              	.LVL9:
 373              		.loc 1 182 0
 374 000e C2F3C105 		ubfx	r5, r2, #3, #2
 375              	.LVL10:
 376              		.loc 1 183 0
 377 0012 C2F34114 		ubfx	r4, r2, #5, #2
 378              	.LVL11:
 379              		.loc 1 184 0
 380 0016 C2F3C31B 		ubfx	fp, r2, #7, #4
 381              	.LVL12:
 382              	.LBB72:
 383              		.loc 1 191 0
 384 001a 4FF00F0A 		mov	r10, #15
 385              		.loc 1 196 0
 386 001e 4FF00109 		mov	r9, #1
 387 0022 04E0     		b	.L7
 388              	.LVL13:
 389              	.L12:
 390              	.LBE72:
 391              		.loc 1 206 0
 392 0024 7600     		lsls	r6, r6, #1
 393              	.LVL14:
 394              		.loc 1 207 0
 395 0026 AD00     		lsls	r5, r5, #2
 396              	.LVL15:
 397              		.loc 1 208 0
 398 0028 A400     		lsls	r4, r4, #2
 399              	.LVL16:
ARM GAS  /tmp/ccdvEA5z.s 			page 8


 400              		.loc 1 209 0
 401 002a BF00     		lsls	r7, r7, #2
 402              	.LVL17:
 403              		.loc 1 210 0
 404 002c 0133     		adds	r3, r3, #1
 405              	.LVL18:
 406              	.L7:
 407              	.LBB73:
 408              		.loc 1 190 0
 409 002e 03F00702 		and	r2, r3, #7
 410              	.LBE73:
 411              		.loc 1 187 0
 412 0032 11F0010F 		tst	r1, #1
 413              	.LBB74:
 414              		.loc 1 190 0
 415 0036 4FEA8202 		lsl	r2, r2, #2
 416              	.LBE74:
 417              		.loc 1 187 0
 418 003a 3BD0     		beq	.L3
 419              	.LBB75:
 420              		.loc 1 190 0
 421 003c 0BFA02FC 		lsl	ip, fp, r2
 422              	.LVL19:
 423              		.loc 1 191 0
 424 0040 0AFA02F2 		lsl	r2, r10, r2
 425              	.LVL20:
 426              		.loc 1 192 0
 427 0044 072B     		cmp	r3, #7
 428              		.loc 1 193 0
 429 0046 95BF     		itete	ls
 430 0048 D0F82080 		ldrls	r8, [r0, #32]
 431              		.loc 1 195 0
 432 004c D0F82480 		ldrhi	r8, [r0, #36]
 433              		.loc 1 193 0
 434 0050 28EA0202 		bicls	r2, r8, r2
 435              	.LVL21:
 436              		.loc 1 195 0
 437 0054 28EA0202 		bichi	r2, r8, r2
 438              		.loc 1 193 0
 439 0058 94BF     		ite	ls
 440 005a 42EA0C02 		orrls	r2, r2, ip
 441              		.loc 1 195 0
 442 005e 42EA0C02 		orrhi	r2, r2, ip
 443              		.loc 1 196 0
 444 0062 09FA03FC 		lsl	ip, r9, r3
 445              	.LVL22:
 446              		.loc 1 193 0
 447 0066 94BF     		ite	ls
 448 0068 0262     		strls	r2, [r0, #32]
 449              		.loc 1 195 0
 450 006a 4262     		strhi	r2, [r0, #36]
 451              		.loc 1 198 0
 452 006c 4FF00308 		mov	r8, #3
 453 0070 5A00     		lsls	r2, r3, #1
 454 0072 08FA02F2 		lsl	r2, r8, r2
 455              		.loc 1 197 0
 456 0076 D0F80480 		ldr	r8, [r0, #4]
ARM GAS  /tmp/ccdvEA5z.s 			page 9


 457              		.loc 1 199 0
 458 007a D243     		mvns	r2, r2
 459              		.loc 1 197 0
 460 007c 28EA0C0C 		bic	ip, r8, ip
 461 0080 4CEA060C 		orr	ip, ip, r6
 462 0084 C0F804C0 		str	ip, [r0, #4]
 463              	.LVL23:
 464              		.loc 1 199 0
 465 0088 D0F808C0 		ldr	ip, [r0, #8]
 466 008c 02EA0C0C 		and	ip, r2, ip
 467 0090 4CEA050C 		orr	ip, ip, r5
 468 0094 C0F808C0 		str	ip, [r0, #8]
 469              		.loc 1 200 0
 470 0098 D0F80CC0 		ldr	ip, [r0, #12]
 471 009c 02EA0C0C 		and	ip, r2, ip
 472 00a0 4CEA040C 		orr	ip, ip, r4
 473 00a4 C0F80CC0 		str	ip, [r0, #12]
 474              		.loc 1 201 0
 475 00a8 D0F800C0 		ldr	ip, [r0]
 476 00ac 02EA0C02 		and	r2, r2, ip
 477              	.LVL24:
 478 00b0 3A43     		orrs	r2, r2, r7
 479 00b2 0260     		str	r2, [r0]
 480              	.LVL25:
 481              	.L3:
 482              	.LBE75:
 483              		.loc 1 204 0
 484 00b4 4908     		lsrs	r1, r1, #1
 485              	.LVL26:
 486 00b6 B5D1     		bne	.L12
 487              		.loc 1 212 0
 488 00b8 BDE8F00F 		pop	{r4, r5, r6, r7, r8, r9, r10, fp}
 489              	.LVL27:
 490 00bc 7047     		bx	lr
 491              		.cfi_endproc
 492              	.LFE65:
 493              		.size	_pal_lld_setgroupmode, .-_pal_lld_setgroupmode
 494 00be 00BF     		.text
 495              	.Letext0:
 496              		.file 2 "/usr/include/newlib/machine/_default_types.h"
 497              		.file 3 "/usr/include/newlib/stdint.h"
 498              		.file 4 "/opt/ChibiOS_2.6.6/os/hal/platforms/STM32L1xx/stm32l1xx.h"
 499              		.file 5 "/opt/ChibiOS_2.6.6/os/hal/platforms/STM32/GPIOv2/pal_lld.h"
 500              		.file 6 "/opt/ChibiOS_2.6.6/os/ports/common/ARMCMx/CMSIS/include/core_cm3.h"
 501              		.section	.debug_info,"",%progbits
 502              	.Ldebug_info0:
 503 0000 6B050000 		.4byte	0x56b
 504 0004 0400     		.2byte	0x4
 505 0006 00000000 		.4byte	.Ldebug_abbrev0
 506 000a 04       		.byte	0x4
 507 000b 01       		.uleb128 0x1
 508 000c 21010000 		.4byte	.LASF66
 509 0010 01       		.byte	0x1
 510 0011 A3000000 		.4byte	.LASF67
 511 0015 40010000 		.4byte	.Ldebug_ranges0+0x140
 512 0019 00000000 		.4byte	0
 513 001d 00000000 		.4byte	.Ldebug_line0
ARM GAS  /tmp/ccdvEA5z.s 			page 10


 514 0021 02       		.uleb128 0x2
 515 0022 04       		.byte	0x4
 516 0023 05       		.byte	0x5
 517 0024 696E7400 		.ascii	"int\000"
 518 0028 03       		.uleb128 0x3
 519 0029 04       		.byte	0x4
 520 002a 07       		.byte	0x7
 521 002b 07030000 		.4byte	.LASF0
 522 002f 03       		.uleb128 0x3
 523 0030 01       		.byte	0x1
 524 0031 06       		.byte	0x6
 525 0032 10020000 		.4byte	.LASF1
 526 0036 03       		.uleb128 0x3
 527 0037 01       		.byte	0x1
 528 0038 08       		.byte	0x8
 529 0039 FA010000 		.4byte	.LASF2
 530 003d 03       		.uleb128 0x3
 531 003e 02       		.byte	0x2
 532 003f 05       		.byte	0x5
 533 0040 54000000 		.4byte	.LASF3
 534 0044 04       		.uleb128 0x4
 535 0045 81000000 		.4byte	.LASF5
 536 0049 02       		.byte	0x2
 537 004a 26       		.byte	0x26
 538 004b 4F000000 		.4byte	0x4f
 539 004f 03       		.uleb128 0x3
 540 0050 02       		.byte	0x2
 541 0051 07       		.byte	0x7
 542 0052 56020000 		.4byte	.LASF4
 543 0056 04       		.uleb128 0x4
 544 0057 85020000 		.4byte	.LASF6
 545 005b 02       		.byte	0x2
 546 005c 37       		.byte	0x37
 547 005d 61000000 		.4byte	0x61
 548 0061 03       		.uleb128 0x3
 549 0062 04       		.byte	0x4
 550 0063 05       		.byte	0x5
 551 0064 B7010000 		.4byte	.LASF7
 552 0068 04       		.uleb128 0x4
 553 0069 76000000 		.4byte	.LASF8
 554 006d 02       		.byte	0x2
 555 006e 38       		.byte	0x38
 556 006f 73000000 		.4byte	0x73
 557 0073 03       		.uleb128 0x3
 558 0074 04       		.byte	0x4
 559 0075 07       		.byte	0x7
 560 0076 BD020000 		.4byte	.LASF9
 561 007a 03       		.uleb128 0x3
 562 007b 08       		.byte	0x8
 563 007c 05       		.byte	0x5
 564 007d 13010000 		.4byte	.LASF10
 565 0081 03       		.uleb128 0x3
 566 0082 08       		.byte	0x8
 567 0083 07       		.byte	0x7
 568 0084 1C020000 		.4byte	.LASF11
 569 0088 04       		.uleb128 0x4
 570 0089 43020000 		.4byte	.LASF12
ARM GAS  /tmp/ccdvEA5z.s 			page 11


 571 008d 03       		.byte	0x3
 572 008e 36       		.byte	0x36
 573 008f 44000000 		.4byte	0x44
 574 0093 04       		.uleb128 0x4
 575 0094 7D020000 		.4byte	.LASF13
 576 0098 03       		.byte	0x3
 577 0099 41       		.byte	0x41
 578 009a 56000000 		.4byte	0x56
 579 009e 04       		.uleb128 0x4
 580 009f 33020000 		.4byte	.LASF14
 581 00a3 03       		.byte	0x3
 582 00a4 42       		.byte	0x42
 583 00a5 68000000 		.4byte	0x68
 584 00a9 03       		.uleb128 0x3
 585 00aa 01       		.byte	0x1
 586 00ab 02       		.byte	0x2
 587 00ac 99020000 		.4byte	.LASF15
 588 00b0 05       		.uleb128 0x5
 589 00b1 9E000000 		.4byte	0x9e
 590 00b5 03       		.uleb128 0x3
 591 00b6 04       		.byte	0x4
 592 00b7 07       		.byte	0x7
 593 00b8 67000000 		.4byte	.LASF16
 594 00bc 03       		.uleb128 0x3
 595 00bd 01       		.byte	0x1
 596 00be 08       		.byte	0x8
 597 00bf 78020000 		.4byte	.LASF17
 598 00c3 06       		.uleb128 0x6
 599 00c4 38       		.byte	0x38
 600 00c5 04       		.byte	0x4
 601 00c6 8602     		.2byte	0x286
 602 00c8 82010000 		.4byte	0x182
 603 00cc 07       		.uleb128 0x7
 604 00cd 435200   		.ascii	"CR\000"
 605 00d0 04       		.byte	0x4
 606 00d1 8802     		.2byte	0x288
 607 00d3 B0000000 		.4byte	0xb0
 608 00d7 00       		.byte	0
 609 00d8 08       		.uleb128 0x8
 610 00d9 69020000 		.4byte	.LASF18
 611 00dd 04       		.byte	0x4
 612 00de 8902     		.2byte	0x289
 613 00e0 B0000000 		.4byte	0xb0
 614 00e4 04       		.byte	0x4
 615 00e5 08       		.uleb128 0x8
 616 00e6 14030000 		.4byte	.LASF19
 617 00ea 04       		.byte	0x4
 618 00eb 8A02     		.2byte	0x28a
 619 00ed B0000000 		.4byte	0xb0
 620 00f1 08       		.byte	0x8
 621 00f2 07       		.uleb128 0x7
 622 00f3 43495200 		.ascii	"CIR\000"
 623 00f7 04       		.byte	0x4
 624 00f8 8B02     		.2byte	0x28b
 625 00fa B0000000 		.4byte	0xb0
 626 00fe 0C       		.byte	0xc
 627 00ff 08       		.uleb128 0x8
ARM GAS  /tmp/ccdvEA5z.s 			page 12


 628 0100 0B010000 		.4byte	.LASF20
 629 0104 04       		.byte	0x4
 630 0105 8C02     		.2byte	0x28c
 631 0107 B0000000 		.4byte	0xb0
 632 010b 10       		.byte	0x10
 633 010c 08       		.uleb128 0x8
 634 010d E0010000 		.4byte	.LASF21
 635 0111 04       		.byte	0x4
 636 0112 8D02     		.2byte	0x28d
 637 0114 B0000000 		.4byte	0xb0
 638 0118 14       		.byte	0x14
 639 0119 08       		.uleb128 0x8
 640 011a 2A000000 		.4byte	.LASF22
 641 011e 04       		.byte	0x4
 642 011f 8E02     		.2byte	0x28e
 643 0121 B0000000 		.4byte	0xb0
 644 0125 18       		.byte	0x18
 645 0126 08       		.uleb128 0x8
 646 0127 D3010000 		.4byte	.LASF23
 647 012b 04       		.byte	0x4
 648 012c 8F02     		.2byte	0x28f
 649 012e B0000000 		.4byte	0xb0
 650 0132 1C       		.byte	0x1c
 651 0133 08       		.uleb128 0x8
 652 0134 08020000 		.4byte	.LASF24
 653 0138 04       		.byte	0x4
 654 0139 9002     		.2byte	0x290
 655 013b B0000000 		.4byte	0xb0
 656 013f 20       		.byte	0x20
 657 0140 08       		.uleb128 0x8
 658 0141 DE000000 		.4byte	.LASF25
 659 0145 04       		.byte	0x4
 660 0146 9102     		.2byte	0x291
 661 0148 B0000000 		.4byte	0xb0
 662 014c 24       		.byte	0x24
 663 014d 08       		.uleb128 0x8
 664 014e 6F020000 		.4byte	.LASF26
 665 0152 04       		.byte	0x4
 666 0153 9202     		.2byte	0x292
 667 0155 B0000000 		.4byte	0xb0
 668 0159 28       		.byte	0x28
 669 015a 08       		.uleb128 0x8
 670 015b 1E030000 		.4byte	.LASF27
 671 015f 04       		.byte	0x4
 672 0160 9302     		.2byte	0x293
 673 0162 B0000000 		.4byte	0xb0
 674 0166 2C       		.byte	0x2c
 675 0167 08       		.uleb128 0x8
 676 0168 F3000000 		.4byte	.LASF28
 677 016c 04       		.byte	0x4
 678 016d 9402     		.2byte	0x294
 679 016f B0000000 		.4byte	0xb0
 680 0173 30       		.byte	0x30
 681 0174 07       		.uleb128 0x7
 682 0175 43535200 		.ascii	"CSR\000"
 683 0179 04       		.byte	0x4
 684 017a 9502     		.2byte	0x295
ARM GAS  /tmp/ccdvEA5z.s 			page 13


 685 017c B0000000 		.4byte	0xb0
 686 0180 34       		.byte	0x34
 687 0181 00       		.byte	0
 688 0182 09       		.uleb128 0x9
 689 0183 C7010000 		.4byte	.LASF29
 690 0187 04       		.byte	0x4
 691 0188 9602     		.2byte	0x296
 692 018a C3000000 		.4byte	0xc3
 693 018e 0A       		.uleb128 0xa
 694 018f 04       		.byte	0x4
 695 0190 05       		.byte	0x5
 696 0191 96       		.byte	0x96
 697 0192 AF010000 		.4byte	0x1af
 698 0196 0B       		.uleb128 0xb
 699 0197 73657400 		.ascii	"set\000"
 700 019b 05       		.byte	0x5
 701 019c 97       		.byte	0x97
 702 019d 88000000 		.4byte	0x88
 703 01a1 00       		.byte	0
 704 01a2 0C       		.uleb128 0xc
 705 01a3 E9010000 		.4byte	.LASF30
 706 01a7 05       		.byte	0x5
 707 01a8 98       		.byte	0x98
 708 01a9 88000000 		.4byte	0x88
 709 01ad 02       		.byte	0x2
 710 01ae 00       		.byte	0
 711 01af 0D       		.uleb128 0xd
 712 01b0 04       		.byte	0x4
 713 01b1 05       		.byte	0x5
 714 01b2 94       		.byte	0x94
 715 01b3 CA010000 		.4byte	0x1ca
 716 01b7 0E       		.uleb128 0xe
 717 01b8 5700     		.ascii	"W\000"
 718 01ba 05       		.byte	0x5
 719 01bb 95       		.byte	0x95
 720 01bc 9E000000 		.4byte	0x9e
 721 01c0 0E       		.uleb128 0xe
 722 01c1 4800     		.ascii	"H\000"
 723 01c3 05       		.byte	0x5
 724 01c4 99       		.byte	0x99
 725 01c5 8E010000 		.4byte	0x18e
 726 01c9 00       		.byte	0
 727 01ca 0A       		.uleb128 0xa
 728 01cb 28       		.byte	0x28
 729 01cc 05       		.byte	0x5
 730 01cd 8C       		.byte	0x8c
 731 01ce 4B020000 		.4byte	0x24b
 732 01d2 0C       		.uleb128 0xc
 733 01d3 DA010000 		.4byte	.LASF31
 734 01d7 05       		.byte	0x5
 735 01d8 8E       		.byte	0x8e
 736 01d9 B0000000 		.4byte	0xb0
 737 01dd 00       		.byte	0
 738 01de 0C       		.uleb128 0xc
 739 01df FD000000 		.4byte	.LASF32
 740 01e3 05       		.byte	0x5
 741 01e4 8F       		.byte	0x8f
ARM GAS  /tmp/ccdvEA5z.s 			page 14


 742 01e5 B0000000 		.4byte	0xb0
 743 01e9 04       		.byte	0x4
 744 01ea 0C       		.uleb128 0xc
 745 01eb B5020000 		.4byte	.LASF33
 746 01ef 05       		.byte	0x5
 747 01f0 90       		.byte	0x90
 748 01f1 B0000000 		.4byte	0xb0
 749 01f5 08       		.byte	0x8
 750 01f6 0C       		.uleb128 0xc
 751 01f7 A9010000 		.4byte	.LASF34
 752 01fb 05       		.byte	0x5
 753 01fc 91       		.byte	0x91
 754 01fd B0000000 		.4byte	0xb0
 755 0201 0C       		.byte	0xc
 756 0202 0B       		.uleb128 0xb
 757 0203 49445200 		.ascii	"IDR\000"
 758 0207 05       		.byte	0x5
 759 0208 92       		.byte	0x92
 760 0209 B0000000 		.4byte	0xb0
 761 020d 10       		.byte	0x10
 762 020e 0B       		.uleb128 0xb
 763 020f 4F445200 		.ascii	"ODR\000"
 764 0213 05       		.byte	0x5
 765 0214 93       		.byte	0x93
 766 0215 B0000000 		.4byte	0xb0
 767 0219 14       		.byte	0x14
 768 021a 0C       		.uleb128 0xc
 769 021b 28030000 		.4byte	.LASF35
 770 021f 05       		.byte	0x5
 771 0220 9A       		.byte	0x9a
 772 0221 4B020000 		.4byte	0x24b
 773 0225 18       		.byte	0x18
 774 0226 0C       		.uleb128 0xc
 775 0227 19030000 		.4byte	.LASF36
 776 022b 05       		.byte	0x5
 777 022c 9B       		.byte	0x9b
 778 022d B0000000 		.4byte	0xb0
 779 0231 1C       		.byte	0x1c
 780 0232 0C       		.uleb128 0xc
 781 0233 51020000 		.4byte	.LASF37
 782 0237 05       		.byte	0x5
 783 0238 9C       		.byte	0x9c
 784 0239 B0000000 		.4byte	0xb0
 785 023d 20       		.byte	0x20
 786 023e 0C       		.uleb128 0xc
 787 023f 4C020000 		.4byte	.LASF38
 788 0243 05       		.byte	0x5
 789 0244 9D       		.byte	0x9d
 790 0245 B0000000 		.4byte	0xb0
 791 0249 24       		.byte	0x24
 792 024a 00       		.byte	0
 793 024b 05       		.uleb128 0x5
 794 024c AF010000 		.4byte	0x1af
 795 0250 04       		.uleb128 0x4
 796 0251 00000000 		.4byte	.LASF39
 797 0255 05       		.byte	0x5
 798 0256 9E       		.byte	0x9e
ARM GAS  /tmp/ccdvEA5z.s 			page 15


 799 0257 CA010000 		.4byte	0x1ca
 800 025b 0A       		.uleb128 0xa
 801 025c 1C       		.byte	0x1c
 802 025d 05       		.byte	0x5
 803 025e A3       		.byte	0xa3
 804 025f B8020000 		.4byte	0x2b8
 805 0263 0C       		.uleb128 0xc
 806 0264 EB020000 		.4byte	.LASF40
 807 0268 05       		.byte	0x5
 808 0269 A5       		.byte	0xa5
 809 026a 9E000000 		.4byte	0x9e
 810 026e 00       		.byte	0
 811 026f 0C       		.uleb128 0xc
 812 0270 3C020000 		.4byte	.LASF41
 813 0274 05       		.byte	0x5
 814 0275 A7       		.byte	0xa7
 815 0276 9E000000 		.4byte	0x9e
 816 027a 04       		.byte	0x4
 817 027b 0C       		.uleb128 0xc
 818 027c AF010000 		.4byte	.LASF42
 819 0280 05       		.byte	0x5
 820 0281 A9       		.byte	0xa9
 821 0282 9E000000 		.4byte	0x9e
 822 0286 08       		.byte	0x8
 823 0287 0C       		.uleb128 0xc
 824 0288 DB020000 		.4byte	.LASF43
 825 028c 05       		.byte	0x5
 826 028d AB       		.byte	0xab
 827 028e 9E000000 		.4byte	0x9e
 828 0292 0C       		.byte	0xc
 829 0293 0B       		.uleb128 0xb
 830 0294 6F647200 		.ascii	"odr\000"
 831 0298 05       		.byte	0x5
 832 0299 AD       		.byte	0xad
 833 029a 9E000000 		.4byte	0x9e
 834 029e 10       		.byte	0x10
 835 029f 0C       		.uleb128 0xc
 836 02a0 E6020000 		.4byte	.LASF44
 837 02a4 05       		.byte	0x5
 838 02a5 AF       		.byte	0xaf
 839 02a6 9E000000 		.4byte	0x9e
 840 02aa 14       		.byte	0x14
 841 02ab 0C       		.uleb128 0xc
 842 02ac E1020000 		.4byte	.LASF45
 843 02b0 05       		.byte	0x5
 844 02b1 B1       		.byte	0xb1
 845 02b2 9E000000 		.4byte	0x9e
 846 02b6 18       		.byte	0x18
 847 02b7 00       		.byte	0
 848 02b8 04       		.uleb128 0x4
 849 02b9 41000000 		.4byte	.LASF46
 850 02bd 05       		.byte	0x5
 851 02be B2       		.byte	0xb2
 852 02bf 5B020000 		.4byte	0x25b
 853 02c3 0A       		.uleb128 0xa
 854 02c4 A8       		.byte	0xa8
 855 02c5 05       		.byte	0x5
ARM GAS  /tmp/ccdvEA5z.s 			page 16


 856 02c6 BB       		.byte	0xbb
 857 02c7 14030000 		.4byte	0x314
 858 02cb 0C       		.uleb128 0xc
 859 02cc 04010000 		.4byte	.LASF47
 860 02d0 05       		.byte	0x5
 861 02d1 BE       		.byte	0xbe
 862 02d2 B8020000 		.4byte	0x2b8
 863 02d6 00       		.byte	0
 864 02d7 0C       		.uleb128 0xc
 865 02d8 8C000000 		.4byte	.LASF48
 866 02dc 05       		.byte	0x5
 867 02dd C2       		.byte	0xc2
 868 02de B8020000 		.4byte	0x2b8
 869 02e2 1C       		.byte	0x1c
 870 02e3 0C       		.uleb128 0xc
 871 02e4 0D000000 		.4byte	.LASF49
 872 02e8 05       		.byte	0x5
 873 02e9 C6       		.byte	0xc6
 874 02ea B8020000 		.4byte	0x2b8
 875 02ee 38       		.byte	0x38
 876 02ef 0C       		.uleb128 0xc
 877 02f0 C0010000 		.4byte	.LASF50
 878 02f4 05       		.byte	0x5
 879 02f5 CA       		.byte	0xca
 880 02f6 B8020000 		.4byte	0x2b8
 881 02fa 54       		.byte	0x54
 882 02fb 0C       		.uleb128 0xc
 883 02fc A9020000 		.4byte	.LASF51
 884 0300 05       		.byte	0x5
 885 0301 CE       		.byte	0xce
 886 0302 B8020000 		.4byte	0x2b8
 887 0306 70       		.byte	0x70
 888 0307 0C       		.uleb128 0xc
 889 0308 CF020000 		.4byte	.LASF52
 890 030c 05       		.byte	0x5
 891 030d DA       		.byte	0xda
 892 030e B8020000 		.4byte	0x2b8
 893 0312 8C       		.byte	0x8c
 894 0313 00       		.byte	0
 895 0314 04       		.uleb128 0x4
 896 0315 8F020000 		.4byte	.LASF53
 897 0319 05       		.byte	0x5
 898 031a E0       		.byte	0xe0
 899 031b C3020000 		.4byte	0x2c3
 900 031f 04       		.uleb128 0x4
 901 0320 E6000000 		.4byte	.LASF54
 902 0324 05       		.byte	0x5
 903 0325 F0       		.byte	0xf0
 904 0326 9E000000 		.4byte	0x9e
 905 032a 04       		.uleb128 0x4
 906 032b 9A000000 		.4byte	.LASF55
 907 032f 05       		.byte	0x5
 908 0330 F5       		.byte	0xf5
 909 0331 9E000000 		.4byte	0x9e
 910 0335 04       		.uleb128 0x4
 911 0336 EF010000 		.4byte	.LASF56
 912 033a 05       		.byte	0x5
ARM GAS  /tmp/ccdvEA5z.s 			page 17


 913 033b FD       		.byte	0xfd
 914 033c 40030000 		.4byte	0x340
 915 0340 0F       		.uleb128 0xf
 916 0341 04       		.byte	0x4
 917 0342 50020000 		.4byte	0x250
 918 0346 10       		.uleb128 0x10
 919 0347 5E000000 		.4byte	.LASF68
 920 034b 01       		.byte	0x1
 921 034c 56       		.byte	0x56
 922 034d 01       		.byte	0x1
 923 034e 69030000 		.4byte	0x369
 924 0352 11       		.uleb128 0x11
 925 0353 70000000 		.4byte	.LASF57
 926 0357 01       		.byte	0x1
 927 0358 56       		.byte	0x56
 928 0359 40030000 		.4byte	0x340
 929 035d 11       		.uleb128 0x11
 930 035e 93000000 		.4byte	.LASF58
 931 0362 01       		.byte	0x1
 932 0363 56       		.byte	0x56
 933 0364 69030000 		.4byte	0x369
 934 0368 00       		.byte	0
 935 0369 0F       		.uleb128 0xf
 936 036a 04       		.byte	0x4
 937 036b 6F030000 		.4byte	0x36f
 938 036f 12       		.uleb128 0x12
 939 0370 B8020000 		.4byte	0x2b8
 940 0374 13       		.uleb128 0x13
 941 0375 33000000 		.4byte	.LASF59
 942 0379 01       		.byte	0x1
 943 037a 71       		.byte	0x71
 944 037b 00000000 		.4byte	.LFB64
 945 037f 10010000 		.4byte	.LFE64-.LFB64
 946 0383 01       		.uleb128 0x1
 947 0384 9C       		.byte	0x9c
 948 0385 78040000 		.4byte	0x478
 949 0389 14       		.uleb128 0x14
 950 038a 93000000 		.4byte	.LASF58
 951 038e 01       		.byte	0x1
 952 038f 71       		.byte	0x71
 953 0390 78040000 		.4byte	0x478
 954 0394 01       		.uleb128 0x1
 955 0395 50       		.byte	0x50
 956 0396 15       		.uleb128 0x15
 957 0397 46030000 		.4byte	0x346
 958 039b 14000000 		.4byte	.LBB14
 959 039f 00000000 		.4byte	.Ldebug_ranges0+0
 960 03a3 01       		.byte	0x1
 961 03a4 86       		.byte	0x86
 962 03a5 BA030000 		.4byte	0x3ba
 963 03a9 16       		.uleb128 0x16
 964 03aa 5D030000 		.4byte	0x35d
 965 03ae 01       		.uleb128 0x1
 966 03af 50       		.byte	0x50
 967 03b0 17       		.uleb128 0x17
 968 03b1 52030000 		.4byte	0x352
 969 03b5 00000240 		.4byte	0x40020000
ARM GAS  /tmp/ccdvEA5z.s 			page 18


 970 03b9 00       		.byte	0
 971 03ba 15       		.uleb128 0x15
 972 03bb 46030000 		.4byte	0x346
 973 03bf 2A000000 		.4byte	.LBB27
 974 03c3 58000000 		.4byte	.Ldebug_ranges0+0x58
 975 03c7 01       		.byte	0x1
 976 03c8 89       		.byte	0x89
 977 03c9 E0030000 		.4byte	0x3e0
 978 03cd 16       		.uleb128 0x16
 979 03ce 5D030000 		.4byte	0x35d
 980 03d2 03       		.uleb128 0x3
 981 03d3 70       		.byte	0x70
 982 03d4 1C       		.sleb128 28
 983 03d5 9F       		.byte	0x9f
 984 03d6 17       		.uleb128 0x17
 985 03d7 52030000 		.4byte	0x352
 986 03db 00040240 		.4byte	0x40020400
 987 03df 00       		.byte	0
 988 03e0 15       		.uleb128 0x15
 989 03e1 46030000 		.4byte	0x346
 990 03e5 3A000000 		.4byte	.LBB37
 991 03e9 90000000 		.4byte	.Ldebug_ranges0+0x90
 992 03ed 01       		.byte	0x1
 993 03ee 8C       		.byte	0x8c
 994 03ef 06040000 		.4byte	0x406
 995 03f3 16       		.uleb128 0x16
 996 03f4 5D030000 		.4byte	0x35d
 997 03f8 03       		.uleb128 0x3
 998 03f9 70       		.byte	0x70
 999 03fa 38       		.sleb128 56
 1000 03fb 9F       		.byte	0x9f
 1001 03fc 17       		.uleb128 0x17
 1002 03fd 52030000 		.4byte	0x352
 1003 0401 00080240 		.4byte	0x40020800
 1004 0405 00       		.byte	0
 1005 0406 15       		.uleb128 0x15
 1006 0407 46030000 		.4byte	0x346
 1007 040b 4A000000 		.4byte	.LBB44
 1008 040f B0000000 		.4byte	.Ldebug_ranges0+0xb0
 1009 0413 01       		.byte	0x1
 1010 0414 8F       		.byte	0x8f
 1011 0415 2D040000 		.4byte	0x42d
 1012 0419 16       		.uleb128 0x16
 1013 041a 5D030000 		.4byte	0x35d
 1014 041e 04       		.uleb128 0x4
 1015 041f 70       		.byte	0x70
 1016 0420 D400     		.sleb128 84
 1017 0422 9F       		.byte	0x9f
 1018 0423 17       		.uleb128 0x17
 1019 0424 52030000 		.4byte	0x352
 1020 0428 000C0240 		.4byte	0x40020c00
 1021 042c 00       		.byte	0
 1022 042d 15       		.uleb128 0x15
 1023 042e 46030000 		.4byte	0x346
 1024 0432 5A000000 		.4byte	.LBB51
 1025 0436 D0000000 		.4byte	.Ldebug_ranges0+0xd0
 1026 043a 01       		.byte	0x1
ARM GAS  /tmp/ccdvEA5z.s 			page 19


 1027 043b 92       		.byte	0x92
 1028 043c 54040000 		.4byte	0x454
 1029 0440 16       		.uleb128 0x16
 1030 0441 5D030000 		.4byte	0x35d
 1031 0445 04       		.uleb128 0x4
 1032 0446 70       		.byte	0x70
 1033 0447 F000     		.sleb128 112
 1034 0449 9F       		.byte	0x9f
 1035 044a 17       		.uleb128 0x17
 1036 044b 52030000 		.4byte	0x352
 1037 044f 00100240 		.4byte	0x40021000
 1038 0453 00       		.byte	0
 1039 0454 18       		.uleb128 0x18
 1040 0455 46030000 		.4byte	0x346
 1041 0459 6A000000 		.4byte	.LBB60
 1042 045d F8000000 		.4byte	.Ldebug_ranges0+0xf8
 1043 0461 01       		.byte	0x1
 1044 0462 9B       		.byte	0x9b
 1045 0463 16       		.uleb128 0x16
 1046 0464 5D030000 		.4byte	0x35d
 1047 0468 04       		.uleb128 0x4
 1048 0469 70       		.byte	0x70
 1049 046a 8C01     		.sleb128 140
 1050 046c 9F       		.byte	0x9f
 1051 046d 17       		.uleb128 0x17
 1052 046e 52030000 		.4byte	0x352
 1053 0472 00140240 		.4byte	0x40021400
 1054 0476 00       		.byte	0
 1055 0477 00       		.byte	0
 1056 0478 0F       		.uleb128 0xf
 1057 0479 04       		.byte	0x4
 1058 047a 7E040000 		.4byte	0x47e
 1059 047e 12       		.uleb128 0x12
 1060 047f 14030000 		.4byte	0x314
 1061 0483 13       		.uleb128 0x13
 1062 0484 14000000 		.4byte	.LASF60
 1063 0488 01       		.byte	0x1
 1064 0489 B0       		.byte	0xb0
 1065 048a 00000000 		.4byte	.LFB65
 1066 048e BE000000 		.4byte	.LFE65-.LFB65
 1067 0492 01       		.uleb128 0x1
 1068 0493 9C       		.byte	0x9c
 1069 0494 5D050000 		.4byte	0x55d
 1070 0498 14       		.uleb128 0x14
 1071 0499 A4020000 		.4byte	.LASF61
 1072 049d 01       		.byte	0x1
 1073 049e B0       		.byte	0xb0
 1074 049f 35030000 		.4byte	0x335
 1075 04a3 01       		.uleb128 0x1
 1076 04a4 50       		.byte	0x50
 1077 04a5 19       		.uleb128 0x19
 1078 04a6 D6020000 		.4byte	.LASF62
 1079 04aa 01       		.byte	0x1
 1080 04ab B1       		.byte	0xb1
 1081 04ac 1F030000 		.4byte	0x31f
 1082 04b0 00000000 		.4byte	.LLST0
 1083 04b4 19       		.uleb128 0x19
ARM GAS  /tmp/ccdvEA5z.s 			page 20


 1084 04b5 9F020000 		.4byte	.LASF63
 1085 04b9 01       		.byte	0x1
 1086 04ba B2       		.byte	0xb2
 1087 04bb 2A030000 		.4byte	0x32a
 1088 04bf 2D000000 		.4byte	.LLST1
 1089 04c3 1A       		.uleb128 0x1a
 1090 04c4 EB020000 		.4byte	.LASF40
 1091 04c8 01       		.byte	0x1
 1092 04c9 B4       		.byte	0xb4
 1093 04ca 9E000000 		.4byte	0x9e
 1094 04ce 4E000000 		.4byte	.LLST2
 1095 04d2 1A       		.uleb128 0x1a
 1096 04d3 3C020000 		.4byte	.LASF41
 1097 04d7 01       		.byte	0x1
 1098 04d8 B5       		.byte	0xb5
 1099 04d9 9E000000 		.4byte	0x9e
 1100 04dd 61000000 		.4byte	.LLST3
 1101 04e1 1A       		.uleb128 0x1a
 1102 04e2 AF010000 		.4byte	.LASF42
 1103 04e6 01       		.byte	0x1
 1104 04e7 B6       		.byte	0xb6
 1105 04e8 9E000000 		.4byte	0x9e
 1106 04ec 74000000 		.4byte	.LLST4
 1107 04f0 1A       		.uleb128 0x1a
 1108 04f1 DB020000 		.4byte	.LASF43
 1109 04f5 01       		.byte	0x1
 1110 04f6 B7       		.byte	0xb7
 1111 04f7 9E000000 		.4byte	0x9e
 1112 04fb 87000000 		.4byte	.LLST5
 1113 04ff 1A       		.uleb128 0x1a
 1114 0500 B0020000 		.4byte	.LASF64
 1115 0504 01       		.byte	0x1
 1116 0505 B8       		.byte	0xb8
 1117 0506 9E000000 		.4byte	0x9e
 1118 050a 9A000000 		.4byte	.LLST6
 1119 050e 1B       		.uleb128 0x1b
 1120 050f 62697400 		.ascii	"bit\000"
 1121 0513 01       		.byte	0x1
 1122 0514 B9       		.byte	0xb9
 1123 0515 9E000000 		.4byte	0x9e
 1124 0519 BE000000 		.4byte	.LLST7
 1125 051d 1C       		.uleb128 0x1c
 1126 051e 18010000 		.4byte	.Ldebug_ranges0+0x118
 1127 0522 1A       		.uleb128 0x1a
 1128 0523 FE020000 		.4byte	.LASF65
 1129 0527 01       		.byte	0x1
 1130 0528 BC       		.byte	0xbc
 1131 0529 9E000000 		.4byte	0x9e
 1132 052d DD000000 		.4byte	.LLST8
 1133 0531 1B       		.uleb128 0x1b
 1134 0532 6D3100   		.ascii	"m1\000"
 1135 0535 01       		.byte	0x1
 1136 0536 BC       		.byte	0xbc
 1137 0537 9E000000 		.4byte	0x9e
 1138 053b 04010000 		.4byte	.LLST9
 1139 053f 1B       		.uleb128 0x1b
 1140 0540 6D3200   		.ascii	"m2\000"
ARM GAS  /tmp/ccdvEA5z.s 			page 21


 1141 0543 01       		.byte	0x1
 1142 0544 BC       		.byte	0xbc
 1143 0545 9E000000 		.4byte	0x9e
 1144 0549 1B010000 		.4byte	.LLST10
 1145 054d 1B       		.uleb128 0x1b
 1146 054e 6D3400   		.ascii	"m4\000"
 1147 0551 01       		.byte	0x1
 1148 0552 BC       		.byte	0xbc
 1149 0553 9E000000 		.4byte	0x9e
 1150 0557 42010000 		.4byte	.LLST11
 1151 055b 00       		.byte	0
 1152 055c 00       		.byte	0
 1153 055d 1D       		.uleb128 0x1d
 1154 055e F1020000 		.4byte	.LASF69
 1155 0562 06       		.byte	0x6
 1156 0563 0706     		.2byte	0x607
 1157 0565 69050000 		.4byte	0x569
 1158 0569 05       		.uleb128 0x5
 1159 056a 93000000 		.4byte	0x93
 1160 056e 00       		.byte	0
 1161              		.section	.debug_abbrev,"",%progbits
 1162              	.Ldebug_abbrev0:
 1163 0000 01       		.uleb128 0x1
 1164 0001 11       		.uleb128 0x11
 1165 0002 01       		.byte	0x1
 1166 0003 25       		.uleb128 0x25
 1167 0004 0E       		.uleb128 0xe
 1168 0005 13       		.uleb128 0x13
 1169 0006 0B       		.uleb128 0xb
 1170 0007 03       		.uleb128 0x3
 1171 0008 0E       		.uleb128 0xe
 1172 0009 55       		.uleb128 0x55
 1173 000a 17       		.uleb128 0x17
 1174 000b 11       		.uleb128 0x11
 1175 000c 01       		.uleb128 0x1
 1176 000d 10       		.uleb128 0x10
 1177 000e 17       		.uleb128 0x17
 1178 000f 00       		.byte	0
 1179 0010 00       		.byte	0
 1180 0011 02       		.uleb128 0x2
 1181 0012 24       		.uleb128 0x24
 1182 0013 00       		.byte	0
 1183 0014 0B       		.uleb128 0xb
 1184 0015 0B       		.uleb128 0xb
 1185 0016 3E       		.uleb128 0x3e
 1186 0017 0B       		.uleb128 0xb
 1187 0018 03       		.uleb128 0x3
 1188 0019 08       		.uleb128 0x8
 1189 001a 00       		.byte	0
 1190 001b 00       		.byte	0
 1191 001c 03       		.uleb128 0x3
 1192 001d 24       		.uleb128 0x24
 1193 001e 00       		.byte	0
 1194 001f 0B       		.uleb128 0xb
 1195 0020 0B       		.uleb128 0xb
 1196 0021 3E       		.uleb128 0x3e
 1197 0022 0B       		.uleb128 0xb
ARM GAS  /tmp/ccdvEA5z.s 			page 22


 1198 0023 03       		.uleb128 0x3
 1199 0024 0E       		.uleb128 0xe
 1200 0025 00       		.byte	0
 1201 0026 00       		.byte	0
 1202 0027 04       		.uleb128 0x4
 1203 0028 16       		.uleb128 0x16
 1204 0029 00       		.byte	0
 1205 002a 03       		.uleb128 0x3
 1206 002b 0E       		.uleb128 0xe
 1207 002c 3A       		.uleb128 0x3a
 1208 002d 0B       		.uleb128 0xb
 1209 002e 3B       		.uleb128 0x3b
 1210 002f 0B       		.uleb128 0xb
 1211 0030 49       		.uleb128 0x49
 1212 0031 13       		.uleb128 0x13
 1213 0032 00       		.byte	0
 1214 0033 00       		.byte	0
 1215 0034 05       		.uleb128 0x5
 1216 0035 35       		.uleb128 0x35
 1217 0036 00       		.byte	0
 1218 0037 49       		.uleb128 0x49
 1219 0038 13       		.uleb128 0x13
 1220 0039 00       		.byte	0
 1221 003a 00       		.byte	0
 1222 003b 06       		.uleb128 0x6
 1223 003c 13       		.uleb128 0x13
 1224 003d 01       		.byte	0x1
 1225 003e 0B       		.uleb128 0xb
 1226 003f 0B       		.uleb128 0xb
 1227 0040 3A       		.uleb128 0x3a
 1228 0041 0B       		.uleb128 0xb
 1229 0042 3B       		.uleb128 0x3b
 1230 0043 05       		.uleb128 0x5
 1231 0044 01       		.uleb128 0x1
 1232 0045 13       		.uleb128 0x13
 1233 0046 00       		.byte	0
 1234 0047 00       		.byte	0
 1235 0048 07       		.uleb128 0x7
 1236 0049 0D       		.uleb128 0xd
 1237 004a 00       		.byte	0
 1238 004b 03       		.uleb128 0x3
 1239 004c 08       		.uleb128 0x8
 1240 004d 3A       		.uleb128 0x3a
 1241 004e 0B       		.uleb128 0xb
 1242 004f 3B       		.uleb128 0x3b
 1243 0050 05       		.uleb128 0x5
 1244 0051 49       		.uleb128 0x49
 1245 0052 13       		.uleb128 0x13
 1246 0053 38       		.uleb128 0x38
 1247 0054 0B       		.uleb128 0xb
 1248 0055 00       		.byte	0
 1249 0056 00       		.byte	0
 1250 0057 08       		.uleb128 0x8
 1251 0058 0D       		.uleb128 0xd
 1252 0059 00       		.byte	0
 1253 005a 03       		.uleb128 0x3
 1254 005b 0E       		.uleb128 0xe
ARM GAS  /tmp/ccdvEA5z.s 			page 23


 1255 005c 3A       		.uleb128 0x3a
 1256 005d 0B       		.uleb128 0xb
 1257 005e 3B       		.uleb128 0x3b
 1258 005f 05       		.uleb128 0x5
 1259 0060 49       		.uleb128 0x49
 1260 0061 13       		.uleb128 0x13
 1261 0062 38       		.uleb128 0x38
 1262 0063 0B       		.uleb128 0xb
 1263 0064 00       		.byte	0
 1264 0065 00       		.byte	0
 1265 0066 09       		.uleb128 0x9
 1266 0067 16       		.uleb128 0x16
 1267 0068 00       		.byte	0
 1268 0069 03       		.uleb128 0x3
 1269 006a 0E       		.uleb128 0xe
 1270 006b 3A       		.uleb128 0x3a
 1271 006c 0B       		.uleb128 0xb
 1272 006d 3B       		.uleb128 0x3b
 1273 006e 05       		.uleb128 0x5
 1274 006f 49       		.uleb128 0x49
 1275 0070 13       		.uleb128 0x13
 1276 0071 00       		.byte	0
 1277 0072 00       		.byte	0
 1278 0073 0A       		.uleb128 0xa
 1279 0074 13       		.uleb128 0x13
 1280 0075 01       		.byte	0x1
 1281 0076 0B       		.uleb128 0xb
 1282 0077 0B       		.uleb128 0xb
 1283 0078 3A       		.uleb128 0x3a
 1284 0079 0B       		.uleb128 0xb
 1285 007a 3B       		.uleb128 0x3b
 1286 007b 0B       		.uleb128 0xb
 1287 007c 01       		.uleb128 0x1
 1288 007d 13       		.uleb128 0x13
 1289 007e 00       		.byte	0
 1290 007f 00       		.byte	0
 1291 0080 0B       		.uleb128 0xb
 1292 0081 0D       		.uleb128 0xd
 1293 0082 00       		.byte	0
 1294 0083 03       		.uleb128 0x3
 1295 0084 08       		.uleb128 0x8
 1296 0085 3A       		.uleb128 0x3a
 1297 0086 0B       		.uleb128 0xb
 1298 0087 3B       		.uleb128 0x3b
 1299 0088 0B       		.uleb128 0xb
 1300 0089 49       		.uleb128 0x49
 1301 008a 13       		.uleb128 0x13
 1302 008b 38       		.uleb128 0x38
 1303 008c 0B       		.uleb128 0xb
 1304 008d 00       		.byte	0
 1305 008e 00       		.byte	0
 1306 008f 0C       		.uleb128 0xc
 1307 0090 0D       		.uleb128 0xd
 1308 0091 00       		.byte	0
 1309 0092 03       		.uleb128 0x3
 1310 0093 0E       		.uleb128 0xe
 1311 0094 3A       		.uleb128 0x3a
ARM GAS  /tmp/ccdvEA5z.s 			page 24


 1312 0095 0B       		.uleb128 0xb
 1313 0096 3B       		.uleb128 0x3b
 1314 0097 0B       		.uleb128 0xb
 1315 0098 49       		.uleb128 0x49
 1316 0099 13       		.uleb128 0x13
 1317 009a 38       		.uleb128 0x38
 1318 009b 0B       		.uleb128 0xb
 1319 009c 00       		.byte	0
 1320 009d 00       		.byte	0
 1321 009e 0D       		.uleb128 0xd
 1322 009f 17       		.uleb128 0x17
 1323 00a0 01       		.byte	0x1
 1324 00a1 0B       		.uleb128 0xb
 1325 00a2 0B       		.uleb128 0xb
 1326 00a3 3A       		.uleb128 0x3a
 1327 00a4 0B       		.uleb128 0xb
 1328 00a5 3B       		.uleb128 0x3b
 1329 00a6 0B       		.uleb128 0xb
 1330 00a7 01       		.uleb128 0x1
 1331 00a8 13       		.uleb128 0x13
 1332 00a9 00       		.byte	0
 1333 00aa 00       		.byte	0
 1334 00ab 0E       		.uleb128 0xe
 1335 00ac 0D       		.uleb128 0xd
 1336 00ad 00       		.byte	0
 1337 00ae 03       		.uleb128 0x3
 1338 00af 08       		.uleb128 0x8
 1339 00b0 3A       		.uleb128 0x3a
 1340 00b1 0B       		.uleb128 0xb
 1341 00b2 3B       		.uleb128 0x3b
 1342 00b3 0B       		.uleb128 0xb
 1343 00b4 49       		.uleb128 0x49
 1344 00b5 13       		.uleb128 0x13
 1345 00b6 00       		.byte	0
 1346 00b7 00       		.byte	0
 1347 00b8 0F       		.uleb128 0xf
 1348 00b9 0F       		.uleb128 0xf
 1349 00ba 00       		.byte	0
 1350 00bb 0B       		.uleb128 0xb
 1351 00bc 0B       		.uleb128 0xb
 1352 00bd 49       		.uleb128 0x49
 1353 00be 13       		.uleb128 0x13
 1354 00bf 00       		.byte	0
 1355 00c0 00       		.byte	0
 1356 00c1 10       		.uleb128 0x10
 1357 00c2 2E       		.uleb128 0x2e
 1358 00c3 01       		.byte	0x1
 1359 00c4 03       		.uleb128 0x3
 1360 00c5 0E       		.uleb128 0xe
 1361 00c6 3A       		.uleb128 0x3a
 1362 00c7 0B       		.uleb128 0xb
 1363 00c8 3B       		.uleb128 0x3b
 1364 00c9 0B       		.uleb128 0xb
 1365 00ca 27       		.uleb128 0x27
 1366 00cb 19       		.uleb128 0x19
 1367 00cc 20       		.uleb128 0x20
 1368 00cd 0B       		.uleb128 0xb
ARM GAS  /tmp/ccdvEA5z.s 			page 25


 1369 00ce 01       		.uleb128 0x1
 1370 00cf 13       		.uleb128 0x13
 1371 00d0 00       		.byte	0
 1372 00d1 00       		.byte	0
 1373 00d2 11       		.uleb128 0x11
 1374 00d3 05       		.uleb128 0x5
 1375 00d4 00       		.byte	0
 1376 00d5 03       		.uleb128 0x3
 1377 00d6 0E       		.uleb128 0xe
 1378 00d7 3A       		.uleb128 0x3a
 1379 00d8 0B       		.uleb128 0xb
 1380 00d9 3B       		.uleb128 0x3b
 1381 00da 0B       		.uleb128 0xb
 1382 00db 49       		.uleb128 0x49
 1383 00dc 13       		.uleb128 0x13
 1384 00dd 00       		.byte	0
 1385 00de 00       		.byte	0
 1386 00df 12       		.uleb128 0x12
 1387 00e0 26       		.uleb128 0x26
 1388 00e1 00       		.byte	0
 1389 00e2 49       		.uleb128 0x49
 1390 00e3 13       		.uleb128 0x13
 1391 00e4 00       		.byte	0
 1392 00e5 00       		.byte	0
 1393 00e6 13       		.uleb128 0x13
 1394 00e7 2E       		.uleb128 0x2e
 1395 00e8 01       		.byte	0x1
 1396 00e9 3F       		.uleb128 0x3f
 1397 00ea 19       		.uleb128 0x19
 1398 00eb 03       		.uleb128 0x3
 1399 00ec 0E       		.uleb128 0xe
 1400 00ed 3A       		.uleb128 0x3a
 1401 00ee 0B       		.uleb128 0xb
 1402 00ef 3B       		.uleb128 0x3b
 1403 00f0 0B       		.uleb128 0xb
 1404 00f1 27       		.uleb128 0x27
 1405 00f2 19       		.uleb128 0x19
 1406 00f3 11       		.uleb128 0x11
 1407 00f4 01       		.uleb128 0x1
 1408 00f5 12       		.uleb128 0x12
 1409 00f6 06       		.uleb128 0x6
 1410 00f7 40       		.uleb128 0x40
 1411 00f8 18       		.uleb128 0x18
 1412 00f9 9742     		.uleb128 0x2117
 1413 00fb 19       		.uleb128 0x19
 1414 00fc 01       		.uleb128 0x1
 1415 00fd 13       		.uleb128 0x13
 1416 00fe 00       		.byte	0
 1417 00ff 00       		.byte	0
 1418 0100 14       		.uleb128 0x14
 1419 0101 05       		.uleb128 0x5
 1420 0102 00       		.byte	0
 1421 0103 03       		.uleb128 0x3
 1422 0104 0E       		.uleb128 0xe
 1423 0105 3A       		.uleb128 0x3a
 1424 0106 0B       		.uleb128 0xb
 1425 0107 3B       		.uleb128 0x3b
ARM GAS  /tmp/ccdvEA5z.s 			page 26


 1426 0108 0B       		.uleb128 0xb
 1427 0109 49       		.uleb128 0x49
 1428 010a 13       		.uleb128 0x13
 1429 010b 02       		.uleb128 0x2
 1430 010c 18       		.uleb128 0x18
 1431 010d 00       		.byte	0
 1432 010e 00       		.byte	0
 1433 010f 15       		.uleb128 0x15
 1434 0110 1D       		.uleb128 0x1d
 1435 0111 01       		.byte	0x1
 1436 0112 31       		.uleb128 0x31
 1437 0113 13       		.uleb128 0x13
 1438 0114 52       		.uleb128 0x52
 1439 0115 01       		.uleb128 0x1
 1440 0116 55       		.uleb128 0x55
 1441 0117 17       		.uleb128 0x17
 1442 0118 58       		.uleb128 0x58
 1443 0119 0B       		.uleb128 0xb
 1444 011a 59       		.uleb128 0x59
 1445 011b 0B       		.uleb128 0xb
 1446 011c 01       		.uleb128 0x1
 1447 011d 13       		.uleb128 0x13
 1448 011e 00       		.byte	0
 1449 011f 00       		.byte	0
 1450 0120 16       		.uleb128 0x16
 1451 0121 05       		.uleb128 0x5
 1452 0122 00       		.byte	0
 1453 0123 31       		.uleb128 0x31
 1454 0124 13       		.uleb128 0x13
 1455 0125 02       		.uleb128 0x2
 1456 0126 18       		.uleb128 0x18
 1457 0127 00       		.byte	0
 1458 0128 00       		.byte	0
 1459 0129 17       		.uleb128 0x17
 1460 012a 05       		.uleb128 0x5
 1461 012b 00       		.byte	0
 1462 012c 31       		.uleb128 0x31
 1463 012d 13       		.uleb128 0x13
 1464 012e 1C       		.uleb128 0x1c
 1465 012f 06       		.uleb128 0x6
 1466 0130 00       		.byte	0
 1467 0131 00       		.byte	0
 1468 0132 18       		.uleb128 0x18
 1469 0133 1D       		.uleb128 0x1d
 1470 0134 01       		.byte	0x1
 1471 0135 31       		.uleb128 0x31
 1472 0136 13       		.uleb128 0x13
 1473 0137 52       		.uleb128 0x52
 1474 0138 01       		.uleb128 0x1
 1475 0139 55       		.uleb128 0x55
 1476 013a 17       		.uleb128 0x17
 1477 013b 58       		.uleb128 0x58
 1478 013c 0B       		.uleb128 0xb
 1479 013d 59       		.uleb128 0x59
 1480 013e 0B       		.uleb128 0xb
 1481 013f 00       		.byte	0
 1482 0140 00       		.byte	0
ARM GAS  /tmp/ccdvEA5z.s 			page 27


 1483 0141 19       		.uleb128 0x19
 1484 0142 05       		.uleb128 0x5
 1485 0143 00       		.byte	0
 1486 0144 03       		.uleb128 0x3
 1487 0145 0E       		.uleb128 0xe
 1488 0146 3A       		.uleb128 0x3a
 1489 0147 0B       		.uleb128 0xb
 1490 0148 3B       		.uleb128 0x3b
 1491 0149 0B       		.uleb128 0xb
 1492 014a 49       		.uleb128 0x49
 1493 014b 13       		.uleb128 0x13
 1494 014c 02       		.uleb128 0x2
 1495 014d 17       		.uleb128 0x17
 1496 014e 00       		.byte	0
 1497 014f 00       		.byte	0
 1498 0150 1A       		.uleb128 0x1a
 1499 0151 34       		.uleb128 0x34
 1500 0152 00       		.byte	0
 1501 0153 03       		.uleb128 0x3
 1502 0154 0E       		.uleb128 0xe
 1503 0155 3A       		.uleb128 0x3a
 1504 0156 0B       		.uleb128 0xb
 1505 0157 3B       		.uleb128 0x3b
 1506 0158 0B       		.uleb128 0xb
 1507 0159 49       		.uleb128 0x49
 1508 015a 13       		.uleb128 0x13
 1509 015b 02       		.uleb128 0x2
 1510 015c 17       		.uleb128 0x17
 1511 015d 00       		.byte	0
 1512 015e 00       		.byte	0
 1513 015f 1B       		.uleb128 0x1b
 1514 0160 34       		.uleb128 0x34
 1515 0161 00       		.byte	0
 1516 0162 03       		.uleb128 0x3
 1517 0163 08       		.uleb128 0x8
 1518 0164 3A       		.uleb128 0x3a
 1519 0165 0B       		.uleb128 0xb
 1520 0166 3B       		.uleb128 0x3b
 1521 0167 0B       		.uleb128 0xb
 1522 0168 49       		.uleb128 0x49
 1523 0169 13       		.uleb128 0x13
 1524 016a 02       		.uleb128 0x2
 1525 016b 17       		.uleb128 0x17
 1526 016c 00       		.byte	0
 1527 016d 00       		.byte	0
 1528 016e 1C       		.uleb128 0x1c
 1529 016f 0B       		.uleb128 0xb
 1530 0170 01       		.byte	0x1
 1531 0171 55       		.uleb128 0x55
 1532 0172 17       		.uleb128 0x17
 1533 0173 00       		.byte	0
 1534 0174 00       		.byte	0
 1535 0175 1D       		.uleb128 0x1d
 1536 0176 34       		.uleb128 0x34
 1537 0177 00       		.byte	0
 1538 0178 03       		.uleb128 0x3
 1539 0179 0E       		.uleb128 0xe
ARM GAS  /tmp/ccdvEA5z.s 			page 28


 1540 017a 3A       		.uleb128 0x3a
 1541 017b 0B       		.uleb128 0xb
 1542 017c 3B       		.uleb128 0x3b
 1543 017d 05       		.uleb128 0x5
 1544 017e 49       		.uleb128 0x49
 1545 017f 13       		.uleb128 0x13
 1546 0180 3F       		.uleb128 0x3f
 1547 0181 19       		.uleb128 0x19
 1548 0182 3C       		.uleb128 0x3c
 1549 0183 19       		.uleb128 0x19
 1550 0184 00       		.byte	0
 1551 0185 00       		.byte	0
 1552 0186 00       		.byte	0
 1553              		.section	.debug_loc,"",%progbits
 1554              	.Ldebug_loc0:
 1555              	.LLST0:
 1556 0000 00000000 		.4byte	.LVL7
 1557 0004 B4000000 		.4byte	.LVL25
 1558 0008 0100     		.2byte	0x1
 1559 000a 51       		.byte	0x51
 1560 000b B4000000 		.4byte	.LVL25
 1561 000f B6000000 		.4byte	.LVL26
 1562 0013 0500     		.2byte	0x5
 1563 0015 71       		.byte	0x71
 1564 0016 00       		.sleb128 0
 1565 0017 31       		.byte	0x31
 1566 0018 25       		.byte	0x25
 1567 0019 9F       		.byte	0x9f
 1568 001a B6000000 		.4byte	.LVL26
 1569 001e BE000000 		.4byte	.LFE65
 1570 0022 0100     		.2byte	0x1
 1571 0024 51       		.byte	0x51
 1572 0025 00000000 		.4byte	0
 1573 0029 00000000 		.4byte	0
 1574              	.LLST1:
 1575 002d 00000000 		.4byte	.LVL7
 1576 0031 24000000 		.4byte	.LVL13
 1577 0035 0100     		.2byte	0x1
 1578 0037 52       		.byte	0x52
 1579 0038 24000000 		.4byte	.LVL13
 1580 003c BE000000 		.4byte	.LFE65
 1581 0040 0400     		.2byte	0x4
 1582 0042 F3       		.byte	0xf3
 1583 0043 01       		.uleb128 0x1
 1584 0044 52       		.byte	0x52
 1585 0045 9F       		.byte	0x9f
 1586 0046 00000000 		.4byte	0
 1587 004a 00000000 		.4byte	0
 1588              	.LLST2:
 1589 004e 0A000000 		.4byte	.LVL8
 1590 0052 BC000000 		.4byte	.LVL27
 1591 0056 0100     		.2byte	0x1
 1592 0058 57       		.byte	0x57
 1593 0059 00000000 		.4byte	0
 1594 005d 00000000 		.4byte	0
 1595              	.LLST3:
 1596 0061 0E000000 		.4byte	.LVL9
ARM GAS  /tmp/ccdvEA5z.s 			page 29


 1597 0065 BC000000 		.4byte	.LVL27
 1598 0069 0100     		.2byte	0x1
 1599 006b 56       		.byte	0x56
 1600 006c 00000000 		.4byte	0
 1601 0070 00000000 		.4byte	0
 1602              	.LLST4:
 1603 0074 12000000 		.4byte	.LVL10
 1604 0078 BC000000 		.4byte	.LVL27
 1605 007c 0100     		.2byte	0x1
 1606 007e 55       		.byte	0x55
 1607 007f 00000000 		.4byte	0
 1608 0083 00000000 		.4byte	0
 1609              	.LLST5:
 1610 0087 16000000 		.4byte	.LVL11
 1611 008b BC000000 		.4byte	.LVL27
 1612 008f 0100     		.2byte	0x1
 1613 0091 54       		.byte	0x54
 1614 0092 00000000 		.4byte	0
 1615 0096 00000000 		.4byte	0
 1616              	.LLST6:
 1617 009a 1A000000 		.4byte	.LVL12
 1618 009e BC000000 		.4byte	.LVL27
 1619 00a2 0100     		.2byte	0x1
 1620 00a4 5B       		.byte	0x5b
 1621 00a5 BC000000 		.4byte	.LVL27
 1622 00a9 BE000000 		.4byte	.LFE65
 1623 00ad 0700     		.2byte	0x7
 1624 00af F3       		.byte	0xf3
 1625 00b0 01       		.uleb128 0x1
 1626 00b1 52       		.byte	0x52
 1627 00b2 09       		.byte	0x9
 1628 00b3 F9       		.byte	0xf9
 1629 00b4 24       		.byte	0x24
 1630 00b5 9F       		.byte	0x9f
 1631 00b6 00000000 		.4byte	0
 1632 00ba 00000000 		.4byte	0
 1633              	.LLST7:
 1634 00be 1A000000 		.4byte	.LVL12
 1635 00c2 24000000 		.4byte	.LVL13
 1636 00c6 0200     		.2byte	0x2
 1637 00c8 30       		.byte	0x30
 1638 00c9 9F       		.byte	0x9f
 1639 00ca 24000000 		.4byte	.LVL13
 1640 00ce BE000000 		.4byte	.LFE65
 1641 00d2 0100     		.2byte	0x1
 1642 00d4 53       		.byte	0x53
 1643 00d5 00000000 		.4byte	0
 1644 00d9 00000000 		.4byte	0
 1645              	.LLST8:
 1646 00dd 40000000 		.4byte	.LVL19
 1647 00e1 66000000 		.4byte	.LVL22
 1648 00e5 0100     		.2byte	0x1
 1649 00e7 5C       		.byte	0x5c
 1650 00e8 66000000 		.4byte	.LVL22
 1651 00ec B4000000 		.4byte	.LVL25
 1652 00f0 0A00     		.2byte	0xa
 1653 00f2 7B       		.byte	0x7b
ARM GAS  /tmp/ccdvEA5z.s 			page 30


 1654 00f3 00       		.sleb128 0
 1655 00f4 73       		.byte	0x73
 1656 00f5 00       		.sleb128 0
 1657 00f6 37       		.byte	0x37
 1658 00f7 1A       		.byte	0x1a
 1659 00f8 32       		.byte	0x32
 1660 00f9 24       		.byte	0x24
 1661 00fa 24       		.byte	0x24
 1662 00fb 9F       		.byte	0x9f
 1663 00fc 00000000 		.4byte	0
 1664 0100 00000000 		.4byte	0
 1665              	.LLST9:
 1666 0104 44000000 		.4byte	.LVL20
 1667 0108 B4000000 		.4byte	.LVL25
 1668 010c 0500     		.2byte	0x5
 1669 010e 31       		.byte	0x31
 1670 010f 73       		.byte	0x73
 1671 0110 00       		.sleb128 0
 1672 0111 24       		.byte	0x24
 1673 0112 9F       		.byte	0x9f
 1674 0113 00000000 		.4byte	0
 1675 0117 00000000 		.4byte	0
 1676              	.LLST10:
 1677 011b 88000000 		.4byte	.LVL23
 1678 011f B0000000 		.4byte	.LVL24
 1679 0123 0400     		.2byte	0x4
 1680 0125 72       		.byte	0x72
 1681 0126 00       		.sleb128 0
 1682 0127 20       		.byte	0x20
 1683 0128 9F       		.byte	0x9f
 1684 0129 B0000000 		.4byte	.LVL24
 1685 012d B4000000 		.4byte	.LVL25
 1686 0131 0700     		.2byte	0x7
 1687 0133 33       		.byte	0x33
 1688 0134 73       		.byte	0x73
 1689 0135 00       		.sleb128 0
 1690 0136 31       		.byte	0x31
 1691 0137 24       		.byte	0x24
 1692 0138 24       		.byte	0x24
 1693 0139 9F       		.byte	0x9f
 1694 013a 00000000 		.4byte	0
 1695 013e 00000000 		.4byte	0
 1696              	.LLST11:
 1697 0142 44000000 		.4byte	.LVL20
 1698 0146 54000000 		.4byte	.LVL21
 1699 014a 0100     		.2byte	0x1
 1700 014c 52       		.byte	0x52
 1701 014d 54000000 		.4byte	.LVL21
 1702 0151 B4000000 		.4byte	.LVL25
 1703 0155 0A00     		.2byte	0xa
 1704 0157 7A       		.byte	0x7a
 1705 0158 00       		.sleb128 0
 1706 0159 73       		.byte	0x73
 1707 015a 00       		.sleb128 0
 1708 015b 37       		.byte	0x37
 1709 015c 1A       		.byte	0x1a
 1710 015d 32       		.byte	0x32
ARM GAS  /tmp/ccdvEA5z.s 			page 31


 1711 015e 24       		.byte	0x24
 1712 015f 24       		.byte	0x24
 1713 0160 9F       		.byte	0x9f
 1714 0161 00000000 		.4byte	0
 1715 0165 00000000 		.4byte	0
 1716              		.section	.debug_aranges,"",%progbits
 1717 0000 24000000 		.4byte	0x24
 1718 0004 0200     		.2byte	0x2
 1719 0006 00000000 		.4byte	.Ldebug_info0
 1720 000a 04       		.byte	0x4
 1721 000b 00       		.byte	0
 1722 000c 0000     		.2byte	0
 1723 000e 0000     		.2byte	0
 1724 0010 00000000 		.4byte	.LFB64
 1725 0014 10010000 		.4byte	.LFE64-.LFB64
 1726 0018 00000000 		.4byte	.LFB65
 1727 001c BE000000 		.4byte	.LFE65-.LFB65
 1728 0020 00000000 		.4byte	0
 1729 0024 00000000 		.4byte	0
 1730              		.section	.debug_ranges,"",%progbits
 1731              	.Ldebug_ranges0:
 1732 0000 14000000 		.4byte	.LBB14
 1733 0004 16000000 		.4byte	.LBE14
 1734 0008 1E000000 		.4byte	.LBB25
 1735 000c 22000000 		.4byte	.LBE25
 1736 0010 28000000 		.4byte	.LBB26
 1737 0014 2A000000 		.4byte	.LBE26
 1738 0018 2E000000 		.4byte	.LBB34
 1739 001c 32000000 		.4byte	.LBE34
 1740 0020 36000000 		.4byte	.LBB36
 1741 0024 3A000000 		.4byte	.LBE36
 1742 0028 3E000000 		.4byte	.LBB41
 1743 002c 42000000 		.4byte	.LBE41
 1744 0030 46000000 		.4byte	.LBB43
 1745 0034 4A000000 		.4byte	.LBE43
 1746 0038 4E000000 		.4byte	.LBB48
 1747 003c 52000000 		.4byte	.LBE48
 1748 0040 56000000 		.4byte	.LBB50
 1749 0044 5A000000 		.4byte	.LBE50
 1750 0048 5E000000 		.4byte	.LBB56
 1751 004c 60000000 		.4byte	.LBE56
 1752 0050 00000000 		.4byte	0
 1753 0054 00000000 		.4byte	0
 1754 0058 2A000000 		.4byte	.LBB27
 1755 005c 2E000000 		.4byte	.LBE27
 1756 0060 32000000 		.4byte	.LBB35
 1757 0064 36000000 		.4byte	.LBE35
 1758 0068 60000000 		.4byte	.LBB57
 1759 006c 62000000 		.4byte	.LBE57
 1760 0070 66000000 		.4byte	.LBB59
 1761 0074 6A000000 		.4byte	.LBE59
 1762 0078 6E000000 		.4byte	.LBB64
 1763 007c 72000000 		.4byte	.LBE64
 1764 0080 76000000 		.4byte	.LBB66
 1765 0084 88000000 		.4byte	.LBE66
 1766 0088 00000000 		.4byte	0
 1767 008c 00000000 		.4byte	0
ARM GAS  /tmp/ccdvEA5z.s 			page 32


 1768 0090 3A000000 		.4byte	.LBB37
 1769 0094 3E000000 		.4byte	.LBE37
 1770 0098 42000000 		.4byte	.LBB42
 1771 009c 46000000 		.4byte	.LBE42
 1772 00a0 88000000 		.4byte	.LBB67
 1773 00a4 A4000000 		.4byte	.LBE67
 1774 00a8 00000000 		.4byte	0
 1775 00ac 00000000 		.4byte	0
 1776 00b0 4A000000 		.4byte	.LBB44
 1777 00b4 4E000000 		.4byte	.LBE44
 1778 00b8 52000000 		.4byte	.LBB49
 1779 00bc 56000000 		.4byte	.LBE49
 1780 00c0 A4000000 		.4byte	.LBB68
 1781 00c4 C0000000 		.4byte	.LBE68
 1782 00c8 00000000 		.4byte	0
 1783 00cc 00000000 		.4byte	0
 1784 00d0 5A000000 		.4byte	.LBB51
 1785 00d4 5E000000 		.4byte	.LBE51
 1786 00d8 62000000 		.4byte	.LBB58
 1787 00dc 66000000 		.4byte	.LBE58
 1788 00e0 C0000000 		.4byte	.LBB69
 1789 00e4 D0000000 		.4byte	.LBE69
 1790 00e8 D2000000 		.4byte	.LBB70
 1791 00ec E4000000 		.4byte	.LBE70
 1792 00f0 00000000 		.4byte	0
 1793 00f4 00000000 		.4byte	0
 1794 00f8 6A000000 		.4byte	.LBB60
 1795 00fc 6E000000 		.4byte	.LBE60
 1796 0100 72000000 		.4byte	.LBB65
 1797 0104 76000000 		.4byte	.LBE65
 1798 0108 E4000000 		.4byte	.LBB71
 1799 010c 0E010000 		.4byte	.LBE71
 1800 0110 00000000 		.4byte	0
 1801 0114 00000000 		.4byte	0
 1802 0118 1A000000 		.4byte	.LBB72
 1803 011c 24000000 		.4byte	.LBE72
 1804 0120 2E000000 		.4byte	.LBB73
 1805 0124 32000000 		.4byte	.LBE73
 1806 0128 36000000 		.4byte	.LBB74
 1807 012c 3A000000 		.4byte	.LBE74
 1808 0130 3C000000 		.4byte	.LBB75
 1809 0134 B4000000 		.4byte	.LBE75
 1810 0138 00000000 		.4byte	0
 1811 013c 00000000 		.4byte	0
 1812 0140 00000000 		.4byte	.LFB64
 1813 0144 10010000 		.4byte	.LFE64
 1814 0148 00000000 		.4byte	.LFB65
 1815 014c BE000000 		.4byte	.LFE65
 1816 0150 00000000 		.4byte	0
 1817 0154 00000000 		.4byte	0
 1818              		.section	.debug_line,"",%progbits
 1819              	.Ldebug_line0:
 1820 0000 E7010000 		.section	.debug_str,"MS",%progbits,1
 1820      02003101 
 1820      00000201 
 1820      FB0E0D00 
 1820      01010101 
ARM GAS  /tmp/ccdvEA5z.s 			page 33


 1821              	.LASF39:
 1822 0000 4750494F 		.ascii	"GPIO_TypeDef\000"
 1822      5F547970 
 1822      65446566 
 1822      00
 1823              	.LASF49:
 1824 000d 50434461 		.ascii	"PCData\000"
 1824      746100
 1825              	.LASF60:
 1826 0014 5F70616C 		.ascii	"_pal_lld_setgroupmode\000"
 1826      5F6C6C64 
 1826      5F736574 
 1826      67726F75 
 1826      706D6F64 
 1827              	.LASF22:
 1828 002a 41504231 		.ascii	"APB1RSTR\000"
 1828      52535452 
 1828      00
 1829              	.LASF59:
 1830 0033 5F70616C 		.ascii	"_pal_lld_init\000"
 1830      5F6C6C64 
 1830      5F696E69 
 1830      7400
 1831              	.LASF46:
 1832 0041 73746D33 		.ascii	"stm32_gpio_setup_t\000"
 1832      325F6770 
 1832      696F5F73 
 1832      65747570 
 1832      5F7400
 1833              	.LASF3:
 1834 0054 73686F72 		.ascii	"short int\000"
 1834      7420696E 
 1834      7400
 1835              	.LASF68:
 1836 005e 696E6974 		.ascii	"initgpio\000"
 1836      6770696F 
 1836      00
 1837              	.LASF16:
 1838 0067 73697A65 		.ascii	"sizetype\000"
 1838      74797065 
 1838      00
 1839              	.LASF57:
 1840 0070 6770696F 		.ascii	"gpiop\000"
 1840      7000
 1841              	.LASF8:
 1842 0076 5F5F7569 		.ascii	"__uint32_t\000"
 1842      6E743332 
 1842      5F7400
 1843              	.LASF5:
 1844 0081 5F5F7569 		.ascii	"__uint16_t\000"
 1844      6E743136 
 1844      5F7400
 1845              	.LASF48:
 1846 008c 50424461 		.ascii	"PBData\000"
 1846      746100
 1847              	.LASF58:
 1848 0093 636F6E66 		.ascii	"config\000"
ARM GAS  /tmp/ccdvEA5z.s 			page 34


 1848      696700
 1849              	.LASF55:
 1850 009a 696F6D6F 		.ascii	"iomode_t\000"
 1850      64655F74 
 1850      00
 1851              	.LASF67:
 1852 00a3 2F6F7074 		.ascii	"/opt/ChibiOS_2.6.6/os/hal/platforms/STM32/GPIOv2/pa"
 1852      2F436869 
 1852      62694F53 
 1852      5F322E36 
 1852      2E362F6F 
 1853 00d6 6C5F6C6C 		.ascii	"l_lld.c\000"
 1853      642E6300 
 1854              	.LASF25:
 1855 00de 41504231 		.ascii	"APB1ENR\000"
 1855      454E5200 
 1856              	.LASF54:
 1857 00e6 696F706F 		.ascii	"ioportmask_t\000"
 1857      72746D61 
 1857      736B5F74 
 1857      00
 1858              	.LASF28:
 1859 00f3 41504231 		.ascii	"APB1LPENR\000"
 1859      4C50454E 
 1859      5200
 1860              	.LASF32:
 1861 00fd 4F545950 		.ascii	"OTYPER\000"
 1861      455200
 1862              	.LASF47:
 1863 0104 50414461 		.ascii	"PAData\000"
 1863      746100
 1864              	.LASF20:
 1865 010b 41484252 		.ascii	"AHBRSTR\000"
 1865      53545200 
 1866              	.LASF10:
 1867 0113 6C6F6E67 		.ascii	"long long int\000"
 1867      206C6F6E 
 1867      6720696E 
 1867      7400
 1868              	.LASF66:
 1869 0121 474E5520 		.ascii	"GNU C 4.8.2 -mcpu=cortex-m3 -mno-thumb-interwork -m"
 1869      4320342E 
 1869      382E3220 
 1869      2D6D6370 
 1869      753D636F 
 1870 0154 7468756D 		.ascii	"thumb -ggdb -O2 -fomit-frame-pointer -ffunction-sec"
 1870      62202D67 
 1870      67646220 
 1870      2D4F3220 
 1870      2D666F6D 
 1871 0187 74696F6E 		.ascii	"tions -fdata-sections -fno-common\000"
 1871      73202D66 
 1871      64617461 
 1871      2D736563 
 1871      74696F6E 
 1872              	.LASF34:
 1873 01a9 50555044 		.ascii	"PUPDR\000"
ARM GAS  /tmp/ccdvEA5z.s 			page 35


 1873      5200
 1874              	.LASF42:
 1875 01af 6F737065 		.ascii	"ospeedr\000"
 1875      65647200 
 1876              	.LASF7:
 1877 01b7 6C6F6E67 		.ascii	"long int\000"
 1877      20696E74 
 1877      00
 1878              	.LASF50:
 1879 01c0 50444461 		.ascii	"PDData\000"
 1879      746100
 1880              	.LASF29:
 1881 01c7 5243435F 		.ascii	"RCC_TypeDef\000"
 1881      54797065 
 1881      44656600 
 1882              	.LASF23:
 1883 01d3 41484245 		.ascii	"AHBENR\000"
 1883      4E5200
 1884              	.LASF31:
 1885 01da 4D4F4445 		.ascii	"MODER\000"
 1885      5200
 1886              	.LASF21:
 1887 01e0 41504232 		.ascii	"APB2RSTR\000"
 1887      52535452 
 1887      00
 1888              	.LASF30:
 1889 01e9 636C6561 		.ascii	"clear\000"
 1889      7200
 1890              	.LASF56:
 1891 01ef 696F706F 		.ascii	"ioportid_t\000"
 1891      72746964 
 1891      5F7400
 1892              	.LASF2:
 1893 01fa 756E7369 		.ascii	"unsigned char\000"
 1893      676E6564 
 1893      20636861 
 1893      7200
 1894              	.LASF24:
 1895 0208 41504232 		.ascii	"APB2ENR\000"
 1895      454E5200 
 1896              	.LASF1:
 1897 0210 7369676E 		.ascii	"signed char\000"
 1897      65642063 
 1897      68617200 
 1898              	.LASF11:
 1899 021c 6C6F6E67 		.ascii	"long long unsigned int\000"
 1899      206C6F6E 
 1899      6720756E 
 1899      7369676E 
 1899      65642069 
 1900              	.LASF14:
 1901 0233 75696E74 		.ascii	"uint32_t\000"
 1901      33325F74 
 1901      00
 1902              	.LASF41:
 1903 023c 6F747970 		.ascii	"otyper\000"
 1903      657200
ARM GAS  /tmp/ccdvEA5z.s 			page 36


 1904              	.LASF12:
 1905 0243 75696E74 		.ascii	"uint16_t\000"
 1905      31365F74 
 1905      00
 1906              	.LASF38:
 1907 024c 41465248 		.ascii	"AFRH\000"
 1907      00
 1908              	.LASF37:
 1909 0251 4146524C 		.ascii	"AFRL\000"
 1909      00
 1910              	.LASF4:
 1911 0256 73686F72 		.ascii	"short unsigned int\000"
 1911      7420756E 
 1911      7369676E 
 1911      65642069 
 1911      6E7400
 1912              	.LASF18:
 1913 0269 49435343 		.ascii	"ICSCR\000"
 1913      5200
 1914              	.LASF26:
 1915 026f 4148424C 		.ascii	"AHBLPENR\000"
 1915      50454E52 
 1915      00
 1916              	.LASF17:
 1917 0278 63686172 		.ascii	"char\000"
 1917      00
 1918              	.LASF13:
 1919 027d 696E7433 		.ascii	"int32_t\000"
 1919      325F7400 
 1920              	.LASF6:
 1921 0285 5F5F696E 		.ascii	"__int32_t\000"
 1921      7433325F 
 1921      7400
 1922              	.LASF53:
 1923 028f 50414C43 		.ascii	"PALConfig\000"
 1923      6F6E6669 
 1923      6700
 1924              	.LASF15:
 1925 0299 5F426F6F 		.ascii	"_Bool\000"
 1925      6C00
 1926              	.LASF63:
 1927 029f 6D6F6465 		.ascii	"mode\000"
 1927      00
 1928              	.LASF61:
 1929 02a4 706F7274 		.ascii	"port\000"
 1929      00
 1930              	.LASF51:
 1931 02a9 50454461 		.ascii	"PEData\000"
 1931      746100
 1932              	.LASF64:
 1933 02b0 616C7472 		.ascii	"altr\000"
 1933      00
 1934              	.LASF33:
 1935 02b5 4F535045 		.ascii	"OSPEEDR\000"
 1935      45445200 
 1936              	.LASF9:
 1937 02bd 6C6F6E67 		.ascii	"long unsigned int\000"
ARM GAS  /tmp/ccdvEA5z.s 			page 37


 1937      20756E73 
 1937      69676E65 
 1937      6420696E 
 1937      7400
 1938              	.LASF52:
 1939 02cf 50484461 		.ascii	"PHData\000"
 1939      746100
 1940              	.LASF62:
 1941 02d6 6D61736B 		.ascii	"mask\000"
 1941      00
 1942              	.LASF43:
 1943 02db 70757064 		.ascii	"pupdr\000"
 1943      7200
 1944              	.LASF45:
 1945 02e1 61667268 		.ascii	"afrh\000"
 1945      00
 1946              	.LASF44:
 1947 02e6 6166726C 		.ascii	"afrl\000"
 1947      00
 1948              	.LASF40:
 1949 02eb 6D6F6465 		.ascii	"moder\000"
 1949      7200
 1950              	.LASF69:
 1951 02f1 49544D5F 		.ascii	"ITM_RxBuffer\000"
 1951      52784275 
 1951      66666572 
 1951      00
 1952              	.LASF65:
 1953 02fe 616C7472 		.ascii	"altrmask\000"
 1953      6D61736B 
 1953      00
 1954              	.LASF0:
 1955 0307 756E7369 		.ascii	"unsigned int\000"
 1955      676E6564 
 1955      20696E74 
 1955      00
 1956              	.LASF19:
 1957 0314 43464752 		.ascii	"CFGR\000"
 1957      00
 1958              	.LASF36:
 1959 0319 4C434B52 		.ascii	"LCKR\000"
 1959      00
 1960              	.LASF27:
 1961 031e 41504232 		.ascii	"APB2LPENR\000"
 1961      4C50454E 
 1961      5200
 1962              	.LASF35:
 1963 0328 42535252 		.ascii	"BSRR\000"
 1963      00
 1964              		.ident	"GCC: (4.8.2-14ubuntu1+6) 4.8.2"
ARM GAS  /tmp/ccdvEA5z.s 			page 38


DEFINED SYMBOLS
                            *ABS*:0000000000000000 pal_lld.c
     /tmp/ccdvEA5z.s:19     .text._pal_lld_init:0000000000000000 $t
     /tmp/ccdvEA5z.s:24     .text._pal_lld_init:0000000000000000 _pal_lld_init
     /tmp/ccdvEA5z.s:342    .text._pal_lld_setgroupmode:0000000000000000 $t
     /tmp/ccdvEA5z.s:347    .text._pal_lld_setgroupmode:0000000000000000 _pal_lld_setgroupmode
                     .debug_frame:0000000000000010 $d

NO UNDEFINED SYMBOLS
