ARM GAS  /tmp/cc2CnmKA.s 			page 1


   1              		.syntax unified
   2              		.cpu cortex-m3
   3              		.fpu softvfp
   4              		.eabi_attribute 20, 1
   5              		.eabi_attribute 21, 1
   6              		.eabi_attribute 23, 3
   7              		.eabi_attribute 24, 1
   8              		.eabi_attribute 25, 1
   9              		.eabi_attribute 26, 1
  10              		.eabi_attribute 30, 2
  11              		.eabi_attribute 34, 1
  12              		.eabi_attribute 18, 4
  13              		.thumb
  14              		.file	"pwm.c"
  15              		.text
  16              	.Ltext0:
  17              		.cfi_sections	.debug_frame
  18              		.section	.text.pwmInit,"ax",%progbits
  19              		.align	2
  20              		.global	pwmInit
  21              		.thumb
  22              		.thumb_func
  23              		.type	pwmInit, %function
  24              	pwmInit:
  25              	.LFB63:
  26              		.file 1 "/opt/ChibiOS_2.6.6/os/hal/src/pwm.c"
  27              		.loc 1 68 0
  28              		.cfi_startproc
  29              		@ args = 0, pretend = 0, frame = 0
  30              		@ frame_needed = 0, uses_anonymous_args = 0
  31              		@ link register save eliminated.
  32              		.loc 1 70 0
  33 0000 FFF7FEBF 		b	pwm_lld_init
  34              	.LVL0:
  35              		.cfi_endproc
  36              	.LFE63:
  37              		.size	pwmInit, .-pwmInit
  38              		.section	.text.pwmObjectInit,"ax",%progbits
  39              		.align	2
  40              		.global	pwmObjectInit
  41              		.thumb
  42              		.thumb_func
  43              		.type	pwmObjectInit, %function
  44              	pwmObjectInit:
  45              	.LFB64:
  46              		.loc 1 80 0
  47              		.cfi_startproc
  48              		@ args = 0, pretend = 0, frame = 0
  49              		@ frame_needed = 0, uses_anonymous_args = 0
  50              		@ link register save eliminated.
  51              	.LVL1:
  52              		.loc 1 82 0
  53 0000 0122     		movs	r2, #1
  54              		.loc 1 83 0
  55 0002 0023     		movs	r3, #0
  56              		.loc 1 82 0
  57 0004 0270     		strb	r2, [r0]
ARM GAS  /tmp/cc2CnmKA.s 			page 2


  58              		.loc 1 83 0
  59 0006 4360     		str	r3, [r0, #4]
  60 0008 7047     		bx	lr
  61              		.cfi_endproc
  62              	.LFE64:
  63              		.size	pwmObjectInit, .-pwmObjectInit
  64 000a 00BF     		.section	.text.pwmStart,"ax",%progbits
  65              		.align	2
  66              		.global	pwmStart
  67              		.thumb
  68              		.thumb_func
  69              		.type	pwmStart, %function
  70              	pwmStart:
  71              	.LFB65:
  72              		.loc 1 99 0
  73              		.cfi_startproc
  74              		@ args = 0, pretend = 0, frame = 0
  75              		@ frame_needed = 0, uses_anonymous_args = 0
  76              	.LVL2:
  77 0000 10B5     		push	{r4, lr}
  78              		.cfi_def_cfa_offset 8
  79              		.cfi_offset 4, -8
  80              		.cfi_offset 14, -4
  81              	.LBB2:
  82              		.loc 1 103 0
  83 0002 2023     		movs	r3, #32
  84              	.LBE2:
  85              		.loc 1 99 0
  86 0004 0446     		mov	r4, r0
  87              	.LBB3:
  88              		.loc 1 103 0
  89              	@ 103 "/opt/ChibiOS_2.6.6/os/hal/src/pwm.c" 1
  90 0006 83F31188 		msr     BASEPRI, r3
  91              	@ 0 "" 2
  92              		.thumb
  93              	.LBE3:
  94              		.loc 1 107 0
  95 000a 8B88     		ldrh	r3, [r1, #4]
  96              		.loc 1 106 0
  97 000c 4160     		str	r1, [r0, #4]
  98              		.loc 1 107 0
  99 000e 0381     		strh	r3, [r0, #8]	@ movhi
 100              		.loc 1 108 0
 101 0010 FFF7FEFF 		bl	pwm_lld_start
 102              	.LVL3:
 103              		.loc 1 109 0
 104 0014 0223     		movs	r3, #2
 105 0016 2370     		strb	r3, [r4]
 106              	.LBB4:
 107              		.loc 1 110 0
 108 0018 0023     		movs	r3, #0
 109              	@ 110 "/opt/ChibiOS_2.6.6/os/hal/src/pwm.c" 1
 110 001a 83F31188 		msr     BASEPRI, r3
 111              	@ 0 "" 2
 112              		.thumb
 113 001e 10BD     		pop	{r4, pc}
 114              	.LBE4:
ARM GAS  /tmp/cc2CnmKA.s 			page 3


 115              		.cfi_endproc
 116              	.LFE65:
 117              		.size	pwmStart, .-pwmStart
 118              		.section	.text.pwmStop,"ax",%progbits
 119              		.align	2
 120              		.global	pwmStop
 121              		.thumb
 122              		.thumb_func
 123              		.type	pwmStop, %function
 124              	pwmStop:
 125              	.LFB66:
 126              		.loc 1 120 0
 127              		.cfi_startproc
 128              		@ args = 0, pretend = 0, frame = 0
 129              		@ frame_needed = 0, uses_anonymous_args = 0
 130              	.LVL4:
 131 0000 10B5     		push	{r4, lr}
 132              		.cfi_def_cfa_offset 8
 133              		.cfi_offset 4, -8
 134              		.cfi_offset 14, -4
 135              	.LBB5:
 136              		.loc 1 124 0
 137 0002 2023     		movs	r3, #32
 138              	.LBE5:
 139              		.loc 1 120 0
 140 0004 0446     		mov	r4, r0
 141              	.LBB6:
 142              		.loc 1 124 0
 143              	@ 124 "/opt/ChibiOS_2.6.6/os/hal/src/pwm.c" 1
 144 0006 83F31188 		msr     BASEPRI, r3
 145              	@ 0 "" 2
 146              		.thumb
 147              	.LBE6:
 148              		.loc 1 127 0
 149 000a FFF7FEFF 		bl	pwm_lld_stop
 150              	.LVL5:
 151              		.loc 1 128 0
 152 000e 0123     		movs	r3, #1
 153 0010 2370     		strb	r3, [r4]
 154              	.LBB7:
 155              		.loc 1 129 0
 156 0012 0023     		movs	r3, #0
 157              	@ 129 "/opt/ChibiOS_2.6.6/os/hal/src/pwm.c" 1
 158 0014 83F31188 		msr     BASEPRI, r3
 159              	@ 0 "" 2
 160              		.thumb
 161 0018 10BD     		pop	{r4, pc}
 162              	.LBE7:
 163              		.cfi_endproc
 164              	.LFE66:
 165              		.size	pwmStop, .-pwmStop
 166 001a 00BF     		.section	.text.pwmChangePeriod,"ax",%progbits
 167              		.align	2
 168              		.global	pwmChangePeriod
 169              		.thumb
 170              		.thumb_func
 171              		.type	pwmChangePeriod, %function
ARM GAS  /tmp/cc2CnmKA.s 			page 4


 172              	pwmChangePeriod:
 173              	.LFB67:
 174              		.loc 1 147 0
 175              		.cfi_startproc
 176              		@ args = 0, pretend = 0, frame = 0
 177              		@ frame_needed = 0, uses_anonymous_args = 0
 178              		@ link register save eliminated.
 179              	.LVL6:
 180 0000 10B4     		push	{r4}
 181              		.cfi_def_cfa_offset 4
 182              		.cfi_offset 4, -4
 183              	.LBB8:
 184              		.loc 1 151 0
 185 0002 2023     		movs	r3, #32
 186              	@ 151 "/opt/ChibiOS_2.6.6/os/hal/src/pwm.c" 1
 187 0004 83F31188 		msr     BASEPRI, r3
 188              	@ 0 "" 2
 189              		.thumb
 190              	.LBE8:
 191              		.loc 1 154 0
 192 0008 4C1E     		subs	r4, r1, #1
 193 000a 0269     		ldr	r2, [r0, #16]
 194 000c A4B2     		uxth	r4, r4
 195 000e 0181     		strh	r1, [r0, #8]	@ movhi
 196              	.LBB9:
 197              		.loc 1 155 0
 198 0010 0023     		movs	r3, #0
 199              	.LBE9:
 200              		.loc 1 154 0
 201 0012 D462     		str	r4, [r2, #44]
 202              	.LBB10:
 203              		.loc 1 155 0
 204              	@ 155 "/opt/ChibiOS_2.6.6/os/hal/src/pwm.c" 1
 205 0014 83F31188 		msr     BASEPRI, r3
 206              	@ 0 "" 2
 207              		.thumb
 208              	.LBE10:
 209              		.loc 1 156 0
 210 0018 5DF8044B 		ldr	r4, [sp], #4
 211 001c 7047     		bx	lr
 212              		.cfi_endproc
 213              	.LFE67:
 214              		.size	pwmChangePeriod, .-pwmChangePeriod
 215 001e 00BF     		.section	.text.pwmEnableChannel,"ax",%progbits
 216              		.align	2
 217              		.global	pwmEnableChannel
 218              		.thumb
 219              		.thumb_func
 220              		.type	pwmEnableChannel, %function
 221              	pwmEnableChannel:
 222              	.LFB68:
 223              		.loc 1 174 0
 224              		.cfi_startproc
 225              		@ args = 0, pretend = 0, frame = 0
 226              		@ frame_needed = 0, uses_anonymous_args = 0
 227              	.LVL7:
 228 0000 08B5     		push	{r3, lr}
ARM GAS  /tmp/cc2CnmKA.s 			page 5


 229              		.cfi_def_cfa_offset 8
 230              		.cfi_offset 3, -8
 231              		.cfi_offset 14, -4
 232              	.LBB11:
 233              		.loc 1 179 0
 234 0002 2023     		movs	r3, #32
 235              	@ 179 "/opt/ChibiOS_2.6.6/os/hal/src/pwm.c" 1
 236 0004 83F31188 		msr     BASEPRI, r3
 237              	@ 0 "" 2
 238              		.thumb
 239              	.LBE11:
 240              		.loc 1 182 0
 241 0008 FFF7FEFF 		bl	pwm_lld_enable_channel
 242              	.LVL8:
 243              	.LBB12:
 244              		.loc 1 183 0
 245 000c 0023     		movs	r3, #0
 246              	@ 183 "/opt/ChibiOS_2.6.6/os/hal/src/pwm.c" 1
 247 000e 83F31188 		msr     BASEPRI, r3
 248              	@ 0 "" 2
 249              		.thumb
 250 0012 08BD     		pop	{r3, pc}
 251              	.LBE12:
 252              		.cfi_endproc
 253              	.LFE68:
 254              		.size	pwmEnableChannel, .-pwmEnableChannel
 255              		.section	.text.pwmDisableChannel,"ax",%progbits
 256              		.align	2
 257              		.global	pwmDisableChannel
 258              		.thumb
 259              		.thumb_func
 260              		.type	pwmDisableChannel, %function
 261              	pwmDisableChannel:
 262              	.LFB69:
 263              		.loc 1 200 0
 264              		.cfi_startproc
 265              		@ args = 0, pretend = 0, frame = 0
 266              		@ frame_needed = 0, uses_anonymous_args = 0
 267              	.LVL9:
 268 0000 08B5     		push	{r3, lr}
 269              		.cfi_def_cfa_offset 8
 270              		.cfi_offset 3, -8
 271              		.cfi_offset 14, -4
 272              	.LBB13:
 273              		.loc 1 205 0
 274 0002 2023     		movs	r3, #32
 275              	@ 205 "/opt/ChibiOS_2.6.6/os/hal/src/pwm.c" 1
 276 0004 83F31188 		msr     BASEPRI, r3
 277              	@ 0 "" 2
 278              		.thumb
 279              	.LBE13:
 280              		.loc 1 208 0
 281 0008 FFF7FEFF 		bl	pwm_lld_disable_channel
 282              	.LVL10:
 283              	.LBB14:
 284              		.loc 1 209 0
 285 000c 0023     		movs	r3, #0
ARM GAS  /tmp/cc2CnmKA.s 			page 6


 286              	@ 209 "/opt/ChibiOS_2.6.6/os/hal/src/pwm.c" 1
 287 000e 83F31188 		msr     BASEPRI, r3
 288              	@ 0 "" 2
 289              		.thumb
 290 0012 08BD     		pop	{r3, pc}
 291              	.LBE14:
 292              		.cfi_endproc
 293              	.LFE69:
 294              		.size	pwmDisableChannel, .-pwmDisableChannel
 295              		.text
 296              	.Letext0:
 297              		.file 2 "/usr/include/newlib/machine/_default_types.h"
 298              		.file 3 "/usr/include/newlib/stdint.h"
 299              		.file 4 "/opt/ChibiOS_2.6.6/os/hal/include/pwm.h"
 300              		.file 5 "/opt/ChibiOS_2.6.6/os/hal/platforms/STM32/TIMv1/pwm_lld.h"
 301              		.file 6 "/opt/ChibiOS_2.6.6/os/hal/platforms/STM32/TIMv1/stm32_tim.h"
 302              		.file 7 "/opt/ChibiOS_2.6.6/os/ports/common/ARMCMx/CMSIS/include/core_cm3.h"
 303              		.section	.debug_info,"",%progbits
 304              	.Ldebug_info0:
 305 0000 79060000 		.4byte	0x679
 306 0004 0400     		.2byte	0x4
 307 0006 00000000 		.4byte	.Ldebug_abbrev0
 308 000a 04       		.byte	0x4
 309 000b 01       		.uleb128 0x1
 310 000c D9000000 		.4byte	.LASF64
 311 0010 01       		.byte	0x1
 312 0011 3A030000 		.4byte	.LASF65
 313 0015 48000000 		.4byte	.Ldebug_ranges0+0x48
 314 0019 00000000 		.4byte	0
 315 001d 00000000 		.4byte	.Ldebug_line0
 316 0021 02       		.uleb128 0x2
 317 0022 04       		.byte	0x4
 318 0023 05       		.byte	0x5
 319 0024 696E7400 		.ascii	"int\000"
 320 0028 03       		.uleb128 0x3
 321 0029 04       		.byte	0x4
 322 002a 07       		.byte	0x7
 323 002b 23020000 		.4byte	.LASF0
 324 002f 03       		.uleb128 0x3
 325 0030 01       		.byte	0x1
 326 0031 06       		.byte	0x6
 327 0032 F7010000 		.4byte	.LASF1
 328 0036 04       		.uleb128 0x4
 329 0037 83010000 		.4byte	.LASF4
 330 003b 02       		.byte	0x2
 331 003c 1C       		.byte	0x1c
 332 003d 41000000 		.4byte	0x41
 333 0041 03       		.uleb128 0x3
 334 0042 01       		.byte	0x1
 335 0043 08       		.byte	0x8
 336 0044 C0010000 		.4byte	.LASF2
 337 0048 03       		.uleb128 0x3
 338 0049 02       		.byte	0x2
 339 004a 05       		.byte	0x5
 340 004b 29000000 		.4byte	.LASF3
 341 004f 04       		.uleb128 0x4
 342 0050 7A000000 		.4byte	.LASF5
ARM GAS  /tmp/cc2CnmKA.s 			page 7


 343 0054 02       		.byte	0x2
 344 0055 26       		.byte	0x26
 345 0056 5A000000 		.4byte	0x5a
 346 005a 03       		.uleb128 0x3
 347 005b 02       		.byte	0x2
 348 005c 07       		.byte	0x7
 349 005d 43020000 		.4byte	.LASF6
 350 0061 04       		.uleb128 0x4
 351 0062 BC020000 		.4byte	.LASF7
 352 0066 02       		.byte	0x2
 353 0067 37       		.byte	0x37
 354 0068 6C000000 		.4byte	0x6c
 355 006c 03       		.uleb128 0x3
 356 006d 04       		.byte	0x4
 357 006e 05       		.byte	0x5
 358 006f 61010000 		.4byte	.LASF8
 359 0073 04       		.uleb128 0x4
 360 0074 6A000000 		.4byte	.LASF9
 361 0078 02       		.byte	0x2
 362 0079 38       		.byte	0x38
 363 007a 7E000000 		.4byte	0x7e
 364 007e 03       		.uleb128 0x3
 365 007f 04       		.byte	0x4
 366 0080 07       		.byte	0x7
 367 0081 A4020000 		.4byte	.LASF10
 368 0085 03       		.uleb128 0x3
 369 0086 08       		.byte	0x8
 370 0087 05       		.byte	0x5
 371 0088 CB000000 		.4byte	.LASF11
 372 008c 03       		.uleb128 0x3
 373 008d 08       		.byte	0x8
 374 008e 07       		.byte	0x7
 375 008f 03020000 		.4byte	.LASF12
 376 0093 04       		.uleb128 0x4
 377 0094 A3000000 		.4byte	.LASF13
 378 0098 03       		.byte	0x3
 379 0099 2A       		.byte	0x2a
 380 009a 36000000 		.4byte	0x36
 381 009e 04       		.uleb128 0x4
 382 009f 30020000 		.4byte	.LASF14
 383 00a3 03       		.byte	0x3
 384 00a4 36       		.byte	0x36
 385 00a5 4F000000 		.4byte	0x4f
 386 00a9 04       		.uleb128 0x4
 387 00aa 7E020000 		.4byte	.LASF15
 388 00ae 03       		.byte	0x3
 389 00af 41       		.byte	0x41
 390 00b0 61000000 		.4byte	0x61
 391 00b4 04       		.uleb128 0x4
 392 00b5 1A020000 		.4byte	.LASF16
 393 00b9 03       		.byte	0x3
 394 00ba 42       		.byte	0x42
 395 00bb 73000000 		.4byte	0x73
 396 00bf 03       		.uleb128 0x3
 397 00c0 01       		.byte	0x1
 398 00c1 02       		.byte	0x2
 399 00c2 86020000 		.4byte	.LASF17
ARM GAS  /tmp/cc2CnmKA.s 			page 8


 400 00c6 05       		.uleb128 0x5
 401 00c7 B4000000 		.4byte	0xb4
 402 00cb 03       		.uleb128 0x3
 403 00cc 04       		.byte	0x4
 404 00cd 07       		.byte	0x7
 405 00ce 3C000000 		.4byte	.LASF18
 406 00d2 03       		.uleb128 0x3
 407 00d3 01       		.byte	0x1
 408 00d4 08       		.byte	0x8
 409 00d5 63020000 		.4byte	.LASF19
 410 00d9 06       		.uleb128 0x6
 411 00da B4000000 		.4byte	0xb4
 412 00de E9000000 		.4byte	0xe9
 413 00e2 07       		.uleb128 0x7
 414 00e3 CB000000 		.4byte	0xcb
 415 00e7 03       		.byte	0x3
 416 00e8 00       		.byte	0
 417 00e9 08       		.uleb128 0x8
 418 00ea 01       		.byte	0x1
 419 00eb 04       		.byte	0x4
 420 00ec 55       		.byte	0x55
 421 00ed 04010000 		.4byte	0x104
 422 00f1 09       		.uleb128 0x9
 423 00f2 B5010000 		.4byte	.LASF20
 424 00f6 00       		.sleb128 0
 425 00f7 09       		.uleb128 0x9
 426 00f8 D0020000 		.4byte	.LASF21
 427 00fc 01       		.sleb128 1
 428 00fd 09       		.uleb128 0x9
 429 00fe C6020000 		.4byte	.LASF22
 430 0102 02       		.sleb128 2
 431 0103 00       		.byte	0
 432 0104 04       		.uleb128 0x4
 433 0105 18030000 		.4byte	.LASF23
 434 0109 04       		.byte	0x4
 435 010a 59       		.byte	0x59
 436 010b E9000000 		.4byte	0xe9
 437 010f 04       		.uleb128 0x4
 438 0110 74020000 		.4byte	.LASF24
 439 0114 04       		.byte	0x4
 440 0115 5E       		.byte	0x5e
 441 0116 1A010000 		.4byte	0x11a
 442 011a 0A       		.uleb128 0xa
 443 011b 74020000 		.4byte	.LASF24
 444 011f 14       		.byte	0x14
 445 0120 05       		.byte	0x5
 446 0121 6F01     		.2byte	0x16f
 447 0123 69010000 		.4byte	0x169
 448 0127 0B       		.uleb128 0xb
 449 0128 17000000 		.4byte	.LASF25
 450 012c 05       		.byte	0x5
 451 012d 7301     		.2byte	0x173
 452 012f 04010000 		.4byte	0x104
 453 0133 00       		.byte	0
 454 0134 0B       		.uleb128 0xb
 455 0135 8E000000 		.4byte	.LASF26
 456 0139 05       		.byte	0x5
ARM GAS  /tmp/cc2CnmKA.s 			page 9


 457 013a 7701     		.2byte	0x177
 458 013c 7D030000 		.4byte	0x37d
 459 0140 04       		.byte	0x4
 460 0141 0B       		.uleb128 0xb
 461 0142 7C010000 		.4byte	.LASF27
 462 0146 05       		.byte	0x5
 463 0147 7B01     		.2byte	0x17b
 464 0149 CD020000 		.4byte	0x2cd
 465 014d 08       		.byte	0x8
 466 014e 0B       		.uleb128 0xb
 467 014f B6020000 		.4byte	.LASF28
 468 0153 05       		.byte	0x5
 469 0154 8301     		.2byte	0x183
 470 0156 B4000000 		.4byte	0xb4
 471 015a 0C       		.byte	0xc
 472 015b 0C       		.uleb128 0xc
 473 015c 74696D00 		.ascii	"tim\000"
 474 0160 05       		.byte	0x5
 475 0161 8701     		.2byte	0x187
 476 0163 88030000 		.4byte	0x388
 477 0167 10       		.byte	0x10
 478 0168 00       		.byte	0
 479 0169 04       		.uleb128 0x4
 480 016a 23030000 		.4byte	.LASF29
 481 016e 04       		.byte	0x4
 482 016f 65       		.byte	0x65
 483 0170 74010000 		.4byte	0x174
 484 0174 0D       		.uleb128 0xd
 485 0175 04       		.byte	0x4
 486 0176 7A010000 		.4byte	0x17a
 487 017a 0E       		.uleb128 0xe
 488 017b 85010000 		.4byte	0x185
 489 017f 0F       		.uleb128 0xf
 490 0180 85010000 		.4byte	0x185
 491 0184 00       		.byte	0
 492 0185 0D       		.uleb128 0xd
 493 0186 04       		.byte	0x4
 494 0187 0F010000 		.4byte	0x10f
 495 018b 10       		.uleb128 0x10
 496 018c 60       		.byte	0x60
 497 018d 06       		.byte	0x6
 498 018e 9E01     		.2byte	0x19e
 499 0190 A4020000 		.4byte	0x2a4
 500 0194 0C       		.uleb128 0xc
 501 0195 43523100 		.ascii	"CR1\000"
 502 0199 06       		.byte	0x6
 503 019a 9F01     		.2byte	0x19f
 504 019c C6000000 		.4byte	0xc6
 505 01a0 00       		.byte	0
 506 01a1 0C       		.uleb128 0xc
 507 01a2 43523200 		.ascii	"CR2\000"
 508 01a6 06       		.byte	0x6
 509 01a7 A001     		.2byte	0x1a0
 510 01a9 C6000000 		.4byte	0xc6
 511 01ad 04       		.byte	0x4
 512 01ae 0B       		.uleb128 0xb
 513 01af B0010000 		.4byte	.LASF30
ARM GAS  /tmp/cc2CnmKA.s 			page 10


 514 01b3 06       		.byte	0x6
 515 01b4 A101     		.2byte	0x1a1
 516 01b6 C6000000 		.4byte	0xc6
 517 01ba 08       		.byte	0x8
 518 01bb 0B       		.uleb128 0xb
 519 01bc 3E020000 		.4byte	.LASF31
 520 01c0 06       		.byte	0x6
 521 01c1 A201     		.2byte	0x1a2
 522 01c3 C6000000 		.4byte	0xc6
 523 01c7 0C       		.byte	0xc
 524 01c8 0C       		.uleb128 0xc
 525 01c9 535200   		.ascii	"SR\000"
 526 01cc 06       		.byte	0x6
 527 01cd A301     		.2byte	0x1a3
 528 01cf C6000000 		.4byte	0xc6
 529 01d3 10       		.byte	0x10
 530 01d4 0C       		.uleb128 0xc
 531 01d5 45475200 		.ascii	"EGR\000"
 532 01d9 06       		.byte	0x6
 533 01da A401     		.2byte	0x1a4
 534 01dc C6000000 		.4byte	0xc6
 535 01e0 14       		.byte	0x14
 536 01e1 0B       		.uleb128 0xb
 537 01e2 8D010000 		.4byte	.LASF32
 538 01e6 06       		.byte	0x6
 539 01e7 A501     		.2byte	0x1a5
 540 01e9 C6000000 		.4byte	0xc6
 541 01ed 18       		.byte	0x18
 542 01ee 0B       		.uleb128 0xb
 543 01ef 1D000000 		.4byte	.LASF33
 544 01f3 06       		.byte	0x6
 545 01f4 A601     		.2byte	0x1a6
 546 01f6 C6000000 		.4byte	0xc6
 547 01fa 1C       		.byte	0x1c
 548 01fb 0B       		.uleb128 0xb
 549 01fc 00000000 		.4byte	.LASF34
 550 0200 06       		.byte	0x6
 551 0201 A701     		.2byte	0x1a7
 552 0203 C6000000 		.4byte	0xc6
 553 0207 20       		.byte	0x20
 554 0208 0C       		.uleb128 0xc
 555 0209 434E5400 		.ascii	"CNT\000"
 556 020d 06       		.byte	0x6
 557 020e A801     		.2byte	0x1a8
 558 0210 C6000000 		.4byte	0xc6
 559 0214 24       		.byte	0x24
 560 0215 0C       		.uleb128 0xc
 561 0216 50534300 		.ascii	"PSC\000"
 562 021a 06       		.byte	0x6
 563 021b A901     		.2byte	0x1a9
 564 021d C6000000 		.4byte	0xc6
 565 0221 28       		.byte	0x28
 566 0222 0C       		.uleb128 0xc
 567 0223 41525200 		.ascii	"ARR\000"
 568 0227 06       		.byte	0x6
 569 0228 AA01     		.2byte	0x1aa
 570 022a C6000000 		.4byte	0xc6
ARM GAS  /tmp/cc2CnmKA.s 			page 11


 571 022e 2C       		.byte	0x2c
 572 022f 0C       		.uleb128 0xc
 573 0230 52435200 		.ascii	"RCR\000"
 574 0234 06       		.byte	0x6
 575 0235 AB01     		.2byte	0x1ab
 576 0237 C6000000 		.4byte	0xc6
 577 023b 30       		.byte	0x30
 578 023c 0C       		.uleb128 0xc
 579 023d 43435200 		.ascii	"CCR\000"
 580 0241 06       		.byte	0x6
 581 0242 AC01     		.2byte	0x1ac
 582 0244 A4020000 		.4byte	0x2a4
 583 0248 34       		.byte	0x34
 584 0249 0B       		.uleb128 0xb
 585 024a 39020000 		.4byte	.LASF35
 586 024e 06       		.byte	0x6
 587 024f AD01     		.2byte	0x1ad
 588 0251 C6000000 		.4byte	0xc6
 589 0255 44       		.byte	0x44
 590 0256 0C       		.uleb128 0xc
 591 0257 44435200 		.ascii	"DCR\000"
 592 025b 06       		.byte	0x6
 593 025c AE01     		.2byte	0x1ae
 594 025e C6000000 		.4byte	0xc6
 595 0262 48       		.byte	0x48
 596 0263 0B       		.uleb128 0xb
 597 0264 12000000 		.4byte	.LASF36
 598 0268 06       		.byte	0x6
 599 0269 AF01     		.2byte	0x1af
 600 026b C6000000 		.4byte	0xc6
 601 026f 4C       		.byte	0x4c
 602 0270 0C       		.uleb128 0xc
 603 0271 4F5200   		.ascii	"OR\000"
 604 0274 06       		.byte	0x6
 605 0275 B001     		.2byte	0x1b0
 606 0277 C6000000 		.4byte	0xc6
 607 027b 50       		.byte	0x50
 608 027c 0B       		.uleb128 0xb
 609 027d 23000000 		.4byte	.LASF37
 610 0281 06       		.byte	0x6
 611 0282 B101     		.2byte	0x1b1
 612 0284 C6000000 		.4byte	0xc6
 613 0288 54       		.byte	0x54
 614 0289 0B       		.uleb128 0xb
 615 028a 72010000 		.4byte	.LASF38
 616 028e 06       		.byte	0x6
 617 028f B201     		.2byte	0x1b2
 618 0291 C6000000 		.4byte	0xc6
 619 0295 58       		.byte	0x58
 620 0296 0B       		.uleb128 0xb
 621 0297 77010000 		.4byte	.LASF39
 622 029b 06       		.byte	0x6
 623 029c B301     		.2byte	0x1b3
 624 029e C6000000 		.4byte	0xc6
 625 02a2 5C       		.byte	0x5c
 626 02a3 00       		.byte	0
 627 02a4 05       		.uleb128 0x5
ARM GAS  /tmp/cc2CnmKA.s 			page 12


 628 02a5 D9000000 		.4byte	0xd9
 629 02a9 11       		.uleb128 0x11
 630 02aa 68020000 		.4byte	.LASF40
 631 02ae 06       		.byte	0x6
 632 02af B401     		.2byte	0x1b4
 633 02b1 8B010000 		.4byte	0x18b
 634 02b5 11       		.uleb128 0x11
 635 02b6 01030000 		.4byte	.LASF41
 636 02ba 05       		.byte	0x5
 637 02bb 2001     		.2byte	0x120
 638 02bd B4000000 		.4byte	0xb4
 639 02c1 11       		.uleb128 0x11
 640 02c2 5D000000 		.4byte	.LASF42
 641 02c6 05       		.byte	0x5
 642 02c7 2501     		.2byte	0x125
 643 02c9 93000000 		.4byte	0x93
 644 02cd 11       		.uleb128 0x11
 645 02ce 33000000 		.4byte	.LASF43
 646 02d2 05       		.byte	0x5
 647 02d3 2A01     		.2byte	0x12a
 648 02d5 9E000000 		.4byte	0x9e
 649 02d9 10       		.uleb128 0x10
 650 02da 08       		.byte	0x8
 651 02db 05       		.byte	0x5
 652 02dc 2F01     		.2byte	0x12f
 653 02de FD020000 		.4byte	0x2fd
 654 02e2 0B       		.uleb128 0xb
 655 02e3 75000000 		.4byte	.LASF44
 656 02e7 05       		.byte	0x5
 657 02e8 3301     		.2byte	0x133
 658 02ea B5020000 		.4byte	0x2b5
 659 02ee 00       		.byte	0
 660 02ef 0B       		.uleb128 0xb
 661 02f0 31030000 		.4byte	.LASF45
 662 02f4 05       		.byte	0x5
 663 02f5 3901     		.2byte	0x139
 664 02f7 69010000 		.4byte	0x169
 665 02fb 04       		.byte	0x4
 666 02fc 00       		.byte	0
 667 02fd 11       		.uleb128 0x11
 668 02fe F0020000 		.4byte	.LASF46
 669 0302 05       		.byte	0x5
 670 0303 3B01     		.2byte	0x13b
 671 0305 D9020000 		.4byte	0x2d9
 672 0309 10       		.uleb128 0x10
 673 030a 34       		.byte	0x34
 674 030b 05       		.byte	0x5
 675 030c 4001     		.2byte	0x140
 676 030e 61030000 		.4byte	0x361
 677 0312 0B       		.uleb128 0xb
 678 0313 E6020000 		.4byte	.LASF47
 679 0317 05       		.byte	0x5
 680 0318 4601     		.2byte	0x146
 681 031a B4000000 		.4byte	0xb4
 682 031e 00       		.byte	0
 683 031f 0B       		.uleb128 0xb
 684 0320 7C010000 		.4byte	.LASF27
ARM GAS  /tmp/cc2CnmKA.s 			page 13


 685 0324 05       		.byte	0x5
 686 0325 4C01     		.2byte	0x14c
 687 0327 CD020000 		.4byte	0x2cd
 688 032b 04       		.byte	0x4
 689 032c 0B       		.uleb128 0xb
 690 032d 31030000 		.4byte	.LASF45
 691 0331 05       		.byte	0x5
 692 0332 5201     		.2byte	0x152
 693 0334 69010000 		.4byte	0x169
 694 0338 08       		.byte	0x8
 695 0339 0B       		.uleb128 0xb
 696 033a 85000000 		.4byte	.LASF48
 697 033e 05       		.byte	0x5
 698 033f 5601     		.2byte	0x156
 699 0341 61030000 		.4byte	0x361
 700 0345 0C       		.byte	0xc
 701 0346 0C       		.uleb128 0xc
 702 0347 63723200 		.ascii	"cr2\000"
 703 034b 05       		.byte	0x5
 704 034c 5C01     		.2byte	0x15c
 705 034e B4000000 		.4byte	0xb4
 706 0352 2C       		.byte	0x2c
 707 0353 0B       		.uleb128 0xb
 708 0354 D9020000 		.4byte	.LASF49
 709 0358 05       		.byte	0x5
 710 0359 6901     		.2byte	0x169
 711 035b B4000000 		.4byte	0xb4
 712 035f 30       		.byte	0x30
 713 0360 00       		.byte	0
 714 0361 06       		.uleb128 0x6
 715 0362 FD020000 		.4byte	0x2fd
 716 0366 71030000 		.4byte	0x371
 717 036a 07       		.uleb128 0x7
 718 036b CB000000 		.4byte	0xcb
 719 036f 03       		.byte	0x3
 720 0370 00       		.byte	0
 721 0371 11       		.uleb128 0x11
 722 0372 A1010000 		.4byte	.LASF50
 723 0376 05       		.byte	0x5
 724 0377 6A01     		.2byte	0x16a
 725 0379 09030000 		.4byte	0x309
 726 037d 0D       		.uleb128 0xd
 727 037e 04       		.byte	0x4
 728 037f 83030000 		.4byte	0x383
 729 0383 12       		.uleb128 0x12
 730 0384 71030000 		.4byte	0x371
 731 0388 0D       		.uleb128 0xd
 732 0389 04       		.byte	0x4
 733 038a A9020000 		.4byte	0x2a9
 734 038e 13       		.uleb128 0x13
 735 038f 6A010000 		.4byte	.LASF51
 736 0393 01       		.byte	0x1
 737 0394 44       		.byte	0x44
 738 0395 00000000 		.4byte	.LFB63
 739 0399 04000000 		.4byte	.LFE63-.LFB63
 740 039d 01       		.uleb128 0x1
 741 039e 9C       		.byte	0x9c
ARM GAS  /tmp/cc2CnmKA.s 			page 14


 742 039f AD030000 		.4byte	0x3ad
 743 03a3 14       		.uleb128 0x14
 744 03a4 04000000 		.4byte	.LVL0
 745 03a8 21060000 		.4byte	0x621
 746 03ac 00       		.byte	0
 747 03ad 13       		.uleb128 0x13
 748 03ae 95000000 		.4byte	.LASF52
 749 03b2 01       		.byte	0x1
 750 03b3 50       		.byte	0x50
 751 03b4 00000000 		.4byte	.LFB64
 752 03b8 0A000000 		.4byte	.LFE64-.LFB64
 753 03bc 01       		.uleb128 0x1
 754 03bd 9C       		.byte	0x9c
 755 03be D0030000 		.4byte	0x3d0
 756 03c2 15       		.uleb128 0x15
 757 03c3 AB010000 		.4byte	.LASF54
 758 03c7 01       		.byte	0x1
 759 03c8 50       		.byte	0x50
 760 03c9 85010000 		.4byte	0x185
 761 03cd 01       		.uleb128 0x1
 762 03ce 50       		.byte	0x50
 763 03cf 00       		.byte	0
 764 03d0 13       		.uleb128 0x13
 765 03d1 C2000000 		.4byte	.LASF53
 766 03d5 01       		.byte	0x1
 767 03d6 63       		.byte	0x63
 768 03d7 00000000 		.4byte	.LFB65
 769 03db 20000000 		.4byte	.LFE65-.LFB65
 770 03df 01       		.uleb128 0x1
 771 03e0 9C       		.byte	0x9c
 772 03e1 46040000 		.4byte	0x446
 773 03e5 16       		.uleb128 0x16
 774 03e6 AB010000 		.4byte	.LASF54
 775 03ea 01       		.byte	0x1
 776 03eb 63       		.byte	0x63
 777 03ec 85010000 		.4byte	0x185
 778 03f0 00000000 		.4byte	.LLST0
 779 03f4 16       		.uleb128 0x16
 780 03f5 8E000000 		.4byte	.LASF26
 781 03f9 01       		.byte	0x1
 782 03fa 63       		.byte	0x63
 783 03fb 7D030000 		.4byte	0x37d
 784 03ff 1E000000 		.4byte	.LLST1
 785 0403 17       		.uleb128 0x17
 786 0404 00000000 		.4byte	.Ldebug_ranges0+0
 787 0408 1A040000 		.4byte	0x41a
 788 040c 18       		.uleb128 0x18
 789 040d 746D7000 		.ascii	"tmp\000"
 790 0411 01       		.byte	0x1
 791 0412 67       		.byte	0x67
 792 0413 B4000000 		.4byte	0xb4
 793 0417 01       		.uleb128 0x1
 794 0418 53       		.byte	0x53
 795 0419 00       		.byte	0
 796 041a 19       		.uleb128 0x19
 797 041b 18000000 		.4byte	.LBB4
 798 041f 08000000 		.4byte	.LBE4-.LBB4
ARM GAS  /tmp/cc2CnmKA.s 			page 15


 799 0423 35040000 		.4byte	0x435
 800 0427 18       		.uleb128 0x18
 801 0428 746D7000 		.ascii	"tmp\000"
 802 042c 01       		.byte	0x1
 803 042d 6E       		.byte	0x6e
 804 042e B4000000 		.4byte	0xb4
 805 0432 01       		.uleb128 0x1
 806 0433 53       		.byte	0x53
 807 0434 00       		.byte	0
 808 0435 1A       		.uleb128 0x1a
 809 0436 14000000 		.4byte	.LVL3
 810 043a 29060000 		.4byte	0x629
 811 043e 1B       		.uleb128 0x1b
 812 043f 01       		.uleb128 0x1
 813 0440 50       		.byte	0x50
 814 0441 02       		.uleb128 0x2
 815 0442 74       		.byte	0x74
 816 0443 00       		.sleb128 0
 817 0444 00       		.byte	0
 818 0445 00       		.byte	0
 819 0446 13       		.uleb128 0x13
 820 0447 DE020000 		.4byte	.LASF55
 821 044b 01       		.byte	0x1
 822 044c 78       		.byte	0x78
 823 044d 00000000 		.4byte	.LFB66
 824 0451 1A000000 		.4byte	.LFE66-.LFB66
 825 0455 01       		.uleb128 0x1
 826 0456 9C       		.byte	0x9c
 827 0457 AD040000 		.4byte	0x4ad
 828 045b 16       		.uleb128 0x16
 829 045c AB010000 		.4byte	.LASF54
 830 0460 01       		.byte	0x1
 831 0461 78       		.byte	0x78
 832 0462 85010000 		.4byte	0x185
 833 0466 3F000000 		.4byte	.LLST2
 834 046a 17       		.uleb128 0x17
 835 046b 18000000 		.4byte	.Ldebug_ranges0+0x18
 836 046f 81040000 		.4byte	0x481
 837 0473 18       		.uleb128 0x18
 838 0474 746D7000 		.ascii	"tmp\000"
 839 0478 01       		.byte	0x1
 840 0479 7C       		.byte	0x7c
 841 047a B4000000 		.4byte	0xb4
 842 047e 01       		.uleb128 0x1
 843 047f 53       		.byte	0x53
 844 0480 00       		.byte	0
 845 0481 19       		.uleb128 0x19
 846 0482 12000000 		.4byte	.LBB7
 847 0486 08000000 		.4byte	.LBE7-.LBB7
 848 048a 9C040000 		.4byte	0x49c
 849 048e 18       		.uleb128 0x18
 850 048f 746D7000 		.ascii	"tmp\000"
 851 0493 01       		.byte	0x1
 852 0494 81       		.byte	0x81
 853 0495 B4000000 		.4byte	0xb4
 854 0499 01       		.uleb128 0x1
 855 049a 53       		.byte	0x53
ARM GAS  /tmp/cc2CnmKA.s 			page 16


 856 049b 00       		.byte	0
 857 049c 1A       		.uleb128 0x1a
 858 049d 0E000000 		.4byte	.LVL5
 859 04a1 3B060000 		.4byte	0x63b
 860 04a5 1B       		.uleb128 0x1b
 861 04a6 01       		.uleb128 0x1
 862 04a7 50       		.byte	0x50
 863 04a8 02       		.uleb128 0x2
 864 04a9 74       		.byte	0x74
 865 04aa 00       		.sleb128 0
 866 04ab 00       		.byte	0
 867 04ac 00       		.byte	0
 868 04ad 13       		.uleb128 0x13
 869 04ae 94020000 		.4byte	.LASF56
 870 04b2 01       		.byte	0x1
 871 04b3 93       		.byte	0x93
 872 04b4 00000000 		.4byte	.LFB67
 873 04b8 1E000000 		.4byte	.LFE67-.LFB67
 874 04bc 01       		.uleb128 0x1
 875 04bd 9C       		.byte	0x9c
 876 04be 0B050000 		.4byte	0x50b
 877 04c2 15       		.uleb128 0x15
 878 04c3 AB010000 		.4byte	.LASF54
 879 04c7 01       		.byte	0x1
 880 04c8 93       		.byte	0x93
 881 04c9 85010000 		.4byte	0x185
 882 04cd 01       		.uleb128 0x1
 883 04ce 50       		.byte	0x50
 884 04cf 15       		.uleb128 0x15
 885 04d0 7C010000 		.4byte	.LASF27
 886 04d4 01       		.byte	0x1
 887 04d5 93       		.byte	0x93
 888 04d6 CD020000 		.4byte	0x2cd
 889 04da 01       		.uleb128 0x1
 890 04db 51       		.byte	0x51
 891 04dc 19       		.uleb128 0x19
 892 04dd 02000000 		.4byte	.LBB8
 893 04e1 06000000 		.4byte	.LBE8-.LBB8
 894 04e5 F7040000 		.4byte	0x4f7
 895 04e9 18       		.uleb128 0x18
 896 04ea 746D7000 		.ascii	"tmp\000"
 897 04ee 01       		.byte	0x1
 898 04ef 97       		.byte	0x97
 899 04f0 B4000000 		.4byte	0xb4
 900 04f4 01       		.uleb128 0x1
 901 04f5 53       		.byte	0x53
 902 04f6 00       		.byte	0
 903 04f7 1C       		.uleb128 0x1c
 904 04f8 30000000 		.4byte	.Ldebug_ranges0+0x30
 905 04fc 18       		.uleb128 0x18
 906 04fd 746D7000 		.ascii	"tmp\000"
 907 0501 01       		.byte	0x1
 908 0502 9B       		.byte	0x9b
 909 0503 B4000000 		.4byte	0xb4
 910 0507 01       		.uleb128 0x1
 911 0508 53       		.byte	0x53
 912 0509 00       		.byte	0
ARM GAS  /tmp/cc2CnmKA.s 			page 17


 913 050a 00       		.byte	0
 914 050b 13       		.uleb128 0x13
 915 050c AB000000 		.4byte	.LASF57
 916 0510 01       		.byte	0x1
 917 0511 AC       		.byte	0xac
 918 0512 00000000 		.4byte	.LFB68
 919 0516 14000000 		.4byte	.LFE68-.LFB68
 920 051a 01       		.uleb128 0x1
 921 051b 9C       		.byte	0x9c
 922 051c 95050000 		.4byte	0x595
 923 0520 16       		.uleb128 0x16
 924 0521 AB010000 		.4byte	.LASF54
 925 0525 01       		.byte	0x1
 926 0526 AC       		.byte	0xac
 927 0527 85010000 		.4byte	0x185
 928 052b 5D000000 		.4byte	.LLST3
 929 052f 16       		.uleb128 0x16
 930 0530 8C020000 		.4byte	.LASF58
 931 0534 01       		.byte	0x1
 932 0535 AD       		.byte	0xad
 933 0536 C1020000 		.4byte	0x2c1
 934 053a 7E000000 		.4byte	.LLST4
 935 053e 16       		.uleb128 0x16
 936 053f BC000000 		.4byte	.LASF59
 937 0543 01       		.byte	0x1
 938 0544 AE       		.byte	0xae
 939 0545 CD020000 		.4byte	0x2cd
 940 0549 9F000000 		.4byte	.LLST5
 941 054d 19       		.uleb128 0x19
 942 054e 02000000 		.4byte	.LBB11
 943 0552 06000000 		.4byte	.LBE11-.LBB11
 944 0556 68050000 		.4byte	0x568
 945 055a 18       		.uleb128 0x18
 946 055b 746D7000 		.ascii	"tmp\000"
 947 055f 01       		.byte	0x1
 948 0560 B3       		.byte	0xb3
 949 0561 B4000000 		.4byte	0xb4
 950 0565 01       		.uleb128 0x1
 951 0566 53       		.byte	0x53
 952 0567 00       		.byte	0
 953 0568 19       		.uleb128 0x19
 954 0569 0C000000 		.4byte	.LBB12
 955 056d 08000000 		.4byte	.LBE12-.LBB12
 956 0571 83050000 		.4byte	0x583
 957 0575 18       		.uleb128 0x18
 958 0576 746D7000 		.ascii	"tmp\000"
 959 057a 01       		.byte	0x1
 960 057b B7       		.byte	0xb7
 961 057c B4000000 		.4byte	0xb4
 962 0580 01       		.uleb128 0x1
 963 0581 53       		.byte	0x53
 964 0582 00       		.byte	0
 965 0583 1A       		.uleb128 0x1a
 966 0584 0C000000 		.4byte	.LVL8
 967 0588 4D060000 		.4byte	0x64d
 968 058c 1B       		.uleb128 0x1b
 969 058d 01       		.uleb128 0x1
ARM GAS  /tmp/cc2CnmKA.s 			page 18


 970 058e 50       		.byte	0x50
 971 058f 03       		.uleb128 0x3
 972 0590 F3       		.byte	0xf3
 973 0591 01       		.uleb128 0x1
 974 0592 50       		.byte	0x50
 975 0593 00       		.byte	0
 976 0594 00       		.byte	0
 977 0595 13       		.uleb128 0x13
 978 0596 E5010000 		.4byte	.LASF60
 979 059a 01       		.byte	0x1
 980 059b C8       		.byte	0xc8
 981 059c 00000000 		.4byte	.LFB69
 982 05a0 14000000 		.4byte	.LFE69-.LFB69
 983 05a4 01       		.uleb128 0x1
 984 05a5 9C       		.byte	0x9c
 985 05a6 10060000 		.4byte	0x610
 986 05aa 16       		.uleb128 0x16
 987 05ab AB010000 		.4byte	.LASF54
 988 05af 01       		.byte	0x1
 989 05b0 C8       		.byte	0xc8
 990 05b1 85010000 		.4byte	0x185
 991 05b5 C0000000 		.4byte	.LLST6
 992 05b9 16       		.uleb128 0x16
 993 05ba 8C020000 		.4byte	.LASF58
 994 05be 01       		.byte	0x1
 995 05bf C8       		.byte	0xc8
 996 05c0 C1020000 		.4byte	0x2c1
 997 05c4 E1000000 		.4byte	.LLST7
 998 05c8 19       		.uleb128 0x19
 999 05c9 02000000 		.4byte	.LBB13
 1000 05cd 06000000 		.4byte	.LBE13-.LBB13
 1001 05d1 E3050000 		.4byte	0x5e3
 1002 05d5 18       		.uleb128 0x18
 1003 05d6 746D7000 		.ascii	"tmp\000"
 1004 05da 01       		.byte	0x1
 1005 05db CD       		.byte	0xcd
 1006 05dc B4000000 		.4byte	0xb4
 1007 05e0 01       		.uleb128 0x1
 1008 05e1 53       		.byte	0x53
 1009 05e2 00       		.byte	0
 1010 05e3 19       		.uleb128 0x19
 1011 05e4 0C000000 		.4byte	.LBB14
 1012 05e8 08000000 		.4byte	.LBE14-.LBB14
 1013 05ec FE050000 		.4byte	0x5fe
 1014 05f0 18       		.uleb128 0x18
 1015 05f1 746D7000 		.ascii	"tmp\000"
 1016 05f5 01       		.byte	0x1
 1017 05f6 D1       		.byte	0xd1
 1018 05f7 B4000000 		.4byte	0xb4
 1019 05fb 01       		.uleb128 0x1
 1020 05fc 53       		.byte	0x53
 1021 05fd 00       		.byte	0
 1022 05fe 1A       		.uleb128 0x1a
 1023 05ff 0C000000 		.4byte	.LVL10
 1024 0603 69060000 		.4byte	0x669
 1025 0607 1B       		.uleb128 0x1b
 1026 0608 01       		.uleb128 0x1
ARM GAS  /tmp/cc2CnmKA.s 			page 19


 1027 0609 50       		.byte	0x50
 1028 060a 03       		.uleb128 0x3
 1029 060b F3       		.byte	0xf3
 1030 060c 01       		.uleb128 0x1
 1031 060d 50       		.byte	0x50
 1032 060e 00       		.byte	0
 1033 060f 00       		.byte	0
 1034 0610 1D       		.uleb128 0x1d
 1035 0611 0B030000 		.4byte	.LASF66
 1036 0615 07       		.byte	0x7
 1037 0616 0706     		.2byte	0x607
 1038 0618 1C060000 		.4byte	0x61c
 1039 061c 05       		.uleb128 0x5
 1040 061d A9000000 		.4byte	0xa9
 1041 0621 1E       		.uleb128 0x1e
 1042 0622 56020000 		.4byte	.LASF67
 1043 0626 05       		.byte	0x5
 1044 0627 D101     		.2byte	0x1d1
 1045 0629 1F       		.uleb128 0x1f
 1046 062a 93010000 		.4byte	.LASF61
 1047 062e 05       		.byte	0x5
 1048 062f D201     		.2byte	0x1d2
 1049 0631 3B060000 		.4byte	0x63b
 1050 0635 0F       		.uleb128 0xf
 1051 0636 85010000 		.4byte	0x185
 1052 063a 00       		.byte	0
 1053 063b 1F       		.uleb128 0x1f
 1054 063c 05000000 		.4byte	.LASF62
 1055 0640 05       		.byte	0x5
 1056 0641 D301     		.2byte	0x1d3
 1057 0643 4D060000 		.4byte	0x64d
 1058 0647 0F       		.uleb128 0xf
 1059 0648 85010000 		.4byte	0x185
 1060 064c 00       		.byte	0
 1061 064d 1F       		.uleb128 0x1f
 1062 064e CE010000 		.4byte	.LASF63
 1063 0652 05       		.byte	0x5
 1064 0653 D401     		.2byte	0x1d4
 1065 0655 69060000 		.4byte	0x669
 1066 0659 0F       		.uleb128 0xf
 1067 065a 85010000 		.4byte	0x185
 1068 065e 0F       		.uleb128 0xf
 1069 065f C1020000 		.4byte	0x2c1
 1070 0663 0F       		.uleb128 0xf
 1071 0664 CD020000 		.4byte	0x2cd
 1072 0668 00       		.byte	0
 1073 0669 20       		.uleb128 0x20
 1074 066a 45000000 		.4byte	.LASF68
 1075 066e 05       		.byte	0x5
 1076 066f D701     		.2byte	0x1d7
 1077 0671 0F       		.uleb128 0xf
 1078 0672 85010000 		.4byte	0x185
 1079 0676 0F       		.uleb128 0xf
 1080 0677 C1020000 		.4byte	0x2c1
 1081 067b 00       		.byte	0
 1082 067c 00       		.byte	0
 1083              		.section	.debug_abbrev,"",%progbits
ARM GAS  /tmp/cc2CnmKA.s 			page 20


 1084              	.Ldebug_abbrev0:
 1085 0000 01       		.uleb128 0x1
 1086 0001 11       		.uleb128 0x11
 1087 0002 01       		.byte	0x1
 1088 0003 25       		.uleb128 0x25
 1089 0004 0E       		.uleb128 0xe
 1090 0005 13       		.uleb128 0x13
 1091 0006 0B       		.uleb128 0xb
 1092 0007 03       		.uleb128 0x3
 1093 0008 0E       		.uleb128 0xe
 1094 0009 55       		.uleb128 0x55
 1095 000a 17       		.uleb128 0x17
 1096 000b 11       		.uleb128 0x11
 1097 000c 01       		.uleb128 0x1
 1098 000d 10       		.uleb128 0x10
 1099 000e 17       		.uleb128 0x17
 1100 000f 00       		.byte	0
 1101 0010 00       		.byte	0
 1102 0011 02       		.uleb128 0x2
 1103 0012 24       		.uleb128 0x24
 1104 0013 00       		.byte	0
 1105 0014 0B       		.uleb128 0xb
 1106 0015 0B       		.uleb128 0xb
 1107 0016 3E       		.uleb128 0x3e
 1108 0017 0B       		.uleb128 0xb
 1109 0018 03       		.uleb128 0x3
 1110 0019 08       		.uleb128 0x8
 1111 001a 00       		.byte	0
 1112 001b 00       		.byte	0
 1113 001c 03       		.uleb128 0x3
 1114 001d 24       		.uleb128 0x24
 1115 001e 00       		.byte	0
 1116 001f 0B       		.uleb128 0xb
 1117 0020 0B       		.uleb128 0xb
 1118 0021 3E       		.uleb128 0x3e
 1119 0022 0B       		.uleb128 0xb
 1120 0023 03       		.uleb128 0x3
 1121 0024 0E       		.uleb128 0xe
 1122 0025 00       		.byte	0
 1123 0026 00       		.byte	0
 1124 0027 04       		.uleb128 0x4
 1125 0028 16       		.uleb128 0x16
 1126 0029 00       		.byte	0
 1127 002a 03       		.uleb128 0x3
 1128 002b 0E       		.uleb128 0xe
 1129 002c 3A       		.uleb128 0x3a
 1130 002d 0B       		.uleb128 0xb
 1131 002e 3B       		.uleb128 0x3b
 1132 002f 0B       		.uleb128 0xb
 1133 0030 49       		.uleb128 0x49
 1134 0031 13       		.uleb128 0x13
 1135 0032 00       		.byte	0
 1136 0033 00       		.byte	0
 1137 0034 05       		.uleb128 0x5
 1138 0035 35       		.uleb128 0x35
 1139 0036 00       		.byte	0
 1140 0037 49       		.uleb128 0x49
ARM GAS  /tmp/cc2CnmKA.s 			page 21


 1141 0038 13       		.uleb128 0x13
 1142 0039 00       		.byte	0
 1143 003a 00       		.byte	0
 1144 003b 06       		.uleb128 0x6
 1145 003c 01       		.uleb128 0x1
 1146 003d 01       		.byte	0x1
 1147 003e 49       		.uleb128 0x49
 1148 003f 13       		.uleb128 0x13
 1149 0040 01       		.uleb128 0x1
 1150 0041 13       		.uleb128 0x13
 1151 0042 00       		.byte	0
 1152 0043 00       		.byte	0
 1153 0044 07       		.uleb128 0x7
 1154 0045 21       		.uleb128 0x21
 1155 0046 00       		.byte	0
 1156 0047 49       		.uleb128 0x49
 1157 0048 13       		.uleb128 0x13
 1158 0049 2F       		.uleb128 0x2f
 1159 004a 0B       		.uleb128 0xb
 1160 004b 00       		.byte	0
 1161 004c 00       		.byte	0
 1162 004d 08       		.uleb128 0x8
 1163 004e 04       		.uleb128 0x4
 1164 004f 01       		.byte	0x1
 1165 0050 0B       		.uleb128 0xb
 1166 0051 0B       		.uleb128 0xb
 1167 0052 3A       		.uleb128 0x3a
 1168 0053 0B       		.uleb128 0xb
 1169 0054 3B       		.uleb128 0x3b
 1170 0055 0B       		.uleb128 0xb
 1171 0056 01       		.uleb128 0x1
 1172 0057 13       		.uleb128 0x13
 1173 0058 00       		.byte	0
 1174 0059 00       		.byte	0
 1175 005a 09       		.uleb128 0x9
 1176 005b 28       		.uleb128 0x28
 1177 005c 00       		.byte	0
 1178 005d 03       		.uleb128 0x3
 1179 005e 0E       		.uleb128 0xe
 1180 005f 1C       		.uleb128 0x1c
 1181 0060 0D       		.uleb128 0xd
 1182 0061 00       		.byte	0
 1183 0062 00       		.byte	0
 1184 0063 0A       		.uleb128 0xa
 1185 0064 13       		.uleb128 0x13
 1186 0065 01       		.byte	0x1
 1187 0066 03       		.uleb128 0x3
 1188 0067 0E       		.uleb128 0xe
 1189 0068 0B       		.uleb128 0xb
 1190 0069 0B       		.uleb128 0xb
 1191 006a 3A       		.uleb128 0x3a
 1192 006b 0B       		.uleb128 0xb
 1193 006c 3B       		.uleb128 0x3b
 1194 006d 05       		.uleb128 0x5
 1195 006e 01       		.uleb128 0x1
 1196 006f 13       		.uleb128 0x13
 1197 0070 00       		.byte	0
ARM GAS  /tmp/cc2CnmKA.s 			page 22


 1198 0071 00       		.byte	0
 1199 0072 0B       		.uleb128 0xb
 1200 0073 0D       		.uleb128 0xd
 1201 0074 00       		.byte	0
 1202 0075 03       		.uleb128 0x3
 1203 0076 0E       		.uleb128 0xe
 1204 0077 3A       		.uleb128 0x3a
 1205 0078 0B       		.uleb128 0xb
 1206 0079 3B       		.uleb128 0x3b
 1207 007a 05       		.uleb128 0x5
 1208 007b 49       		.uleb128 0x49
 1209 007c 13       		.uleb128 0x13
 1210 007d 38       		.uleb128 0x38
 1211 007e 0B       		.uleb128 0xb
 1212 007f 00       		.byte	0
 1213 0080 00       		.byte	0
 1214 0081 0C       		.uleb128 0xc
 1215 0082 0D       		.uleb128 0xd
 1216 0083 00       		.byte	0
 1217 0084 03       		.uleb128 0x3
 1218 0085 08       		.uleb128 0x8
 1219 0086 3A       		.uleb128 0x3a
 1220 0087 0B       		.uleb128 0xb
 1221 0088 3B       		.uleb128 0x3b
 1222 0089 05       		.uleb128 0x5
 1223 008a 49       		.uleb128 0x49
 1224 008b 13       		.uleb128 0x13
 1225 008c 38       		.uleb128 0x38
 1226 008d 0B       		.uleb128 0xb
 1227 008e 00       		.byte	0
 1228 008f 00       		.byte	0
 1229 0090 0D       		.uleb128 0xd
 1230 0091 0F       		.uleb128 0xf
 1231 0092 00       		.byte	0
 1232 0093 0B       		.uleb128 0xb
 1233 0094 0B       		.uleb128 0xb
 1234 0095 49       		.uleb128 0x49
 1235 0096 13       		.uleb128 0x13
 1236 0097 00       		.byte	0
 1237 0098 00       		.byte	0
 1238 0099 0E       		.uleb128 0xe
 1239 009a 15       		.uleb128 0x15
 1240 009b 01       		.byte	0x1
 1241 009c 27       		.uleb128 0x27
 1242 009d 19       		.uleb128 0x19
 1243 009e 01       		.uleb128 0x1
 1244 009f 13       		.uleb128 0x13
 1245 00a0 00       		.byte	0
 1246 00a1 00       		.byte	0
 1247 00a2 0F       		.uleb128 0xf
 1248 00a3 05       		.uleb128 0x5
 1249 00a4 00       		.byte	0
 1250 00a5 49       		.uleb128 0x49
 1251 00a6 13       		.uleb128 0x13
 1252 00a7 00       		.byte	0
 1253 00a8 00       		.byte	0
 1254 00a9 10       		.uleb128 0x10
ARM GAS  /tmp/cc2CnmKA.s 			page 23


 1255 00aa 13       		.uleb128 0x13
 1256 00ab 01       		.byte	0x1
 1257 00ac 0B       		.uleb128 0xb
 1258 00ad 0B       		.uleb128 0xb
 1259 00ae 3A       		.uleb128 0x3a
 1260 00af 0B       		.uleb128 0xb
 1261 00b0 3B       		.uleb128 0x3b
 1262 00b1 05       		.uleb128 0x5
 1263 00b2 01       		.uleb128 0x1
 1264 00b3 13       		.uleb128 0x13
 1265 00b4 00       		.byte	0
 1266 00b5 00       		.byte	0
 1267 00b6 11       		.uleb128 0x11
 1268 00b7 16       		.uleb128 0x16
 1269 00b8 00       		.byte	0
 1270 00b9 03       		.uleb128 0x3
 1271 00ba 0E       		.uleb128 0xe
 1272 00bb 3A       		.uleb128 0x3a
 1273 00bc 0B       		.uleb128 0xb
 1274 00bd 3B       		.uleb128 0x3b
 1275 00be 05       		.uleb128 0x5
 1276 00bf 49       		.uleb128 0x49
 1277 00c0 13       		.uleb128 0x13
 1278 00c1 00       		.byte	0
 1279 00c2 00       		.byte	0
 1280 00c3 12       		.uleb128 0x12
 1281 00c4 26       		.uleb128 0x26
 1282 00c5 00       		.byte	0
 1283 00c6 49       		.uleb128 0x49
 1284 00c7 13       		.uleb128 0x13
 1285 00c8 00       		.byte	0
 1286 00c9 00       		.byte	0
 1287 00ca 13       		.uleb128 0x13
 1288 00cb 2E       		.uleb128 0x2e
 1289 00cc 01       		.byte	0x1
 1290 00cd 3F       		.uleb128 0x3f
 1291 00ce 19       		.uleb128 0x19
 1292 00cf 03       		.uleb128 0x3
 1293 00d0 0E       		.uleb128 0xe
 1294 00d1 3A       		.uleb128 0x3a
 1295 00d2 0B       		.uleb128 0xb
 1296 00d3 3B       		.uleb128 0x3b
 1297 00d4 0B       		.uleb128 0xb
 1298 00d5 27       		.uleb128 0x27
 1299 00d6 19       		.uleb128 0x19
 1300 00d7 11       		.uleb128 0x11
 1301 00d8 01       		.uleb128 0x1
 1302 00d9 12       		.uleb128 0x12
 1303 00da 06       		.uleb128 0x6
 1304 00db 40       		.uleb128 0x40
 1305 00dc 18       		.uleb128 0x18
 1306 00dd 9742     		.uleb128 0x2117
 1307 00df 19       		.uleb128 0x19
 1308 00e0 01       		.uleb128 0x1
 1309 00e1 13       		.uleb128 0x13
 1310 00e2 00       		.byte	0
 1311 00e3 00       		.byte	0
ARM GAS  /tmp/cc2CnmKA.s 			page 24


 1312 00e4 14       		.uleb128 0x14
 1313 00e5 898201   		.uleb128 0x4109
 1314 00e8 00       		.byte	0
 1315 00e9 11       		.uleb128 0x11
 1316 00ea 01       		.uleb128 0x1
 1317 00eb 9542     		.uleb128 0x2115
 1318 00ed 19       		.uleb128 0x19
 1319 00ee 31       		.uleb128 0x31
 1320 00ef 13       		.uleb128 0x13
 1321 00f0 00       		.byte	0
 1322 00f1 00       		.byte	0
 1323 00f2 15       		.uleb128 0x15
 1324 00f3 05       		.uleb128 0x5
 1325 00f4 00       		.byte	0
 1326 00f5 03       		.uleb128 0x3
 1327 00f6 0E       		.uleb128 0xe
 1328 00f7 3A       		.uleb128 0x3a
 1329 00f8 0B       		.uleb128 0xb
 1330 00f9 3B       		.uleb128 0x3b
 1331 00fa 0B       		.uleb128 0xb
 1332 00fb 49       		.uleb128 0x49
 1333 00fc 13       		.uleb128 0x13
 1334 00fd 02       		.uleb128 0x2
 1335 00fe 18       		.uleb128 0x18
 1336 00ff 00       		.byte	0
 1337 0100 00       		.byte	0
 1338 0101 16       		.uleb128 0x16
 1339 0102 05       		.uleb128 0x5
 1340 0103 00       		.byte	0
 1341 0104 03       		.uleb128 0x3
 1342 0105 0E       		.uleb128 0xe
 1343 0106 3A       		.uleb128 0x3a
 1344 0107 0B       		.uleb128 0xb
 1345 0108 3B       		.uleb128 0x3b
 1346 0109 0B       		.uleb128 0xb
 1347 010a 49       		.uleb128 0x49
 1348 010b 13       		.uleb128 0x13
 1349 010c 02       		.uleb128 0x2
 1350 010d 17       		.uleb128 0x17
 1351 010e 00       		.byte	0
 1352 010f 00       		.byte	0
 1353 0110 17       		.uleb128 0x17
 1354 0111 0B       		.uleb128 0xb
 1355 0112 01       		.byte	0x1
 1356 0113 55       		.uleb128 0x55
 1357 0114 17       		.uleb128 0x17
 1358 0115 01       		.uleb128 0x1
 1359 0116 13       		.uleb128 0x13
 1360 0117 00       		.byte	0
 1361 0118 00       		.byte	0
 1362 0119 18       		.uleb128 0x18
 1363 011a 34       		.uleb128 0x34
 1364 011b 00       		.byte	0
 1365 011c 03       		.uleb128 0x3
 1366 011d 08       		.uleb128 0x8
 1367 011e 3A       		.uleb128 0x3a
 1368 011f 0B       		.uleb128 0xb
ARM GAS  /tmp/cc2CnmKA.s 			page 25


 1369 0120 3B       		.uleb128 0x3b
 1370 0121 0B       		.uleb128 0xb
 1371 0122 49       		.uleb128 0x49
 1372 0123 13       		.uleb128 0x13
 1373 0124 02       		.uleb128 0x2
 1374 0125 18       		.uleb128 0x18
 1375 0126 00       		.byte	0
 1376 0127 00       		.byte	0
 1377 0128 19       		.uleb128 0x19
 1378 0129 0B       		.uleb128 0xb
 1379 012a 01       		.byte	0x1
 1380 012b 11       		.uleb128 0x11
 1381 012c 01       		.uleb128 0x1
 1382 012d 12       		.uleb128 0x12
 1383 012e 06       		.uleb128 0x6
 1384 012f 01       		.uleb128 0x1
 1385 0130 13       		.uleb128 0x13
 1386 0131 00       		.byte	0
 1387 0132 00       		.byte	0
 1388 0133 1A       		.uleb128 0x1a
 1389 0134 898201   		.uleb128 0x4109
 1390 0137 01       		.byte	0x1
 1391 0138 11       		.uleb128 0x11
 1392 0139 01       		.uleb128 0x1
 1393 013a 31       		.uleb128 0x31
 1394 013b 13       		.uleb128 0x13
 1395 013c 00       		.byte	0
 1396 013d 00       		.byte	0
 1397 013e 1B       		.uleb128 0x1b
 1398 013f 8A8201   		.uleb128 0x410a
 1399 0142 00       		.byte	0
 1400 0143 02       		.uleb128 0x2
 1401 0144 18       		.uleb128 0x18
 1402 0145 9142     		.uleb128 0x2111
 1403 0147 18       		.uleb128 0x18
 1404 0148 00       		.byte	0
 1405 0149 00       		.byte	0
 1406 014a 1C       		.uleb128 0x1c
 1407 014b 0B       		.uleb128 0xb
 1408 014c 01       		.byte	0x1
 1409 014d 55       		.uleb128 0x55
 1410 014e 17       		.uleb128 0x17
 1411 014f 00       		.byte	0
 1412 0150 00       		.byte	0
 1413 0151 1D       		.uleb128 0x1d
 1414 0152 34       		.uleb128 0x34
 1415 0153 00       		.byte	0
 1416 0154 03       		.uleb128 0x3
 1417 0155 0E       		.uleb128 0xe
 1418 0156 3A       		.uleb128 0x3a
 1419 0157 0B       		.uleb128 0xb
 1420 0158 3B       		.uleb128 0x3b
 1421 0159 05       		.uleb128 0x5
 1422 015a 49       		.uleb128 0x49
 1423 015b 13       		.uleb128 0x13
 1424 015c 3F       		.uleb128 0x3f
 1425 015d 19       		.uleb128 0x19
ARM GAS  /tmp/cc2CnmKA.s 			page 26


 1426 015e 3C       		.uleb128 0x3c
 1427 015f 19       		.uleb128 0x19
 1428 0160 00       		.byte	0
 1429 0161 00       		.byte	0
 1430 0162 1E       		.uleb128 0x1e
 1431 0163 2E       		.uleb128 0x2e
 1432 0164 00       		.byte	0
 1433 0165 3F       		.uleb128 0x3f
 1434 0166 19       		.uleb128 0x19
 1435 0167 03       		.uleb128 0x3
 1436 0168 0E       		.uleb128 0xe
 1437 0169 3A       		.uleb128 0x3a
 1438 016a 0B       		.uleb128 0xb
 1439 016b 3B       		.uleb128 0x3b
 1440 016c 05       		.uleb128 0x5
 1441 016d 27       		.uleb128 0x27
 1442 016e 19       		.uleb128 0x19
 1443 016f 3C       		.uleb128 0x3c
 1444 0170 19       		.uleb128 0x19
 1445 0171 00       		.byte	0
 1446 0172 00       		.byte	0
 1447 0173 1F       		.uleb128 0x1f
 1448 0174 2E       		.uleb128 0x2e
 1449 0175 01       		.byte	0x1
 1450 0176 3F       		.uleb128 0x3f
 1451 0177 19       		.uleb128 0x19
 1452 0178 03       		.uleb128 0x3
 1453 0179 0E       		.uleb128 0xe
 1454 017a 3A       		.uleb128 0x3a
 1455 017b 0B       		.uleb128 0xb
 1456 017c 3B       		.uleb128 0x3b
 1457 017d 05       		.uleb128 0x5
 1458 017e 27       		.uleb128 0x27
 1459 017f 19       		.uleb128 0x19
 1460 0180 3C       		.uleb128 0x3c
 1461 0181 19       		.uleb128 0x19
 1462 0182 01       		.uleb128 0x1
 1463 0183 13       		.uleb128 0x13
 1464 0184 00       		.byte	0
 1465 0185 00       		.byte	0
 1466 0186 20       		.uleb128 0x20
 1467 0187 2E       		.uleb128 0x2e
 1468 0188 01       		.byte	0x1
 1469 0189 3F       		.uleb128 0x3f
 1470 018a 19       		.uleb128 0x19
 1471 018b 03       		.uleb128 0x3
 1472 018c 0E       		.uleb128 0xe
 1473 018d 3A       		.uleb128 0x3a
 1474 018e 0B       		.uleb128 0xb
 1475 018f 3B       		.uleb128 0x3b
 1476 0190 05       		.uleb128 0x5
 1477 0191 27       		.uleb128 0x27
 1478 0192 19       		.uleb128 0x19
 1479 0193 3C       		.uleb128 0x3c
 1480 0194 19       		.uleb128 0x19
 1481 0195 00       		.byte	0
 1482 0196 00       		.byte	0
ARM GAS  /tmp/cc2CnmKA.s 			page 27


 1483 0197 00       		.byte	0
 1484              		.section	.debug_loc,"",%progbits
 1485              	.Ldebug_loc0:
 1486              	.LLST0:
 1487 0000 00000000 		.4byte	.LVL2
 1488 0004 13000000 		.4byte	.LVL3-1
 1489 0008 0100     		.2byte	0x1
 1490 000a 50       		.byte	0x50
 1491 000b 13000000 		.4byte	.LVL3-1
 1492 000f 20000000 		.4byte	.LFE65
 1493 0013 0100     		.2byte	0x1
 1494 0015 54       		.byte	0x54
 1495 0016 00000000 		.4byte	0
 1496 001a 00000000 		.4byte	0
 1497              	.LLST1:
 1498 001e 00000000 		.4byte	.LVL2
 1499 0022 13000000 		.4byte	.LVL3-1
 1500 0026 0100     		.2byte	0x1
 1501 0028 51       		.byte	0x51
 1502 0029 13000000 		.4byte	.LVL3-1
 1503 002d 20000000 		.4byte	.LFE65
 1504 0031 0400     		.2byte	0x4
 1505 0033 F3       		.byte	0xf3
 1506 0034 01       		.uleb128 0x1
 1507 0035 51       		.byte	0x51
 1508 0036 9F       		.byte	0x9f
 1509 0037 00000000 		.4byte	0
 1510 003b 00000000 		.4byte	0
 1511              	.LLST2:
 1512 003f 00000000 		.4byte	.LVL4
 1513 0043 0D000000 		.4byte	.LVL5-1
 1514 0047 0100     		.2byte	0x1
 1515 0049 50       		.byte	0x50
 1516 004a 0D000000 		.4byte	.LVL5-1
 1517 004e 1A000000 		.4byte	.LFE66
 1518 0052 0100     		.2byte	0x1
 1519 0054 54       		.byte	0x54
 1520 0055 00000000 		.4byte	0
 1521 0059 00000000 		.4byte	0
 1522              	.LLST3:
 1523 005d 00000000 		.4byte	.LVL7
 1524 0061 0B000000 		.4byte	.LVL8-1
 1525 0065 0100     		.2byte	0x1
 1526 0067 50       		.byte	0x50
 1527 0068 0B000000 		.4byte	.LVL8-1
 1528 006c 14000000 		.4byte	.LFE68
 1529 0070 0400     		.2byte	0x4
 1530 0072 F3       		.byte	0xf3
 1531 0073 01       		.uleb128 0x1
 1532 0074 50       		.byte	0x50
 1533 0075 9F       		.byte	0x9f
 1534 0076 00000000 		.4byte	0
 1535 007a 00000000 		.4byte	0
 1536              	.LLST4:
 1537 007e 00000000 		.4byte	.LVL7
 1538 0082 0B000000 		.4byte	.LVL8-1
 1539 0086 0100     		.2byte	0x1
ARM GAS  /tmp/cc2CnmKA.s 			page 28


 1540 0088 51       		.byte	0x51
 1541 0089 0B000000 		.4byte	.LVL8-1
 1542 008d 14000000 		.4byte	.LFE68
 1543 0091 0400     		.2byte	0x4
 1544 0093 F3       		.byte	0xf3
 1545 0094 01       		.uleb128 0x1
 1546 0095 51       		.byte	0x51
 1547 0096 9F       		.byte	0x9f
 1548 0097 00000000 		.4byte	0
 1549 009b 00000000 		.4byte	0
 1550              	.LLST5:
 1551 009f 00000000 		.4byte	.LVL7
 1552 00a3 0B000000 		.4byte	.LVL8-1
 1553 00a7 0100     		.2byte	0x1
 1554 00a9 52       		.byte	0x52
 1555 00aa 0B000000 		.4byte	.LVL8-1
 1556 00ae 14000000 		.4byte	.LFE68
 1557 00b2 0400     		.2byte	0x4
 1558 00b4 F3       		.byte	0xf3
 1559 00b5 01       		.uleb128 0x1
 1560 00b6 52       		.byte	0x52
 1561 00b7 9F       		.byte	0x9f
 1562 00b8 00000000 		.4byte	0
 1563 00bc 00000000 		.4byte	0
 1564              	.LLST6:
 1565 00c0 00000000 		.4byte	.LVL9
 1566 00c4 0B000000 		.4byte	.LVL10-1
 1567 00c8 0100     		.2byte	0x1
 1568 00ca 50       		.byte	0x50
 1569 00cb 0B000000 		.4byte	.LVL10-1
 1570 00cf 14000000 		.4byte	.LFE69
 1571 00d3 0400     		.2byte	0x4
 1572 00d5 F3       		.byte	0xf3
 1573 00d6 01       		.uleb128 0x1
 1574 00d7 50       		.byte	0x50
 1575 00d8 9F       		.byte	0x9f
 1576 00d9 00000000 		.4byte	0
 1577 00dd 00000000 		.4byte	0
 1578              	.LLST7:
 1579 00e1 00000000 		.4byte	.LVL9
 1580 00e5 0B000000 		.4byte	.LVL10-1
 1581 00e9 0100     		.2byte	0x1
 1582 00eb 51       		.byte	0x51
 1583 00ec 0B000000 		.4byte	.LVL10-1
 1584 00f0 14000000 		.4byte	.LFE69
 1585 00f4 0400     		.2byte	0x4
 1586 00f6 F3       		.byte	0xf3
 1587 00f7 01       		.uleb128 0x1
 1588 00f8 51       		.byte	0x51
 1589 00f9 9F       		.byte	0x9f
 1590 00fa 00000000 		.4byte	0
 1591 00fe 00000000 		.4byte	0
 1592              		.section	.debug_aranges,"",%progbits
 1593 0000 4C000000 		.4byte	0x4c
 1594 0004 0200     		.2byte	0x2
 1595 0006 00000000 		.4byte	.Ldebug_info0
 1596 000a 04       		.byte	0x4
ARM GAS  /tmp/cc2CnmKA.s 			page 29


 1597 000b 00       		.byte	0
 1598 000c 0000     		.2byte	0
 1599 000e 0000     		.2byte	0
 1600 0010 00000000 		.4byte	.LFB63
 1601 0014 04000000 		.4byte	.LFE63-.LFB63
 1602 0018 00000000 		.4byte	.LFB64
 1603 001c 0A000000 		.4byte	.LFE64-.LFB64
 1604 0020 00000000 		.4byte	.LFB65
 1605 0024 20000000 		.4byte	.LFE65-.LFB65
 1606 0028 00000000 		.4byte	.LFB66
 1607 002c 1A000000 		.4byte	.LFE66-.LFB66
 1608 0030 00000000 		.4byte	.LFB67
 1609 0034 1E000000 		.4byte	.LFE67-.LFB67
 1610 0038 00000000 		.4byte	.LFB68
 1611 003c 14000000 		.4byte	.LFE68-.LFB68
 1612 0040 00000000 		.4byte	.LFB69
 1613 0044 14000000 		.4byte	.LFE69-.LFB69
 1614 0048 00000000 		.4byte	0
 1615 004c 00000000 		.4byte	0
 1616              		.section	.debug_ranges,"",%progbits
 1617              	.Ldebug_ranges0:
 1618 0000 02000000 		.4byte	.LBB2
 1619 0004 04000000 		.4byte	.LBE2
 1620 0008 06000000 		.4byte	.LBB3
 1621 000c 0A000000 		.4byte	.LBE3
 1622 0010 00000000 		.4byte	0
 1623 0014 00000000 		.4byte	0
 1624 0018 02000000 		.4byte	.LBB5
 1625 001c 04000000 		.4byte	.LBE5
 1626 0020 06000000 		.4byte	.LBB6
 1627 0024 0A000000 		.4byte	.LBE6
 1628 0028 00000000 		.4byte	0
 1629 002c 00000000 		.4byte	0
 1630 0030 10000000 		.4byte	.LBB9
 1631 0034 12000000 		.4byte	.LBE9
 1632 0038 14000000 		.4byte	.LBB10
 1633 003c 18000000 		.4byte	.LBE10
 1634 0040 00000000 		.4byte	0
 1635 0044 00000000 		.4byte	0
 1636 0048 00000000 		.4byte	.LFB63
 1637 004c 04000000 		.4byte	.LFE63
 1638 0050 00000000 		.4byte	.LFB64
 1639 0054 0A000000 		.4byte	.LFE64
 1640 0058 00000000 		.4byte	.LFB65
 1641 005c 20000000 		.4byte	.LFE65
 1642 0060 00000000 		.4byte	.LFB66
 1643 0064 1A000000 		.4byte	.LFE66
 1644 0068 00000000 		.4byte	.LFB67
 1645 006c 1E000000 		.4byte	.LFE67
 1646 0070 00000000 		.4byte	.LFB68
 1647 0074 14000000 		.4byte	.LFE68
 1648 0078 00000000 		.4byte	.LFB69
 1649 007c 14000000 		.4byte	.LFE69
 1650 0080 00000000 		.4byte	0
 1651 0084 00000000 		.4byte	0
 1652              		.section	.debug_line,"",%progbits
 1653              	.Ldebug_line0:
ARM GAS  /tmp/cc2CnmKA.s 			page 30


 1654 0000 DD010000 		.section	.debug_str,"MS",%progbits,1
 1654      02004701 
 1654      00000201 
 1654      FB0E0D00 
 1654      01010101 
 1655              	.LASF34:
 1656 0000 43434552 		.ascii	"CCER\000"
 1656      00
 1657              	.LASF62:
 1658 0005 70776D5F 		.ascii	"pwm_lld_stop\000"
 1658      6C6C645F 
 1658      73746F70 
 1658      00
 1659              	.LASF36:
 1660 0012 444D4152 		.ascii	"DMAR\000"
 1660      00
 1661              	.LASF25:
 1662 0017 73746174 		.ascii	"state\000"
 1662      6500
 1663              	.LASF33:
 1664 001d 43434D52 		.ascii	"CCMR2\000"
 1664      3200
 1665              	.LASF37:
 1666 0023 43434D52 		.ascii	"CCMR3\000"
 1666      3300
 1667              	.LASF3:
 1668 0029 73686F72 		.ascii	"short int\000"
 1668      7420696E 
 1668      7400
 1669              	.LASF43:
 1670 0033 70776D63 		.ascii	"pwmcnt_t\000"
 1670      6E745F74 
 1670      00
 1671              	.LASF18:
 1672 003c 73697A65 		.ascii	"sizetype\000"
 1672      74797065 
 1672      00
 1673              	.LASF68:
 1674 0045 70776D5F 		.ascii	"pwm_lld_disable_channel\000"
 1674      6C6C645F 
 1674      64697361 
 1674      626C655F 
 1674      6368616E 
 1675              	.LASF42:
 1676 005d 70776D63 		.ascii	"pwmchannel_t\000"
 1676      68616E6E 
 1676      656C5F74 
 1676      00
 1677              	.LASF9:
 1678 006a 5F5F7569 		.ascii	"__uint32_t\000"
 1678      6E743332 
 1678      5F7400
 1679              	.LASF44:
 1680 0075 6D6F6465 		.ascii	"mode\000"
 1680      00
 1681              	.LASF5:
 1682 007a 5F5F7569 		.ascii	"__uint16_t\000"
ARM GAS  /tmp/cc2CnmKA.s 			page 31


 1682      6E743136 
 1682      5F7400
 1683              	.LASF48:
 1684 0085 6368616E 		.ascii	"channels\000"
 1684      6E656C73 
 1684      00
 1685              	.LASF26:
 1686 008e 636F6E66 		.ascii	"config\000"
 1686      696700
 1687              	.LASF52:
 1688 0095 70776D4F 		.ascii	"pwmObjectInit\000"
 1688      626A6563 
 1688      74496E69 
 1688      7400
 1689              	.LASF13:
 1690 00a3 75696E74 		.ascii	"uint8_t\000"
 1690      385F7400 
 1691              	.LASF57:
 1692 00ab 70776D45 		.ascii	"pwmEnableChannel\000"
 1692      6E61626C 
 1692      65436861 
 1692      6E6E656C 
 1692      00
 1693              	.LASF59:
 1694 00bc 77696474 		.ascii	"width\000"
 1694      6800
 1695              	.LASF53:
 1696 00c2 70776D53 		.ascii	"pwmStart\000"
 1696      74617274 
 1696      00
 1697              	.LASF11:
 1698 00cb 6C6F6E67 		.ascii	"long long int\000"
 1698      206C6F6E 
 1698      6720696E 
 1698      7400
 1699              	.LASF64:
 1700 00d9 474E5520 		.ascii	"GNU C 4.8.2 -mcpu=cortex-m3 -mno-thumb-interwork -m"
 1700      4320342E 
 1700      382E3220 
 1700      2D6D6370 
 1700      753D636F 
 1701 010c 7468756D 		.ascii	"thumb -ggdb -O2 -fomit-frame-pointer -ffunction-sec"
 1701      62202D67 
 1701      67646220 
 1701      2D4F3220 
 1701      2D666F6D 
 1702 013f 74696F6E 		.ascii	"tions -fdata-sections -fno-common\000"
 1702      73202D66 
 1702      64617461 
 1702      2D736563 
 1702      74696F6E 
 1703              	.LASF8:
 1704 0161 6C6F6E67 		.ascii	"long int\000"
 1704      20696E74 
 1704      00
 1705              	.LASF51:
 1706 016a 70776D49 		.ascii	"pwmInit\000"
ARM GAS  /tmp/cc2CnmKA.s 			page 32


 1706      6E697400 
 1707              	.LASF38:
 1708 0172 43435235 		.ascii	"CCR5\000"
 1708      00
 1709              	.LASF39:
 1710 0177 43435236 		.ascii	"CCR6\000"
 1710      00
 1711              	.LASF27:
 1712 017c 70657269 		.ascii	"period\000"
 1712      6F6400
 1713              	.LASF4:
 1714 0183 5F5F7569 		.ascii	"__uint8_t\000"
 1714      6E74385F 
 1714      7400
 1715              	.LASF32:
 1716 018d 43434D52 		.ascii	"CCMR1\000"
 1716      3100
 1717              	.LASF61:
 1718 0193 70776D5F 		.ascii	"pwm_lld_start\000"
 1718      6C6C645F 
 1718      73746172 
 1718      7400
 1719              	.LASF50:
 1720 01a1 50574D43 		.ascii	"PWMConfig\000"
 1720      6F6E6669 
 1720      6700
 1721              	.LASF54:
 1722 01ab 70776D70 		.ascii	"pwmp\000"
 1722      00
 1723              	.LASF30:
 1724 01b0 534D4352 		.ascii	"SMCR\000"
 1724      00
 1725              	.LASF20:
 1726 01b5 50574D5F 		.ascii	"PWM_UNINIT\000"
 1726      554E494E 
 1726      495400
 1727              	.LASF2:
 1728 01c0 756E7369 		.ascii	"unsigned char\000"
 1728      676E6564 
 1728      20636861 
 1728      7200
 1729              	.LASF63:
 1730 01ce 70776D5F 		.ascii	"pwm_lld_enable_channel\000"
 1730      6C6C645F 
 1730      656E6162 
 1730      6C655F63 
 1730      68616E6E 
 1731              	.LASF60:
 1732 01e5 70776D44 		.ascii	"pwmDisableChannel\000"
 1732      69736162 
 1732      6C654368 
 1732      616E6E65 
 1732      6C00
 1733              	.LASF1:
 1734 01f7 7369676E 		.ascii	"signed char\000"
 1734      65642063 
 1734      68617200 
ARM GAS  /tmp/cc2CnmKA.s 			page 33


 1735              	.LASF12:
 1736 0203 6C6F6E67 		.ascii	"long long unsigned int\000"
 1736      206C6F6E 
 1736      6720756E 
 1736      7369676E 
 1736      65642069 
 1737              	.LASF16:
 1738 021a 75696E74 		.ascii	"uint32_t\000"
 1738      33325F74 
 1738      00
 1739              	.LASF0:
 1740 0223 756E7369 		.ascii	"unsigned int\000"
 1740      676E6564 
 1740      20696E74 
 1740      00
 1741              	.LASF14:
 1742 0230 75696E74 		.ascii	"uint16_t\000"
 1742      31365F74 
 1742      00
 1743              	.LASF35:
 1744 0239 42445452 		.ascii	"BDTR\000"
 1744      00
 1745              	.LASF31:
 1746 023e 44494552 		.ascii	"DIER\000"
 1746      00
 1747              	.LASF6:
 1748 0243 73686F72 		.ascii	"short unsigned int\000"
 1748      7420756E 
 1748      7369676E 
 1748      65642069 
 1748      6E7400
 1749              	.LASF67:
 1750 0256 70776D5F 		.ascii	"pwm_lld_init\000"
 1750      6C6C645F 
 1750      696E6974 
 1750      00
 1751              	.LASF19:
 1752 0263 63686172 		.ascii	"char\000"
 1752      00
 1753              	.LASF40:
 1754 0268 73746D33 		.ascii	"stm32_tim_t\000"
 1754      325F7469 
 1754      6D5F7400 
 1755              	.LASF24:
 1756 0274 50574D44 		.ascii	"PWMDriver\000"
 1756      72697665 
 1756      7200
 1757              	.LASF15:
 1758 027e 696E7433 		.ascii	"int32_t\000"
 1758      325F7400 
 1759              	.LASF17:
 1760 0286 5F426F6F 		.ascii	"_Bool\000"
 1760      6C00
 1761              	.LASF58:
 1762 028c 6368616E 		.ascii	"channel\000"
 1762      6E656C00 
 1763              	.LASF56:
ARM GAS  /tmp/cc2CnmKA.s 			page 34


 1764 0294 70776D43 		.ascii	"pwmChangePeriod\000"
 1764      68616E67 
 1764      65506572 
 1764      696F6400 
 1765              	.LASF10:
 1766 02a4 6C6F6E67 		.ascii	"long unsigned int\000"
 1766      20756E73 
 1766      69676E65 
 1766      6420696E 
 1766      7400
 1767              	.LASF28:
 1768 02b6 636C6F63 		.ascii	"clock\000"
 1768      6B00
 1769              	.LASF7:
 1770 02bc 5F5F696E 		.ascii	"__int32_t\000"
 1770      7433325F 
 1770      7400
 1771              	.LASF22:
 1772 02c6 50574D5F 		.ascii	"PWM_READY\000"
 1772      52454144 
 1772      5900
 1773              	.LASF21:
 1774 02d0 50574D5F 		.ascii	"PWM_STOP\000"
 1774      53544F50 
 1774      00
 1775              	.LASF49:
 1776 02d9 64696572 		.ascii	"dier\000"
 1776      00
 1777              	.LASF55:
 1778 02de 70776D53 		.ascii	"pwmStop\000"
 1778      746F7000 
 1779              	.LASF47:
 1780 02e6 66726571 		.ascii	"frequency\000"
 1780      75656E63 
 1780      7900
 1781              	.LASF46:
 1782 02f0 50574D43 		.ascii	"PWMChannelConfig\000"
 1782      68616E6E 
 1782      656C436F 
 1782      6E666967 
 1782      00
 1783              	.LASF41:
 1784 0301 70776D6D 		.ascii	"pwmmode_t\000"
 1784      6F64655F 
 1784      7400
 1785              	.LASF66:
 1786 030b 49544D5F 		.ascii	"ITM_RxBuffer\000"
 1786      52784275 
 1786      66666572 
 1786      00
 1787              	.LASF23:
 1788 0318 70776D73 		.ascii	"pwmstate_t\000"
 1788      74617465 
 1788      5F7400
 1789              	.LASF29:
 1790 0323 70776D63 		.ascii	"pwmcallback_t\000"
 1790      616C6C62 
ARM GAS  /tmp/cc2CnmKA.s 			page 35


 1790      61636B5F 
 1790      7400
 1791              	.LASF45:
 1792 0331 63616C6C 		.ascii	"callback\000"
 1792      6261636B 
 1792      00
 1793              	.LASF65:
 1794 033a 2F6F7074 		.ascii	"/opt/ChibiOS_2.6.6/os/hal/src/pwm.c\000"
 1794      2F436869 
 1794      62694F53 
 1794      5F322E36 
 1794      2E362F6F 
 1795              		.ident	"GCC: (4.8.2-14ubuntu1+6) 4.8.2"
ARM GAS  /tmp/cc2CnmKA.s 			page 36


DEFINED SYMBOLS
                            *ABS*:0000000000000000 pwm.c
     /tmp/cc2CnmKA.s:19     .text.pwmInit:0000000000000000 $t
     /tmp/cc2CnmKA.s:24     .text.pwmInit:0000000000000000 pwmInit
     /tmp/cc2CnmKA.s:39     .text.pwmObjectInit:0000000000000000 $t
     /tmp/cc2CnmKA.s:44     .text.pwmObjectInit:0000000000000000 pwmObjectInit
     /tmp/cc2CnmKA.s:65     .text.pwmStart:0000000000000000 $t
     /tmp/cc2CnmKA.s:70     .text.pwmStart:0000000000000000 pwmStart
     /tmp/cc2CnmKA.s:119    .text.pwmStop:0000000000000000 $t
     /tmp/cc2CnmKA.s:124    .text.pwmStop:0000000000000000 pwmStop
     /tmp/cc2CnmKA.s:167    .text.pwmChangePeriod:0000000000000000 $t
     /tmp/cc2CnmKA.s:172    .text.pwmChangePeriod:0000000000000000 pwmChangePeriod
     /tmp/cc2CnmKA.s:216    .text.pwmEnableChannel:0000000000000000 $t
     /tmp/cc2CnmKA.s:221    .text.pwmEnableChannel:0000000000000000 pwmEnableChannel
     /tmp/cc2CnmKA.s:256    .text.pwmDisableChannel:0000000000000000 $t
     /tmp/cc2CnmKA.s:261    .text.pwmDisableChannel:0000000000000000 pwmDisableChannel
                     .debug_frame:0000000000000010 $d

UNDEFINED SYMBOLS
pwm_lld_init
pwm_lld_start
pwm_lld_stop
pwm_lld_enable_channel
pwm_lld_disable_channel
