ARM GAS  /tmp/ccVZ3zH5.s 			page 1


   1              		.syntax unified
   2              		.cpu cortex-m3
   3              		.fpu softvfp
   4              		.eabi_attribute 20, 1
   5              		.eabi_attribute 21, 1
   6              		.eabi_attribute 23, 3
   7              		.eabi_attribute 24, 1
   8              		.eabi_attribute 25, 1
   9              		.eabi_attribute 26, 1
  10              		.eabi_attribute 30, 2
  11              		.eabi_attribute 34, 1
  12              		.eabi_attribute 18, 4
  13              		.thumb
  14              		.file	"stm32_dma.c"
  15              		.text
  16              	.Ltext0:
  17              		.cfi_sections	.debug_frame
  18              		.section	.text.Vector6C,"ax",%progbits
  19              		.align	2
  20              		.global	Vector6C
  21              		.thumb
  22              		.thumb_func
  23              		.type	Vector6C, %function
  24              	Vector6C:
  25              	.LFB63:
  26              		.file 1 "/opt/ChibiOS_2.6.6/os/hal/platforms/STM32L1xx/stm32_dma.c"
  27              		.loc 1 114 0
  28              		.cfi_startproc
  29              		@ args = 0, pretend = 0, frame = 0
  30              		@ frame_needed = 0, uses_anonymous_args = 0
  31              		.loc 1 119 0
  32 0000 4FF4C042 		mov	r2, #24576
  33 0004 C4F20202 		movt	r2, 16386
  34              		.loc 1 121 0
  35 0008 40F20003 		movw	r3, #:lower16:.LANCHOR0
  36              		.loc 1 119 0
  37 000c 1168     		ldr	r1, [r2]
  38              		.loc 1 121 0
  39 000e C0F20003 		movt	r3, #:upper16:.LANCHOR0
  40              		.loc 1 114 0
  41 0012 10B5     		push	{r4, lr}
  42              		.cfi_def_cfa_offset 8
  43              		.cfi_offset 4, -8
  44              		.cfi_offset 14, -4
  45              		.loc 1 121 0
  46 0014 1C68     		ldr	r4, [r3]
  47              		.loc 1 119 0
  48 0016 01F00F01 		and	r1, r1, #15
  49              	.LVL0:
  50              		.loc 1 120 0
  51 001a 5160     		str	r1, [r2, #4]
  52              		.loc 1 121 0
  53 001c 0CB1     		cbz	r4, .L2
  54              		.loc 1 122 0
  55 001e 5868     		ldr	r0, [r3, #4]
  56 0020 A047     		blx	r4
  57              	.LVL1:
ARM GAS  /tmp/ccVZ3zH5.s 			page 2


  58              	.L2:
  59              		.loc 1 125 0
  60 0022 BDE81040 		pop	{r4, lr}
  61              		.loc 1 124 0
  62 0026 FFF7FEBF 		b	_port_irq_epilogue
  63              	.LVL2:
  64              		.cfi_endproc
  65              	.LFE63:
  66              		.size	Vector6C, .-Vector6C
  67 002a 00BF     		.section	.text.Vector70,"ax",%progbits
  68              		.align	2
  69              		.global	Vector70
  70              		.thumb
  71              		.thumb_func
  72              		.type	Vector70, %function
  73              	Vector70:
  74              	.LFB64:
  75              		.loc 1 132 0
  76              		.cfi_startproc
  77              		@ args = 0, pretend = 0, frame = 0
  78              		@ frame_needed = 0, uses_anonymous_args = 0
  79              		.loc 1 137 0
  80 0000 4FF4C042 		mov	r2, #24576
  81 0004 C4F20202 		movt	r2, 16386
  82 0008 1168     		ldr	r1, [r2]
  83              		.loc 1 139 0
  84 000a 40F20003 		movw	r3, #:lower16:.LANCHOR0
  85 000e C0F20003 		movt	r3, #:upper16:.LANCHOR0
  86              		.loc 1 132 0
  87 0012 10B5     		push	{r4, lr}
  88              		.cfi_def_cfa_offset 8
  89              		.cfi_offset 4, -8
  90              		.cfi_offset 14, -4
  91              		.loc 1 137 0
  92 0014 C1F30311 		ubfx	r1, r1, #4, #4
  93              	.LVL3:
  94              		.loc 1 139 0
  95 0018 9C68     		ldr	r4, [r3, #8]
  96              		.loc 1 138 0
  97 001a 0801     		lsls	r0, r1, #4
  98 001c 5060     		str	r0, [r2, #4]
  99              		.loc 1 139 0
 100 001e 0CB1     		cbz	r4, .L8
 101              		.loc 1 140 0
 102 0020 D868     		ldr	r0, [r3, #12]
 103 0022 A047     		blx	r4
 104              	.LVL4:
 105              	.L8:
 106              		.loc 1 143 0
 107 0024 BDE81040 		pop	{r4, lr}
 108              		.loc 1 142 0
 109 0028 FFF7FEBF 		b	_port_irq_epilogue
 110              	.LVL5:
 111              		.cfi_endproc
 112              	.LFE64:
 113              		.size	Vector70, .-Vector70
 114              		.section	.text.Vector74,"ax",%progbits
ARM GAS  /tmp/ccVZ3zH5.s 			page 3


 115              		.align	2
 116              		.global	Vector74
 117              		.thumb
 118              		.thumb_func
 119              		.type	Vector74, %function
 120              	Vector74:
 121              	.LFB65:
 122              		.loc 1 150 0
 123              		.cfi_startproc
 124              		@ args = 0, pretend = 0, frame = 0
 125              		@ frame_needed = 0, uses_anonymous_args = 0
 126              		.loc 1 155 0
 127 0000 4FF4C042 		mov	r2, #24576
 128 0004 C4F20202 		movt	r2, 16386
 129 0008 1168     		ldr	r1, [r2]
 130              		.loc 1 157 0
 131 000a 40F20003 		movw	r3, #:lower16:.LANCHOR0
 132 000e C0F20003 		movt	r3, #:upper16:.LANCHOR0
 133              		.loc 1 150 0
 134 0012 10B5     		push	{r4, lr}
 135              		.cfi_def_cfa_offset 8
 136              		.cfi_offset 4, -8
 137              		.cfi_offset 14, -4
 138              		.loc 1 155 0
 139 0014 C1F30321 		ubfx	r1, r1, #8, #4
 140              	.LVL6:
 141              		.loc 1 157 0
 142 0018 1C69     		ldr	r4, [r3, #16]
 143              		.loc 1 156 0
 144 001a 0802     		lsls	r0, r1, #8
 145 001c 5060     		str	r0, [r2, #4]
 146              		.loc 1 157 0
 147 001e 0CB1     		cbz	r4, .L13
 148              		.loc 1 158 0
 149 0020 5869     		ldr	r0, [r3, #20]
 150 0022 A047     		blx	r4
 151              	.LVL7:
 152              	.L13:
 153              		.loc 1 161 0
 154 0024 BDE81040 		pop	{r4, lr}
 155              		.loc 1 160 0
 156 0028 FFF7FEBF 		b	_port_irq_epilogue
 157              	.LVL8:
 158              		.cfi_endproc
 159              	.LFE65:
 160              		.size	Vector74, .-Vector74
 161              		.section	.text.Vector78,"ax",%progbits
 162              		.align	2
 163              		.global	Vector78
 164              		.thumb
 165              		.thumb_func
 166              		.type	Vector78, %function
 167              	Vector78:
 168              	.LFB66:
 169              		.loc 1 168 0
 170              		.cfi_startproc
 171              		@ args = 0, pretend = 0, frame = 0
ARM GAS  /tmp/ccVZ3zH5.s 			page 4


 172              		@ frame_needed = 0, uses_anonymous_args = 0
 173              		.loc 1 173 0
 174 0000 4FF4C042 		mov	r2, #24576
 175 0004 C4F20202 		movt	r2, 16386
 176 0008 1168     		ldr	r1, [r2]
 177              		.loc 1 175 0
 178 000a 40F20003 		movw	r3, #:lower16:.LANCHOR0
 179 000e C0F20003 		movt	r3, #:upper16:.LANCHOR0
 180              		.loc 1 168 0
 181 0012 10B5     		push	{r4, lr}
 182              		.cfi_def_cfa_offset 8
 183              		.cfi_offset 4, -8
 184              		.cfi_offset 14, -4
 185              		.loc 1 173 0
 186 0014 C1F30331 		ubfx	r1, r1, #12, #4
 187              	.LVL9:
 188              		.loc 1 175 0
 189 0018 9C69     		ldr	r4, [r3, #24]
 190              		.loc 1 174 0
 191 001a 0803     		lsls	r0, r1, #12
 192 001c 5060     		str	r0, [r2, #4]
 193              		.loc 1 175 0
 194 001e 0CB1     		cbz	r4, .L18
 195              		.loc 1 176 0
 196 0020 D869     		ldr	r0, [r3, #28]
 197 0022 A047     		blx	r4
 198              	.LVL10:
 199              	.L18:
 200              		.loc 1 179 0
 201 0024 BDE81040 		pop	{r4, lr}
 202              		.loc 1 178 0
 203 0028 FFF7FEBF 		b	_port_irq_epilogue
 204              	.LVL11:
 205              		.cfi_endproc
 206              	.LFE66:
 207              		.size	Vector78, .-Vector78
 208              		.section	.text.Vector7C,"ax",%progbits
 209              		.align	2
 210              		.global	Vector7C
 211              		.thumb
 212              		.thumb_func
 213              		.type	Vector7C, %function
 214              	Vector7C:
 215              	.LFB67:
 216              		.loc 1 186 0
 217              		.cfi_startproc
 218              		@ args = 0, pretend = 0, frame = 0
 219              		@ frame_needed = 0, uses_anonymous_args = 0
 220              		.loc 1 191 0
 221 0000 4FF4C042 		mov	r2, #24576
 222 0004 C4F20202 		movt	r2, 16386
 223 0008 1168     		ldr	r1, [r2]
 224              		.loc 1 193 0
 225 000a 40F20003 		movw	r3, #:lower16:.LANCHOR0
 226 000e C0F20003 		movt	r3, #:upper16:.LANCHOR0
 227              		.loc 1 186 0
 228 0012 10B5     		push	{r4, lr}
ARM GAS  /tmp/ccVZ3zH5.s 			page 5


 229              		.cfi_def_cfa_offset 8
 230              		.cfi_offset 4, -8
 231              		.cfi_offset 14, -4
 232              		.loc 1 191 0
 233 0014 C1F30341 		ubfx	r1, r1, #16, #4
 234              	.LVL12:
 235              		.loc 1 193 0
 236 0018 1C6A     		ldr	r4, [r3, #32]
 237              		.loc 1 192 0
 238 001a 0804     		lsls	r0, r1, #16
 239 001c 5060     		str	r0, [r2, #4]
 240              		.loc 1 193 0
 241 001e 0CB1     		cbz	r4, .L23
 242              		.loc 1 194 0
 243 0020 586A     		ldr	r0, [r3, #36]
 244 0022 A047     		blx	r4
 245              	.LVL13:
 246              	.L23:
 247              		.loc 1 197 0
 248 0024 BDE81040 		pop	{r4, lr}
 249              		.loc 1 196 0
 250 0028 FFF7FEBF 		b	_port_irq_epilogue
 251              	.LVL14:
 252              		.cfi_endproc
 253              	.LFE67:
 254              		.size	Vector7C, .-Vector7C
 255              		.section	.text.Vector80,"ax",%progbits
 256              		.align	2
 257              		.global	Vector80
 258              		.thumb
 259              		.thumb_func
 260              		.type	Vector80, %function
 261              	Vector80:
 262              	.LFB68:
 263              		.loc 1 204 0
 264              		.cfi_startproc
 265              		@ args = 0, pretend = 0, frame = 0
 266              		@ frame_needed = 0, uses_anonymous_args = 0
 267              		.loc 1 209 0
 268 0000 4FF4C042 		mov	r2, #24576
 269 0004 C4F20202 		movt	r2, 16386
 270 0008 1168     		ldr	r1, [r2]
 271              		.loc 1 211 0
 272 000a 40F20003 		movw	r3, #:lower16:.LANCHOR0
 273 000e C0F20003 		movt	r3, #:upper16:.LANCHOR0
 274              		.loc 1 204 0
 275 0012 10B5     		push	{r4, lr}
 276              		.cfi_def_cfa_offset 8
 277              		.cfi_offset 4, -8
 278              		.cfi_offset 14, -4
 279              		.loc 1 209 0
 280 0014 C1F30351 		ubfx	r1, r1, #20, #4
 281              	.LVL15:
 282              		.loc 1 211 0
 283 0018 9C6A     		ldr	r4, [r3, #40]
 284              		.loc 1 210 0
 285 001a 0805     		lsls	r0, r1, #20
ARM GAS  /tmp/ccVZ3zH5.s 			page 6


 286 001c 5060     		str	r0, [r2, #4]
 287              		.loc 1 211 0
 288 001e 0CB1     		cbz	r4, .L28
 289              		.loc 1 212 0
 290 0020 D86A     		ldr	r0, [r3, #44]
 291 0022 A047     		blx	r4
 292              	.LVL16:
 293              	.L28:
 294              		.loc 1 215 0
 295 0024 BDE81040 		pop	{r4, lr}
 296              		.loc 1 214 0
 297 0028 FFF7FEBF 		b	_port_irq_epilogue
 298              	.LVL17:
 299              		.cfi_endproc
 300              	.LFE68:
 301              		.size	Vector80, .-Vector80
 302              		.section	.text.Vector84,"ax",%progbits
 303              		.align	2
 304              		.global	Vector84
 305              		.thumb
 306              		.thumb_func
 307              		.type	Vector84, %function
 308              	Vector84:
 309              	.LFB69:
 310              		.loc 1 222 0
 311              		.cfi_startproc
 312              		@ args = 0, pretend = 0, frame = 0
 313              		@ frame_needed = 0, uses_anonymous_args = 0
 314              		.loc 1 227 0
 315 0000 4FF4C042 		mov	r2, #24576
 316 0004 C4F20202 		movt	r2, 16386
 317 0008 1168     		ldr	r1, [r2]
 318              		.loc 1 229 0
 319 000a 40F20003 		movw	r3, #:lower16:.LANCHOR0
 320 000e C0F20003 		movt	r3, #:upper16:.LANCHOR0
 321              		.loc 1 222 0
 322 0012 10B5     		push	{r4, lr}
 323              		.cfi_def_cfa_offset 8
 324              		.cfi_offset 4, -8
 325              		.cfi_offset 14, -4
 326              		.loc 1 227 0
 327 0014 C1F30361 		ubfx	r1, r1, #24, #4
 328              	.LVL18:
 329              		.loc 1 229 0
 330 0018 1C6B     		ldr	r4, [r3, #48]
 331              		.loc 1 228 0
 332 001a 0806     		lsls	r0, r1, #24
 333 001c 5060     		str	r0, [r2, #4]
 334              		.loc 1 229 0
 335 001e 0CB1     		cbz	r4, .L33
 336              		.loc 1 230 0
 337 0020 586B     		ldr	r0, [r3, #52]
 338 0022 A047     		blx	r4
 339              	.LVL19:
 340              	.L33:
 341              		.loc 1 233 0
 342 0024 BDE81040 		pop	{r4, lr}
ARM GAS  /tmp/ccVZ3zH5.s 			page 7


 343              		.loc 1 232 0
 344 0028 FFF7FEBF 		b	_port_irq_epilogue
 345              	.LVL20:
 346              		.cfi_endproc
 347              	.LFE69:
 348              		.size	Vector84, .-Vector84
 349              		.section	.text.dmaInit,"ax",%progbits
 350              		.align	2
 351              		.global	dmaInit
 352              		.thumb
 353              		.thumb_func
 354              		.type	dmaInit, %function
 355              	dmaInit:
 356              	.LFB70:
 357              		.loc 1 244 0
 358              		.cfi_startproc
 359              		@ args = 0, pretend = 0, frame = 0
 360              		@ frame_needed = 0, uses_anonymous_args = 0
 361              		@ link register save eliminated.
 362              		.loc 1 247 0
 363 0000 40F20003 		movw	r3, #:lower16:.LANCHOR1
 364              		.loc 1 244 0
 365 0004 30B4     		push	{r4, r5}
 366              		.cfi_def_cfa_offset 8
 367              		.cfi_offset 4, -8
 368              		.cfi_offset 5, -4
 369              		.loc 1 247 0
 370 0006 0021     		movs	r1, #0
 371 0008 C0F20003 		movt	r3, #:upper16:.LANCHOR1
 372 000c 40F20005 		movw	r5, #:lower16:.LANCHOR2
 373 0010 40F20004 		movw	r4, #:lower16:.LANCHOR0
 374 0014 1960     		str	r1, [r3]
 375              	.LVL21:
 376 0016 0A46     		mov	r2, r1
 377 0018 0B46     		mov	r3, r1
 378 001a C0F20005 		movt	r5, #:upper16:.LANCHOR2
 379 001e C0F20004 		movt	r4, #:upper16:.LANCHOR0
 380              	.LVL22:
 381              	.L39:
 382              		.loc 1 249 0 discriminator 2
 383 0022 E858     		ldr	r0, [r5, r3]
 384 0024 0C33     		adds	r3, r3, #12
 385              		.loc 1 248 0 discriminator 2
 386 0026 542B     		cmp	r3, #84
 387              		.loc 1 249 0 discriminator 2
 388 0028 0160     		str	r1, [r0]
 389              		.loc 1 250 0 discriminator 2
 390 002a A150     		str	r1, [r4, r2]
 391 002c 02F10802 		add	r2, r2, #8
 392              		.loc 1 248 0 discriminator 2
 393 0030 F7D1     		bne	.L39
 394              		.loc 1 253 0
 395 0032 30BC     		pop	{r4, r5}
 396              		.loc 1 252 0
 397 0034 4FF4C043 		mov	r3, #24576
 398 0038 C4F20203 		movt	r3, 16386
 399 003c 4FF0FF32 		mov	r2, #-1
ARM GAS  /tmp/ccVZ3zH5.s 			page 8


 400 0040 5A60     		str	r2, [r3, #4]
 401              		.loc 1 253 0
 402 0042 7047     		bx	lr
 403              		.cfi_endproc
 404              	.LFE70:
 405              		.size	dmaInit, .-dmaInit
 406              		.section	.text.dmaStreamAllocate,"ax",%progbits
 407              		.align	2
 408              		.global	dmaStreamAllocate
 409              		.thumb
 410              		.thumb_func
 411              		.type	dmaStreamAllocate, %function
 412              	dmaStreamAllocate:
 413              	.LFB71:
 414              		.loc 1 282 0
 415              		.cfi_startproc
 416              		@ args = 0, pretend = 0, frame = 0
 417              		@ frame_needed = 0, uses_anonymous_args = 0
 418              	.LVL23:
 419 0000 F8B5     		push	{r3, r4, r5, r6, r7, lr}
 420              		.cfi_def_cfa_offset 24
 421              		.cfi_offset 3, -24
 422              		.cfi_offset 4, -20
 423              		.cfi_offset 5, -16
 424              		.cfi_offset 6, -12
 425              		.cfi_offset 7, -8
 426              		.cfi_offset 14, -4
 427              		.loc 1 287 0
 428 0002 457A     		ldrb	r5, [r0, #9]	@ zero_extendqisi2
 429 0004 0126     		movs	r6, #1
 430 0006 06FA05FC 		lsl	ip, r6, r5
 431 000a 40F20004 		movw	r4, #:lower16:.LANCHOR1
 432 000e C0F20004 		movt	r4, #:upper16:.LANCHOR1
 433 0012 2768     		ldr	r7, [r4]
 434 0014 1CEA070F 		tst	ip, r7
 435 0018 2DD1     		bne	.L44
 436              		.loc 1 291 0
 437 001a 40F20006 		movw	r6, #:lower16:.LANCHOR0
 438 001e C0F20006 		movt	r6, #:upper16:.LANCHOR0
 439              		.loc 1 293 0
 440 0022 4CEA0707 		orr	r7, ip, r7
 441              		.loc 1 292 0
 442 0026 06EBC50C 		add	ip, r6, r5, lsl #3
 443              		.loc 1 291 0
 444 002a 46F83520 		str	r2, [r6, r5, lsl #3]
 445              		.loc 1 292 0
 446 002e CCF80430 		str	r3, [ip, #4]
 447              		.loc 1 296 0
 448 0032 7B06     		lsls	r3, r7, #25
 449              	.LVL24:
 450              		.loc 1 297 0
 451 0034 18BF     		it	ne
 452 0036 4FF46053 		movne	r3, #14336
 453              		.loc 1 293 0
 454 003a 2760     		str	r7, [r4]
 455              		.loc 1 297 0
 456 003c 1CBF     		itt	ne
ARM GAS  /tmp/ccVZ3zH5.s 			page 9


 457 003e C4F20203 		movtne	r3, 16386
 458 0042 DC69     		ldrne	r4, [r3, #28]
 459              		.loc 1 300 0
 460 0044 4FF00F07 		mov	r7, #15
 461              		.loc 1 297 0
 462 0048 1CBF     		itt	ne
 463 004a 44F08074 		orrne	r4, r4, #16777216
 464 004e DC61     		strne	r4, [r3, #28]
 465              		.loc 1 300 0
 466 0050 0368     		ldr	r3, [r0]
 467 0052 4468     		ldr	r4, [r0, #4]
 468 0054 1D68     		ldr	r5, [r3]
 469              		.loc 1 301 0
 470 0056 0026     		movs	r6, #0
 471              		.loc 1 300 0
 472 0058 25F00F05 		bic	r5, r5, #15
 473 005c 1D60     		str	r5, [r3]
 474 005e 057A     		ldrb	r5, [r0, #8]	@ zero_extendqisi2
 475 0060 07FA05F5 		lsl	r5, r7, r5
 476 0064 2560     		str	r5, [r4]
 477              		.loc 1 301 0
 478 0066 1E60     		str	r6, [r3]
 479              		.loc 1 304 0
 480 0068 3AB1     		cbz	r2, .L45
 481              		.loc 1 305 0
 482 006a 807A     		ldrb	r0, [r0, #10]	@ zero_extendqisi2
 483              	.LVL25:
 484 006c 0901     		lsls	r1, r1, #4
 485              	.LVL26:
 486 006e FFF7FEFF 		bl	nvicEnableVector
 487              	.LVL27:
 488              		.loc 1 307 0
 489 0072 3046     		mov	r0, r6
 490 0074 F8BD     		pop	{r3, r4, r5, r6, r7, pc}
 491              	.LVL28:
 492              	.L44:
 493              		.loc 1 288 0
 494 0076 3046     		mov	r0, r6
 495              	.LVL29:
 496 0078 F8BD     		pop	{r3, r4, r5, r6, r7, pc}
 497              	.LVL30:
 498              	.L45:
 499              		.loc 1 307 0
 500 007a 1046     		mov	r0, r2
 501              	.LVL31:
 502              		.loc 1 308 0
 503 007c F8BD     		pop	{r3, r4, r5, r6, r7, pc}
 504              		.cfi_endproc
 505              	.LFE71:
 506              		.size	dmaStreamAllocate, .-dmaStreamAllocate
 507 007e 00BF     		.section	.text.dmaStreamRelease,"ax",%progbits
 508              		.align	2
 509              		.global	dmaStreamRelease
 510              		.thumb
 511              		.thumb_func
 512              		.type	dmaStreamRelease, %function
 513              	dmaStreamRelease:
ARM GAS  /tmp/ccVZ3zH5.s 			page 10


 514              	.LFB72:
 515              		.loc 1 323 0
 516              		.cfi_startproc
 517              		@ args = 0, pretend = 0, frame = 0
 518              		@ frame_needed = 0, uses_anonymous_args = 0
 519              	.LVL32:
 520 0000 10B5     		push	{r4, lr}
 521              		.cfi_def_cfa_offset 8
 522              		.cfi_offset 4, -8
 523              		.cfi_offset 14, -4
 524              		.loc 1 323 0
 525 0002 0446     		mov	r4, r0
 526              		.loc 1 332 0
 527 0004 807A     		ldrb	r0, [r0, #10]	@ zero_extendqisi2
 528              	.LVL33:
 529 0006 FFF7FEFF 		bl	nvicDisableVector
 530              	.LVL34:
 531              		.loc 1 335 0
 532 000a 637A     		ldrb	r3, [r4, #9]	@ zero_extendqisi2
 533 000c 0122     		movs	r2, #1
 534 000e 9A40     		lsls	r2, r2, r3
 535 0010 40F20003 		movw	r3, #:lower16:.LANCHOR1
 536 0014 C0F20003 		movt	r3, #:upper16:.LANCHOR1
 537 0018 1968     		ldr	r1, [r3]
 538 001a 21EA0202 		bic	r2, r1, r2
 539 001e 1A60     		str	r2, [r3]
 540              		.loc 1 338 0
 541 0020 5206     		lsls	r2, r2, #25
 542              		.loc 1 339 0
 543 0022 01BF     		itttt	eq
 544 0024 4FF46053 		moveq	r3, #14336
 545 0028 C4F20203 		movteq	r3, 16386
 546 002c DA69     		ldreq	r2, [r3, #28]
 547 002e 22F08072 		biceq	r2, r2, #16777216
 548 0032 08BF     		it	eq
 549 0034 DA61     		streq	r2, [r3, #28]
 550 0036 10BD     		pop	{r4, pc}
 551              		.cfi_endproc
 552              	.LFE72:
 553              		.size	dmaStreamRelease, .-dmaStreamRelease
 554              		.global	_stm32_dma_streams
 555              		.section	.bss.dma_isr_redir,"aw",%nobits
 556              		.align	2
 557              		.set	.LANCHOR0,. + 0
 558              		.type	dma_isr_redir, %object
 559              		.size	dma_isr_redir, 56
 560              	dma_isr_redir:
 561 0000 00000000 		.space	56
 561      00000000 
 561      00000000 
 561      00000000 
 561      00000000 
 562              		.section	.rodata._stm32_dma_streams,"a",%progbits
 563              		.align	2
 564              		.set	.LANCHOR2,. + 0
 565              		.type	_stm32_dma_streams, %object
 566              		.size	_stm32_dma_streams, 84
ARM GAS  /tmp/ccVZ3zH5.s 			page 11


 567              	_stm32_dma_streams:
 568 0000 08600240 		.word	1073897480
 569 0004 04600240 		.word	1073897476
 570 0008 00       		.byte	0
 571 0009 00       		.byte	0
 572 000a 0B       		.byte	11
 573 000b 00       		.space	1
 574 000c 1C600240 		.word	1073897500
 575 0010 04600240 		.word	1073897476
 576 0014 04       		.byte	4
 577 0015 01       		.byte	1
 578 0016 0C       		.byte	12
 579 0017 00       		.space	1
 580 0018 30600240 		.word	1073897520
 581 001c 04600240 		.word	1073897476
 582 0020 08       		.byte	8
 583 0021 02       		.byte	2
 584 0022 0D       		.byte	13
 585 0023 00       		.space	1
 586 0024 44600240 		.word	1073897540
 587 0028 04600240 		.word	1073897476
 588 002c 0C       		.byte	12
 589 002d 03       		.byte	3
 590 002e 0E       		.byte	14
 591 002f 00       		.space	1
 592 0030 58600240 		.word	1073897560
 593 0034 04600240 		.word	1073897476
 594 0038 10       		.byte	16
 595 0039 04       		.byte	4
 596 003a 0F       		.byte	15
 597 003b 00       		.space	1
 598 003c 6C600240 		.word	1073897580
 599 0040 04600240 		.word	1073897476
 600 0044 14       		.byte	20
 601 0045 05       		.byte	5
 602 0046 10       		.byte	16
 603 0047 00       		.space	1
 604 0048 80600240 		.word	1073897600
 605 004c 04600240 		.word	1073897476
 606 0050 18       		.byte	24
 607 0051 06       		.byte	6
 608 0052 11       		.byte	17
 609 0053 00       		.space	1
 610              		.section	.bss.dma_streams_mask,"aw",%nobits
 611              		.align	2
 612              		.set	.LANCHOR1,. + 0
 613              		.type	dma_streams_mask, %object
 614              		.size	dma_streams_mask, 4
 615              	dma_streams_mask:
 616 0000 00000000 		.space	4
 617              		.text
 618              	.Letext0:
 619              		.file 2 "/usr/include/newlib/machine/_default_types.h"
 620              		.file 3 "/usr/include/newlib/stdint.h"
 621              		.file 4 "/opt/ChibiOS_2.6.6/os/ports/GCC/ARMCMx/chtypes.h"
 622              		.file 5 "/opt/ChibiOS_2.6.6/os/hal/platforms/STM32L1xx/stm32l1xx.h"
 623              		.file 6 "/opt/ChibiOS_2.6.6/os/hal/platforms/STM32L1xx/stm32_dma.h"
ARM GAS  /tmp/ccVZ3zH5.s 			page 12


 624              		.file 7 "/opt/ChibiOS_2.6.6/os/ports/common/ARMCMx/CMSIS/include/core_cm3.h"
 625              		.file 8 "/opt/ChibiOS_2.6.6/os/ports/GCC/ARMCMx/chcore_v7m.h"
 626              		.file 9 "/opt/ChibiOS_2.6.6/os/ports/common/ARMCMx/nvic.h"
 627              		.section	.debug_info,"",%progbits
 628              	.Ldebug_info0:
 629 0000 F8060000 		.4byte	0x6f8
 630 0004 0400     		.2byte	0x4
 631 0006 00000000 		.4byte	.Ldebug_abbrev0
 632 000a 04       		.byte	0x4
 633 000b 01       		.uleb128 0x1
 634 000c 3F020000 		.4byte	.LASF120
 635 0010 01       		.byte	0x1
 636 0011 A8050000 		.4byte	.LASF121
 637 0015 00000000 		.4byte	.Ldebug_ranges0+0
 638 0019 00000000 		.4byte	0
 639 001d 00000000 		.4byte	.Ldebug_line0
 640 0021 02       		.uleb128 0x2
 641 0022 04       		.byte	0x4
 642 0023 05       		.byte	0x5
 643 0024 696E7400 		.ascii	"int\000"
 644 0028 03       		.uleb128 0x3
 645 0029 04       		.byte	0x4
 646 002a 07       		.byte	0x7
 647 002b B5040000 		.4byte	.LASF0
 648 002f 03       		.uleb128 0x3
 649 0030 01       		.byte	0x1
 650 0031 06       		.byte	0x6
 651 0032 E8000000 		.4byte	.LASF1
 652 0036 04       		.uleb128 0x4
 653 0037 47000000 		.4byte	.LASF4
 654 003b 02       		.byte	0x2
 655 003c 1C       		.byte	0x1c
 656 003d 41000000 		.4byte	0x41
 657 0041 03       		.uleb128 0x3
 658 0042 01       		.byte	0x1
 659 0043 08       		.byte	0x8
 660 0044 DA030000 		.4byte	.LASF2
 661 0048 03       		.uleb128 0x3
 662 0049 02       		.byte	0x2
 663 004a 05       		.byte	0x5
 664 004b 0A040000 		.4byte	.LASF3
 665 004f 04       		.uleb128 0x4
 666 0050 C2040000 		.4byte	.LASF5
 667 0054 02       		.byte	0x2
 668 0055 26       		.byte	0x26
 669 0056 5A000000 		.4byte	0x5a
 670 005a 03       		.uleb128 0x3
 671 005b 02       		.byte	0x2
 672 005c 07       		.byte	0x7
 673 005d 1D020000 		.4byte	.LASF6
 674 0061 04       		.uleb128 0x4
 675 0062 EB040000 		.4byte	.LASF7
 676 0066 02       		.byte	0x2
 677 0067 37       		.byte	0x37
 678 0068 6C000000 		.4byte	0x6c
 679 006c 03       		.uleb128 0x3
 680 006d 04       		.byte	0x4
ARM GAS  /tmp/ccVZ3zH5.s 			page 13


 681 006e 05       		.byte	0x5
 682 006f 02010000 		.4byte	.LASF8
 683 0073 04       		.uleb128 0x4
 684 0074 72010000 		.4byte	.LASF9
 685 0078 02       		.byte	0x2
 686 0079 38       		.byte	0x38
 687 007a 7E000000 		.4byte	0x7e
 688 007e 03       		.uleb128 0x3
 689 007f 04       		.byte	0x4
 690 0080 07       		.byte	0x7
 691 0081 D1010000 		.4byte	.LASF10
 692 0085 03       		.uleb128 0x3
 693 0086 08       		.byte	0x8
 694 0087 05       		.byte	0x5
 695 0088 DA000000 		.4byte	.LASF11
 696 008c 03       		.uleb128 0x3
 697 008d 08       		.byte	0x8
 698 008e 07       		.byte	0x7
 699 008f 5A000000 		.4byte	.LASF12
 700 0093 04       		.uleb128 0x4
 701 0094 9A050000 		.4byte	.LASF13
 702 0098 03       		.byte	0x3
 703 0099 2A       		.byte	0x2a
 704 009a 36000000 		.4byte	0x36
 705 009e 04       		.uleb128 0x4
 706 009f 2C010000 		.4byte	.LASF14
 707 00a3 03       		.byte	0x3
 708 00a4 36       		.byte	0x36
 709 00a5 4F000000 		.4byte	0x4f
 710 00a9 04       		.uleb128 0x4
 711 00aa D2030000 		.4byte	.LASF15
 712 00ae 03       		.byte	0x3
 713 00af 41       		.byte	0x41
 714 00b0 61000000 		.4byte	0x61
 715 00b4 04       		.uleb128 0x4
 716 00b5 35010000 		.4byte	.LASF16
 717 00b9 03       		.byte	0x3
 718 00ba 42       		.byte	0x42
 719 00bb 73000000 		.4byte	0x73
 720 00bf 04       		.uleb128 0x4
 721 00c0 F4000000 		.4byte	.LASF17
 722 00c4 04       		.byte	0x4
 723 00c5 2B       		.byte	0x2b
 724 00c6 CA000000 		.4byte	0xca
 725 00ca 03       		.uleb128 0x3
 726 00cb 01       		.byte	0x1
 727 00cc 02       		.byte	0x2
 728 00cd CC030000 		.4byte	.LASF18
 729 00d1 05       		.uleb128 0x5
 730 00d2 04       		.byte	0x4
 731 00d3 06       		.uleb128 0x6
 732 00d4 B4000000 		.4byte	0xb4
 733 00d8 03       		.uleb128 0x3
 734 00d9 04       		.byte	0x4
 735 00da 07       		.byte	0x7
 736 00db 1F030000 		.4byte	.LASF19
 737 00df 03       		.uleb128 0x3
ARM GAS  /tmp/ccVZ3zH5.s 			page 14


 738 00e0 01       		.byte	0x1
 739 00e1 08       		.byte	0x8
 740 00e2 96040000 		.4byte	.LASF20
 741 00e6 07       		.uleb128 0x7
 742 00e7 07030000 		.4byte	.LASF122
 743 00eb 01       		.byte	0x1
 744 00ec 05       		.byte	0x5
 745 00ed AB       		.byte	0xab
 746 00ee 31020000 		.4byte	0x231
 747 00f2 08       		.uleb128 0x8
 748 00f3 D7040000 		.4byte	.LASF21
 749 00f7 72       		.sleb128 -14
 750 00f8 08       		.uleb128 0x8
 751 00f9 8E030000 		.4byte	.LASF22
 752 00fd 74       		.sleb128 -12
 753 00fe 08       		.uleb128 0x8
 754 00ff 7D010000 		.4byte	.LASF23
 755 0103 75       		.sleb128 -11
 756 0104 08       		.uleb128 0x8
 757 0105 68040000 		.4byte	.LASF24
 758 0109 76       		.sleb128 -10
 759 010a 08       		.uleb128 0x8
 760 010b 64060000 		.4byte	.LASF25
 761 010f 7B       		.sleb128 -5
 762 0110 08       		.uleb128 0x8
 763 0111 2E050000 		.4byte	.LASF26
 764 0115 7C       		.sleb128 -4
 765 0116 08       		.uleb128 0x8
 766 0117 53010000 		.4byte	.LASF27
 767 011b 7E       		.sleb128 -2
 768 011c 08       		.uleb128 0x8
 769 011d F0020000 		.4byte	.LASF28
 770 0121 7F       		.sleb128 -1
 771 0122 08       		.uleb128 0x8
 772 0123 BF000000 		.4byte	.LASF29
 773 0127 00       		.sleb128 0
 774 0128 08       		.uleb128 0x8
 775 0129 1A000000 		.4byte	.LASF30
 776 012d 01       		.sleb128 1
 777 012e 08       		.uleb128 0x8
 778 012f 26060000 		.4byte	.LASF31
 779 0133 02       		.sleb128 2
 780 0134 08       		.uleb128 0x8
 781 0135 B1000000 		.4byte	.LASF32
 782 0139 03       		.sleb128 3
 783 013a 08       		.uleb128 0x8
 784 013b 3A040000 		.4byte	.LASF33
 785 013f 04       		.sleb128 4
 786 0140 08       		.uleb128 0x8
 787 0141 4A060000 		.4byte	.LASF34
 788 0145 05       		.sleb128 5
 789 0146 08       		.uleb128 0x8
 790 0147 71050000 		.4byte	.LASF35
 791 014b 06       		.sleb128 6
 792 014c 08       		.uleb128 0x8
 793 014d F6050000 		.4byte	.LASF36
 794 0151 07       		.sleb128 7
ARM GAS  /tmp/ccVZ3zH5.s 			page 15


 795 0152 08       		.uleb128 0x8
 796 0153 1F040000 		.4byte	.LASF37
 797 0157 08       		.sleb128 8
 798 0158 08       		.uleb128 0x8
 799 0159 3B030000 		.4byte	.LASF38
 800 015d 09       		.sleb128 9
 801 015e 08       		.uleb128 0x8
 802 015f FF030000 		.4byte	.LASF39
 803 0163 0A       		.sleb128 10
 804 0164 08       		.uleb128 0x8
 805 0165 7B030000 		.4byte	.LASF40
 806 0169 0B       		.sleb128 11
 807 016a 08       		.uleb128 0x8
 808 016b 0C030000 		.4byte	.LASF41
 809 016f 0C       		.sleb128 12
 810 0170 08       		.uleb128 0x8
 811 0171 19010000 		.4byte	.LASF42
 812 0175 0D       		.sleb128 13
 813 0176 08       		.uleb128 0x8
 814 0177 5F010000 		.4byte	.LASF43
 815 017b 0E       		.sleb128 14
 816 017c 08       		.uleb128 0x8
 817 017d 0A020000 		.4byte	.LASF44
 818 0181 0F       		.sleb128 15
 819 0182 08       		.uleb128 0x8
 820 0183 F5040000 		.4byte	.LASF45
 821 0187 10       		.sleb128 16
 822 0188 08       		.uleb128 0x8
 823 0189 01060000 		.4byte	.LASF46
 824 018d 11       		.sleb128 17
 825 018e 08       		.uleb128 0x8
 826 018f FD020000 		.4byte	.LASF47
 827 0193 12       		.sleb128 18
 828 0194 08       		.uleb128 0x8
 829 0195 E4020000 		.4byte	.LASF48
 830 0199 13       		.sleb128 19
 831 019a 08       		.uleb128 0x8
 832 019b 11050000 		.4byte	.LASF49
 833 019f 14       		.sleb128 20
 834 01a0 08       		.uleb128 0x8
 835 01a1 08050000 		.4byte	.LASF50
 836 01a5 15       		.sleb128 21
 837 01a6 08       		.uleb128 0x8
 838 01a7 30000000 		.4byte	.LASF51
 839 01ab 16       		.sleb128 22
 840 01ac 08       		.uleb128 0x8
 841 01ad 23000000 		.4byte	.LASF52
 842 01b1 17       		.sleb128 23
 843 01b2 08       		.uleb128 0x8
 844 01b3 40050000 		.4byte	.LASF53
 845 01b7 18       		.sleb128 24
 846 01b8 08       		.uleb128 0x8
 847 01b9 A1010000 		.4byte	.LASF54
 848 01bd 19       		.sleb128 25
 849 01be 08       		.uleb128 0x8
 850 01bf 3E010000 		.4byte	.LASF55
 851 01c3 1A       		.sleb128 26
ARM GAS  /tmp/ccVZ3zH5.s 			page 16


 852 01c4 08       		.uleb128 0x8
 853 01c5 14040000 		.4byte	.LASF56
 854 01c9 1B       		.sleb128 27
 855 01ca 08       		.uleb128 0x8
 856 01cb 67050000 		.4byte	.LASF57
 857 01cf 1C       		.sleb128 28
 858 01d0 08       		.uleb128 0x8
 859 01d1 53060000 		.4byte	.LASF58
 860 01d5 1D       		.sleb128 29
 861 01d6 08       		.uleb128 0x8
 862 01d7 A7000000 		.4byte	.LASF59
 863 01db 1E       		.sleb128 30
 864 01dc 08       		.uleb128 0x8
 865 01dd 3A000000 		.4byte	.LASF60
 866 01e1 1F       		.sleb128 31
 867 01e2 08       		.uleb128 0x8
 868 01e3 19060000 		.4byte	.LASF61
 869 01e7 20       		.sleb128 32
 870 01e8 08       		.uleb128 0x8
 871 01e9 28030000 		.4byte	.LASF62
 872 01ed 21       		.sleb128 33
 873 01ee 08       		.uleb128 0x8
 874 01ef 9A000000 		.4byte	.LASF63
 875 01f3 22       		.sleb128 34
 876 01f4 08       		.uleb128 0x8
 877 01f5 C7020000 		.4byte	.LASF64
 878 01f9 23       		.sleb128 35
 879 01fa 08       		.uleb128 0x8
 880 01fb 46030000 		.4byte	.LASF65
 881 01ff 24       		.sleb128 36
 882 0200 08       		.uleb128 0x8
 883 0201 A4030000 		.4byte	.LASF66
 884 0205 25       		.sleb128 37
 885 0206 08       		.uleb128 0x8
 886 0207 5C040000 		.4byte	.LASF67
 887 020b 26       		.sleb128 38
 888 020c 08       		.uleb128 0x8
 889 020d 52050000 		.4byte	.LASF68
 890 0211 27       		.sleb128 39
 891 0212 08       		.uleb128 0x8
 892 0213 30020000 		.4byte	.LASF69
 893 0217 28       		.sleb128 40
 894 0218 08       		.uleb128 0x8
 895 0219 71000000 		.4byte	.LASF70
 896 021d 29       		.sleb128 41
 897 021e 08       		.uleb128 0x8
 898 021f 61030000 		.4byte	.LASF71
 899 0223 2A       		.sleb128 42
 900 0224 08       		.uleb128 0x8
 901 0225 F5030000 		.4byte	.LASF72
 902 0229 2B       		.sleb128 43
 903 022a 08       		.uleb128 0x8
 904 022b CD040000 		.4byte	.LASF73
 905 022f 2C       		.sleb128 44
 906 0230 00       		.byte	0
 907 0231 09       		.uleb128 0x9
 908 0232 10       		.byte	0x10
ARM GAS  /tmp/ccVZ3zH5.s 			page 17


 909 0233 05       		.byte	0x5
 910 0234 C201     		.2byte	0x1c2
 911 0236 6F020000 		.4byte	0x26f
 912 023a 0A       		.uleb128 0xa
 913 023b 43435200 		.ascii	"CCR\000"
 914 023f 05       		.byte	0x5
 915 0240 C401     		.2byte	0x1c4
 916 0242 D3000000 		.4byte	0xd3
 917 0246 00       		.byte	0
 918 0247 0B       		.uleb128 0xb
 919 0248 7C050000 		.4byte	.LASF74
 920 024c 05       		.byte	0x5
 921 024d C501     		.2byte	0x1c5
 922 024f D3000000 		.4byte	0xd3
 923 0253 04       		.byte	0x4
 924 0254 0B       		.uleb128 0xb
 925 0255 BD010000 		.4byte	.LASF75
 926 0259 05       		.byte	0x5
 927 025a C601     		.2byte	0x1c6
 928 025c D3000000 		.4byte	0xd3
 929 0260 08       		.byte	0x8
 930 0261 0B       		.uleb128 0xb
 931 0262 82050000 		.4byte	.LASF76
 932 0266 05       		.byte	0x5
 933 0267 C701     		.2byte	0x1c7
 934 0269 D3000000 		.4byte	0xd3
 935 026d 0C       		.byte	0xc
 936 026e 00       		.byte	0
 937 026f 0C       		.uleb128 0xc
 938 0270 EF010000 		.4byte	.LASF77
 939 0274 05       		.byte	0x5
 940 0275 C801     		.2byte	0x1c8
 941 0277 31020000 		.4byte	0x231
 942 027b 09       		.uleb128 0x9
 943 027c 08       		.byte	0x8
 944 027d 05       		.byte	0x5
 945 027e CA01     		.2byte	0x1ca
 946 0280 9F020000 		.4byte	0x29f
 947 0284 0A       		.uleb128 0xa
 948 0285 49535200 		.ascii	"ISR\000"
 949 0289 05       		.byte	0x5
 950 028a CC01     		.2byte	0x1cc
 951 028c D3000000 		.4byte	0xd3
 952 0290 00       		.byte	0
 953 0291 0B       		.uleb128 0xb
 954 0292 91040000 		.4byte	.LASF78
 955 0296 05       		.byte	0x5
 956 0297 CD01     		.2byte	0x1cd
 957 0299 D3000000 		.4byte	0xd3
 958 029d 04       		.byte	0x4
 959 029e 00       		.byte	0
 960 029f 0C       		.uleb128 0xc
 961 02a0 95010000 		.4byte	.LASF79
 962 02a4 05       		.byte	0x5
 963 02a5 CE01     		.2byte	0x1ce
 964 02a7 7B020000 		.4byte	0x27b
 965 02ab 09       		.uleb128 0x9
ARM GAS  /tmp/ccVZ3zH5.s 			page 18


 966 02ac 38       		.byte	0x38
 967 02ad 05       		.byte	0x5
 968 02ae 8602     		.2byte	0x286
 969 02b0 6A030000 		.4byte	0x36a
 970 02b4 0A       		.uleb128 0xa
 971 02b5 435200   		.ascii	"CR\000"
 972 02b8 05       		.byte	0x5
 973 02b9 8802     		.2byte	0x288
 974 02bb D3000000 		.4byte	0xd3
 975 02bf 00       		.byte	0
 976 02c0 0B       		.uleb128 0xb
 977 02c1 E2050000 		.4byte	.LASF80
 978 02c5 05       		.byte	0x5
 979 02c6 8902     		.2byte	0x289
 980 02c8 D3000000 		.4byte	0xd3
 981 02cc 04       		.byte	0x4
 982 02cd 0B       		.uleb128 0xb
 983 02ce 14060000 		.4byte	.LASF81
 984 02d2 05       		.byte	0x5
 985 02d3 8A02     		.2byte	0x28a
 986 02d5 D3000000 		.4byte	0xd3
 987 02d9 08       		.byte	0x8
 988 02da 0A       		.uleb128 0xa
 989 02db 43495200 		.ascii	"CIR\000"
 990 02df 05       		.byte	0x5
 991 02e0 8B02     		.2byte	0x28b
 992 02e2 D3000000 		.4byte	0xd3
 993 02e6 0C       		.byte	0xc
 994 02e7 0B       		.uleb128 0xb
 995 02e8 59030000 		.4byte	.LASF82
 996 02ec 05       		.byte	0x5
 997 02ed 8C02     		.2byte	0x28c
 998 02ef D3000000 		.4byte	0xd3
 999 02f3 10       		.byte	0x10
 1000 02f4 0B       		.uleb128 0xb
 1001 02f5 0B010000 		.4byte	.LASF83
 1002 02f9 05       		.byte	0x5
 1003 02fa 8D02     		.2byte	0x28d
 1004 02fc D3000000 		.4byte	0xd3
 1005 0300 14       		.byte	0x14
 1006 0301 0B       		.uleb128 0xb
 1007 0302 72030000 		.4byte	.LASF84
 1008 0306 05       		.byte	0x5
 1009 0307 8E02     		.2byte	0x28e
 1010 0309 D3000000 		.4byte	0xd3
 1011 030d 18       		.byte	0x18
 1012 030e 0B       		.uleb128 0xb
 1013 030f 5D060000 		.4byte	.LASF85
 1014 0313 05       		.byte	0x5
 1015 0314 8F02     		.2byte	0x28f
 1016 0316 D3000000 		.4byte	0xd3
 1017 031a 1C       		.byte	0x1c
 1018 031b 0B       		.uleb128 0xb
 1019 031c 2A040000 		.4byte	.LASF86
 1020 0320 05       		.byte	0x5
 1021 0321 9002     		.2byte	0x290
 1022 0323 D3000000 		.4byte	0xd3
ARM GAS  /tmp/ccVZ3zH5.s 			page 19


 1023 0327 20       		.byte	0x20
 1024 0328 0B       		.uleb128 0xb
 1025 0329 81040000 		.4byte	.LASF87
 1026 032d 05       		.byte	0x5
 1027 032e 9102     		.2byte	0x291
 1028 0330 D3000000 		.4byte	0xd3
 1029 0334 24       		.byte	0x24
 1030 0335 0B       		.uleb128 0xb
 1031 0336 51000000 		.4byte	.LASF88
 1032 033a 05       		.byte	0x5
 1033 033b 9202     		.2byte	0x292
 1034 033d D3000000 		.4byte	0xd3
 1035 0341 28       		.byte	0x28
 1036 0342 0B       		.uleb128 0xb
 1037 0343 DA020000 		.4byte	.LASF89
 1038 0347 05       		.byte	0x5
 1039 0348 9302     		.2byte	0x293
 1040 034a D3000000 		.4byte	0xd3
 1041 034e 2C       		.byte	0x2c
 1042 034f 0B       		.uleb128 0xb
 1043 0350 10000000 		.4byte	.LASF90
 1044 0354 05       		.byte	0x5
 1045 0355 9402     		.2byte	0x294
 1046 0357 D3000000 		.4byte	0xd3
 1047 035b 30       		.byte	0x30
 1048 035c 0A       		.uleb128 0xa
 1049 035d 43535200 		.ascii	"CSR\000"
 1050 0361 05       		.byte	0x5
 1051 0362 9502     		.2byte	0x295
 1052 0364 D3000000 		.4byte	0xd3
 1053 0368 34       		.byte	0x34
 1054 0369 00       		.byte	0
 1055 036a 0C       		.uleb128 0xc
 1056 036b E3010000 		.4byte	.LASF91
 1057 036f 05       		.byte	0x5
 1058 0370 9602     		.2byte	0x296
 1059 0372 AB020000 		.4byte	0x2ab
 1060 0376 0D       		.uleb128 0xd
 1061 0377 0C       		.byte	0xc
 1062 0378 06       		.byte	0x6
 1063 0379 B8       		.byte	0xb8
 1064 037a BB030000 		.4byte	0x3bb
 1065 037e 0E       		.uleb128 0xe
 1066 037f 32040000 		.4byte	.LASF92
 1067 0383 06       		.byte	0x6
 1068 0384 B9       		.byte	0xb9
 1069 0385 BB030000 		.4byte	0x3bb
 1070 0389 00       		.byte	0
 1071 038a 0E       		.uleb128 0xe
 1072 038b 45040000 		.4byte	.LASF93
 1073 038f 06       		.byte	0x6
 1074 0390 BA       		.byte	0xba
 1075 0391 C1030000 		.4byte	0x3c1
 1076 0395 04       		.byte	0x4
 1077 0396 0E       		.uleb128 0xe
 1078 0397 03020000 		.4byte	.LASF94
 1079 039b 06       		.byte	0x6
ARM GAS  /tmp/ccVZ3zH5.s 			page 20


 1080 039c BB       		.byte	0xbb
 1081 039d 93000000 		.4byte	0x93
 1082 03a1 08       		.byte	0x8
 1083 03a2 0E       		.uleb128 0xe
 1084 03a3 8B010000 		.4byte	.LASF95
 1085 03a7 06       		.byte	0x6
 1086 03a8 BD       		.byte	0xbd
 1087 03a9 93000000 		.4byte	0x93
 1088 03ad 09       		.byte	0x9
 1089 03ae 0E       		.uleb128 0xe
 1090 03af 80000000 		.4byte	.LASF96
 1091 03b3 06       		.byte	0x6
 1092 03b4 BE       		.byte	0xbe
 1093 03b5 93000000 		.4byte	0x93
 1094 03b9 0A       		.byte	0xa
 1095 03ba 00       		.byte	0
 1096 03bb 0F       		.uleb128 0xf
 1097 03bc 04       		.byte	0x4
 1098 03bd 6F020000 		.4byte	0x26f
 1099 03c1 0F       		.uleb128 0xf
 1100 03c2 04       		.byte	0x4
 1101 03c3 D3000000 		.4byte	0xd3
 1102 03c7 04       		.uleb128 0x4
 1103 03c8 B0030000 		.4byte	.LASF97
 1104 03cc 06       		.byte	0x6
 1105 03cd BF       		.byte	0xbf
 1106 03ce 76030000 		.4byte	0x376
 1107 03d2 04       		.uleb128 0x4
 1108 03d3 C2010000 		.4byte	.LASF98
 1109 03d7 06       		.byte	0x6
 1110 03d8 C8       		.byte	0xc8
 1111 03d9 DD030000 		.4byte	0x3dd
 1112 03dd 0F       		.uleb128 0xf
 1113 03de 04       		.byte	0x4
 1114 03df E3030000 		.4byte	0x3e3
 1115 03e3 10       		.uleb128 0x10
 1116 03e4 F3030000 		.4byte	0x3f3
 1117 03e8 11       		.uleb128 0x11
 1118 03e9 D1000000 		.4byte	0xd1
 1119 03ed 11       		.uleb128 0x11
 1120 03ee B4000000 		.4byte	0xb4
 1121 03f2 00       		.byte	0
 1122 03f3 0F       		.uleb128 0xf
 1123 03f4 04       		.byte	0x4
 1124 03f5 F9030000 		.4byte	0x3f9
 1125 03f9 12       		.uleb128 0x12
 1126 03fa C7030000 		.4byte	0x3c7
 1127 03fe 0D       		.uleb128 0xd
 1128 03ff 08       		.byte	0x8
 1129 0400 01       		.byte	0x1
 1130 0401 56       		.byte	0x56
 1131 0402 1F040000 		.4byte	0x41f
 1132 0406 0E       		.uleb128 0xe
 1133 0407 50030000 		.4byte	.LASF99
 1134 040b 01       		.byte	0x1
 1135 040c 57       		.byte	0x57
 1136 040d D2030000 		.4byte	0x3d2
ARM GAS  /tmp/ccVZ3zH5.s 			page 21


 1137 0411 00       		.byte	0
 1138 0412 0E       		.uleb128 0xe
 1139 0413 49010000 		.4byte	.LASF100
 1140 0417 01       		.byte	0x1
 1141 0418 58       		.byte	0x58
 1142 0419 D1000000 		.4byte	0xd1
 1143 041d 04       		.byte	0x4
 1144 041e 00       		.byte	0
 1145 041f 04       		.uleb128 0x4
 1146 0420 00000000 		.4byte	.LASF101
 1147 0424 01       		.byte	0x1
 1148 0425 59       		.byte	0x59
 1149 0426 FE030000 		.4byte	0x3fe
 1150 042a 13       		.uleb128 0x13
 1151 042b C3030000 		.4byte	.LASF102
 1152 042f 01       		.byte	0x1
 1153 0430 72       		.byte	0x72
 1154 0431 00000000 		.4byte	.LFB63
 1155 0435 2A000000 		.4byte	.LFE63-.LFB63
 1156 0439 01       		.uleb128 0x1
 1157 043a 9C       		.byte	0x9c
 1158 043b 60040000 		.4byte	0x460
 1159 043f 14       		.uleb128 0x14
 1160 0440 A2050000 		.4byte	.LASF104
 1161 0444 01       		.byte	0x1
 1162 0445 73       		.byte	0x73
 1163 0446 B4000000 		.4byte	0xb4
 1164 044a 00000000 		.4byte	.LLST0
 1165 044e 15       		.uleb128 0x15
 1166 044f 22000000 		.4byte	.LVL1
 1167 0453 02       		.uleb128 0x2
 1168 0454 74       		.byte	0x74
 1169 0455 00       		.sleb128 0
 1170 0456 16       		.uleb128 0x16
 1171 0457 2A000000 		.4byte	.LVL2
 1172 045b CE060000 		.4byte	0x6ce
 1173 045f 00       		.byte	0
 1174 0460 13       		.uleb128 0x13
 1175 0461 4A040000 		.4byte	.LASF103
 1176 0465 01       		.byte	0x1
 1177 0466 84       		.byte	0x84
 1178 0467 00000000 		.4byte	.LFB64
 1179 046b 2C000000 		.4byte	.LFE64-.LFB64
 1180 046f 01       		.uleb128 0x1
 1181 0470 9C       		.byte	0x9c
 1182 0471 96040000 		.4byte	0x496
 1183 0475 14       		.uleb128 0x14
 1184 0476 A2050000 		.4byte	.LASF104
 1185 047a 01       		.byte	0x1
 1186 047b 85       		.byte	0x85
 1187 047c B4000000 		.4byte	0xb4
 1188 0480 13000000 		.4byte	.LLST1
 1189 0484 15       		.uleb128 0x15
 1190 0485 24000000 		.4byte	.LVL4
 1191 0489 02       		.uleb128 0x2
 1192 048a 74       		.byte	0x74
 1193 048b 00       		.sleb128 0
ARM GAS  /tmp/ccVZ3zH5.s 			page 22


 1194 048c 16       		.uleb128 0x16
 1195 048d 2C000000 		.4byte	.LVL5
 1196 0491 CE060000 		.4byte	0x6ce
 1197 0495 00       		.byte	0
 1198 0496 13       		.uleb128 0x13
 1199 0497 53040000 		.4byte	.LASF105
 1200 049b 01       		.byte	0x1
 1201 049c 96       		.byte	0x96
 1202 049d 00000000 		.4byte	.LFB65
 1203 04a1 2C000000 		.4byte	.LFE65-.LFB65
 1204 04a5 01       		.uleb128 0x1
 1205 04a6 9C       		.byte	0x9c
 1206 04a7 CC040000 		.4byte	0x4cc
 1207 04ab 14       		.uleb128 0x14
 1208 04ac A2050000 		.4byte	.LASF104
 1209 04b0 01       		.byte	0x1
 1210 04b1 97       		.byte	0x97
 1211 04b2 B4000000 		.4byte	0xb4
 1212 04b6 26000000 		.4byte	.LLST2
 1213 04ba 15       		.uleb128 0x15
 1214 04bb 24000000 		.4byte	.LVL7
 1215 04bf 02       		.uleb128 0x2
 1216 04c0 74       		.byte	0x74
 1217 04c1 00       		.sleb128 0
 1218 04c2 16       		.uleb128 0x16
 1219 04c3 2C000000 		.4byte	.LVL8
 1220 04c7 CE060000 		.4byte	0x6ce
 1221 04cb 00       		.byte	0
 1222 04cc 13       		.uleb128 0x13
 1223 04cd 78040000 		.4byte	.LASF106
 1224 04d1 01       		.byte	0x1
 1225 04d2 A8       		.byte	0xa8
 1226 04d3 00000000 		.4byte	.LFB66
 1227 04d7 2C000000 		.4byte	.LFE66-.LFB66
 1228 04db 01       		.uleb128 0x1
 1229 04dc 9C       		.byte	0x9c
 1230 04dd 02050000 		.4byte	0x502
 1231 04e1 14       		.uleb128 0x14
 1232 04e2 A2050000 		.4byte	.LASF104
 1233 04e6 01       		.byte	0x1
 1234 04e7 A9       		.byte	0xa9
 1235 04e8 B4000000 		.4byte	0xb4
 1236 04ec 39000000 		.4byte	.LLST3
 1237 04f0 15       		.uleb128 0x15
 1238 04f1 24000000 		.4byte	.LVL10
 1239 04f5 02       		.uleb128 0x2
 1240 04f6 74       		.byte	0x74
 1241 04f7 00       		.sleb128 0
 1242 04f8 16       		.uleb128 0x16
 1243 04f9 2C000000 		.4byte	.LVL11
 1244 04fd CE060000 		.4byte	0x6ce
 1245 0501 00       		.byte	0
 1246 0502 13       		.uleb128 0x13
 1247 0503 AC040000 		.4byte	.LASF107
 1248 0507 01       		.byte	0x1
 1249 0508 BA       		.byte	0xba
 1250 0509 00000000 		.4byte	.LFB67
ARM GAS  /tmp/ccVZ3zH5.s 			page 23


 1251 050d 2C000000 		.4byte	.LFE67-.LFB67
 1252 0511 01       		.uleb128 0x1
 1253 0512 9C       		.byte	0x9c
 1254 0513 38050000 		.4byte	0x538
 1255 0517 14       		.uleb128 0x14
 1256 0518 A2050000 		.4byte	.LASF104
 1257 051c 01       		.byte	0x1
 1258 051d BB       		.byte	0xbb
 1259 051e B4000000 		.4byte	0xb4
 1260 0522 4C000000 		.4byte	.LLST4
 1261 0526 15       		.uleb128 0x15
 1262 0527 24000000 		.4byte	.LVL13
 1263 052b 02       		.uleb128 0x2
 1264 052c 74       		.byte	0x74
 1265 052d 00       		.sleb128 0
 1266 052e 16       		.uleb128 0x16
 1267 052f 2C000000 		.4byte	.LVL14
 1268 0533 CE060000 		.4byte	0x6ce
 1269 0537 00       		.byte	0
 1270 0538 13       		.uleb128 0x13
 1271 0539 49050000 		.4byte	.LASF108
 1272 053d 01       		.byte	0x1
 1273 053e CC       		.byte	0xcc
 1274 053f 00000000 		.4byte	.LFB68
 1275 0543 2C000000 		.4byte	.LFE68-.LFB68
 1276 0547 01       		.uleb128 0x1
 1277 0548 9C       		.byte	0x9c
 1278 0549 6E050000 		.4byte	0x56e
 1279 054d 14       		.uleb128 0x14
 1280 054e A2050000 		.4byte	.LASF104
 1281 0552 01       		.byte	0x1
 1282 0553 CD       		.byte	0xcd
 1283 0554 B4000000 		.4byte	0xb4
 1284 0558 5F000000 		.4byte	.LLST5
 1285 055c 15       		.uleb128 0x15
 1286 055d 24000000 		.4byte	.LVL16
 1287 0561 02       		.uleb128 0x2
 1288 0562 74       		.byte	0x74
 1289 0563 00       		.sleb128 0
 1290 0564 16       		.uleb128 0x16
 1291 0565 2C000000 		.4byte	.LVL17
 1292 0569 CE060000 		.4byte	0x6ce
 1293 056d 00       		.byte	0
 1294 056e 13       		.uleb128 0x13
 1295 056f 5E050000 		.4byte	.LASF109
 1296 0573 01       		.byte	0x1
 1297 0574 DE       		.byte	0xde
 1298 0575 00000000 		.4byte	.LFB69
 1299 0579 2C000000 		.4byte	.LFE69-.LFB69
 1300 057d 01       		.uleb128 0x1
 1301 057e 9C       		.byte	0x9c
 1302 057f A4050000 		.4byte	0x5a4
 1303 0583 14       		.uleb128 0x14
 1304 0584 A2050000 		.4byte	.LASF104
 1305 0588 01       		.byte	0x1
 1306 0589 DF       		.byte	0xdf
 1307 058a B4000000 		.4byte	0xb4
ARM GAS  /tmp/ccVZ3zH5.s 			page 24


 1308 058e 72000000 		.4byte	.LLST6
 1309 0592 15       		.uleb128 0x15
 1310 0593 24000000 		.4byte	.LVL19
 1311 0597 02       		.uleb128 0x2
 1312 0598 74       		.byte	0x74
 1313 0599 00       		.sleb128 0
 1314 059a 16       		.uleb128 0x16
 1315 059b 2C000000 		.4byte	.LVL20
 1316 059f CE060000 		.4byte	0x6ce
 1317 05a3 00       		.byte	0
 1318 05a4 13       		.uleb128 0x13
 1319 05a5 89040000 		.4byte	.LASF110
 1320 05a9 01       		.byte	0x1
 1321 05aa F4       		.byte	0xf4
 1322 05ab 00000000 		.4byte	.LFB70
 1323 05af 44000000 		.4byte	.LFE70-.LFB70
 1324 05b3 01       		.uleb128 0x1
 1325 05b4 9C       		.byte	0x9c
 1326 05b5 C7050000 		.4byte	0x5c7
 1327 05b9 17       		.uleb128 0x17
 1328 05ba 6900     		.ascii	"i\000"
 1329 05bc 01       		.byte	0x1
 1330 05bd F5       		.byte	0xf5
 1331 05be 21000000 		.4byte	0x21
 1332 05c2 85000000 		.4byte	.LLST7
 1333 05c6 00       		.byte	0
 1334 05c7 18       		.uleb128 0x18
 1335 05c8 38060000 		.4byte	.LASF123
 1336 05cc 01       		.byte	0x1
 1337 05cd 1701     		.2byte	0x117
 1338 05cf BF000000 		.4byte	0xbf
 1339 05d3 00000000 		.4byte	.LFB71
 1340 05d7 7E000000 		.4byte	.LFE71-.LFB71
 1341 05db 01       		.uleb128 0x1
 1342 05dc 9C       		.byte	0x9c
 1343 05dd 35060000 		.4byte	0x635
 1344 05e1 19       		.uleb128 0x19
 1345 05e2 FB000000 		.4byte	.LASF111
 1346 05e6 01       		.byte	0x1
 1347 05e7 1701     		.2byte	0x117
 1348 05e9 F3030000 		.4byte	0x3f3
 1349 05ed 99000000 		.4byte	.LLST8
 1350 05f1 19       		.uleb128 0x19
 1351 05f2 D1020000 		.4byte	.LASF112
 1352 05f6 01       		.byte	0x1
 1353 05f7 1801     		.2byte	0x118
 1354 05f9 B4000000 		.4byte	0xb4
 1355 05fd EC000000 		.4byte	.LLST9
 1356 0601 19       		.uleb128 0x19
 1357 0602 14010000 		.4byte	.LASF113
 1358 0606 01       		.byte	0x1
 1359 0607 1901     		.2byte	0x119
 1360 0609 D2030000 		.4byte	0x3d2
 1361 060d 18010000 		.4byte	.LLST10
 1362 0611 19       		.uleb128 0x19
 1363 0612 35030000 		.4byte	.LASF114
 1364 0616 01       		.byte	0x1
ARM GAS  /tmp/ccVZ3zH5.s 			page 25


 1365 0617 1A01     		.2byte	0x11a
 1366 0619 D1000000 		.4byte	0xd1
 1367 061d 44010000 		.4byte	.LLST11
 1368 0621 1A       		.uleb128 0x1a
 1369 0622 72000000 		.4byte	.LVL27
 1370 0626 D6060000 		.4byte	0x6d6
 1371 062a 1B       		.uleb128 0x1b
 1372 062b 01       		.uleb128 0x1
 1373 062c 51       		.byte	0x51
 1374 062d 05       		.uleb128 0x5
 1375 062e F3       		.byte	0xf3
 1376 062f 01       		.uleb128 0x1
 1377 0630 51       		.byte	0x51
 1378 0631 34       		.byte	0x34
 1379 0632 24       		.byte	0x24
 1380 0633 00       		.byte	0
 1381 0634 00       		.byte	0
 1382 0635 1C       		.uleb128 0x1c
 1383 0636 9B040000 		.4byte	.LASF115
 1384 063a 01       		.byte	0x1
 1385 063b 4301     		.2byte	0x143
 1386 063d 00000000 		.4byte	.LFB72
 1387 0641 38000000 		.4byte	.LFE72-.LFB72
 1388 0645 01       		.uleb128 0x1
 1389 0646 9C       		.byte	0x9c
 1390 0647 65060000 		.4byte	0x665
 1391 064b 19       		.uleb128 0x19
 1392 064c FB000000 		.4byte	.LASF111
 1393 0650 01       		.byte	0x1
 1394 0651 4301     		.2byte	0x143
 1395 0653 F3030000 		.4byte	0x3f3
 1396 0657 88010000 		.4byte	.LLST12
 1397 065b 1D       		.uleb128 0x1d
 1398 065c 0A000000 		.4byte	.LVL34
 1399 0660 ED060000 		.4byte	0x6ed
 1400 0664 00       		.byte	0
 1401 0665 1E       		.uleb128 0x1e
 1402 0666 1D050000 		.4byte	.LASF116
 1403 066a 01       		.byte	0x1
 1404 066b 5E       		.byte	0x5e
 1405 066c B4000000 		.4byte	0xb4
 1406 0670 05       		.uleb128 0x5
 1407 0671 03       		.byte	0x3
 1408 0672 00000000 		.4byte	dma_streams_mask
 1409 0676 1F       		.uleb128 0x1f
 1410 0677 1F040000 		.4byte	0x41f
 1411 067b 86060000 		.4byte	0x686
 1412 067f 20       		.uleb128 0x20
 1413 0680 D8000000 		.4byte	0xd8
 1414 0684 06       		.byte	0x6
 1415 0685 00       		.byte	0
 1416 0686 1E       		.uleb128 0x1e
 1417 0687 E8050000 		.4byte	.LASF117
 1418 068b 01       		.byte	0x1
 1419 068c 63       		.byte	0x63
 1420 068d 76060000 		.4byte	0x676
 1421 0691 05       		.uleb128 0x5
ARM GAS  /tmp/ccVZ3zH5.s 			page 26


 1422 0692 03       		.byte	0x3
 1423 0693 00000000 		.4byte	dma_isr_redir
 1424 0697 21       		.uleb128 0x21
 1425 0698 E8030000 		.4byte	.LASF118
 1426 069c 07       		.byte	0x7
 1427 069d 0706     		.2byte	0x607
 1428 069f A3060000 		.4byte	0x6a3
 1429 06a3 06       		.uleb128 0x6
 1430 06a4 A9000000 		.4byte	0xa9
 1431 06a8 1F       		.uleb128 0x1f
 1432 06a9 C7030000 		.4byte	0x3c7
 1433 06ad B8060000 		.4byte	0x6b8
 1434 06b1 20       		.uleb128 0x20
 1435 06b2 D8000000 		.4byte	0xd8
 1436 06b6 06       		.byte	0x6
 1437 06b7 00       		.byte	0
 1438 06b8 22       		.uleb128 0x22
 1439 06b9 87000000 		.4byte	.LASF119
 1440 06bd 01       		.byte	0x1
 1441 06be 45       		.byte	0x45
 1442 06bf C9060000 		.4byte	0x6c9
 1443 06c3 05       		.uleb128 0x5
 1444 06c4 03       		.byte	0x3
 1445 06c5 00000000 		.4byte	_stm32_dma_streams
 1446 06c9 12       		.uleb128 0x12
 1447 06ca A8060000 		.4byte	0x6a8
 1448 06ce 23       		.uleb128 0x23
 1449 06cf 87050000 		.4byte	.LASF124
 1450 06d3 08       		.byte	0x8
 1451 06d4 0302     		.2byte	0x203
 1452 06d6 24       		.uleb128 0x24
 1453 06d7 C9000000 		.4byte	.LASF125
 1454 06db 09       		.byte	0x9
 1455 06dc 2301     		.2byte	0x123
 1456 06de ED060000 		.4byte	0x6ed
 1457 06e2 11       		.uleb128 0x11
 1458 06e3 B4000000 		.4byte	0xb4
 1459 06e7 11       		.uleb128 0x11
 1460 06e8 B4000000 		.4byte	0xb4
 1461 06ec 00       		.byte	0
 1462 06ed 25       		.uleb128 0x25
 1463 06ee AB010000 		.4byte	.LASF126
 1464 06f2 09       		.byte	0x9
 1465 06f3 2401     		.2byte	0x124
 1466 06f5 11       		.uleb128 0x11
 1467 06f6 B4000000 		.4byte	0xb4
 1468 06fa 00       		.byte	0
 1469 06fb 00       		.byte	0
 1470              		.section	.debug_abbrev,"",%progbits
 1471              	.Ldebug_abbrev0:
 1472 0000 01       		.uleb128 0x1
 1473 0001 11       		.uleb128 0x11
 1474 0002 01       		.byte	0x1
 1475 0003 25       		.uleb128 0x25
 1476 0004 0E       		.uleb128 0xe
 1477 0005 13       		.uleb128 0x13
 1478 0006 0B       		.uleb128 0xb
ARM GAS  /tmp/ccVZ3zH5.s 			page 27


 1479 0007 03       		.uleb128 0x3
 1480 0008 0E       		.uleb128 0xe
 1481 0009 55       		.uleb128 0x55
 1482 000a 17       		.uleb128 0x17
 1483 000b 11       		.uleb128 0x11
 1484 000c 01       		.uleb128 0x1
 1485 000d 10       		.uleb128 0x10
 1486 000e 17       		.uleb128 0x17
 1487 000f 00       		.byte	0
 1488 0010 00       		.byte	0
 1489 0011 02       		.uleb128 0x2
 1490 0012 24       		.uleb128 0x24
 1491 0013 00       		.byte	0
 1492 0014 0B       		.uleb128 0xb
 1493 0015 0B       		.uleb128 0xb
 1494 0016 3E       		.uleb128 0x3e
 1495 0017 0B       		.uleb128 0xb
 1496 0018 03       		.uleb128 0x3
 1497 0019 08       		.uleb128 0x8
 1498 001a 00       		.byte	0
 1499 001b 00       		.byte	0
 1500 001c 03       		.uleb128 0x3
 1501 001d 24       		.uleb128 0x24
 1502 001e 00       		.byte	0
 1503 001f 0B       		.uleb128 0xb
 1504 0020 0B       		.uleb128 0xb
 1505 0021 3E       		.uleb128 0x3e
 1506 0022 0B       		.uleb128 0xb
 1507 0023 03       		.uleb128 0x3
 1508 0024 0E       		.uleb128 0xe
 1509 0025 00       		.byte	0
 1510 0026 00       		.byte	0
 1511 0027 04       		.uleb128 0x4
 1512 0028 16       		.uleb128 0x16
 1513 0029 00       		.byte	0
 1514 002a 03       		.uleb128 0x3
 1515 002b 0E       		.uleb128 0xe
 1516 002c 3A       		.uleb128 0x3a
 1517 002d 0B       		.uleb128 0xb
 1518 002e 3B       		.uleb128 0x3b
 1519 002f 0B       		.uleb128 0xb
 1520 0030 49       		.uleb128 0x49
 1521 0031 13       		.uleb128 0x13
 1522 0032 00       		.byte	0
 1523 0033 00       		.byte	0
 1524 0034 05       		.uleb128 0x5
 1525 0035 0F       		.uleb128 0xf
 1526 0036 00       		.byte	0
 1527 0037 0B       		.uleb128 0xb
 1528 0038 0B       		.uleb128 0xb
 1529 0039 00       		.byte	0
 1530 003a 00       		.byte	0
 1531 003b 06       		.uleb128 0x6
 1532 003c 35       		.uleb128 0x35
 1533 003d 00       		.byte	0
 1534 003e 49       		.uleb128 0x49
 1535 003f 13       		.uleb128 0x13
ARM GAS  /tmp/ccVZ3zH5.s 			page 28


 1536 0040 00       		.byte	0
 1537 0041 00       		.byte	0
 1538 0042 07       		.uleb128 0x7
 1539 0043 04       		.uleb128 0x4
 1540 0044 01       		.byte	0x1
 1541 0045 03       		.uleb128 0x3
 1542 0046 0E       		.uleb128 0xe
 1543 0047 0B       		.uleb128 0xb
 1544 0048 0B       		.uleb128 0xb
 1545 0049 3A       		.uleb128 0x3a
 1546 004a 0B       		.uleb128 0xb
 1547 004b 3B       		.uleb128 0x3b
 1548 004c 0B       		.uleb128 0xb
 1549 004d 01       		.uleb128 0x1
 1550 004e 13       		.uleb128 0x13
 1551 004f 00       		.byte	0
 1552 0050 00       		.byte	0
 1553 0051 08       		.uleb128 0x8
 1554 0052 28       		.uleb128 0x28
 1555 0053 00       		.byte	0
 1556 0054 03       		.uleb128 0x3
 1557 0055 0E       		.uleb128 0xe
 1558 0056 1C       		.uleb128 0x1c
 1559 0057 0D       		.uleb128 0xd
 1560 0058 00       		.byte	0
 1561 0059 00       		.byte	0
 1562 005a 09       		.uleb128 0x9
 1563 005b 13       		.uleb128 0x13
 1564 005c 01       		.byte	0x1
 1565 005d 0B       		.uleb128 0xb
 1566 005e 0B       		.uleb128 0xb
 1567 005f 3A       		.uleb128 0x3a
 1568 0060 0B       		.uleb128 0xb
 1569 0061 3B       		.uleb128 0x3b
 1570 0062 05       		.uleb128 0x5
 1571 0063 01       		.uleb128 0x1
 1572 0064 13       		.uleb128 0x13
 1573 0065 00       		.byte	0
 1574 0066 00       		.byte	0
 1575 0067 0A       		.uleb128 0xa
 1576 0068 0D       		.uleb128 0xd
 1577 0069 00       		.byte	0
 1578 006a 03       		.uleb128 0x3
 1579 006b 08       		.uleb128 0x8
 1580 006c 3A       		.uleb128 0x3a
 1581 006d 0B       		.uleb128 0xb
 1582 006e 3B       		.uleb128 0x3b
 1583 006f 05       		.uleb128 0x5
 1584 0070 49       		.uleb128 0x49
 1585 0071 13       		.uleb128 0x13
 1586 0072 38       		.uleb128 0x38
 1587 0073 0B       		.uleb128 0xb
 1588 0074 00       		.byte	0
 1589 0075 00       		.byte	0
 1590 0076 0B       		.uleb128 0xb
 1591 0077 0D       		.uleb128 0xd
 1592 0078 00       		.byte	0
ARM GAS  /tmp/ccVZ3zH5.s 			page 29


 1593 0079 03       		.uleb128 0x3
 1594 007a 0E       		.uleb128 0xe
 1595 007b 3A       		.uleb128 0x3a
 1596 007c 0B       		.uleb128 0xb
 1597 007d 3B       		.uleb128 0x3b
 1598 007e 05       		.uleb128 0x5
 1599 007f 49       		.uleb128 0x49
 1600 0080 13       		.uleb128 0x13
 1601 0081 38       		.uleb128 0x38
 1602 0082 0B       		.uleb128 0xb
 1603 0083 00       		.byte	0
 1604 0084 00       		.byte	0
 1605 0085 0C       		.uleb128 0xc
 1606 0086 16       		.uleb128 0x16
 1607 0087 00       		.byte	0
 1608 0088 03       		.uleb128 0x3
 1609 0089 0E       		.uleb128 0xe
 1610 008a 3A       		.uleb128 0x3a
 1611 008b 0B       		.uleb128 0xb
 1612 008c 3B       		.uleb128 0x3b
 1613 008d 05       		.uleb128 0x5
 1614 008e 49       		.uleb128 0x49
 1615 008f 13       		.uleb128 0x13
 1616 0090 00       		.byte	0
 1617 0091 00       		.byte	0
 1618 0092 0D       		.uleb128 0xd
 1619 0093 13       		.uleb128 0x13
 1620 0094 01       		.byte	0x1
 1621 0095 0B       		.uleb128 0xb
 1622 0096 0B       		.uleb128 0xb
 1623 0097 3A       		.uleb128 0x3a
 1624 0098 0B       		.uleb128 0xb
 1625 0099 3B       		.uleb128 0x3b
 1626 009a 0B       		.uleb128 0xb
 1627 009b 01       		.uleb128 0x1
 1628 009c 13       		.uleb128 0x13
 1629 009d 00       		.byte	0
 1630 009e 00       		.byte	0
 1631 009f 0E       		.uleb128 0xe
 1632 00a0 0D       		.uleb128 0xd
 1633 00a1 00       		.byte	0
 1634 00a2 03       		.uleb128 0x3
 1635 00a3 0E       		.uleb128 0xe
 1636 00a4 3A       		.uleb128 0x3a
 1637 00a5 0B       		.uleb128 0xb
 1638 00a6 3B       		.uleb128 0x3b
 1639 00a7 0B       		.uleb128 0xb
 1640 00a8 49       		.uleb128 0x49
 1641 00a9 13       		.uleb128 0x13
 1642 00aa 38       		.uleb128 0x38
 1643 00ab 0B       		.uleb128 0xb
 1644 00ac 00       		.byte	0
 1645 00ad 00       		.byte	0
 1646 00ae 0F       		.uleb128 0xf
 1647 00af 0F       		.uleb128 0xf
 1648 00b0 00       		.byte	0
 1649 00b1 0B       		.uleb128 0xb
ARM GAS  /tmp/ccVZ3zH5.s 			page 30


 1650 00b2 0B       		.uleb128 0xb
 1651 00b3 49       		.uleb128 0x49
 1652 00b4 13       		.uleb128 0x13
 1653 00b5 00       		.byte	0
 1654 00b6 00       		.byte	0
 1655 00b7 10       		.uleb128 0x10
 1656 00b8 15       		.uleb128 0x15
 1657 00b9 01       		.byte	0x1
 1658 00ba 27       		.uleb128 0x27
 1659 00bb 19       		.uleb128 0x19
 1660 00bc 01       		.uleb128 0x1
 1661 00bd 13       		.uleb128 0x13
 1662 00be 00       		.byte	0
 1663 00bf 00       		.byte	0
 1664 00c0 11       		.uleb128 0x11
 1665 00c1 05       		.uleb128 0x5
 1666 00c2 00       		.byte	0
 1667 00c3 49       		.uleb128 0x49
 1668 00c4 13       		.uleb128 0x13
 1669 00c5 00       		.byte	0
 1670 00c6 00       		.byte	0
 1671 00c7 12       		.uleb128 0x12
 1672 00c8 26       		.uleb128 0x26
 1673 00c9 00       		.byte	0
 1674 00ca 49       		.uleb128 0x49
 1675 00cb 13       		.uleb128 0x13
 1676 00cc 00       		.byte	0
 1677 00cd 00       		.byte	0
 1678 00ce 13       		.uleb128 0x13
 1679 00cf 2E       		.uleb128 0x2e
 1680 00d0 01       		.byte	0x1
 1681 00d1 3F       		.uleb128 0x3f
 1682 00d2 19       		.uleb128 0x19
 1683 00d3 03       		.uleb128 0x3
 1684 00d4 0E       		.uleb128 0xe
 1685 00d5 3A       		.uleb128 0x3a
 1686 00d6 0B       		.uleb128 0xb
 1687 00d7 3B       		.uleb128 0x3b
 1688 00d8 0B       		.uleb128 0xb
 1689 00d9 27       		.uleb128 0x27
 1690 00da 19       		.uleb128 0x19
 1691 00db 11       		.uleb128 0x11
 1692 00dc 01       		.uleb128 0x1
 1693 00dd 12       		.uleb128 0x12
 1694 00de 06       		.uleb128 0x6
 1695 00df 40       		.uleb128 0x40
 1696 00e0 18       		.uleb128 0x18
 1697 00e1 9742     		.uleb128 0x2117
 1698 00e3 19       		.uleb128 0x19
 1699 00e4 01       		.uleb128 0x1
 1700 00e5 13       		.uleb128 0x13
 1701 00e6 00       		.byte	0
 1702 00e7 00       		.byte	0
 1703 00e8 14       		.uleb128 0x14
 1704 00e9 34       		.uleb128 0x34
 1705 00ea 00       		.byte	0
 1706 00eb 03       		.uleb128 0x3
ARM GAS  /tmp/ccVZ3zH5.s 			page 31


 1707 00ec 0E       		.uleb128 0xe
 1708 00ed 3A       		.uleb128 0x3a
 1709 00ee 0B       		.uleb128 0xb
 1710 00ef 3B       		.uleb128 0x3b
 1711 00f0 0B       		.uleb128 0xb
 1712 00f1 49       		.uleb128 0x49
 1713 00f2 13       		.uleb128 0x13
 1714 00f3 02       		.uleb128 0x2
 1715 00f4 17       		.uleb128 0x17
 1716 00f5 00       		.byte	0
 1717 00f6 00       		.byte	0
 1718 00f7 15       		.uleb128 0x15
 1719 00f8 898201   		.uleb128 0x4109
 1720 00fb 00       		.byte	0
 1721 00fc 11       		.uleb128 0x11
 1722 00fd 01       		.uleb128 0x1
 1723 00fe 9342     		.uleb128 0x2113
 1724 0100 18       		.uleb128 0x18
 1725 0101 00       		.byte	0
 1726 0102 00       		.byte	0
 1727 0103 16       		.uleb128 0x16
 1728 0104 898201   		.uleb128 0x4109
 1729 0107 00       		.byte	0
 1730 0108 11       		.uleb128 0x11
 1731 0109 01       		.uleb128 0x1
 1732 010a 9542     		.uleb128 0x2115
 1733 010c 19       		.uleb128 0x19
 1734 010d 31       		.uleb128 0x31
 1735 010e 13       		.uleb128 0x13
 1736 010f 00       		.byte	0
 1737 0110 00       		.byte	0
 1738 0111 17       		.uleb128 0x17
 1739 0112 34       		.uleb128 0x34
 1740 0113 00       		.byte	0
 1741 0114 03       		.uleb128 0x3
 1742 0115 08       		.uleb128 0x8
 1743 0116 3A       		.uleb128 0x3a
 1744 0117 0B       		.uleb128 0xb
 1745 0118 3B       		.uleb128 0x3b
 1746 0119 0B       		.uleb128 0xb
 1747 011a 49       		.uleb128 0x49
 1748 011b 13       		.uleb128 0x13
 1749 011c 02       		.uleb128 0x2
 1750 011d 17       		.uleb128 0x17
 1751 011e 00       		.byte	0
 1752 011f 00       		.byte	0
 1753 0120 18       		.uleb128 0x18
 1754 0121 2E       		.uleb128 0x2e
 1755 0122 01       		.byte	0x1
 1756 0123 3F       		.uleb128 0x3f
 1757 0124 19       		.uleb128 0x19
 1758 0125 03       		.uleb128 0x3
 1759 0126 0E       		.uleb128 0xe
 1760 0127 3A       		.uleb128 0x3a
 1761 0128 0B       		.uleb128 0xb
 1762 0129 3B       		.uleb128 0x3b
 1763 012a 05       		.uleb128 0x5
ARM GAS  /tmp/ccVZ3zH5.s 			page 32


 1764 012b 27       		.uleb128 0x27
 1765 012c 19       		.uleb128 0x19
 1766 012d 49       		.uleb128 0x49
 1767 012e 13       		.uleb128 0x13
 1768 012f 11       		.uleb128 0x11
 1769 0130 01       		.uleb128 0x1
 1770 0131 12       		.uleb128 0x12
 1771 0132 06       		.uleb128 0x6
 1772 0133 40       		.uleb128 0x40
 1773 0134 18       		.uleb128 0x18
 1774 0135 9742     		.uleb128 0x2117
 1775 0137 19       		.uleb128 0x19
 1776 0138 01       		.uleb128 0x1
 1777 0139 13       		.uleb128 0x13
 1778 013a 00       		.byte	0
 1779 013b 00       		.byte	0
 1780 013c 19       		.uleb128 0x19
 1781 013d 05       		.uleb128 0x5
 1782 013e 00       		.byte	0
 1783 013f 03       		.uleb128 0x3
 1784 0140 0E       		.uleb128 0xe
 1785 0141 3A       		.uleb128 0x3a
 1786 0142 0B       		.uleb128 0xb
 1787 0143 3B       		.uleb128 0x3b
 1788 0144 05       		.uleb128 0x5
 1789 0145 49       		.uleb128 0x49
 1790 0146 13       		.uleb128 0x13
 1791 0147 02       		.uleb128 0x2
 1792 0148 17       		.uleb128 0x17
 1793 0149 00       		.byte	0
 1794 014a 00       		.byte	0
 1795 014b 1A       		.uleb128 0x1a
 1796 014c 898201   		.uleb128 0x4109
 1797 014f 01       		.byte	0x1
 1798 0150 11       		.uleb128 0x11
 1799 0151 01       		.uleb128 0x1
 1800 0152 31       		.uleb128 0x31
 1801 0153 13       		.uleb128 0x13
 1802 0154 00       		.byte	0
 1803 0155 00       		.byte	0
 1804 0156 1B       		.uleb128 0x1b
 1805 0157 8A8201   		.uleb128 0x410a
 1806 015a 00       		.byte	0
 1807 015b 02       		.uleb128 0x2
 1808 015c 18       		.uleb128 0x18
 1809 015d 9142     		.uleb128 0x2111
 1810 015f 18       		.uleb128 0x18
 1811 0160 00       		.byte	0
 1812 0161 00       		.byte	0
 1813 0162 1C       		.uleb128 0x1c
 1814 0163 2E       		.uleb128 0x2e
 1815 0164 01       		.byte	0x1
 1816 0165 3F       		.uleb128 0x3f
 1817 0166 19       		.uleb128 0x19
 1818 0167 03       		.uleb128 0x3
 1819 0168 0E       		.uleb128 0xe
 1820 0169 3A       		.uleb128 0x3a
ARM GAS  /tmp/ccVZ3zH5.s 			page 33


 1821 016a 0B       		.uleb128 0xb
 1822 016b 3B       		.uleb128 0x3b
 1823 016c 05       		.uleb128 0x5
 1824 016d 27       		.uleb128 0x27
 1825 016e 19       		.uleb128 0x19
 1826 016f 11       		.uleb128 0x11
 1827 0170 01       		.uleb128 0x1
 1828 0171 12       		.uleb128 0x12
 1829 0172 06       		.uleb128 0x6
 1830 0173 40       		.uleb128 0x40
 1831 0174 18       		.uleb128 0x18
 1832 0175 9742     		.uleb128 0x2117
 1833 0177 19       		.uleb128 0x19
 1834 0178 01       		.uleb128 0x1
 1835 0179 13       		.uleb128 0x13
 1836 017a 00       		.byte	0
 1837 017b 00       		.byte	0
 1838 017c 1D       		.uleb128 0x1d
 1839 017d 898201   		.uleb128 0x4109
 1840 0180 00       		.byte	0
 1841 0181 11       		.uleb128 0x11
 1842 0182 01       		.uleb128 0x1
 1843 0183 31       		.uleb128 0x31
 1844 0184 13       		.uleb128 0x13
 1845 0185 00       		.byte	0
 1846 0186 00       		.byte	0
 1847 0187 1E       		.uleb128 0x1e
 1848 0188 34       		.uleb128 0x34
 1849 0189 00       		.byte	0
 1850 018a 03       		.uleb128 0x3
 1851 018b 0E       		.uleb128 0xe
 1852 018c 3A       		.uleb128 0x3a
 1853 018d 0B       		.uleb128 0xb
 1854 018e 3B       		.uleb128 0x3b
 1855 018f 0B       		.uleb128 0xb
 1856 0190 49       		.uleb128 0x49
 1857 0191 13       		.uleb128 0x13
 1858 0192 02       		.uleb128 0x2
 1859 0193 18       		.uleb128 0x18
 1860 0194 00       		.byte	0
 1861 0195 00       		.byte	0
 1862 0196 1F       		.uleb128 0x1f
 1863 0197 01       		.uleb128 0x1
 1864 0198 01       		.byte	0x1
 1865 0199 49       		.uleb128 0x49
 1866 019a 13       		.uleb128 0x13
 1867 019b 01       		.uleb128 0x1
 1868 019c 13       		.uleb128 0x13
 1869 019d 00       		.byte	0
 1870 019e 00       		.byte	0
 1871 019f 20       		.uleb128 0x20
 1872 01a0 21       		.uleb128 0x21
 1873 01a1 00       		.byte	0
 1874 01a2 49       		.uleb128 0x49
 1875 01a3 13       		.uleb128 0x13
 1876 01a4 2F       		.uleb128 0x2f
 1877 01a5 0B       		.uleb128 0xb
ARM GAS  /tmp/ccVZ3zH5.s 			page 34


 1878 01a6 00       		.byte	0
 1879 01a7 00       		.byte	0
 1880 01a8 21       		.uleb128 0x21
 1881 01a9 34       		.uleb128 0x34
 1882 01aa 00       		.byte	0
 1883 01ab 03       		.uleb128 0x3
 1884 01ac 0E       		.uleb128 0xe
 1885 01ad 3A       		.uleb128 0x3a
 1886 01ae 0B       		.uleb128 0xb
 1887 01af 3B       		.uleb128 0x3b
 1888 01b0 05       		.uleb128 0x5
 1889 01b1 49       		.uleb128 0x49
 1890 01b2 13       		.uleb128 0x13
 1891 01b3 3F       		.uleb128 0x3f
 1892 01b4 19       		.uleb128 0x19
 1893 01b5 3C       		.uleb128 0x3c
 1894 01b6 19       		.uleb128 0x19
 1895 01b7 00       		.byte	0
 1896 01b8 00       		.byte	0
 1897 01b9 22       		.uleb128 0x22
 1898 01ba 34       		.uleb128 0x34
 1899 01bb 00       		.byte	0
 1900 01bc 03       		.uleb128 0x3
 1901 01bd 0E       		.uleb128 0xe
 1902 01be 3A       		.uleb128 0x3a
 1903 01bf 0B       		.uleb128 0xb
 1904 01c0 3B       		.uleb128 0x3b
 1905 01c1 0B       		.uleb128 0xb
 1906 01c2 49       		.uleb128 0x49
 1907 01c3 13       		.uleb128 0x13
 1908 01c4 3F       		.uleb128 0x3f
 1909 01c5 19       		.uleb128 0x19
 1910 01c6 02       		.uleb128 0x2
 1911 01c7 18       		.uleb128 0x18
 1912 01c8 00       		.byte	0
 1913 01c9 00       		.byte	0
 1914 01ca 23       		.uleb128 0x23
 1915 01cb 2E       		.uleb128 0x2e
 1916 01cc 00       		.byte	0
 1917 01cd 3F       		.uleb128 0x3f
 1918 01ce 19       		.uleb128 0x19
 1919 01cf 03       		.uleb128 0x3
 1920 01d0 0E       		.uleb128 0xe
 1921 01d1 3A       		.uleb128 0x3a
 1922 01d2 0B       		.uleb128 0xb
 1923 01d3 3B       		.uleb128 0x3b
 1924 01d4 05       		.uleb128 0x5
 1925 01d5 27       		.uleb128 0x27
 1926 01d6 19       		.uleb128 0x19
 1927 01d7 3C       		.uleb128 0x3c
 1928 01d8 19       		.uleb128 0x19
 1929 01d9 00       		.byte	0
 1930 01da 00       		.byte	0
 1931 01db 24       		.uleb128 0x24
 1932 01dc 2E       		.uleb128 0x2e
 1933 01dd 01       		.byte	0x1
 1934 01de 3F       		.uleb128 0x3f
ARM GAS  /tmp/ccVZ3zH5.s 			page 35


 1935 01df 19       		.uleb128 0x19
 1936 01e0 03       		.uleb128 0x3
 1937 01e1 0E       		.uleb128 0xe
 1938 01e2 3A       		.uleb128 0x3a
 1939 01e3 0B       		.uleb128 0xb
 1940 01e4 3B       		.uleb128 0x3b
 1941 01e5 05       		.uleb128 0x5
 1942 01e6 27       		.uleb128 0x27
 1943 01e7 19       		.uleb128 0x19
 1944 01e8 3C       		.uleb128 0x3c
 1945 01e9 19       		.uleb128 0x19
 1946 01ea 01       		.uleb128 0x1
 1947 01eb 13       		.uleb128 0x13
 1948 01ec 00       		.byte	0
 1949 01ed 00       		.byte	0
 1950 01ee 25       		.uleb128 0x25
 1951 01ef 2E       		.uleb128 0x2e
 1952 01f0 01       		.byte	0x1
 1953 01f1 3F       		.uleb128 0x3f
 1954 01f2 19       		.uleb128 0x19
 1955 01f3 03       		.uleb128 0x3
 1956 01f4 0E       		.uleb128 0xe
 1957 01f5 3A       		.uleb128 0x3a
 1958 01f6 0B       		.uleb128 0xb
 1959 01f7 3B       		.uleb128 0x3b
 1960 01f8 05       		.uleb128 0x5
 1961 01f9 27       		.uleb128 0x27
 1962 01fa 19       		.uleb128 0x19
 1963 01fb 3C       		.uleb128 0x3c
 1964 01fc 19       		.uleb128 0x19
 1965 01fd 00       		.byte	0
 1966 01fe 00       		.byte	0
 1967 01ff 00       		.byte	0
 1968              		.section	.debug_loc,"",%progbits
 1969              	.Ldebug_loc0:
 1970              	.LLST0:
 1971 0000 1A000000 		.4byte	.LVL0
 1972 0004 21000000 		.4byte	.LVL1-1
 1973 0008 0100     		.2byte	0x1
 1974 000a 51       		.byte	0x51
 1975 000b 00000000 		.4byte	0
 1976 000f 00000000 		.4byte	0
 1977              	.LLST1:
 1978 0013 18000000 		.4byte	.LVL3
 1979 0017 23000000 		.4byte	.LVL4-1
 1980 001b 0100     		.2byte	0x1
 1981 001d 51       		.byte	0x51
 1982 001e 00000000 		.4byte	0
 1983 0022 00000000 		.4byte	0
 1984              	.LLST2:
 1985 0026 18000000 		.4byte	.LVL6
 1986 002a 23000000 		.4byte	.LVL7-1
 1987 002e 0100     		.2byte	0x1
 1988 0030 51       		.byte	0x51
 1989 0031 00000000 		.4byte	0
 1990 0035 00000000 		.4byte	0
 1991              	.LLST3:
ARM GAS  /tmp/ccVZ3zH5.s 			page 36


 1992 0039 18000000 		.4byte	.LVL9
 1993 003d 23000000 		.4byte	.LVL10-1
 1994 0041 0100     		.2byte	0x1
 1995 0043 51       		.byte	0x51
 1996 0044 00000000 		.4byte	0
 1997 0048 00000000 		.4byte	0
 1998              	.LLST4:
 1999 004c 18000000 		.4byte	.LVL12
 2000 0050 23000000 		.4byte	.LVL13-1
 2001 0054 0100     		.2byte	0x1
 2002 0056 51       		.byte	0x51
 2003 0057 00000000 		.4byte	0
 2004 005b 00000000 		.4byte	0
 2005              	.LLST5:
 2006 005f 18000000 		.4byte	.LVL15
 2007 0063 23000000 		.4byte	.LVL16-1
 2008 0067 0100     		.2byte	0x1
 2009 0069 51       		.byte	0x51
 2010 006a 00000000 		.4byte	0
 2011 006e 00000000 		.4byte	0
 2012              	.LLST6:
 2013 0072 18000000 		.4byte	.LVL18
 2014 0076 23000000 		.4byte	.LVL19-1
 2015 007a 0100     		.2byte	0x1
 2016 007c 51       		.byte	0x51
 2017 007d 00000000 		.4byte	0
 2018 0081 00000000 		.4byte	0
 2019              	.LLST7:
 2020 0085 16000000 		.4byte	.LVL21
 2021 0089 22000000 		.4byte	.LVL22
 2022 008d 0200     		.2byte	0x2
 2023 008f 30       		.byte	0x30
 2024 0090 9F       		.byte	0x9f
 2025 0091 00000000 		.4byte	0
 2026 0095 00000000 		.4byte	0
 2027              	.LLST8:
 2028 0099 00000000 		.4byte	.LVL23
 2029 009d 6C000000 		.4byte	.LVL25
 2030 00a1 0100     		.2byte	0x1
 2031 00a3 50       		.byte	0x50
 2032 00a4 6C000000 		.4byte	.LVL25
 2033 00a8 76000000 		.4byte	.LVL28
 2034 00ac 0400     		.2byte	0x4
 2035 00ae F3       		.byte	0xf3
 2036 00af 01       		.uleb128 0x1
 2037 00b0 50       		.byte	0x50
 2038 00b1 9F       		.byte	0x9f
 2039 00b2 76000000 		.4byte	.LVL28
 2040 00b6 78000000 		.4byte	.LVL29
 2041 00ba 0100     		.2byte	0x1
 2042 00bc 50       		.byte	0x50
 2043 00bd 78000000 		.4byte	.LVL29
 2044 00c1 7A000000 		.4byte	.LVL30
 2045 00c5 0400     		.2byte	0x4
 2046 00c7 F3       		.byte	0xf3
 2047 00c8 01       		.uleb128 0x1
 2048 00c9 50       		.byte	0x50
ARM GAS  /tmp/ccVZ3zH5.s 			page 37


 2049 00ca 9F       		.byte	0x9f
 2050 00cb 7A000000 		.4byte	.LVL30
 2051 00cf 7C000000 		.4byte	.LVL31
 2052 00d3 0100     		.2byte	0x1
 2053 00d5 50       		.byte	0x50
 2054 00d6 7C000000 		.4byte	.LVL31
 2055 00da 7E000000 		.4byte	.LFE71
 2056 00de 0400     		.2byte	0x4
 2057 00e0 F3       		.byte	0xf3
 2058 00e1 01       		.uleb128 0x1
 2059 00e2 50       		.byte	0x50
 2060 00e3 9F       		.byte	0x9f
 2061 00e4 00000000 		.4byte	0
 2062 00e8 00000000 		.4byte	0
 2063              	.LLST9:
 2064 00ec 00000000 		.4byte	.LVL23
 2065 00f0 6E000000 		.4byte	.LVL26
 2066 00f4 0100     		.2byte	0x1
 2067 00f6 51       		.byte	0x51
 2068 00f7 6E000000 		.4byte	.LVL26
 2069 00fb 76000000 		.4byte	.LVL28
 2070 00ff 0400     		.2byte	0x4
 2071 0101 F3       		.byte	0xf3
 2072 0102 01       		.uleb128 0x1
 2073 0103 51       		.byte	0x51
 2074 0104 9F       		.byte	0x9f
 2075 0105 76000000 		.4byte	.LVL28
 2076 0109 7E000000 		.4byte	.LFE71
 2077 010d 0100     		.2byte	0x1
 2078 010f 51       		.byte	0x51
 2079 0110 00000000 		.4byte	0
 2080 0114 00000000 		.4byte	0
 2081              	.LLST10:
 2082 0118 00000000 		.4byte	.LVL23
 2083 011c 71000000 		.4byte	.LVL27-1
 2084 0120 0100     		.2byte	0x1
 2085 0122 52       		.byte	0x52
 2086 0123 71000000 		.4byte	.LVL27-1
 2087 0127 76000000 		.4byte	.LVL28
 2088 012b 0400     		.2byte	0x4
 2089 012d F3       		.byte	0xf3
 2090 012e 01       		.uleb128 0x1
 2091 012f 52       		.byte	0x52
 2092 0130 9F       		.byte	0x9f
 2093 0131 76000000 		.4byte	.LVL28
 2094 0135 7E000000 		.4byte	.LFE71
 2095 0139 0100     		.2byte	0x1
 2096 013b 52       		.byte	0x52
 2097 013c 00000000 		.4byte	0
 2098 0140 00000000 		.4byte	0
 2099              	.LLST11:
 2100 0144 00000000 		.4byte	.LVL23
 2101 0148 34000000 		.4byte	.LVL24
 2102 014c 0100     		.2byte	0x1
 2103 014e 53       		.byte	0x53
 2104 014f 34000000 		.4byte	.LVL24
 2105 0153 71000000 		.4byte	.LVL27-1
ARM GAS  /tmp/ccVZ3zH5.s 			page 38


 2106 0157 0200     		.2byte	0x2
 2107 0159 7C       		.byte	0x7c
 2108 015a 04       		.sleb128 4
 2109 015b 71000000 		.4byte	.LVL27-1
 2110 015f 76000000 		.4byte	.LVL28
 2111 0163 0400     		.2byte	0x4
 2112 0165 F3       		.byte	0xf3
 2113 0166 01       		.uleb128 0x1
 2114 0167 53       		.byte	0x53
 2115 0168 9F       		.byte	0x9f
 2116 0169 76000000 		.4byte	.LVL28
 2117 016d 7A000000 		.4byte	.LVL30
 2118 0171 0100     		.2byte	0x1
 2119 0173 53       		.byte	0x53
 2120 0174 7A000000 		.4byte	.LVL30
 2121 0178 7E000000 		.4byte	.LFE71
 2122 017c 0200     		.2byte	0x2
 2123 017e 7C       		.byte	0x7c
 2124 017f 04       		.sleb128 4
 2125 0180 00000000 		.4byte	0
 2126 0184 00000000 		.4byte	0
 2127              	.LLST12:
 2128 0188 00000000 		.4byte	.LVL32
 2129 018c 06000000 		.4byte	.LVL33
 2130 0190 0100     		.2byte	0x1
 2131 0192 50       		.byte	0x50
 2132 0193 06000000 		.4byte	.LVL33
 2133 0197 38000000 		.4byte	.LFE72
 2134 019b 0100     		.2byte	0x1
 2135 019d 54       		.byte	0x54
 2136 019e 00000000 		.4byte	0
 2137 01a2 00000000 		.4byte	0
 2138              		.section	.debug_aranges,"",%progbits
 2139 0000 64000000 		.4byte	0x64
 2140 0004 0200     		.2byte	0x2
 2141 0006 00000000 		.4byte	.Ldebug_info0
 2142 000a 04       		.byte	0x4
 2143 000b 00       		.byte	0
 2144 000c 0000     		.2byte	0
 2145 000e 0000     		.2byte	0
 2146 0010 00000000 		.4byte	.LFB63
 2147 0014 2A000000 		.4byte	.LFE63-.LFB63
 2148 0018 00000000 		.4byte	.LFB64
 2149 001c 2C000000 		.4byte	.LFE64-.LFB64
 2150 0020 00000000 		.4byte	.LFB65
 2151 0024 2C000000 		.4byte	.LFE65-.LFB65
 2152 0028 00000000 		.4byte	.LFB66
 2153 002c 2C000000 		.4byte	.LFE66-.LFB66
 2154 0030 00000000 		.4byte	.LFB67
 2155 0034 2C000000 		.4byte	.LFE67-.LFB67
 2156 0038 00000000 		.4byte	.LFB68
 2157 003c 2C000000 		.4byte	.LFE68-.LFB68
 2158 0040 00000000 		.4byte	.LFB69
 2159 0044 2C000000 		.4byte	.LFE69-.LFB69
 2160 0048 00000000 		.4byte	.LFB70
 2161 004c 44000000 		.4byte	.LFE70-.LFB70
 2162 0050 00000000 		.4byte	.LFB71
ARM GAS  /tmp/ccVZ3zH5.s 			page 39


 2163 0054 7E000000 		.4byte	.LFE71-.LFB71
 2164 0058 00000000 		.4byte	.LFB72
 2165 005c 38000000 		.4byte	.LFE72-.LFB72
 2166 0060 00000000 		.4byte	0
 2167 0064 00000000 		.4byte	0
 2168              		.section	.debug_ranges,"",%progbits
 2169              	.Ldebug_ranges0:
 2170 0000 00000000 		.4byte	.LFB63
 2171 0004 2A000000 		.4byte	.LFE63
 2172 0008 00000000 		.4byte	.LFB64
 2173 000c 2C000000 		.4byte	.LFE64
 2174 0010 00000000 		.4byte	.LFB65
 2175 0014 2C000000 		.4byte	.LFE65
 2176 0018 00000000 		.4byte	.LFB66
 2177 001c 2C000000 		.4byte	.LFE66
 2178 0020 00000000 		.4byte	.LFB67
 2179 0024 2C000000 		.4byte	.LFE67
 2180 0028 00000000 		.4byte	.LFB68
 2181 002c 2C000000 		.4byte	.LFE68
 2182 0030 00000000 		.4byte	.LFB69
 2183 0034 2C000000 		.4byte	.LFE69
 2184 0038 00000000 		.4byte	.LFB70
 2185 003c 44000000 		.4byte	.LFE70
 2186 0040 00000000 		.4byte	.LFB71
 2187 0044 7E000000 		.4byte	.LFE71
 2188 0048 00000000 		.4byte	.LFB72
 2189 004c 38000000 		.4byte	.LFE72
 2190 0050 00000000 		.4byte	0
 2191 0054 00000000 		.4byte	0
 2192              		.section	.debug_line,"",%progbits
 2193              	.Ldebug_line0:
 2194 0000 B8020000 		.section	.debug_str,"MS",%progbits,1
 2194      02007C01 
 2194      00000201 
 2194      FB0E0D00 
 2194      01010101 
 2195              	.LASF101:
 2196 0000 646D615F 		.ascii	"dma_isr_redir_t\000"
 2196      6973725F 
 2196      72656469 
 2196      725F7400 
 2197              	.LASF90:
 2198 0010 41504231 		.ascii	"APB1LPENR\000"
 2198      4C50454E 
 2198      5200
 2199              	.LASF30:
 2200 001a 5056445F 		.ascii	"PVD_IRQn\000"
 2200      4952516E 
 2200      00
 2201              	.LASF52:
 2202 0023 45585449 		.ascii	"EXTI9_5_IRQn\000"
 2202      395F355F 
 2202      4952516E 
 2202      00
 2203              	.LASF51:
 2204 0030 434F4D50 		.ascii	"COMP_IRQn\000"
 2204      5F495251 
ARM GAS  /tmp/ccVZ3zH5.s 			page 40


 2204      6E00
 2205              	.LASF60:
 2206 003a 49324331 		.ascii	"I2C1_EV_IRQn\000"
 2206      5F45565F 
 2206      4952516E 
 2206      00
 2207              	.LASF4:
 2208 0047 5F5F7569 		.ascii	"__uint8_t\000"
 2208      6E74385F 
 2208      7400
 2209              	.LASF88:
 2210 0051 4148424C 		.ascii	"AHBLPENR\000"
 2210      50454E52 
 2210      00
 2211              	.LASF12:
 2212 005a 6C6F6E67 		.ascii	"long long unsigned int\000"
 2212      206C6F6E 
 2212      6720756E 
 2212      7369676E 
 2212      65642069 
 2213              	.LASF70:
 2214 0071 5254435F 		.ascii	"RTC_Alarm_IRQn\000"
 2214      416C6172 
 2214      6D5F4952 
 2214      516E00
 2215              	.LASF96:
 2216 0080 76656374 		.ascii	"vector\000"
 2216      6F7200
 2217              	.LASF119:
 2218 0087 5F73746D 		.ascii	"_stm32_dma_streams\000"
 2218      33325F64 
 2218      6D615F73 
 2218      74726561 
 2218      6D7300
 2219              	.LASF63:
 2220 009a 49324332 		.ascii	"I2C2_ER_IRQn\000"
 2220      5F45525F 
 2220      4952516E 
 2220      00
 2221              	.LASF59:
 2222 00a7 54494D34 		.ascii	"TIM4_IRQn\000"
 2222      5F495251 
 2222      6E00
 2223              	.LASF32:
 2224 00b1 5254435F 		.ascii	"RTC_WKUP_IRQn\000"
 2224      574B5550 
 2224      5F495251 
 2224      6E00
 2225              	.LASF29:
 2226 00bf 57574447 		.ascii	"WWDG_IRQn\000"
 2226      5F495251 
 2226      6E00
 2227              	.LASF125:
 2228 00c9 6E766963 		.ascii	"nvicEnableVector\000"
 2228      456E6162 
 2228      6C655665 
 2228      63746F72 
ARM GAS  /tmp/ccVZ3zH5.s 			page 41


 2228      00
 2229              	.LASF11:
 2230 00da 6C6F6E67 		.ascii	"long long int\000"
 2230      206C6F6E 
 2230      6720696E 
 2230      7400
 2231              	.LASF1:
 2232 00e8 7369676E 		.ascii	"signed char\000"
 2232      65642063 
 2232      68617200 
 2233              	.LASF17:
 2234 00f4 626F6F6C 		.ascii	"bool_t\000"
 2234      5F7400
 2235              	.LASF111:
 2236 00fb 646D6173 		.ascii	"dmastp\000"
 2236      747000
 2237              	.LASF8:
 2238 0102 6C6F6E67 		.ascii	"long int\000"
 2238      20696E74 
 2238      00
 2239              	.LASF83:
 2240 010b 41504232 		.ascii	"APB2RSTR\000"
 2240      52535452 
 2240      00
 2241              	.LASF113:
 2242 0114 66756E63 		.ascii	"func\000"
 2242      00
 2243              	.LASF42:
 2244 0119 444D4131 		.ascii	"DMA1_Channel3_IRQn\000"
 2244      5F436861 
 2244      6E6E656C 
 2244      335F4952 
 2244      516E00
 2245              	.LASF14:
 2246 012c 75696E74 		.ascii	"uint16_t\000"
 2246      31365F74 
 2246      00
 2247              	.LASF16:
 2248 0135 75696E74 		.ascii	"uint32_t\000"
 2248      33325F74 
 2248      00
 2249              	.LASF55:
 2250 013e 54494D31 		.ascii	"TIM10_IRQn\000"
 2250      305F4952 
 2250      516E00
 2251              	.LASF100:
 2252 0149 646D615F 		.ascii	"dma_param\000"
 2252      70617261 
 2252      6D00
 2253              	.LASF27:
 2254 0153 50656E64 		.ascii	"PendSV_IRQn\000"
 2254      53565F49 
 2254      52516E00 
 2255              	.LASF43:
 2256 015f 444D4131 		.ascii	"DMA1_Channel4_IRQn\000"
 2256      5F436861 
 2256      6E6E656C 
ARM GAS  /tmp/ccVZ3zH5.s 			page 42


 2256      345F4952 
 2256      516E00
 2257              	.LASF9:
 2258 0172 5F5F7569 		.ascii	"__uint32_t\000"
 2258      6E743332 
 2258      5F7400
 2259              	.LASF23:
 2260 017d 42757346 		.ascii	"BusFault_IRQn\000"
 2260      61756C74 
 2260      5F495251 
 2260      6E00
 2261              	.LASF95:
 2262 018b 73656C66 		.ascii	"selfindex\000"
 2262      696E6465 
 2262      7800
 2263              	.LASF79:
 2264 0195 444D415F 		.ascii	"DMA_TypeDef\000"
 2264      54797065 
 2264      44656600 
 2265              	.LASF54:
 2266 01a1 54494D39 		.ascii	"TIM9_IRQn\000"
 2266      5F495251 
 2266      6E00
 2267              	.LASF126:
 2268 01ab 6E766963 		.ascii	"nvicDisableVector\000"
 2268      44697361 
 2268      626C6556 
 2268      6563746F 
 2268      7200
 2269              	.LASF75:
 2270 01bd 43504152 		.ascii	"CPAR\000"
 2270      00
 2271              	.LASF98:
 2272 01c2 73746D33 		.ascii	"stm32_dmaisr_t\000"
 2272      325F646D 
 2272      61697372 
 2272      5F7400
 2273              	.LASF10:
 2274 01d1 6C6F6E67 		.ascii	"long unsigned int\000"
 2274      20756E73 
 2274      69676E65 
 2274      6420696E 
 2274      7400
 2275              	.LASF91:
 2276 01e3 5243435F 		.ascii	"RCC_TypeDef\000"
 2276      54797065 
 2276      44656600 
 2277              	.LASF77:
 2278 01ef 444D415F 		.ascii	"DMA_Channel_TypeDef\000"
 2278      4368616E 
 2278      6E656C5F 
 2278      54797065 
 2278      44656600 
 2279              	.LASF94:
 2280 0203 69736869 		.ascii	"ishift\000"
 2280      667400
 2281              	.LASF44:
ARM GAS  /tmp/ccVZ3zH5.s 			page 43


 2282 020a 444D4131 		.ascii	"DMA1_Channel5_IRQn\000"
 2282      5F436861 
 2282      6E6E656C 
 2282      355F4952 
 2282      516E00
 2283              	.LASF6:
 2284 021d 73686F72 		.ascii	"short unsigned int\000"
 2284      7420756E 
 2284      7369676E 
 2284      65642069 
 2284      6E7400
 2285              	.LASF69:
 2286 0230 45585449 		.ascii	"EXTI15_10_IRQn\000"
 2286      31355F31 
 2286      305F4952 
 2286      516E00
 2287              	.LASF120:
 2288 023f 474E5520 		.ascii	"GNU C 4.8.2 -mcpu=cortex-m3 -mno-thumb-interwork -m"
 2288      4320342E 
 2288      382E3220 
 2288      2D6D6370 
 2288      753D636F 
 2289 0272 7468756D 		.ascii	"thumb -ggdb -O2 -fomit-frame-pointer -ffunction-sec"
 2289      62202D67 
 2289      67646220 
 2289      2D4F3220 
 2289      2D666F6D 
 2290 02a5 74696F6E 		.ascii	"tions -fdata-sections -fno-common\000"
 2290      73202D66 
 2290      64617461 
 2290      2D736563 
 2290      74696F6E 
 2291              	.LASF64:
 2292 02c7 53504931 		.ascii	"SPI1_IRQn\000"
 2292      5F495251 
 2292      6E00
 2293              	.LASF112:
 2294 02d1 7072696F 		.ascii	"priority\000"
 2294      72697479 
 2294      00
 2295              	.LASF89:
 2296 02da 41504232 		.ascii	"APB2LPENR\000"
 2296      4C50454E 
 2296      5200
 2297              	.LASF48:
 2298 02e4 5553425F 		.ascii	"USB_HP_IRQn\000"
 2298      48505F49 
 2298      52516E00 
 2299              	.LASF28:
 2300 02f0 53797354 		.ascii	"SysTick_IRQn\000"
 2300      69636B5F 
 2300      4952516E 
 2300      00
 2301              	.LASF47:
 2302 02fd 41444331 		.ascii	"ADC1_IRQn\000"
 2302      5F495251 
 2302      6E00
ARM GAS  /tmp/ccVZ3zH5.s 			page 44


 2303              	.LASF122:
 2304 0307 4952516E 		.ascii	"IRQn\000"
 2304      00
 2305              	.LASF41:
 2306 030c 444D4131 		.ascii	"DMA1_Channel2_IRQn\000"
 2306      5F436861 
 2306      6E6E656C 
 2306      325F4952 
 2306      516E00
 2307              	.LASF19:
 2308 031f 73697A65 		.ascii	"sizetype\000"
 2308      74797065 
 2308      00
 2309              	.LASF62:
 2310 0328 49324332 		.ascii	"I2C2_EV_IRQn\000"
 2310      5F45565F 
 2310      4952516E 
 2310      00
 2311              	.LASF114:
 2312 0335 70617261 		.ascii	"param\000"
 2312      6D00
 2313              	.LASF38:
 2314 033b 45585449 		.ascii	"EXTI3_IRQn\000"
 2314      335F4952 
 2314      516E00
 2315              	.LASF65:
 2316 0346 53504932 		.ascii	"SPI2_IRQn\000"
 2316      5F495251 
 2316      6E00
 2317              	.LASF99:
 2318 0350 646D615F 		.ascii	"dma_func\000"
 2318      66756E63 
 2318      00
 2319              	.LASF82:
 2320 0359 41484252 		.ascii	"AHBRSTR\000"
 2320      53545200 
 2321              	.LASF71:
 2322 0361 5553425F 		.ascii	"USB_FS_WKUP_IRQn\000"
 2322      46535F57 
 2322      4B55505F 
 2322      4952516E 
 2322      00
 2323              	.LASF84:
 2324 0372 41504231 		.ascii	"APB1RSTR\000"
 2324      52535452 
 2324      00
 2325              	.LASF40:
 2326 037b 444D4131 		.ascii	"DMA1_Channel1_IRQn\000"
 2326      5F436861 
 2326      6E6E656C 
 2326      315F4952 
 2326      516E00
 2327              	.LASF22:
 2328 038e 4D656D6F 		.ascii	"MemoryManagement_IRQn\000"
 2328      72794D61 
 2328      6E616765 
 2328      6D656E74 
ARM GAS  /tmp/ccVZ3zH5.s 			page 45


 2328      5F495251 
 2329              	.LASF66:
 2330 03a4 55534152 		.ascii	"USART1_IRQn\000"
 2330      54315F49 
 2330      52516E00 
 2331              	.LASF97:
 2332 03b0 73746D33 		.ascii	"stm32_dma_stream_t\000"
 2332      325F646D 
 2332      615F7374 
 2332      7265616D 
 2332      5F7400
 2333              	.LASF102:
 2334 03c3 56656374 		.ascii	"Vector6C\000"
 2334      6F723643 
 2334      00
 2335              	.LASF18:
 2336 03cc 5F426F6F 		.ascii	"_Bool\000"
 2336      6C00
 2337              	.LASF15:
 2338 03d2 696E7433 		.ascii	"int32_t\000"
 2338      325F7400 
 2339              	.LASF2:
 2340 03da 756E7369 		.ascii	"unsigned char\000"
 2340      676E6564 
 2340      20636861 
 2340      7200
 2341              	.LASF118:
 2342 03e8 49544D5F 		.ascii	"ITM_RxBuffer\000"
 2342      52784275 
 2342      66666572 
 2342      00
 2343              	.LASF72:
 2344 03f5 54494D36 		.ascii	"TIM6_IRQn\000"
 2344      5F495251 
 2344      6E00
 2345              	.LASF39:
 2346 03ff 45585449 		.ascii	"EXTI4_IRQn\000"
 2346      345F4952 
 2346      516E00
 2347              	.LASF3:
 2348 040a 73686F72 		.ascii	"short int\000"
 2348      7420696E 
 2348      7400
 2349              	.LASF56:
 2350 0414 54494D31 		.ascii	"TIM11_IRQn\000"
 2350      315F4952 
 2350      516E00
 2351              	.LASF37:
 2352 041f 45585449 		.ascii	"EXTI2_IRQn\000"
 2352      325F4952 
 2352      516E00
 2353              	.LASF86:
 2354 042a 41504232 		.ascii	"APB2ENR\000"
 2354      454E5200 
 2355              	.LASF92:
 2356 0432 6368616E 		.ascii	"channel\000"
 2356      6E656C00 
ARM GAS  /tmp/ccVZ3zH5.s 			page 46


 2357              	.LASF33:
 2358 043a 464C4153 		.ascii	"FLASH_IRQn\000"
 2358      485F4952 
 2358      516E00
 2359              	.LASF93:
 2360 0445 69666372 		.ascii	"ifcr\000"
 2360      00
 2361              	.LASF103:
 2362 044a 56656374 		.ascii	"Vector70\000"
 2362      6F723730 
 2362      00
 2363              	.LASF105:
 2364 0453 56656374 		.ascii	"Vector74\000"
 2364      6F723734 
 2364      00
 2365              	.LASF67:
 2366 045c 55534152 		.ascii	"USART2_IRQn\000"
 2366      54325F49 
 2366      52516E00 
 2367              	.LASF24:
 2368 0468 55736167 		.ascii	"UsageFault_IRQn\000"
 2368      65466175 
 2368      6C745F49 
 2368      52516E00 
 2369              	.LASF106:
 2370 0478 56656374 		.ascii	"Vector78\000"
 2370      6F723738 
 2370      00
 2371              	.LASF87:
 2372 0481 41504231 		.ascii	"APB1ENR\000"
 2372      454E5200 
 2373              	.LASF110:
 2374 0489 646D6149 		.ascii	"dmaInit\000"
 2374      6E697400 
 2375              	.LASF78:
 2376 0491 49464352 		.ascii	"IFCR\000"
 2376      00
 2377              	.LASF20:
 2378 0496 63686172 		.ascii	"char\000"
 2378      00
 2379              	.LASF115:
 2380 049b 646D6153 		.ascii	"dmaStreamRelease\000"
 2380      74726561 
 2380      6D52656C 
 2380      65617365 
 2380      00
 2381              	.LASF107:
 2382 04ac 56656374 		.ascii	"Vector7C\000"
 2382      6F723743 
 2382      00
 2383              	.LASF0:
 2384 04b5 756E7369 		.ascii	"unsigned int\000"
 2384      676E6564 
 2384      20696E74 
 2384      00
 2385              	.LASF5:
 2386 04c2 5F5F7569 		.ascii	"__uint16_t\000"
ARM GAS  /tmp/ccVZ3zH5.s 			page 47


 2386      6E743136 
 2386      5F7400
 2387              	.LASF73:
 2388 04cd 54494D37 		.ascii	"TIM7_IRQn\000"
 2388      5F495251 
 2388      6E00
 2389              	.LASF21:
 2390 04d7 4E6F6E4D 		.ascii	"NonMaskableInt_IRQn\000"
 2390      61736B61 
 2390      626C6549 
 2390      6E745F49 
 2390      52516E00 
 2391              	.LASF7:
 2392 04eb 5F5F696E 		.ascii	"__int32_t\000"
 2392      7433325F 
 2392      7400
 2393              	.LASF45:
 2394 04f5 444D4131 		.ascii	"DMA1_Channel6_IRQn\000"
 2394      5F436861 
 2394      6E6E656C 
 2394      365F4952 
 2394      516E00
 2395              	.LASF50:
 2396 0508 4441435F 		.ascii	"DAC_IRQn\000"
 2396      4952516E 
 2396      00
 2397              	.LASF49:
 2398 0511 5553425F 		.ascii	"USB_LP_IRQn\000"
 2398      4C505F49 
 2398      52516E00 
 2399              	.LASF116:
 2400 051d 646D615F 		.ascii	"dma_streams_mask\000"
 2400      73747265 
 2400      616D735F 
 2400      6D61736B 
 2400      00
 2401              	.LASF26:
 2402 052e 44656275 		.ascii	"DebugMonitor_IRQn\000"
 2402      674D6F6E 
 2402      69746F72 
 2402      5F495251 
 2402      6E00
 2403              	.LASF53:
 2404 0540 4C43445F 		.ascii	"LCD_IRQn\000"
 2404      4952516E 
 2404      00
 2405              	.LASF108:
 2406 0549 56656374 		.ascii	"Vector80\000"
 2406      6F723830 
 2406      00
 2407              	.LASF68:
 2408 0552 55534152 		.ascii	"USART3_IRQn\000"
 2408      54335F49 
 2408      52516E00 
 2409              	.LASF109:
 2410 055e 56656374 		.ascii	"Vector84\000"
 2410      6F723834 
ARM GAS  /tmp/ccVZ3zH5.s 			page 48


 2410      00
 2411              	.LASF57:
 2412 0567 54494D32 		.ascii	"TIM2_IRQn\000"
 2412      5F495251 
 2412      6E00
 2413              	.LASF35:
 2414 0571 45585449 		.ascii	"EXTI0_IRQn\000"
 2414      305F4952 
 2414      516E00
 2415              	.LASF74:
 2416 057c 434E4454 		.ascii	"CNDTR\000"
 2416      5200
 2417              	.LASF76:
 2418 0582 434D4152 		.ascii	"CMAR\000"
 2418      00
 2419              	.LASF124:
 2420 0587 5F706F72 		.ascii	"_port_irq_epilogue\000"
 2420      745F6972 
 2420      715F6570 
 2420      696C6F67 
 2420      756500
 2421              	.LASF13:
 2422 059a 75696E74 		.ascii	"uint8_t\000"
 2422      385F7400 
 2423              	.LASF104:
 2424 05a2 666C6167 		.ascii	"flags\000"
 2424      7300
 2425              	.LASF121:
 2426 05a8 2F6F7074 		.ascii	"/opt/ChibiOS_2.6.6/os/hal/platforms/STM32L1xx/stm32"
 2426      2F436869 
 2426      62694F53 
 2426      5F322E36 
 2426      2E362F6F 
 2427 05db 5F646D61 		.ascii	"_dma.c\000"
 2427      2E6300
 2428              	.LASF80:
 2429 05e2 49435343 		.ascii	"ICSCR\000"
 2429      5200
 2430              	.LASF117:
 2431 05e8 646D615F 		.ascii	"dma_isr_redir\000"
 2431      6973725F 
 2431      72656469 
 2431      7200
 2432              	.LASF36:
 2433 05f6 45585449 		.ascii	"EXTI1_IRQn\000"
 2433      315F4952 
 2433      516E00
 2434              	.LASF46:
 2435 0601 444D4131 		.ascii	"DMA1_Channel7_IRQn\000"
 2435      5F436861 
 2435      6E6E656C 
 2435      375F4952 
 2435      516E00
 2436              	.LASF81:
 2437 0614 43464752 		.ascii	"CFGR\000"
 2437      00
 2438              	.LASF61:
ARM GAS  /tmp/ccVZ3zH5.s 			page 49


 2439 0619 49324331 		.ascii	"I2C1_ER_IRQn\000"
 2439      5F45525F 
 2439      4952516E 
 2439      00
 2440              	.LASF31:
 2441 0626 54414D50 		.ascii	"TAMPER_STAMP_IRQn\000"
 2441      45525F53 
 2441      54414D50 
 2441      5F495251 
 2441      6E00
 2442              	.LASF123:
 2443 0638 646D6153 		.ascii	"dmaStreamAllocate\000"
 2443      74726561 
 2443      6D416C6C 
 2443      6F636174 
 2443      6500
 2444              	.LASF34:
 2445 064a 5243435F 		.ascii	"RCC_IRQn\000"
 2445      4952516E 
 2445      00
 2446              	.LASF58:
 2447 0653 54494D33 		.ascii	"TIM3_IRQn\000"
 2447      5F495251 
 2447      6E00
 2448              	.LASF85:
 2449 065d 41484245 		.ascii	"AHBENR\000"
 2449      4E5200
 2450              	.LASF25:
 2451 0664 5356435F 		.ascii	"SVC_IRQn\000"
 2451      4952516E 
 2451      00
 2452              		.ident	"GCC: (4.8.2-14ubuntu1+6) 4.8.2"
ARM GAS  /tmp/ccVZ3zH5.s 			page 50


DEFINED SYMBOLS
                            *ABS*:0000000000000000 stm32_dma.c
     /tmp/ccVZ3zH5.s:19     .text.Vector6C:0000000000000000 $t
     /tmp/ccVZ3zH5.s:24     .text.Vector6C:0000000000000000 Vector6C
     /tmp/ccVZ3zH5.s:557    .bss.dma_isr_redir:0000000000000000 .LANCHOR0
     /tmp/ccVZ3zH5.s:68     .text.Vector70:0000000000000000 $t
     /tmp/ccVZ3zH5.s:73     .text.Vector70:0000000000000000 Vector70
     /tmp/ccVZ3zH5.s:115    .text.Vector74:0000000000000000 $t
     /tmp/ccVZ3zH5.s:120    .text.Vector74:0000000000000000 Vector74
     /tmp/ccVZ3zH5.s:162    .text.Vector78:0000000000000000 $t
     /tmp/ccVZ3zH5.s:167    .text.Vector78:0000000000000000 Vector78
     /tmp/ccVZ3zH5.s:209    .text.Vector7C:0000000000000000 $t
     /tmp/ccVZ3zH5.s:214    .text.Vector7C:0000000000000000 Vector7C
     /tmp/ccVZ3zH5.s:256    .text.Vector80:0000000000000000 $t
     /tmp/ccVZ3zH5.s:261    .text.Vector80:0000000000000000 Vector80
     /tmp/ccVZ3zH5.s:303    .text.Vector84:0000000000000000 $t
     /tmp/ccVZ3zH5.s:308    .text.Vector84:0000000000000000 Vector84
     /tmp/ccVZ3zH5.s:350    .text.dmaInit:0000000000000000 $t
     /tmp/ccVZ3zH5.s:355    .text.dmaInit:0000000000000000 dmaInit
     /tmp/ccVZ3zH5.s:612    .bss.dma_streams_mask:0000000000000000 .LANCHOR1
     /tmp/ccVZ3zH5.s:564    .rodata._stm32_dma_streams:0000000000000000 .LANCHOR2
     /tmp/ccVZ3zH5.s:407    .text.dmaStreamAllocate:0000000000000000 $t
     /tmp/ccVZ3zH5.s:412    .text.dmaStreamAllocate:0000000000000000 dmaStreamAllocate
     /tmp/ccVZ3zH5.s:508    .text.dmaStreamRelease:0000000000000000 $t
     /tmp/ccVZ3zH5.s:513    .text.dmaStreamRelease:0000000000000000 dmaStreamRelease
     /tmp/ccVZ3zH5.s:567    .rodata._stm32_dma_streams:0000000000000000 _stm32_dma_streams
     /tmp/ccVZ3zH5.s:556    .bss.dma_isr_redir:0000000000000000 $d
     /tmp/ccVZ3zH5.s:560    .bss.dma_isr_redir:0000000000000000 dma_isr_redir
     /tmp/ccVZ3zH5.s:563    .rodata._stm32_dma_streams:0000000000000000 $d
     /tmp/ccVZ3zH5.s:611    .bss.dma_streams_mask:0000000000000000 $d
     /tmp/ccVZ3zH5.s:615    .bss.dma_streams_mask:0000000000000000 dma_streams_mask
                     .debug_frame:0000000000000010 $d

UNDEFINED SYMBOLS
_port_irq_epilogue
nvicEnableVector
nvicDisableVector
